Test (2A): initial election ...
  ... Passed --   3.5  3   34    6640    0
Test (2A): election after network failure ...
  ... Passed --   5.1  3   56    7446    0
Test (2A): multiple elections ...
  ... Passed --   7.0  7  300   37975    0
PASS
ok  	6.5840/raft	15.856s
Test (2A): initial election ...
  ... Passed --   3.1  3   24    4718    0
Test (2A): election after network failure ...
  ... Passed --   6.5  3   48    7022    0
Test (2A): multiple elections ...
  ... Passed --   9.5  7  420   53248    0
PASS
ok  	6.5840/raft	19.228s
Test (2A): initial election ...
  ... Passed --   3.5  3   34    6640    0
Test (2A): election after network failure ...
  ... Passed --   5.5  3   72    9339    0
Test (2A): multiple elections ...
  ... Passed --   6.0  7  342   43263    0
PASS
ok  	6.5840/raft	15.321s
Test (2A): initial election ...
  ... Passed --   3.5  3   30    5860    0
Test (2A): election after network failure ...
  ... Passed --   5.3  3   60    8129    0
Test (2A): multiple elections ...
  ... Passed --   8.0  7  288   36217    0
PASS
ok  	6.5840/raft	16.946s
Test (2A): initial election ...
  ... Passed --   3.5  3   30    5894    0
Test (2A): election after network failure ...
  ... Passed --   6.5  3   54    7535    0
Test (2A): multiple elections ...
  ... Passed --   8.6  7  390   51521    0
PASS
ok  	6.5840/raft	18.666s
Test (2A): initial election ...
  ... Passed --   3.6  3   32    6250    0
Test (2A): election after network failure ...
  ... Passed --   6.4  3   68    7726    0
Test (2A): multiple elections ...
  ... Passed --   6.4  7  300   41076    0
PASS
ok  	6.5840/raft	16.615s
Test (2A): initial election ...
  ... Passed --   3.5  3   32    6286    0
Test (2A): election after network failure ...
  ... Passed --   8.0  3   70    9198    0
Test (2A): multiple elections ...
  ... Passed --   6.3  7  264   37669    0
PASS
ok  	6.5840/raft	17.967s
Test (2A): initial election ...
  ... Passed --   3.5  3   28    5502    0
Test (2A): election after network failure ...
  ... Passed --   6.9  3   50    6915    0
Test (2A): multiple elections ...
  ... Passed --   7.4  7  342   44613    0
PASS
ok  	6.5840/raft	18.250s
Test (2A): initial election ...
  ... Passed --   3.1  3   26    5110    0
Test (2A): election after network failure ...
  ... Passed --   5.9  3   64    8491    0
Test (2A): multiple elections ...
  ... Passed --   7.5  7  348   47030    0
PASS
ok  	6.5840/raft	16.601s
Test (2A): initial election ...
  ... Passed --   3.1  3   28    5502    0
Test (2A): election after network failure ...
  ... Passed --   6.4  3   72    9150    0
Test (2A): multiple elections ...
  ... Passed --   6.5  7  318   42998    0
PASS
ok  	6.5840/raft	16.202s
Test (2A): initial election ...
  ... Passed --   3.5  3   26    5110    0
Test (2A): election after network failure ...
  ... Passed --   7.5  3   58    7758    0
Test (2A): multiple elections ...
  ... Passed --   6.0  7  336   45815    0
PASS
ok  	6.5840/raft	17.087s
Test (2A): initial election ...
  ... Passed --   3.5  3   30    5894    0
Test (2A): election after network failure ...
  ... Passed --   5.1  3   58    7186    0
Test (2A): multiple elections ...
  ... Passed --   6.5  7  282   37324    0
PASS
ok  	6.5840/raft	15.278s
Test (2A): initial election ...
  ... Passed --   3.6  3   32    6286    0
Test (2A): election after network failure ...
  ... Passed --   6.4  3   62    7232    0
Test (2A): multiple elections ...
  ... Passed --   7.1  7  360   45317    0
PASS
ok  	6.5840/raft	17.153s
Test (2A): initial election ...
  ... Passed --   3.5  3   26    5110    0
Test (2A): election after network failure ...
  ... Passed --   8.4  3   58    7958    0
Test (2A): multiple elections ...
  ... Passed --   7.7  7  348   44833    0
PASS
ok  	6.5840/raft	19.801s
Test (2A): initial election ...
  ... Passed --   3.5  3   30    5894    0
Test (2A): election after network failure ...
  ... Passed --   8.4  3   84   10828    0
Test (2A): multiple elections ...
  ... Passed --   8.0  7  360   47875    0
PASS
ok  	6.5840/raft	20.087s
Test (2A): initial election ...
  ... Passed --   3.4  3   26    5110    0
Test (2A): election after network failure ...
  ... Passed --   6.4  3   92   11765    0
Test (2A): multiple elections ...
  ... Passed --   5.9  7  318   46273    0
PASS
ok  	6.5840/raft	15.858s
Test (2A): initial election ...
  ... Passed --   3.1  3   32    6286    0
Test (2A): election after network failure ...
  ... Passed --   5.1  3   54    7119    0
Test (2A): multiple elections ...
  ... Passed --   7.1  7  312   42539    0
PASS
ok  	6.5840/raft	15.564s
Test (2A): initial election ...
  ... Passed --   3.6  3   26    5110    0
Test (2A): election after network failure ...
  ... Passed --   5.0  3   58    7820    0
Test (2A): multiple elections ...
  ... Passed --   6.6  7  366   48147    0
PASS
ok  	6.5840/raft	15.329s
Test (2A): initial election ...
  ... Passed --   3.5  3   36    7030    0
Test (2A): election after network failure ...
  ... Passed --   7.0  3   76   10027    0
Test (2A): multiple elections ...
  ... Passed --   6.4  7  330   44234    0
PASS
ok  	6.5840/raft	17.286s
Test (2A): initial election ...
  ... Passed --   3.5  3   32    6250    0
Test (2A): election after network failure ...
  ... Passed --   6.6  3   74    8976    0
Test (2A): multiple elections ...
  ... Passed --   7.4  7  294   39366    0
PASS
ok  	6.5840/raft	17.698s
Test (2A): initial election ...
  ... Passed --   3.6  3   26    5110    0
Test (2A): election after network failure ...
  ... Passed --   6.4  3   64    8077    0
Test (2A): multiple elections ...
  ... Passed --   6.7  7  324   44175    0
PASS
ok  	6.5840/raft	16.854s
Test (2A): initial election ...
  ... Passed --   3.6  3   36    7070    0
Test (2A): election after network failure ...
  ... Passed --   5.1  3   62    7893    0
Test (2A): multiple elections ...
  ... Passed --   8.1  7  402   51907    0
PASS
ok  	6.5840/raft	16.972s
Test (2A): initial election ...
  ... Passed --   3.1  3   28    5502    0
Test (2A): election after network failure ...
  ... Passed --   6.0  3   64    7307    0
Test (2A): multiple elections ...
  ... Passed --   7.0  7  378   48220    0
PASS
ok  	6.5840/raft	16.253s
Test (2A): initial election ...
  ... Passed --   3.5  3   32    6286    0
Test (2A): election after network failure ...
  ... Passed --   6.9  3   76    9302    0
Test (2A): multiple elections ...
  ... Passed --   7.6  7  312   40717    0
PASS
ok  	6.5840/raft	18.210s
Test (2A): initial election ...
  ... Passed --   3.6  3   34    6678    0
Test (2A): election after network failure ...
  ... Passed --   5.5  3   62    8398    0
Test (2A): multiple elections ...
  ... Passed --   6.8  7  276   38225    0
PASS
ok  	6.5840/raft	16.175s
Test (2A): initial election ...
  ... Passed --   3.1  3   26    5080    0
Test (2A): election after network failure ...
  ... Passed --   6.1  3   36    5276    0
Test (2A): multiple elections ...
  ... Passed --   7.5  7  414   52992    0
PASS
ok  	6.5840/raft	16.830s
Test (2A): initial election ...
  ... Passed --   3.5  3   30    5894    0
Test (2A): election after network failure ...
  ... Passed --   6.0  3   62    8129    0
Test (2A): multiple elections ...
  ... Passed --   5.6  7  186   28730    0
PASS
ok  	6.5840/raft	15.331s
Test (2A): initial election ...
  ... Passed --   3.6  3   28    5502    0
Test (2A): election after network failure ...
  ... Passed --   5.6  3   68    8495    0
Test (2A): multiple elections ...
  ... Passed --   7.7  7  408   51515    0
PASS
ok  	6.5840/raft	17.426s
Test (2A): initial election ...
  ... Passed --   3.6  3   34    6678    0
Test (2A): election after network failure ...
  ... Passed --   6.5  3   62    7669    0
Test (2A): multiple elections ...
  ... Passed --   7.1  7  384   46914    0
PASS
ok  	6.5840/raft	17.294s
Test (2A): initial election ...
  ... Passed --   3.6  3   34    6678    0
Test (2A): election after network failure ...
  ... Passed --   5.1  3   54    7331    0
Test (2A): multiple elections ...
  ... Passed --   6.9  7  354   45581    0
PASS
ok  	6.5840/raft	15.700s
Test (2A): initial election ...
  ... Passed --   3.6  3   32    6286    0
Test (2A): election after network failure ...
  ... Passed --   5.0  3   52    7034    0
Test (2A): multiple elections ...
  ... Passed --   6.6  7  306   39737    0
PASS
ok  	6.5840/raft	15.397s
Test (2A): initial election ...
  ... Passed --   3.6  3   26    5110    0
Test (2A): election after network failure ...
  ... Passed --   5.6  3   68    8863    0
Test (2A): multiple elections ...
  ... Passed --   6.1  7  354   45742    0
PASS
ok  	6.5840/raft	15.369s
Test (2A): initial election ...
  ... Passed --   3.6  3   32    6286    0
Test (2A): election after network failure ...
  ... Passed --   5.6  3   58    7620    0
Test (2A): multiple elections ...
  ... Passed --   7.0  7  402   52111    0
PASS
ok  	6.5840/raft	16.652s
Test (2A): initial election ...
  ... Passed --   3.1  3   24    4718    0
Test (2A): election after network failure ...
  ... Passed --   6.6  3   62    8104    0
Test (2A): multiple elections ...
  ... Passed --   8.3  7  312   42515    0
PASS
ok  	6.5840/raft	18.364s
Test (2A): initial election ...
  ... Passed --   3.5  3   28    5502    0
Test (2A): election after network failure ...
  ... Passed --   5.1  3   64    8317    0
Test (2A): multiple elections ...
  ... Passed --   7.6  7  312   44186    0
PASS
ok  	6.5840/raft	16.617s
Test (2A): initial election ...
  ... Passed --   3.6  3   30    5894    0
Test (2A): election after network failure ...
  ... Passed --   5.6  3   50    6802    0
Test (2A): multiple elections ...
  ... Passed --   6.8  7  330   45092    0
PASS
ok  	6.5840/raft	16.178s
Test (2A): initial election ...
  ... Passed --   3.1  3   28    5502    0
Test (2A): election after network failure ...
  ... Passed --   5.3  3   66    8725    0
Test (2A): multiple elections ...
  ... Passed --   6.5  7  312   44493    0
PASS
ok  	6.5840/raft	15.026s
Test (2A): initial election ...
  ... Passed --   3.5  3   30    5894    0
Test (2A): election after network failure ...
  ... Passed --   7.1  3   76    9786    0
Test (2A): multiple elections ...
  ... Passed --   7.6  7  354   48073    0
PASS
ok  	6.5840/raft	18.364s
Test (2A): initial election ...
  ... Passed --   3.5  3   30    5894    0
Test (2A): election after network failure ...
  ... Passed --   5.5  3   66    8711    0
Test (2A): multiple elections ...
  ... Passed --   6.5  7  336   43037    0
PASS
ok  	6.5840/raft	15.595s
Test (2A): initial election ...
  ... Passed --   3.5  3   28    5470    0
Test (2A): election after network failure ...
  ... Passed --   7.4  3   62    7513    0
Test (2A): multiple elections ...
  ... Passed --   6.3  7  282   38657    0
PASS
ok  	6.5840/raft	17.391s
Test (2A): initial election ...
  ... Passed --   3.1  3   30    5894    0
Test (2A): election after network failure ...
  ... Passed --   5.5  3   48    6323    0
Test (2A): multiple elections ...
  ... Passed --   6.6  7  312   40827    0
PASS
ok  	6.5840/raft	15.551s
Test (2A): initial election ...
  ... Passed --   3.5  3   30    5894    0
Test (2A): election after network failure ...
  ... Passed --   5.5  3   36    5086    0
Test (2A): multiple elections ...
  ... Passed --   7.5  7  432   51536    0
PASS
ok  	6.5840/raft	16.641s
Test (2A): initial election ...
  ... Passed --   3.1  3   26    5110    0
Test (2A): election after network failure ...
  ... Passed --   7.1  3   78    9603    0
Test (2A): multiple elections ...
  ... Passed --   8.1  7  312   41846    0
PASS
ok  	6.5840/raft	18.316s
Test (2A): initial election ...
  ... Passed --   3.6  3   28    5470    0
Test (2A): election after network failure ...
  ... Passed --   7.0  3   68    8846    0
Test (2A): multiple elections ...
  ... Passed --   7.5  7  336   44932    0
PASS
ok  	6.5840/raft	18.196s
Test (2A): initial election ...
  ... Passed --   3.5  3   24    4718    0
Test (2A): election after network failure ...
  ... Passed --   7.6  3   82   10171    0
Test (2A): multiple elections ...
  ... Passed --   6.0  7  330   43060    0
PASS
ok  	6.5840/raft	17.280s
Test (2A): initial election ...
  ... Passed --   3.5  3   32    6286    0
Test (2A): election after network failure ...
  ... Passed --   5.4  3   54    7200    0
Test (2A): multiple elections ...
  ... Passed --   6.5  7  264   36518    0
PASS
ok  	6.5840/raft	15.718s
Test (2A): initial election ...
  ... Passed --   3.6  3   30    5860    0
Test (2A): election after network failure ...
  ... Passed --   5.0  3   56    7337    0
Test (2A): multiple elections ...
  ... Passed --   6.6  7  300   38037    0
PASS
ok  	6.5840/raft	15.283s
Test (2A): initial election ...
  ... Passed --   3.1  3   28    5470    0
Test (2A): election after network failure ...
  ... Passed --   5.4  3   68    8540    0
Test (2A): multiple elections ...
  ... Passed --   6.4  7  222   33472    0
PASS
ok  	6.5840/raft	15.010s
Test (2A): initial election ...
  ... Passed --   3.1  3   24    4718    0
Test (2A): election after network failure ...
  ... Passed --   6.0  3   84   10199    0
Test (2A): multiple elections ...
  ... Passed --   7.1  7  408   52016    0
PASS
ok  	6.5840/raft	16.347s
Test (2A): initial election ...
  ... Passed --   3.1  3   24    4718    0
Test (2A): election after network failure ...
  ... Passed --   8.1  3   54    7585    0
Test (2A): multiple elections ...
  ... Passed --   9.6  7  426   53981    0
PASS
ok  	6.5840/raft	20.925s
Test (2A): initial election ...
  ... Passed --   3.5  3   36    7070    0
Test (2A): election after network failure ...
  ... Passed --   6.4  3   60    7768    0
Test (2A): multiple elections ...
  ... Passed --   6.5  7  324   43557    0
PASS
ok  	6.5840/raft	16.575s
Test (2A): initial election ...
  ... Passed --   3.5  3   32    6286    0
Test (2A): election after network failure ...
  ... Passed --   5.5  3   52    6402    0
Test (2A): multiple elections ...
  ... Passed --   8.0  7  348   44300    0
PASS
ok  	6.5840/raft	17.068s
Test (2A): initial election ...
  ... Passed --   3.5  3   26    5110    0
Test (2A): election after network failure ...
  ... Passed --   5.9  3   72    9160    0
Test (2A): multiple elections ...
  ... Passed --   7.1  7  384   49036    0
PASS
ok  	6.5840/raft	17.006s
Test (2A): initial election ...
  ... Passed --   3.5  3   34    6678    0
Test (2A): election after network failure ...
  ... Passed --   7.0  3   56    7627    0
Test (2A): multiple elections ...
  ... Passed --   6.0  7  330   42858    0
PASS
ok  	6.5840/raft	16.672s
Test (2A): initial election ...
  ... Passed --   3.5  3   32    6286    0
Test (2A): election after network failure ...
  ... Passed --   5.4  3   46    6430    0
Test (2A): multiple elections ...
  ... Passed --   6.6  7  270   36565    0
PASS
ok  	6.5840/raft	15.911s
Test (2A): initial election ...
  ... Passed --   3.6  3   32    6286    0
Test (2A): election after network failure ...
  ... Passed --   6.5  3   78   10203    0
Test (2A): multiple elections ...
  ... Passed --   5.6  7  312   40420    0
PASS
ok  	6.5840/raft	15.870s
Test (2A): initial election ...
  ... Passed --   3.5  3   30    5894    0
Test (2A): election after network failure ...
  ... Passed --   5.5  3   68    9182    0
Test (2A): multiple elections ...
  ... Passed --   6.3  7  300   39615    0
PASS
ok  	6.5840/raft	15.477s
Test (2A): initial election ...
  ... Passed --   3.6  3   36    7070    0
Test (2A): election after network failure ...
  ... Passed --   7.2  3   70    8621    0
Test (2A): multiple elections ...
  ... Passed --   8.1  7  324   42637    0
PASS
ok  	6.5840/raft	18.941s
Test (2A): initial election ...
  ... Passed --   3.6  3   28    5502    0
Test (2A): election after network failure ...
  ... Passed --   5.4  3   74    9564    0
Test (2A): multiple elections ...
  ... Passed --   9.1  7  408   51681    0
PASS
ok  	6.5840/raft	18.221s
Test (2A): initial election ...
  ... Passed --   3.6  3   38    7462    0
Test (2A): election after network failure ...
  ... Passed --   6.5  3   64    8370    0
Test (2A): multiple elections ...
  ... Passed --   5.6  7  318   41153    0
PASS
ok  	6.5840/raft	15.923s
Test (2A): initial election ...
  ... Passed --   3.6  3   28    5502    0
Test (2A): election after network failure ...
  ... Passed --   6.0  3   54    7290    0
Test (2A): multiple elections ...
  ... Passed --   6.4  7  270   36114    0
PASS
ok  	6.5840/raft	16.186s
Test (2A): initial election ...
  ... Passed --   3.5  3   32    6286    0
Test (2A): election after network failure ...
  ... Passed --   8.6  3   84   10560    0
Test (2A): multiple elections ...
  ... Passed --   6.5  7  408   52831    0
PASS
ok  	6.5840/raft	18.720s
Test (2A): initial election ...
  ... Passed --   3.1  3   26    5080    0
Test (2A): election after network failure ...
  ... Passed --   5.5  3   64    8568    0
Test (2A): multiple elections ...
  ... Passed --   7.4  7  270   36713    0
PASS
ok  	6.5840/raft	16.052s
Test (2A): initial election ...
  ... Passed --   3.1  3   26    5080    0
Test (2A): election after network failure ...
  ... Passed --   6.5  3   76    9306    0
Test (2A): multiple elections ...
  ... Passed --   6.8  7  336   45710    0
PASS
ok  	6.5840/raft	16.587s
Test (2A): initial election ...
  ... Passed --   3.5  3   30    5894    0
Test (2A): election after network failure ...
  ... Passed --   5.6  3   56    6368    0
Test (2A): multiple elections ...
  ... Passed --   6.7  7  408   50985    0
PASS
ok  	6.5840/raft	15.923s
Test (2A): initial election ...
  ... Passed --   3.1  3   26    5110    0
Test (2A): election after network failure ...
  ... Passed --   5.7  3   62    7624    0
Test (2A): multiple elections ...
  ... Passed --   6.7  7  306   40054    0
PASS
ok  	6.5840/raft	15.611s
Test (2A): initial election ...
  ... Passed --   3.6  3   32    6250    0
Test (2A): election after network failure ...
  ... Passed --   7.0  3   60    7640    0
Test (2A): multiple elections ...
  ... Passed --   7.7  7  306   43104    0
PASS
ok  	6.5840/raft	18.439s
Test (2A): initial election ...
  ... Passed --   3.6  3   32    6250    0
Test (2A): election after network failure ...
  ... Passed --   4.9  3   52    6329    0
Test (2A): multiple elections ...
  ... Passed --   8.0  7  294   40732    0
PASS
ok  	6.5840/raft	16.620s
Test (2A): initial election ...
  ... Passed --   3.1  3   22    4326    0
Test (2A): election after network failure ...
  ... Passed --   6.1  3   68    8540    0
Test (2A): multiple elections ...
  ... Passed --   6.1  7  252   37470    0
PASS
ok  	6.5840/raft	15.348s
Test (2A): initial election ...
  ... Passed --   3.5  3   30    5894    0
Test (2A): election after network failure ...
  ... Passed --   6.6  3   68    8627    0
Test (2A): multiple elections ...
  ... Passed --   7.1  7  348   46048    0
PASS
ok  	6.5840/raft	17.355s
Test (2A): initial election ...
  ... Passed --   3.6  3   40    7854    0
Test (2A): election after network failure ...
  ... Passed --   5.5  3   62    8406    0
Test (2A): multiple elections ...
  ... Passed --   6.8  7  324   44452    0
PASS
ok  	6.5840/raft	16.262s
Test (2A): initial election ...
  ... Passed --   3.5  3   32    6286    0
Test (2A): election after network failure ...
  ... Passed --   7.5  3   62    8426    0
Test (2A): multiple elections ...
  ... Passed --   6.5  7  264   34530    0
PASS
ok  	6.5840/raft	17.657s
Test (2A): initial election ...
  ... Passed --   3.6  3   26    5110    0
Test (2A): election after network failure ...
  ... Passed --   6.1  3   70    8701    0
Test (2A): multiple elections ...
  ... Passed --   7.0  7  420   51333    0
PASS
ok  	6.5840/raft	16.916s
Test (2A): initial election ...
  ... Passed --   3.6  3   32    6286    0
Test (2A): election after network failure ...
  ... Passed --   9.0  3   80   10289    0
Test (2A): multiple elections ...
  ... Passed --   6.4  7  342   43671    0
PASS
ok  	6.5840/raft	19.174s
Test (2A): initial election ...
  ... Passed --   3.7  3   30    5860    0
Test (2A): election after network failure ...
  ... Passed --   6.6  3   62    7992    0
Test (2A): multiple elections ...
  ... Passed --   8.2  7  474   59441    0
PASS
ok  	6.5840/raft	18.647s
Test (2A): initial election ...
  ... Passed --   3.6  3   32    6286    0
Test (2A): election after network failure ...
  ... Passed --   8.3  3   64    8672    0
Test (2A): multiple elections ...
  ... Passed --   7.0  7  324   43106    0
PASS
ok  	6.5840/raft	19.033s
Test (2A): initial election ...
  ... Passed --   3.6  3   28    5502    0
Test (2A): election after network failure ...
  ... Passed --   7.6  3   70    8928    0
Test (2A): multiple elections ...
  ... Passed --   7.8  7  390   49869    0
PASS
ok  	6.5840/raft	19.141s
Test (2A): initial election ...
  ... Passed --   3.5  3   40    7810    0
Test (2A): election after network failure ...
  ... Passed --   6.2  3   60    7975    0
Test (2A): multiple elections ...
  ... Passed --   5.9  7  324   43422    0
PASS
ok  	6.5840/raft	15.823s
Test (2A): initial election ...
  ... Passed --   3.5  3   30    5894    0
Test (2A): election after network failure ...
  ... Passed --   6.9  3   62    7992    0
Test (2A): multiple elections ...
  ... Passed --   7.2  7  408   54166    0
PASS
ok  	6.5840/raft	17.732s
Test (2A): initial election ...
  ... Passed --   3.6  3   30    5894    0
Test (2A): election after network failure ...
  ... Passed --   6.5  3   64    7920    0
Test (2A): multiple elections ...
  ... Passed --   7.5  7  330   43545    0
PASS
ok  	6.5840/raft	17.875s
Test (2A): initial election ...
  ... Passed --   3.6  3   32    6250    0
Test (2A): election after network failure ...
  ... Passed --   5.4  3   50    6446    0
Test (2A): multiple elections ...
  ... Passed --   7.4  7  336   42507    0
PASS
ok  	6.5840/raft	16.642s
Test (2A): initial election ...
  ... Passed --   3.6  3   30    5894    0
Test (2A): election after network failure ...
  ... Passed --   7.9  3   82   10469    0
Test (2A): multiple elections ...
  ... Passed --   6.6  7  342   45625    0
PASS
ok  	6.5840/raft	18.302s
Test (2A): initial election ...
  ... Passed --   3.5  3   32    6264    0
Test (2A): election after network failure ...
  ... Passed --   5.0  3   60    7495    0
Test (2A): multiple elections ...
  ... Passed --   6.4  7  252   35271    0
PASS
ok  	6.5840/raft	15.073s
Test (2A): initial election ...
  ... Passed --   3.5  3   36    7070    0
Test (2A): election after network failure ...
  ... Passed --   5.9  3   62    7917    0
Test (2A): multiple elections ...
  ... Passed --   6.9  7  294   42100    0
PASS
ok  	6.5840/raft	16.444s
Test (2A): initial election ...
  ... Passed --   3.6  3   30    5860    0
Test (2A): election after network failure ...
  ... Passed --   5.1  3   62    7730    0
Test (2A): multiple elections ...
  ... Passed --   6.9  7  396   51004    0
PASS
ok  	6.5840/raft	15.681s
Test (2A): initial election ...
  ... Passed --   3.5  3   36    7070    0
Test (2A): election after network failure ...
  ... Passed --   7.0  3   78    9899    0
Test (2A): multiple elections ...
  ... Passed --   6.5  7  276   38326    0
PASS
ok  	6.5840/raft	17.182s
Test (2A): initial election ...
  ... Passed --   3.6  3   32    6286    0
Test (2A): election after network failure ...
  ... Passed --   5.6  3   42    5527    0
Test (2A): multiple elections ...
  ... Passed --   6.0  7  276   41017    0
PASS
ok  	6.5840/raft	15.326s
Test (2A): initial election ...
  ... Passed --   3.0  3   32    6286    0
Test (2A): election after network failure ...
  ... Passed --   5.5  3   68    9210    0
Test (2A): multiple elections ...
  ... Passed --   7.6  7  396   50278    0
PASS
ok  	6.5840/raft	16.259s
Test (2A): initial election ...
  ... Passed --   3.1  3   24    4718    0
Test (2A): election after network failure ...
  ... Passed --   5.0  3   54    7291    0
Test (2A): multiple elections ...
  ... Passed --   6.5  7  276   37850    0
PASS
ok  	6.5840/raft	15.195s
Test (2A): initial election ...
  ... Passed --   3.6  3   36    7070    0
Test (2A): election after network failure ...
  ... Passed --   5.1  3   54    6719    0
Test (2A): multiple elections ...
  ... Passed --   7.4  7  330   45747    0
PASS
ok  	6.5840/raft	16.209s
Test (2A): initial election ...
  ... Passed --   3.6  3   28    5470    0
Test (2A): election after network failure ...
  ... Passed --   9.0  3   82   11073    0
Test (2A): multiple elections ...
  ... Passed --   7.0  7  330   42107    0
PASS
ok  	6.5840/raft	19.812s
Test (2A): initial election ...
  ... Passed --   3.4  3   36    7030    0
Test (2A): election after network failure ...
  ... Passed --   6.3  3   66    8519    0
Test (2A): multiple elections ...
  ... Passed --   7.4  7  372   47878    0
PASS
ok  	6.5840/raft	17.338s
Test (2A): initial election ...
  ... Passed --   3.6  3   30    5894    0
Test (2A): election after network failure ...
  ... Passed --   6.1  3   62    8030    0
Test (2A): multiple elections ...
  ... Passed --   7.3  7  318   42273    0
PASS
ok  	6.5840/raft	17.171s
Test (2A): initial election ...
  ... Passed --   3.5  3   38    7490    0
Test (2A): election after network failure ...
  ... Passed --   7.7  3   60    7818    0
Test (2A): multiple elections ...
  ... Passed --   7.5  7  294   39126    0
PASS
ok  	6.5840/raft	18.926s
Test (2A): initial election ...
  ... Passed --   3.6  3   36    7070    0
Test (2A): election after network failure ...
  ... Passed --   5.1  3   58    8052    0
Test (2A): multiple elections ...
  ... Passed --   6.4  7  294   38806    0
PASS
ok  	6.5840/raft	15.136s
Test (2A): initial election ...
  ... Passed --   3.6  3   32    6286    0
Test (2A): election after network failure ...
  ... Passed --   7.5  3   70    8928    0
Test (2A): multiple elections ...
  ... Passed --   7.0  7  372   50067    0
PASS
ok  	6.5840/raft	18.219s
Test (2A): initial election ...
  ... Passed --   3.6  3   28    5470    0
Test (2A): election after network failure ...
  ... Passed --   5.0  3   54    7513    0
Test (2A): multiple elections ...
  ... Passed --   6.4  7  264   37248    0
PASS
ok  	6.5840/raft	15.379s
Test (2A): initial election ...
  ... Passed --   3.7  3   32    6286    0
Test (2A): election after network failure ...
  ... Passed --   6.0  3   78    9492    0
Test (2A): multiple elections ...
  ... Passed --   6.5  7  246   35710    0
PASS
ok  	6.5840/raft	16.346s
Test (2A): initial election ...
  ... Passed --   3.5  3   28    5502    0
Test (2A): election after network failure ...
  ... Passed --   6.6  3   60    8502    0
Test (2A): multiple elections ...
  ... Passed --   7.0  7  312   41866    0
PASS
ok  	6.5840/raft	17.182s
Test (2A): initial election ...
  ... Passed --   3.6  3   38    7462    0
Test (2A): election after network failure ...
  ... Passed --   5.4  3   54    6901    0
Test (2A): multiple elections ...
  ... Passed --   7.5  7  348   45714    0
PASS
ok  	6.5840/raft	16.638s
