Test (2B): basic agreement ...
  ... Passed --   1.7  3   14    4916    3
Test (2B): RPC byte count ...
  ... Passed --   4.4  3   46  117010   11
Test (2B): test progressive failure of followers ...
  ... Passed --   5.6  3   56   16586    3
Test (2B): test failure of leaders ...
  ... Passed --   6.3  3   76   21272    3
Test (2B): agreement after follower reconnects ...
  ... Passed --  13.6  3  140   52542   10
Test (2B): no agreement if too many followers disconnect ...
  ... Passed --   4.7  5   96   27632    4
Test (2B): concurrent Start()s ...
  ... Passed --   1.3  3    8    2814    6
Test (2B): rejoin of partitioned leader ...
  ... Passed --   4.6  3   58   17025    4
Test (2B): leader backs up quickly over incorrect follower logs ...
  ... Passed --  47.9  5 1264  743860  103
Test (2B): RPC counts aren't too high ...
  ... Passed --   2.7  3   24    8850   12
PASS
ok  	6.5840/raft	92.902s
Test (2B): basic agreement ...
  ... Passed --   2.1  3   16    5402    3
Test (2B): RPC byte count ...
  ... Passed --   5.1  3   46  116960   11
Test (2B): test progressive failure of followers ...
  ... Passed --   5.7  3   56   16452    3
Test (2B): test failure of leaders ...
  ... Passed --   6.4  3   72   20187    3
Test (2B): agreement after follower reconnects ...
  ... Passed --   7.1  3   62   20905    7
Test (2B): no agreement if too many followers disconnect ...
  ... Passed --   4.5  5   92   25876    4
Test (2B): concurrent Start()s ...
  ... Passed --   1.6  3    8    2814    6
Test (2B): rejoin of partitioned leader ...
  ... Passed --   5.3  3   72   21626    4
Test (2B): leader backs up quickly over incorrect follower logs ...
  ... Passed --  48.4  5 1224  739826  103
Test (2B): RPC counts aren't too high ...
  ... Passed --   2.6  3   24    8838   12
PASS
ok  	6.5840/raft	89.078s
Test (2B): basic agreement ...
  ... Passed --   1.7  3   14    4916    3
Test (2B): RPC byte count ...
  ... Passed --   4.1  3   46  116960   11
Test (2B): test progressive failure of followers ...
  ... Passed --   5.4  3   50   14944    3
Test (2B): test failure of leaders ...
  ... Passed --   6.1  3   76   21512    3
Test (2B): agreement after follower reconnects ...
  ... Passed --   8.6  3   86   30747    8
Test (2B): no agreement if too many followers disconnect ...
  ... Passed --   5.3  5   84   24638    4
Test (2B): concurrent Start()s ...
  ... Passed --   1.2  3   10    3530    6
Test (2B): rejoin of partitioned leader ...
  ... Passed --   5.6  3   84   25507    4
Test (2B): leader backs up quickly over incorrect follower logs ...
  ... Passed --  49.4  5 1240  739433  104
Test (2B): RPC counts aren't too high ...
  ... Passed --   2.8  3   22    8122   12
PASS
ok  	6.5840/raft	90.254s
Test (2B): basic agreement ...
  ... Passed --   1.8  3   14    4934    3
Test (2B): RPC byte count ...
  ... Passed --   5.4  3   46  117010   11
Test (2B): test progressive failure of followers ...
  ... Passed --   5.9  3   56   16955    3
Test (2B): test failure of leaders ...
  ... Passed --   6.3  3   96   27185    3
Test (2B): agreement after follower reconnects ...
  ... Passed --  11.2  3  102   37580   10
Test (2B): no agreement if too many followers disconnect ...
  ... Passed --   4.9  5  104   30894    4
Test (2B): concurrent Start()s ...
  ... Passed --   1.6  3   12    4242    6
Test (2B): rejoin of partitioned leader ...
  ... Passed --   5.5  3   92   27751    4
Test (2B): leader backs up quickly over incorrect follower logs ...
  ... Passed --  51.3  5 1276  761486  104
Test (2B): RPC counts aren't too high ...
  ... Passed --   2.7  3   24    8822   12
PASS
ok  	6.5840/raft	97.029s
Test (2B): basic agreement ...
  ... Passed --   1.4  3   14    4916    3
Test (2B): RPC byte count ...
  ... Passed --   5.3  3   46  116960   11
Test (2B): test progressive failure of followers ...
  ... Passed --   5.8  3   58   17296    3
Test (2B): test failure of leaders ...
  ... Passed --   6.2  3   88   25110    3
Test (2B): agreement after follower reconnects ...
  ... Passed --  11.2  3  104   38493   10
Test (2B): no agreement if too many followers disconnect ...
  ... Passed --   5.0  5  100   29448    4
Test (2B): concurrent Start()s ...
  ... Passed --   1.6  3   14    4986    6
Test (2B): rejoin of partitioned leader ...
  ... Passed --   7.5  3   98   30826    4
Test (2B): leader backs up quickly over incorrect follower logs ...
  ... Passed --  54.6  5 1312  755405  106
Test (2B): RPC counts aren't too high ...
  ... Passed --   2.7  3   22    8108   12
PASS
ok  	6.5840/raft	101.495s
Test (2B): basic agreement ...
  ... Passed --   1.4  3   14    4934    3
Test (2B): RPC byte count ...
  ... Passed --   4.9  3   46  117010   11
Test (2B): test progressive failure of followers ...
  ... Passed --   5.6  3   48   14171    3
Test (2B): test failure of leaders ...
  ... Passed --   6.1  3   98   27523    3
Test (2B): agreement after follower reconnects ...
  ... Passed --   6.2  3   66   22429    7
Test (2B): no agreement if too many followers disconnect ...
  ... Passed --   4.7  5   92   26812    4
Test (2B): concurrent Start()s ...
  ... Passed --   1.7  3   14    4974    6
Test (2B): rejoin of partitioned leader ...
  ... Passed --   7.0  3  116   36449    4
Test (2B): leader backs up quickly over incorrect follower logs ...
  ... Passed --  47.7  5 1256  742816  103
Test (2B): RPC counts aren't too high ...
  ... Passed --   2.7  3   20    7404   12
PASS
ok  	6.5840/raft	88.139s
Test (2B): basic agreement ...
  ... Passed --   1.7  3   14    4934    3
Test (2B): RPC byte count ...
  ... Passed --   5.8  3   46  116960   11
Test (2B): test progressive failure of followers ...
  ... Passed --   5.2  3   48   14310    3
Test (2B): test failure of leaders ...
  ... Passed --   6.7  3   98   27211    3
Test (2B): agreement after follower reconnects ...
  ... Passed --  11.6  3  110   40936   10
Test (2B): no agreement if too many followers disconnect ...
  ... Passed --   5.1  5   92   27372    4
Test (2B): concurrent Start()s ...
  ... Passed --   1.2  3   12    4246    6
Test (2B): rejoin of partitioned leader ...
  ... Passed --   7.5  3   84   26210    5
Test (2B): leader backs up quickly over incorrect follower logs ...
  ... Passed --  51.5  5 1272  730637  104
Test (2B): RPC counts aren't too high ...
  ... Passed --   3.2  3   30   11008   12
PASS
ok  	6.5840/raft	99.518s
Test (2B): basic agreement ...
  ... Passed --   1.9  3   14    4916    3
Test (2B): RPC byte count ...
  ... Passed --   4.5  3   46  116960   11
Test (2B): test progressive failure of followers ...
  ... Passed --   5.4  3   54   16071    3
Test (2B): test failure of leaders ...
  ... Passed --   6.7  3   92   24904    3
Test (2B): agreement after follower reconnects ...
  ... Passed --  11.2  3   96   35049    9
Test (2B): no agreement if too many followers disconnect ...
  ... Passed --   4.9  5   96   28542    4
Test (2B): concurrent Start()s ...
  ... Passed --   1.2  3   12    4282    6
Test (2B): rejoin of partitioned leader ...
  ... Passed --   5.9  3   88   25724    4
Test (2B): leader backs up quickly over incorrect follower logs ...
  ... Passed --  50.7  5 1168  663309  103
Test (2B): RPC counts aren't too high ...
  ... Passed --   2.2  3   18    6690   12
PASS
ok  	6.5840/raft	94.697s
Test (2B): basic agreement ...
  ... Passed --   1.6  3   14    4934    3
Test (2B): RPC byte count ...
  ... Passed --   5.6  3   46  117010   11
Test (2B): test progressive failure of followers ...
  ... Passed --   5.7  3   52   15672    3
Test (2B): test failure of leaders ...
  ... Passed --   6.2  3   98   26321    3
Test (2B): agreement after follower reconnects ...
  ... Passed --  11.0  3  116   43051    9
Test (2B): no agreement if too many followers disconnect ...
  ... Passed --   5.1  5   88   25712    4
Test (2B): concurrent Start()s ...
  ... Passed --   1.6  3   12    4242    6
Test (2B): rejoin of partitioned leader ...
  ... Passed --   5.8  3   82   24964    4
Test (2B): leader backs up quickly over incorrect follower logs ...
  ... Passed --  50.7  5 1256  729348  104
Test (2B): RPC counts aren't too high ...
  ... Passed --   3.1  3   28   10318   12
PASS
ok  	6.5840/raft	96.358s
Test (2B): basic agreement ...
  ... Passed --   1.7  3   14    4934    3
Test (2B): RPC byte count ...
  ... Passed --   5.0  3   46  117010   11
Test (2B): test progressive failure of followers ...
  ... Passed --   5.8  3   60   17952    3
Test (2B): test failure of leaders ...
  ... Passed --   6.2  3   90   24854    3
Test (2B): agreement after follower reconnects ...
  ... Passed --  10.5  3  110   40441    9
Test (2B): no agreement if too many followers disconnect ...
  ... Passed --   5.2  5  100   29352    4
Test (2B): concurrent Start()s ...
  ... Passed --   1.6  3   10    3516    6
Test (2B): rejoin of partitioned leader ...
  ... Passed --   7.5  3  102   32173    4
Test (2B): leader backs up quickly over incorrect follower logs ...
  ... Passed --  45.5  5 1208  744268  103
Test (2B): RPC counts aren't too high ...
  ... Passed --   2.8  3   26    9578   12
PASS
ok  	6.5840/raft	93.341s
Test (2B): basic agreement ...
  ... Passed --   1.7  3   14    4934    3
Test (2B): RPC byte count ...
  ... Passed --   5.7  3   46  116960   11
Test (2B): test progressive failure of followers ...
  ... Passed --   6.0  3   56   16874    3
Test (2B): test failure of leaders ...
  ... Passed --   5.8  3   92   26025    3
Test (2B): agreement after follower reconnects ...
  ... Passed --  10.6  3  108   39839    9
Test (2B): no agreement if too many followers disconnect ...
  ... Passed --   5.0  5  100   29122    4
Test (2B): concurrent Start()s ...
  ... Passed --   1.6  3    6    2098    6
Test (2B): rejoin of partitioned leader ...
  ... Passed --   6.2  3   74   23180    4
Test (2B): leader backs up quickly over incorrect follower logs ...
  ... Passed --  45.1  5 1204  703061  103
Test (2B): RPC counts aren't too high ...
  ... Passed --   2.6  3   20    7382   12
PASS
ok  	6.5840/raft	90.726s
Test (2B): basic agreement ...
  ... Passed --   2.1  3   14    4916    3
Test (2B): RPC byte count ...
  ... Passed --   4.6  3   46  116960   11
Test (2B): test progressive failure of followers ...
  ... Passed --   5.5  3   54   16091    3
Test (2B): test failure of leaders ...
  ... Passed --   5.9  3  100   28136    3
Test (2B): agreement after follower reconnects ...
  ... Passed --  10.2  3   96   34255    9
Test (2B): no agreement if too many followers disconnect ...
  ... Passed --   5.1  5  108   32224    4
Test (2B): concurrent Start()s ...
  ... Passed --   1.7  3   10    3530    6
Test (2B): rejoin of partitioned leader ...
  ... Passed --   7.3  3  106   33370    4
Test (2B): leader backs up quickly over incorrect follower logs ...
  ... Passed --  52.2  5 1208  715235  104
Test (2B): RPC counts aren't too high ...
  ... Passed --   3.2  3   24    8822   12
PASS
ok  	6.5840/raft	98.576s
Test (2B): basic agreement ...
  ... Passed --   1.9  3   14    4934    3
Test (2B): RPC byte count ...
  ... Passed --   4.3  3   48  117482   11
Test (2B): test progressive failure of followers ...
  ... Passed --   5.6  3   60   17484    3
Test (2B): test failure of leaders ...
  ... Passed --   5.8  3   72   20257    3
Test (2B): agreement after follower reconnects ...
  ... Passed --   9.2  3   98   35535    9
Test (2B): no agreement if too many followers disconnect ...
  ... Passed --   5.1  5   88   25538    4
Test (2B): concurrent Start()s ...
  ... Passed --   1.3  3    8    2802    6
Test (2B): rejoin of partitioned leader ...
  ... Passed --   5.4  3   80   25014    4
Test (2B): leader backs up quickly over incorrect follower logs ...
  ... Passed --  53.0  5 1304  774147  105
Test (2B): RPC counts aren't too high ...
  ... Passed --   2.8  3   26    9560   12
PASS
ok  	6.5840/raft	94.589s
Test (2B): basic agreement ...
  ... Passed --   1.9  3   14    4916    3
Test (2B): RPC byte count ...
  ... Passed --   5.0  3   46  117010   11
Test (2B): test progressive failure of followers ...
  ... Passed --   5.5  3   60   18217    3
Test (2B): test failure of leaders ...
  ... Passed --   6.4  3   84   22692    3
Test (2B): agreement after follower reconnects ...
  ... Passed --  10.7  3  102   37373    9
Test (2B): no agreement if too many followers disconnect ...
  ... Passed --   4.9  5   92   26716    4
Test (2B): concurrent Start()s ...
  ... Passed --   1.7  3   16    5690    6
Test (2B): rejoin of partitioned leader ...
  ... Passed --   5.9  3   98   29930    4
Test (2B): leader backs up quickly over incorrect follower logs ...
  ... Passed --  49.7  5 1284  751851  104
Test (2B): RPC counts aren't too high ...
  ... Passed --   2.2  3   20    7418   12
PASS
ok  	6.5840/raft	96.862s
Test (2B): basic agreement ...
  ... Passed --   2.1  3   14    4934    3
Test (2B): RPC byte count ...
  ... Passed --   5.0  3   46  117010   11
Test (2B): test progressive failure of followers ...
  ... Passed --   5.6  3   58   16845    3
Test (2B): test failure of leaders ...
  ... Passed --   6.6  3   86   24136    3
Test (2B): agreement after follower reconnects ...
  ... Passed --   8.8  3   88   31118    8
Test (2B): no agreement if too many followers disconnect ...
  ... Passed --   4.9  5   96   28270    4
Test (2B): concurrent Start()s ...
  ... Passed --   1.4  3    8    2802    6
Test (2B): rejoin of partitioned leader ...
  ... Passed --   6.2  3   70   21997    4
Test (2B): leader backs up quickly over incorrect follower logs ...
  ... Passed --  47.7  5 1144  681502  103
Test (2B): RPC counts aren't too high ...
  ... Passed --   3.2  3   30   11022   12
PASS
ok  	6.5840/raft	91.626s
Test (2B): basic agreement ...
  ... Passed --   1.9  3   14    4934    3
Test (2B): RPC byte count ...
  ... Passed --   5.3  3   46  116960   11
Test (2B): test progressive failure of followers ...
  ... Passed --   5.4  3   52   15621    3
Test (2B): test failure of leaders ...
  ... Passed --   6.6  3   94   25928    3
Test (2B): agreement after follower reconnects ...
  ... Passed --   6.9  3   64   21792    7
Test (2B): no agreement if too many followers disconnect ...
  ... Passed --   5.0  5   96   28460    4
Test (2B): concurrent Start()s ...
  ... Passed --   1.2  3    6    2098    6
Test (2B): rejoin of partitioned leader ...
  ... Passed --   7.8  3  104   33018    4
Test (2B): leader backs up quickly over incorrect follower logs ...
  ... Passed --  50.0  5 1240  699430  104
Test (2B): RPC counts aren't too high ...
  ... Passed --   2.8  3   24    8834   12
PASS
ok  	6.5840/raft	93.266s
Test (2B): basic agreement ...
  ... Passed --   1.8  3   14    4916    3
Test (2B): RPC byte count ...
  ... Passed --   5.3  3   46  117010   11
Test (2B): test progressive failure of followers ...
  ... Passed --   5.5  3   50   14670    3
Test (2B): test failure of leaders ...
  ... Passed --   6.1  3   78   21022    3
Test (2B): agreement after follower reconnects ...
  ... Passed --  10.8  3  102   37547    9
Test (2B): no agreement if too many followers disconnect ...
  ... Passed --   4.8  5  100   29918    4
Test (2B): concurrent Start()s ...
  ... Passed --   1.6  3   10    3516    6
Test (2B): rejoin of partitioned leader ...
  ... Passed --   7.7  3  106   32053    5
Test (2B): leader backs up quickly over incorrect follower logs ...
  ... Passed --  49.6  5 1200  736660  102
Test (2B): RPC counts aren't too high ...
  ... Passed --   2.7  3   26    9578   12
PASS
ok  	6.5840/raft	96.489s
Test (2B): basic agreement ...
  ... Passed --   1.9  3   14    4916    3
Test (2B): RPC byte count ...
  ... Passed --   4.8  3   46  116960   11
Test (2B): test progressive failure of followers ...
  ... Passed --   5.9  3   48   14321    3
Test (2B): test failure of leaders ...
  ... Passed --   6.8  3   88   23998    3
Test (2B): agreement after follower reconnects ...
  ... Passed --  10.2  3   94   33410    9
Test (2B): no agreement if too many followers disconnect ...
  ... Passed --   4.7  5   92   26770    4
Test (2B): concurrent Start()s ...
  ... Passed --   1.1  3   12    4282    6
Test (2B): rejoin of partitioned leader ...
  ... Passed --   6.5  3   78   24184    4
Test (2B): leader backs up quickly over incorrect follower logs ...
  ... Passed --  49.9  5 1240  721054  104
Test (2B): RPC counts aren't too high ...
  ... Passed --   2.8  3   24    8810   12
PASS
ok  	6.5840/raft	94.819s
Test (2B): basic agreement ...
  ... Passed --   1.7  3   14    4916    3
Test (2B): RPC byte count ...
  ... Passed --   4.1  3   46  116960   11
Test (2B): test progressive failure of followers ...
  ... Passed --   6.2  3   58   17550    3
Test (2B): test failure of leaders ...
  ... Passed --   6.3  3   96   27157    3
Test (2B): agreement after follower reconnects ...
  ... Passed --   8.7  3   88   31329    8
Test (2B): no agreement if too many followers disconnect ...
  ... Passed --   4.6  5  104   30978    3
Test (2B): concurrent Start()s ...
  ... Passed --   1.2  3    6    2098    6
Test (2B): rejoin of partitioned leader ...
  ... Passed --   7.2  3   90   27068    4
Test (2B): leader backs up quickly over incorrect follower logs ...
  ... Passed --  52.2  5 1200  690413  104
Test (2B): RPC counts aren't too high ...
  ... Passed --   3.2  3   26    9566   12
PASS
ok  	6.5840/raft	95.728s
Test (2B): basic agreement ...
  ... Passed --   1.9  3   14    4934    3
Test (2B): RPC byte count ...
  ... Passed --   4.5  3   46  117010   11
Test (2B): test progressive failure of followers ...
  ... Passed --   5.6  3   50   15038    3
Test (2B): test failure of leaders ...
  ... Passed --   6.2  3   78   21787    3
Test (2B): agreement after follower reconnects ...
  ... Passed --   9.0  3  100   35388    9
Test (2B): no agreement if too many followers disconnect ...
  ... Passed --   4.9  5  100   29638    4
Test (2B): concurrent Start()s ...
  ... Passed --   1.3  3   10    3530    6
Test (2B): rejoin of partitioned leader ...
  ... Passed --   7.5  3  102   29582    4
Test (2B): leader backs up quickly over incorrect follower logs ...
  ... Passed --  50.8  5 1212  678908  104
Test (2B): RPC counts aren't too high ...
  ... Passed --   2.8  3   20    7406   12
PASS
ok  	6.5840/raft	96.084s
Test (2B): basic agreement ...
  ... Passed --   1.9  3   14    4934    3
Test (2B): RPC byte count ...
  ... Passed --   5.0  3   46  116960   11
Test (2B): test progressive failure of followers ...
  ... Passed --   5.8  3   58   17578    3
Test (2B): test failure of leaders ...
  ... Passed --   5.9  3   96   26540    3
Test (2B): agreement after follower reconnects ...
  ... Passed --   7.1  3   70   23876    7
Test (2B): no agreement if too many followers disconnect ...
  ... Passed --   5.1  5   96   28348    3
Test (2B): concurrent Start()s ...
  ... Passed --   1.2  3    8    2814    6
Test (2B): rejoin of partitioned leader ...
  ... Passed --   7.9  3  104   32259    4
Test (2B): leader backs up quickly over incorrect follower logs ...
  ... Passed --  51.8  5 1220  703232  103
Test (2B): RPC counts aren't too high ...
  ... Passed --   2.8  3   24    8850   12
PASS
ok  	6.5840/raft	94.654s
Test (2B): basic agreement ...
  ... Passed --   1.7  3   14    4916    3
Test (2B): RPC byte count ...
  ... Passed --   5.5  3   46  117010   11
Test (2B): test progressive failure of followers ...
  ... Passed --   5.5  3   46   13595    3
Test (2B): test failure of leaders ...
  ... Passed --   6.5  3   88   24124    3
Test (2B): agreement after follower reconnects ...
  ... Passed --  11.1  3  110   40101    9
Test (2B): no agreement if too many followers disconnect ...
  ... Passed --   4.2  5  104   30436    3
Test (2B): concurrent Start()s ...
  ... Passed --   1.3  3   12    4246    6
Test (2B): rejoin of partitioned leader ...
  ... Passed --   5.3  3   78   22925    4
Test (2B): leader backs up quickly over incorrect follower logs ...
  ... Passed --  51.2  5 1248  751249  103
Test (2B): RPC counts aren't too high ...
  ... Passed --   3.2  3   24    8850   12
PASS
ok  	6.5840/raft	98.613s
Test (2B): basic agreement ...
  ... Passed --   1.6  3   14    4916    3
Test (2B): RPC byte count ...
  ... Passed --   4.8  3   46  116960   11
Test (2B): test progressive failure of followers ...
  ... Passed --   5.7  3   50   14726    3
Test (2B): test failure of leaders ...
  ... Passed --   6.1  3   90   25039    3
Test (2B): agreement after follower reconnects ...
  ... Passed --   8.4  3   68   23590    8
Test (2B): no agreement if too many followers disconnect ...
  ... Passed --   5.0  5  100   29352    4
Test (2B): concurrent Start()s ...
  ... Passed --   1.7  3   10    3282    6
Test (2B): rejoin of partitioned leader ...
  ... Passed --   7.8  3   76   22113    4
Test (2B): leader backs up quickly over incorrect follower logs ...
  ... Passed --  57.2  5 1340  788286  105
Test (2B): RPC counts aren't too high ...
  ... Passed --   2.9  3   22    8122   12
PASS
ok  	6.5840/raft	101.294s
Test (2B): basic agreement ...
  ... Passed --   1.8  3   14    4934    3
Test (2B): RPC byte count ...
  ... Passed --   5.3  3   46  117010   11
Test (2B): test progressive failure of followers ...
  ... Passed --   5.8  3   60   17850    3
Test (2B): test failure of leaders ...
  ... Passed --   6.0  3   78   21762    3
Test (2B): agreement after follower reconnects ...
  ... Passed --   8.7  3   96   34035    8
Test (2B): no agreement if too many followers disconnect ...
  ... Passed --   5.1  5   92   26946    4
Test (2B): concurrent Start()s ...
  ... Passed --   1.6  3   12    4242    6
Test (2B): rejoin of partitioned leader ...
  ... Passed --   7.4  3   98   30527    4
Test (2B): leader backs up quickly over incorrect follower logs ...
  ... Passed --  46.8  5 1224  726788  103
Test (2B): RPC counts aren't too high ...
  ... Passed --   3.3  3   24    8822   12
PASS
ok  	6.5840/raft	94.788s
Test (2B): basic agreement ...
  ... Passed --   1.7  3   14    4934    3
Test (2B): RPC byte count ...
  ... Passed --   5.2  3   46  116960   11
Test (2B): test progressive failure of followers ...
  ... Passed --   5.7  3   58   17006    3
Test (2B): test failure of leaders ...
  ... Passed --   6.0  3   84   23068    3
Test (2B): agreement after follower reconnects ...
  ... Passed --   9.8  3   92   32107    9
Test (2B): no agreement if too many followers disconnect ...
  ... Passed --   5.2  5   96   28550    4
Test (2B): concurrent Start()s ...
  ... Passed --   1.6  3   10    3528    6
Test (2B): rejoin of partitioned leader ...
  ... Passed --   7.2  3  116   36366    4
Test (2B): leader backs up quickly over incorrect follower logs ...
  ... Passed --  52.6  5 1288  783174  104
Test (2B): RPC counts aren't too high ...
  ... Passed --   3.1  3   24    8850   12
PASS
ok  	6.5840/raft	98.378s
Test (2B): basic agreement ...
  ... Passed --   1.7  3   14    4916    3
Test (2B): RPC byte count ...
  ... Passed --   5.2  3   46  116960   11
Test (2B): test progressive failure of followers ...
  ... Passed --   5.7  3   52   15544    3
Test (2B): test failure of leaders ...
  ... Passed --   6.3  3   78   21362    3
Test (2B): agreement after follower reconnects ...
  ... Passed --   8.5  3   86   30470    8
Test (2B): no agreement if too many followers disconnect ...
  ... Passed --   5.1  5   92   27366    4
Test (2B): concurrent Start()s ...
  ... Passed --   1.3  3   12    4246    6
Test (2B): rejoin of partitioned leader ...
  ... Passed --   6.3  3   90   27007    4
Test (2B): leader backs up quickly over incorrect follower logs ...
  ... Passed --  50.4  5 1264  766359  103
Test (2B): RPC counts aren't too high ...
  ... Passed --   2.8  3   22    8096   12
PASS
ok  	6.5840/raft	96.353s
Test (2B): basic agreement ...
  ... Passed --   1.8  3   14    4934    3
Test (2B): RPC byte count ...
  ... Passed --   5.1  3   46  117010   11
Test (2B): test progressive failure of followers ...
  ... Passed --   5.6  3   48   13987    3
Test (2B): test failure of leaders ...
  ... Passed --   5.9  3   88   24566    3
Test (2B): agreement after follower reconnects ...
  ... Passed --  10.2  3   98   35410    9
Test (2B): no agreement if too many followers disconnect ...
  ... Passed --   5.0  5  100   29516    4
Test (2B): concurrent Start()s ...
  ... Passed --   1.2  3   14    4944    6
Test (2B): rejoin of partitioned leader ...
  ... Passed --   7.8  3  112   34760    4
Test (2B): leader backs up quickly over incorrect follower logs ...
  ... Passed --  50.2  5 1200  691826  103
Test (2B): RPC counts aren't too high ...
  ... Passed --   2.6  3   18    6690   12
PASS
ok  	6.5840/raft	95.340s
Test (2B): basic agreement ...
  ... Passed --   2.2  3   14    4916    3
Test (2B): RPC byte count ...
  ... Passed --   4.5  3   46  117010   11
Test (2B): test progressive failure of followers ...
  ... Passed --   5.8  3   48   14066    3
Test (2B): test failure of leaders ...
  ... Passed --   6.4  3   66   18363    3
Test (2B): agreement after follower reconnects ...
  ... Passed --   9.6  3   94   34264    9
Test (2B): no agreement if too many followers disconnect ...
  ... Passed --   5.0  5  104   30516    4
Test (2B): concurrent Start()s ...
  ... Passed --   1.6  3   12    4010    6
Test (2B): rejoin of partitioned leader ...
  ... Passed --   6.1  3   90   27215    4
Test (2B): leader backs up quickly over incorrect follower logs ...
  ... Passed --  59.0  5 1340  808370  105
Test (2B): RPC counts aren't too high ...
  ... Passed --   2.9  3   32   11702   12
PASS
ok  	6.5840/raft	103.318s
Test (2B): basic agreement ...
  ... Passed --   2.0  3   14    4916    3
Test (2B): RPC byte count ...
  ... Passed --   5.7  3   46  116960   11
Test (2B): test progressive failure of followers ...
  ... Passed --   5.7  3   50   14942    3
Test (2B): test failure of leaders ...
  ... Passed --   6.1  3   70   19857    3
Test (2B): agreement after follower reconnects ...
  ... Passed --   8.8  3   90   32188    8
Test (2B): no agreement if too many followers disconnect ...
  ... Passed --   5.1  5   88   25876    4
Test (2B): concurrent Start()s ...
  ... Passed --   1.3  3   10    3530    6
Test (2B): rejoin of partitioned leader ...
  ... Passed --   5.6  3   86   26290    4
Test (2B): leader backs up quickly over incorrect follower logs ...
  ... Passed --  49.3  5 1260  757166  103
Test (2B): RPC counts aren't too high ...
  ... Passed --   2.6  3   22    8146   12
PASS
ok  	6.5840/raft	92.787s
Test (2B): basic agreement ...
  ... Passed --   1.6  3   14    4916    3
Test (2B): RPC byte count ...
  ... Passed --   4.9  3   46  117010   11
Test (2B): test progressive failure of followers ...
  ... Passed --   5.5  3   48   14239    3
Test (2B): test failure of leaders ...
  ... Passed --   6.0  3   88   24008    3
Test (2B): agreement after follower reconnects ...
  ... Passed --   9.2  3   98   35461    9
Test (2B): no agreement if too many followers disconnect ...
  ... Passed --   4.3  5   80   22730    3
Test (2B): concurrent Start()s ...
  ... Passed --   1.3  3    8    2814    6
Test (2B): rejoin of partitioned leader ...
  ... Passed --   6.0  3   84   25533    4
Test (2B): leader backs up quickly over incorrect follower logs ...
  ... Passed --  52.5  5 1256  755668  105
Test (2B): RPC counts aren't too high ...
  ... Passed --   3.2  3   24    8838   12
PASS
ok  	6.5840/raft	95.022s
Test (2B): basic agreement ...
  ... Passed --   1.9  3   14    4934    3
Test (2B): RPC byte count ...
  ... Passed --   5.1  3   46  116960   11
Test (2B): test progressive failure of followers ...
  ... Passed --   5.9  3   50   14640    3
Test (2B): test failure of leaders ...
  ... Passed --   5.7  3   94   26525    3
Test (2B): agreement after follower reconnects ...
  ... Passed --  12.0  3  112   41119   10
Test (2B): no agreement if too many followers disconnect ...
  ... Passed --   4.6  5  100   29196    4
Test (2B): concurrent Start()s ...
  ... Passed --   1.4  3    8    2802    6
Test (2B): rejoin of partitioned leader ...
  ... Passed --   7.6  3  104   32882    4
Test (2B): leader backs up quickly over incorrect follower logs ...
  ... Passed --  47.0  5 1100  594069  103
Test (2B): RPC counts aren't too high ...
  ... Passed --   3.2  3   28   10292   12
PASS
ok  	6.5840/raft	94.641s
Test (2B): basic agreement ...
  ... Passed --   2.2  3   14    4934    3
Test (2B): RPC byte count ...
  ... Passed --   4.7  3   46  117010   11
Test (2B): test progressive failure of followers ...
  ... Passed --   5.4  3   54   16157    3
Test (2B): test failure of leaders ...
  ... Passed --   6.0  3   76   21680    3
Test (2B): agreement after follower reconnects ...
  ... Passed --   6.9  3   60   20266    7
Test (2B): no agreement if too many followers disconnect ...
  ... Passed --   5.0  5   92   26988    4
Test (2B): concurrent Start()s ...
  ... Passed --   1.7  3    8    2814    6
Test (2B): rejoin of partitioned leader ...
  ... Passed --   5.8  3   76   23576    4
Test (2B): leader backs up quickly over incorrect follower logs ...
  ... Passed --  54.0  5 1296  798154  104
Test (2B): RPC counts aren't too high ...
  ... Passed --   2.2  3   18    6702   12
PASS
ok  	6.5840/raft	94.465s
Test (2B): basic agreement ...
  ... Passed --   1.8  3   14    4934    3
Test (2B): RPC byte count ...
  ... Passed --   4.8  3   46  117010   11
Test (2B): test progressive failure of followers ...
  ... Passed --   5.5  3   60   18100    3
Test (2B): test failure of leaders ...
  ... Passed --   6.3  3   92   25009    3
Test (2B): agreement after follower reconnects ...
  ... Passed --  11.8  3  108   39098   10
Test (2B): no agreement if too many followers disconnect ...
  ... Passed --   4.5  5  100   30338    3
Test (2B): concurrent Start()s ...
  ... Passed --   1.6  3   10    3530    6
Test (2B): rejoin of partitioned leader ...
  ... Passed --   7.8  3  112   35090    4
Test (2B): leader backs up quickly over incorrect follower logs ...
  ... Passed --  49.1  5 1172  695865  103
Test (2B): RPC counts aren't too high ...
  ... Passed --   2.8  3   22    8134   12
PASS
ok  	6.5840/raft	96.381s
Test (2B): basic agreement ...
  ... Passed --   1.7  3   14    4916    3
Test (2B): RPC byte count ...
  ... Passed --   4.9  3   46  117010   11
Test (2B): test progressive failure of followers ...
  ... Passed --   5.2  3   56   16275    3
Test (2B): test failure of leaders ...
  ... Passed --   6.0  3   90   25402    3
Test (2B): agreement after follower reconnects ...
  ... Passed --   7.7  3   72   24534    8
Test (2B): no agreement if too many followers disconnect ...
  ... Passed --   4.3  5   84   24030    4
Test (2B): concurrent Start()s ...
  ... Passed --   1.6  3   12    4258    6
Test (2B): rejoin of partitioned leader ...
  ... Passed --   7.3  3   98   30226    4
Test (2B): leader backs up quickly over incorrect follower logs ...
  ... Passed --  46.8  5 1220  720793  103
Test (2B): RPC counts aren't too high ...
  ... Passed --   2.9  3   28   10318   12
PASS
ok  	6.5840/raft	88.764s
Test (2B): basic agreement ...
  ... Passed --   2.2  3   14    4934    3
Test (2B): RPC byte count ...
  ... Passed --   4.8  3   46  117010   11
Test (2B): test progressive failure of followers ...
  ... Passed --   5.4  3   50   14562    3
Test (2B): test failure of leaders ...
  ... Passed --   6.3  3   88   23835    3
Test (2B): agreement after follower reconnects ...
  ... Passed --  12.3  3  110   40967   10
Test (2B): no agreement if too many followers disconnect ...
  ... Passed --   5.0  5   88   26098    4
Test (2B): concurrent Start()s ...
  ... Passed --   1.7  3   12    4258    6
Test (2B): rejoin of partitioned leader ...
  ... Passed --   7.2  3  116   36352    4
Test (2B): leader backs up quickly over incorrect follower logs ...
  ... Passed --  60.2  5 1260  718477  104
Test (2B): RPC counts aren't too high ...
  ... Passed --   2.7  3   26    9536   12
PASS
ok  	6.5840/raft	110.821s
Test (2B): basic agreement ...
  ... Passed --   1.7  3   14    4934    3
Test (2B): RPC byte count ...
  ... Passed --   4.0  3   46  117010   11
Test (2B): test progressive failure of followers ...
  ... Passed --   5.6  3   54   16121    3
Test (2B): test failure of leaders ...
  ... Passed --   6.5  3   96   27036    3
Test (2B): agreement after follower reconnects ...
  ... Passed --  11.6  3  110   39839    9
Test (2B): no agreement if too many followers disconnect ...
  ... Passed --   5.5  5  104   31048    4
Test (2B): concurrent Start()s ...
  ... Passed --   1.7  3    8    2802    6
Test (2B): rejoin of partitioned leader ...
  ... Passed --   5.4  3   76   23214    4
Test (2B): leader backs up quickly over incorrect follower logs ...
  ... Passed --  50.9  5 1096  609951  102
Test (2B): RPC counts aren't too high ...
  ... Passed --   2.8  3   24    8848   12
PASS
ok  	6.5840/raft	95.789s
Test (2B): basic agreement ...
  ... Passed --   1.9  3   14    4916    3
Test (2B): RPC byte count ...
  ... Passed --   5.5  3   46  117010   11
Test (2B): test progressive failure of followers ...
  ... Passed --   5.4  3   54   15967    3
Test (2B): test failure of leaders ...
  ... Passed --   6.3  3   76   19735    3
Test (2B): agreement after follower reconnects ...
  ... Passed --  11.6  3  116   42317   10
Test (2B): no agreement if too many followers disconnect ...
  ... Passed --   4.9  5   96   28228    4
Test (2B): concurrent Start()s ...
  ... Passed --   1.2  3   10    3530    6
Test (2B): rejoin of partitioned leader ...
  ... Passed --   7.1  3  110   33993    5
Test (2B): leader backs up quickly over incorrect follower logs ...
  ... Passed --  56.7  5 1384  811935  107
Test (2B): RPC counts aren't too high ...
  ... Passed --   3.2  3   28   10250   12
PASS
ok  	6.5840/raft	104.098s
Test (2B): basic agreement ...
  ... Passed --   1.6  3   14    4934    3
Test (2B): RPC byte count ...
  ... Passed --   5.0  3   46  116960   11
Test (2B): test progressive failure of followers ...
  ... Passed --   5.4  3   60   18085    3
Test (2B): test failure of leaders ...
  ... Passed --   5.9  3   82   22208    3
Test (2B): agreement after follower reconnects ...
  ... Passed --  10.1  3  104   37544    9
Test (2B): no agreement if too many followers disconnect ...
  ... Passed --   5.3  5  100   29352    4
Test (2B): concurrent Start()s ...
  ... Passed --   1.7  3   12    4246    6
Test (2B): rejoin of partitioned leader ...
  ... Passed --   7.6  3  110   34799    4
Test (2B): leader backs up quickly over incorrect follower logs ...
  ... Passed --  47.5  5 1140  657547  102
Test (2B): RPC counts aren't too high ...
  ... Passed --   2.3  3   20    7418   12
PASS
ok  	6.5840/raft	92.795s
Test (2B): basic agreement ...
  ... Passed --   1.9  3   14    4916    3
Test (2B): RPC byte count ...
  ... Passed --   5.2  3   46  117010   11
Test (2B): test progressive failure of followers ...
  ... Passed --   5.3  3   58   17319    3
Test (2B): test failure of leaders ...
  ... Passed --   5.8  3   80   21755    3
Test (2B): agreement after follower reconnects ...
  ... Passed --  11.2  3  114   41357   10
Test (2B): no agreement if too many followers disconnect ...
  ... Passed --   4.5  5   96   28132    4
Test (2B): concurrent Start()s ...
  ... Passed --   1.6  3   12    4254    6
Test (2B): rejoin of partitioned leader ...
  ... Passed --   5.8  3   86   25889    4
Test (2B): leader backs up quickly over incorrect follower logs ...
  ... Passed --  50.9  5 1244  734607  104
Test (2B): RPC counts aren't too high ...
  ... Passed --   2.8  3   24    8810   12
PASS
ok  	6.5840/raft	98.210s
Test (2B): basic agreement ...
  ... Passed --   2.1  3   14    4934    3
Test (2B): RPC byte count ...
  ... Passed --   4.3  3   46  116960   11
Test (2B): test progressive failure of followers ...
  ... Passed --   5.4  3   52   15564    3
Test (2B): test failure of leaders ...
  ... Passed --   5.7  3   90   24814    3
Test (2B): agreement after follower reconnects ...
  ... Passed --  11.9  3  110   40538   10
Test (2B): no agreement if too many followers disconnect ...
  ... Passed --   4.7  5  100   29222    4
Test (2B): concurrent Start()s ...
  ... Passed --   1.2  3    6    2098    6
Test (2B): rejoin of partitioned leader ...
  ... Passed --   5.5  3   90   27213    4
Test (2B): leader backs up quickly over incorrect follower logs ...
  ... Passed --  55.7  5 1292  724811  105
Test (2B): RPC counts aren't too high ...
  ... Passed --   2.7  3   22    8134   12
PASS
ok  	6.5840/raft	99.205s
Test (2B): basic agreement ...
  ... Passed --   1.4  3   14    4934    3
Test (2B): RPC byte count ...
  ... Passed --   5.0  3   46  116960   11
Test (2B): test progressive failure of followers ...
  ... Passed --   5.6  3   68   20398    3
Test (2B): test failure of leaders ...
  ... Passed --   6.0  3   92   24829    3
Test (2B): agreement after follower reconnects ...
  ... Passed --  10.3  3   90   32649    9
Test (2B): no agreement if too many followers disconnect ...
  ... Passed --   4.9  5   92   26706    4
Test (2B): concurrent Start()s ...
  ... Passed --   1.7  3    8    2814    6
Test (2B): rejoin of partitioned leader ...
  ... Passed --   8.2  3  114   35177    5
Test (2B): leader backs up quickly over incorrect follower logs ...
  ... Passed --  48.6  5 1220  707745  103
Test (2B): RPC counts aren't too high ...
  ... Passed --   3.2  3   28   10294   12
PASS
ok  	6.5840/raft	95.177s
Test (2B): basic agreement ...
  ... Passed --   1.7  3   14    4916    3
Test (2B): RPC byte count ...
  ... Passed --   4.9  3   46  117010   11
Test (2B): test progressive failure of followers ...
  ... Passed --   5.8  3   64   19275    3
Test (2B): test failure of leaders ...
  ... Passed --   6.4  3   80   21812    3
Test (2B): agreement after follower reconnects ...
  ... Passed --   9.6  3   88   31391    8
Test (2B): no agreement if too many followers disconnect ...
  ... Passed --   4.8  5  100   29728    4
Test (2B): concurrent Start()s ...
  ... Passed --   1.2  3   10    3540    6
Test (2B): rejoin of partitioned leader ...
  ... Passed --   4.5  3   50   14959    4
Test (2B): leader backs up quickly over incorrect follower logs ...
  ... Passed --  56.8  5 1308  764723  104
Test (2B): RPC counts aren't too high ...
  ... Passed --   2.3  3   24    8862   12
PASS
ok  	6.5840/raft	98.209s
Test (2B): basic agreement ...
  ... Passed --   1.6  3   14    4934    3
Test (2B): RPC byte count ...
  ... Passed --   4.9  3   46  117010   11
Test (2B): test progressive failure of followers ...
  ... Passed --   5.8  3   56   16833    3
Test (2B): test failure of leaders ...
  ... Passed --   6.0  3   76   21194    3
Test (2B): agreement after follower reconnects ...
  ... Passed --  11.2  3  104   37744    9
Test (2B): no agreement if too many followers disconnect ...
  ... Passed --   4.6  5   92   26062    4
Test (2B): concurrent Start()s ...
  ... Passed --   1.3  3    8    2814    6
Test (2B): rejoin of partitioned leader ...
  ... Passed --   5.5  3  100   29998    4
Test (2B): leader backs up quickly over incorrect follower logs ...
  ... Passed --  51.2  5 1224  744271  104
Test (2B): RPC counts aren't too high ...
  ... Passed --   3.2  3   30   10998   12
PASS
ok  	6.5840/raft	95.947s
Test (2B): basic agreement ...
  ... Passed --   1.6  3   14    4916    3
Test (2B): RPC byte count ...
  ... Passed --   4.9  3   46  117010   11
Test (2B): test progressive failure of followers ...
  ... Passed --   5.8  3   62   18407    3
Test (2B): test failure of leaders ...
  ... Passed --   6.2  3   74   20621    3
Test (2B): agreement after follower reconnects ...
  ... Passed --  10.4  3  112   41331    9
Test (2B): no agreement if too many followers disconnect ...
  ... Passed --   4.9  5   96   28174    4
Test (2B): concurrent Start()s ...
  ... Passed --   1.6  3   12    4258    6
Test (2B): rejoin of partitioned leader ...
  ... Passed --   5.3  3   88   26217    4
Test (2B): leader backs up quickly over incorrect follower logs ...
  ... Passed --  50.7  5 1192  706770  103
Test (2B): RPC counts aren't too high ...
  ... Passed --   3.2  3   30   11034   12
PASS
ok  	6.5840/raft	95.217s
Test (2B): basic agreement ...
  ... Passed --   1.7  3   14    4916    3
Test (2B): RPC byte count ...
  ... Passed --   4.6  3   46  116960   11
Test (2B): test progressive failure of followers ...
  ... Passed --   5.5  3   52   15579    3
Test (2B): test failure of leaders ...
  ... Passed --   5.7  3   96   27228    3
Test (2B): agreement after follower reconnects ...
  ... Passed --  12.0  3  124   45240   10
Test (2B): no agreement if too many followers disconnect ...
  ... Passed --   5.0  5  104   30858    4
Test (2B): concurrent Start()s ...
  ... Passed --   1.6  3   12    4246    6
Test (2B): rejoin of partitioned leader ...
  ... Passed --   7.6  3  104   32506    4
Test (2B): leader backs up quickly over incorrect follower logs ...
  ... Passed --  47.4  5 1204  663910  103
Test (2B): RPC counts aren't too high ...
  ... Passed --   2.8  3   26    9578   12
PASS
ok  	6.5840/raft	94.307s
Test (2B): basic agreement ...
  ... Passed --   1.4  3   14    4934    3
Test (2B): RPC byte count ...
  ... Passed --   4.6  3   46  117010   11
Test (2B): test progressive failure of followers ...
  ... Passed --   5.8  3   58   17252    3
Test (2B): test failure of leaders ...
  ... Passed --   6.0  3  100   27081    3
Test (2B): agreement after follower reconnects ...
  ... Passed --  10.9  3  106   39206    9
Test (2B): no agreement if too many followers disconnect ...
  ... Passed --   4.5  5  100   28800    4
Test (2B): concurrent Start()s ...
  ... Passed --   1.6  3   12    4246    6
Test (2B): rejoin of partitioned leader ...
  ... Passed --   5.5  3   98   29661    4
Test (2B): leader backs up quickly over incorrect follower logs ...
  ... Passed --  46.7  5 1208  697636  102
Test (2B): RPC counts aren't too high ...
  ... Passed --   2.7  3   26    9590   12
PASS
ok  	6.5840/raft	92.776s
Test (2B): basic agreement ...
  ... Passed --   2.1  3   14    4916    3
Test (2B): RPC byte count ...
  ... Passed --   5.2  3   46  117010   11
Test (2B): test progressive failure of followers ...
  ... Passed --   5.3  3   56   16512    3
Test (2B): test failure of leaders ...
  ... Passed --   6.4  3  100   27502    3
Test (2B): agreement after follower reconnects ...
  ... Passed --  10.4  3   96   34739    9
Test (2B): no agreement if too many followers disconnect ...
  ... Passed --   4.5  5   92   27092    4
Test (2B): concurrent Start()s ...
  ... Passed --   1.2  3    8    2814    6
Test (2B): rejoin of partitioned leader ...
  ... Passed --   5.2  3   76   22624    4
Test (2B): leader backs up quickly over incorrect follower logs ...
  ... Passed --  51.3  5 1204  714377  103
Test (2B): RPC counts aren't too high ...
  ... Passed --   2.7  3   22    8120   12
PASS
ok  	6.5840/raft	94.580s
Test (2B): basic agreement ...
  ... Passed --   2.0  3   14    4916    3
Test (2B): RPC byte count ...
  ... Passed --   5.4  3   46  117010   11
Test (2B): test progressive failure of followers ...
  ... Passed --   5.4  3   46   13283    3
Test (2B): test failure of leaders ...
  ... Passed --   6.2  3   84   22958    3
Test (2B): agreement after follower reconnects ...
  ... Passed --  11.7  3  114   42416   10
Test (2B): no agreement if too many followers disconnect ...
  ... Passed --   5.1  5   96   28116    4
Test (2B): concurrent Start()s ...
  ... Passed --   1.6  3    8    2814    6
Test (2B): rejoin of partitioned leader ...
  ... Passed --   5.4  3   82   24298    4
Test (2B): leader backs up quickly over incorrect follower logs ...
  ... Passed --  48.9  5 1148  655508  102
Test (2B): RPC counts aren't too high ...
  ... Passed --   2.8  3   24    8838   12
PASS
ok  	6.5840/raft	94.750s
Test (2B): basic agreement ...
  ... Passed --   1.7  3   14    4934    3
Test (2B): RPC byte count ...
  ... Passed --   5.5  3   46  117010   11
Test (2B): test progressive failure of followers ...
  ... Passed --   5.9  3   52   15391    3
Test (2B): test failure of leaders ...
  ... Passed --   5.9  3   98   26948    3
Test (2B): agreement after follower reconnects ...
  ... Passed --   9.9  3   96   34737    9
Test (2B): no agreement if too many followers disconnect ...
  ... Passed --   5.1  5   96   28550    4
Test (2B): concurrent Start()s ...
  ... Passed --   1.6  3   12    4242    6
Test (2B): rejoin of partitioned leader ...
  ... Passed --   5.8  3   96   29018    4
Test (2B): leader backs up quickly over incorrect follower logs ...
  ... Passed --  46.6  5 1192  731744  103
Test (2B): RPC counts aren't too high ...
  ... Passed --   3.2  3   22    8084   12
PASS
ok  	6.5840/raft	91.544s
Test (2B): basic agreement ...
  ... Passed --   1.5  3   14    4934    3
Test (2B): RPC byte count ...
  ... Passed --   5.2  3   46  117010   11
Test (2B): test progressive failure of followers ...
  ... Passed --   5.5  3   54   16211    3
Test (2B): test failure of leaders ...
  ... Passed --   6.1  3   86   24220    3
Test (2B): agreement after follower reconnects ...
  ... Passed --   8.0  3   82   29228    8
Test (2B): no agreement if too many followers disconnect ...
  ... Passed --   4.9  5   92   26812    4
Test (2B): concurrent Start()s ...
  ... Passed --   1.2  3   10    3530    6
Test (2B): rejoin of partitioned leader ...
  ... Passed --   5.5  3   88   26555    4
Test (2B): leader backs up quickly over incorrect follower logs ...
  ... Passed --  50.8  5 1304  765592  104
Test (2B): RPC counts aren't too high ...
  ... Passed --   2.6  3   18    6668   12
PASS
ok  	6.5840/raft	91.568s
Test (2B): basic agreement ...
  ... Passed --   2.0  3   14    4916    3
Test (2B): RPC byte count ...
  ... Passed --   4.7  3   46  117010   11
Test (2B): test progressive failure of followers ...
  ... Passed --   5.4  3   52   15669    3
Test (2B): test failure of leaders ...
  ... Passed --   6.3  3   84   24111    3
Test (2B): agreement after follower reconnects ...
  ... Passed --  10.9  3   94   34174    9
Test (2B): no agreement if too many followers disconnect ...
  ... Passed --   4.8  5   96   28148    4
Test (2B): concurrent Start()s ...
  ... Passed --   1.2  3   10    3516    6
Test (2B): rejoin of partitioned leader ...
  ... Passed --   6.4  3   86   27284    4
Test (2B): leader backs up quickly over incorrect follower logs ...
  ... Passed --  46.9  5 1188  726132  103
Test (2B): RPC counts aren't too high ...
  ... Passed --   2.7  3   24    8850   12
PASS
ok  	6.5840/raft	91.830s
Test (2B): basic agreement ...
  ... Passed --   1.8  3   14    4934    3
Test (2B): RPC byte count ...
  ... Passed --   5.9  3   46  116960   11
Test (2B): test progressive failure of followers ...
  ... Passed --   5.8  3   60   17972    3
Test (2B): test failure of leaders ...
  ... Passed --   6.1  3  100   27736    3
Test (2B): agreement after follower reconnects ...
  ... Passed --  11.4  3  108   39745   10
Test (2B): no agreement if too many followers disconnect ...
  ... Passed --   5.2  5  108   32084    4
Test (2B): concurrent Start()s ...
  ... Passed --   1.7  3   12    4242    6
Test (2B): rejoin of partitioned leader ...
  ... Passed --   6.1  3  102   30620    4
Test (2B): leader backs up quickly over incorrect follower logs ...
  ... Passed --  48.1  5 1192  720885  103
Test (2B): RPC counts aren't too high ...
  ... Passed --   3.0  3   22    8134   12
PASS
ok  	6.5840/raft	95.612s
Test (2B): basic agreement ...
  ... Passed --   2.1  3   14    4934    3
Test (2B): RPC byte count ...
  ... Passed --   4.7  3   46  116960   11
Test (2B): test progressive failure of followers ...
  ... Passed --   5.9  3   64   18631    3
Test (2B): test failure of leaders ...
  ... Passed --   6.6  3   96   26966    3
Test (2B): agreement after follower reconnects ...
  ... Passed --   6.5  3   62   21022    7
Test (2B): no agreement if too many followers disconnect ...
  ... Passed --   4.9  5   96   28270    4
Test (2B): concurrent Start()s ...
  ... Passed --   1.2  3    8    2802    6
Test (2B): rejoin of partitioned leader ...
  ... Passed --   5.6  3   88   26591    4
Test (2B): leader backs up quickly over incorrect follower logs ...
  ... Passed --  47.1  5 1076  600360  103
Test (2B): RPC counts aren't too high ...
  ... Passed --   2.8  3   28   10282   12
PASS
ok  	6.5840/raft	87.791s
Test (2B): basic agreement ...
  ... Passed --   1.9  3   14    4934    3
Test (2B): RPC byte count ...
  ... Passed --   4.4  3   46  117010   11
Test (2B): test progressive failure of followers ...
  ... Passed --   5.6  3   60   18085    3
Test (2B): test failure of leaders ...
  ... Passed --   5.7  3   82   22883    3
Test (2B): agreement after follower reconnects ...
  ... Passed --   8.9  3   84   29660    8
Test (2B): no agreement if too many followers disconnect ...
  ... Passed --   4.9  5   92   27334    4
Test (2B): concurrent Start()s ...
  ... Passed --   1.6  3   14    4968    6
Test (2B): rejoin of partitioned leader ...
  ... Passed --   5.3  3   80   23859    4
Test (2B): leader backs up quickly over incorrect follower logs ...
  ... Passed --  56.8  5 1260  714940  104
Test (2B): RPC counts aren't too high ...
  ... Passed --   3.8  3   34   12440   12
PASS
ok  	6.5840/raft	101.831s
Test (2B): basic agreement ...
  ... Passed --   1.6  3   14    4916    3
Test (2B): RPC byte count ...
  ... Passed --   4.8  3   46  116960   11
Test (2B): test progressive failure of followers ...
  ... Passed --   5.3  3   52   15428    3
Test (2B): test failure of leaders ...
  ... Passed --   6.1  3   88   24702    3
Test (2B): agreement after follower reconnects ...
  ... Passed --   8.8  3   90   32350    8
Test (2B): no agreement if too many followers disconnect ...
  ... Passed --   5.2  5   96   28454    4
Test (2B): concurrent Start()s ...
  ... Passed --   1.3  3    8    2802    6
Test (2B): rejoin of partitioned leader ...
  ... Passed --   5.7  3   88   26812    4
Test (2B): leader backs up quickly over incorrect follower logs ...
  ... Passed --  49.2  5 1268  785278  103
Test (2B): RPC counts aren't too high ...
  ... Passed --   3.2  3   26    9578   12
PASS
ok  	6.5840/raft	91.335s
Test (2B): basic agreement ...
  ... Passed --   2.1  3   14    4934    3
Test (2B): RPC byte count ...
  ... Passed --   5.5  3   46  117010   11
Test (2B): test progressive failure of followers ...
  ... Passed --   6.0  3   56   16772    3
Test (2B): test failure of leaders ...
  ... Passed --   6.0  3   96   26315    3
Test (2B): agreement after follower reconnects ...
  ... Passed --  10.6  3  108   39560    9
Test (2B): no agreement if too many followers disconnect ...
  ... Passed --   5.0  5   92   27366    4
Test (2B): concurrent Start()s ...
  ... Passed --   1.3  3   10    3530    6
Test (2B): rejoin of partitioned leader ...
  ... Passed --   7.3  3  106   32494    5
Test (2B): leader backs up quickly over incorrect follower logs ...
  ... Passed --  49.1  5 1216  727367  103
Test (2B): RPC counts aren't too high ...
  ... Passed --   2.8  3   26    9566   12
PASS
ok  	6.5840/raft	95.842s
Test (2B): basic agreement ...
  ... Passed --   1.9  3   14    4916    3
Test (2B): RPC byte count ...
  ... Passed --   4.9  3   46  116960   11
Test (2B): test progressive failure of followers ...
  ... Passed --   5.3  3   50   14927    3
Test (2B): test failure of leaders ...
  ... Passed --   5.9  3   86   23952    3
Test (2B): agreement after follower reconnects ...
  ... Passed --   7.6  3   74   25626    8
Test (2B): no agreement if too many followers disconnect ...
  ... Passed --   4.8  5   96   28228    4
Test (2B): concurrent Start()s ...
  ... Passed --   1.2  3   12    4246    6
Test (2B): rejoin of partitioned leader ...
  ... Passed --   5.5  3   88   26851    4
Test (2B): leader backs up quickly over incorrect follower logs ...
  ... Passed --  47.4  5 1236  752369  103
Test (2B): RPC counts aren't too high ...
  ... Passed --   3.2  3   22    8134   12
PASS
ok  	6.5840/raft	88.435s
Test (2B): basic agreement ...
  ... Passed --   1.4  3   14    4934    3
Test (2B): RPC byte count ...
  ... Passed --   4.0  3   46  116960   11
Test (2B): test progressive failure of followers ...
  ... Passed --   5.8  3   58   17465    3
Test (2B): test failure of leaders ...
  ... Passed --   6.5  3  106   29386    3
Test (2B): agreement after follower reconnects ...
  ... Passed --   9.2  3   90   31936    9
Test (2B): no agreement if too many followers disconnect ...
  ... Passed --   4.8  5  108   31658    4
Test (2B): concurrent Start()s ...
  ... Passed --   0.8  3    6    2098    6
Test (2B): rejoin of partitioned leader ...
  ... Passed --   7.2  3   98   30346    4
Test (2B): leader backs up quickly over incorrect follower logs ...
  ... Passed --  50.3  5 1172  694099  103
Test (2B): RPC counts aren't too high ...
  ... Passed --   3.1  3   28   10306   12
PASS
ok  	6.5840/raft	93.564s
Test (2B): basic agreement ...
  ... Passed --   1.6  3   14    4916    3
Test (2B): RPC byte count ...
  ... Passed --   4.7  3   46  116960   11
Test (2B): test progressive failure of followers ...
  ... Passed --   5.7  3   48   13750    3
Test (2B): test failure of leaders ...
  ... Passed --   6.4  3   90   24909    3
Test (2B): agreement after follower reconnects ...
  ... Passed --   6.3  3   64   21892    7
Test (2B): no agreement if too many followers disconnect ...
  ... Passed --   5.1  5   96   28270    4
Test (2B): concurrent Start()s ...
  ... Passed --   1.2  3    8    2814    6
Test (2B): rejoin of partitioned leader ...
  ... Passed --   4.7  3   54   16140    4
Test (2B): leader backs up quickly over incorrect follower logs ...
  ... Passed --  53.5  5 1268  736582  104
Test (2B): RPC counts aren't too high ...
  ... Passed --   3.1  3   28   10306   12
PASS
ok  	6.5840/raft	92.576s
Test (2B): basic agreement ...
  ... Passed --   1.6  3   14    4916    3
Test (2B): RPC byte count ...
  ... Passed --   4.7  3   46  117010   11
Test (2B): test progressive failure of followers ...
  ... Passed --   5.7  3   58   16833    3
Test (2B): test failure of leaders ...
  ... Passed --   6.3  3   70   19851    3
Test (2B): agreement after follower reconnects ...
  ... Passed --  11.7  3  118   43932   10
Test (2B): no agreement if too many followers disconnect ...
  ... Passed --   4.9  5  116   34072    4
Test (2B): concurrent Start()s ...
  ... Passed --   1.4  3   12    4246    6
Test (2B): rejoin of partitioned leader ...
  ... Passed --   5.6  3   94   29240    4
Test (2B): leader backs up quickly over incorrect follower logs ...
  ... Passed --  45.5  5 1224  758120  103
Test (2B): RPC counts aren't too high ...
  ... Passed --   3.1  3   28   10294   12
PASS
ok  	6.5840/raft	90.966s
Test (2B): basic agreement ...
  ... Passed --   1.9  3   14    4934    3
Test (2B): RPC byte count ...
  ... Passed --   5.5  3   46  116960   11
Test (2B): test progressive failure of followers ...
  ... Passed --   5.8  3   60   17900    3
Test (2B): test failure of leaders ...
  ... Passed --   6.3  3   96   26460    3
Test (2B): agreement after follower reconnects ...
  ... Passed --  10.9  3  106   38921    9
Test (2B): no agreement if too many followers disconnect ...
  ... Passed --   5.1  5  112   32982    4
Test (2B): concurrent Start()s ...
  ... Passed --   1.7  3   14    4974    6
Test (2B): rejoin of partitioned leader ...
  ... Passed --   5.2  3   90   26899    4
Test (2B): leader backs up quickly over incorrect follower logs ...
  ... Passed --  53.5  5 1248  704877  105
Test (2B): RPC counts aren't too high ...
  ... Passed --   2.7  3   24    8810   12
PASS
ok  	6.5840/raft	98.868s
Test (2B): basic agreement ...
  ... Passed --   1.8  3   14    4934    3
Test (2B): RPC byte count ...
  ... Passed --   5.6  3   46  117010   11
Test (2B): test progressive failure of followers ...
  ... Passed --   5.6  3   46   13566    3
Test (2B): test failure of leaders ...
  ... Passed --   6.4  3   88   24198    3
Test (2B): agreement after follower reconnects ...
  ... Passed --  12.1  3  106   38727   10
Test (2B): no agreement if too many followers disconnect ...
  ... Passed --   4.7  5  108   32222    4
Test (2B): concurrent Start()s ...
  ... Passed --   1.2  3    8    2802    6
Test (2B): rejoin of partitioned leader ...
  ... Passed --   7.5  3   96   30284    4
Test (2B): leader backs up quickly over incorrect follower logs ...
  ... Passed --  50.0  5 1236  718347  104
Test (2B): RPC counts aren't too high ...
  ... Passed --   3.1  3   28   10274   12
PASS
ok  	6.5840/raft	99.001s
Test (2B): basic agreement ...
  ... Passed --   1.7  3   14    4934    3
Test (2B): RPC byte count ...
  ... Passed --   5.0  3   46  116960   11
Test (2B): test progressive failure of followers ...
  ... Passed --   5.5  3   64   19234    3
Test (2B): test failure of leaders ...
  ... Passed --   6.0  3   72   19563    3
Test (2B): agreement after follower reconnects ...
  ... Passed --  11.4  3  118   44285   10
Test (2B): no agreement if too many followers disconnect ...
  ... Passed --   5.0  5   96   28270    4
Test (2B): concurrent Start()s ...
  ... Passed --   1.3  3   14    4974    6
Test (2B): rejoin of partitioned leader ...
  ... Passed --   4.6  3   60   18116    4
Test (2B): leader backs up quickly over incorrect follower logs ...
  ... Passed --  48.2  5 1244  709346  103
Test (2B): RPC counts aren't too high ...
  ... Passed --   3.1  3   26    9590   12
PASS
ok  	6.5840/raft	92.058s
Test (2B): basic agreement ...
  ... Passed --   1.9  3   14    4916    3
Test (2B): RPC byte count ...
  ... Passed --   4.8  3   46  117010   11
Test (2B): test progressive failure of followers ...
  ... Passed --   5.5  3   50   14910    3
Test (2B): test failure of leaders ...
  ... Passed --   6.1  3   72   20323    3
Test (2B): agreement after follower reconnects ...
  ... Passed --  10.5  3  104   38307    9
Test (2B): no agreement if too many followers disconnect ...
  ... Passed --   5.0  5   92   26644    3
Test (2B): concurrent Start()s ...
  ... Passed --   1.3  3   10    3530    6
Test (2B): rejoin of partitioned leader ...
  ... Passed --   5.8  3   92   27577    4
Test (2B): leader backs up quickly over incorrect follower logs ...
  ... Passed --  55.5  5 1212  723949  103
Test (2B): RPC counts aren't too high ...
  ... Passed --   2.3  3   18    6690   12
PASS
ok  	6.5840/raft	99.039s
Test (2B): basic agreement ...
  ... Passed --   2.2  3   14    4916    3
Test (2B): RPC byte count ...
  ... Passed --   4.5  3   46  117010   11
Test (2B): test progressive failure of followers ...
  ... Passed --   5.2  3   48   14460    3
Test (2B): test failure of leaders ...
  ... Passed --   6.2  3   74   21185    3
Test (2B): agreement after follower reconnects ...
  ... Passed --   9.0  3   86   30905    8
Test (2B): no agreement if too many followers disconnect ...
  ... Passed --   4.8  5   92   26812    4
Test (2B): concurrent Start()s ...
  ... Passed --   1.3  3   10    3542    6
Test (2B): rejoin of partitioned leader ...
  ... Passed --   5.6  3   96   29086    4
Test (2B): leader backs up quickly over incorrect follower logs ...
  ... Passed --  50.2  5 1304  752965  105
Test (2B): RPC counts aren't too high ...
  ... Passed --   3.2  3   22    8122   12
PASS
ok  	6.5840/raft	93.763s
Test (2B): basic agreement ...
  ... Passed --   1.6  3   14    4916    3
Test (2B): RPC byte count ...
  ... Passed --   5.2  3   46  116960   11
Test (2B): test progressive failure of followers ...
  ... Passed --   5.7  3   52   15766    3
Test (2B): test failure of leaders ...
  ... Passed --   6.1  3   94   25761    3
Test (2B): agreement after follower reconnects ...
  ... Passed --   7.8  3   74   25750    8
Test (2B): no agreement if too many followers disconnect ...
  ... Passed --   5.1  5  108   31988    4
Test (2B): concurrent Start()s ...
  ... Passed --   1.2  3   10    3530    6
Test (2B): rejoin of partitioned leader ...
  ... Passed --   5.7  3   82   24496    4
Test (2B): leader backs up quickly over incorrect follower logs ...
  ... Passed --  48.8  5 1200  707864  103
Test (2B): RPC counts aren't too high ...
  ... Passed --   2.8  3   22    8134   12
PASS
ok  	6.5840/raft	90.413s
Test (2B): basic agreement ...
  ... Passed --   2.0  3   14    4934    3
Test (2B): RPC byte count ...
  ... Passed --   4.6  3   46  117010   11
Test (2B): test progressive failure of followers ...
  ... Passed --   5.6  3   68   19863    3
Test (2B): test failure of leaders ...
  ... Passed --   6.2  3   98   27441    3
Test (2B): agreement after follower reconnects ...
  ... Passed --  11.9  3  102   37257   10
Test (2B): no agreement if too many followers disconnect ...
  ... Passed --   4.9  5   92   26812    4
Test (2B): concurrent Start()s ...
  ... Passed --   1.3  3    8    2814    6
Test (2B): rejoin of partitioned leader ...
  ... Passed --   7.4  3  106   32690    5
Test (2B): leader backs up quickly over incorrect follower logs ...
  ... Passed --  50.1  5 1264  758694  103
Test (2B): RPC counts aren't too high ...
  ... Passed --   3.2  3   30   11022   12
PASS
ok  	6.5840/raft	97.439s
Test (2B): basic agreement ...
  ... Passed --   2.1  3   14    4916    3
Test (2B): RPC byte count ...
  ... Passed --   5.1  3   46  117010   11
Test (2B): test progressive failure of followers ...
  ... Passed --   5.9  3   56   16870    3
Test (2B): test failure of leaders ...
  ... Passed --   6.6  3   74   21135    3
Test (2B): agreement after follower reconnects ...
  ... Passed --  10.0  3   92   33350    9
Test (2B): no agreement if too many followers disconnect ...
  ... Passed --   4.6  5   92   26850    4
Test (2B): concurrent Start()s ...
  ... Passed --   1.6  3   10    3516    6
Test (2B): rejoin of partitioned leader ...
  ... Passed --   5.3  3   84   25243    4
Test (2B): leader backs up quickly over incorrect follower logs ...
  ... Passed --  46.3  5 1196  664499  103
Test (2B): RPC counts aren't too high ...
  ... Passed --   2.9  3   28   10282   12
PASS
ok  	6.5840/raft	90.820s
Test (2B): basic agreement ...
  ... Passed --   1.7  3   14    4916    3
Test (2B): RPC byte count ...
  ... Passed --   4.5  3   46  116960   11
Test (2B): test progressive failure of followers ...
  ... Passed --   5.5  3   62   18284    3
Test (2B): test failure of leaders ...
  ... Passed --   6.2  3   94   26537    3
Test (2B): agreement after follower reconnects ...
  ... Passed --   9.6  3   94   33723    9
Test (2B): no agreement if too many followers disconnect ...
  ... Passed --   4.9  5   96   28036    4
Test (2B): concurrent Start()s ...
  ... Passed --   1.6  3   12    4258    6
Test (2B): rejoin of partitioned leader ...
  ... Passed --   6.6  3   78   24692    4
Test (2B): leader backs up quickly over incorrect follower logs ...
  ... Passed --  47.0  5 1140  636287  103
Test (2B): RPC counts aren't too high ...
  ... Passed --   3.1  3   26    9554   12
PASS
ok  	6.5840/raft	90.916s
Test (2B): basic agreement ...
  ... Passed --   1.9  3   14    4934    3
Test (2B): RPC byte count ...
  ... Passed --   4.9  3   46  117010   11
Test (2B): test progressive failure of followers ...
  ... Passed --   5.9  3   54   16105    3
Test (2B): test failure of leaders ...
  ... Passed --   6.1  3   81   23154    3
Test (2B): agreement after follower reconnects ...
  ... Passed --  11.7  3  134   50208   10
Test (2B): no agreement if too many followers disconnect ...
  ... Passed --   4.7  5   96   28454    4
Test (2B): concurrent Start()s ...
  ... Passed --   1.3  3   14    4944    6
Test (2B): rejoin of partitioned leader ...
  ... Passed --   4.7  3   62   18546    4
Test (2B): leader backs up quickly over incorrect follower logs ...
  ... Passed --  56.3  5 1252  708974  104
Test (2B): RPC counts aren't too high ...
  ... Passed --   2.8  3   24    8822   12
PASS
ok  	6.5840/raft	100.419s
Test (2B): basic agreement ...
  ... Passed --   1.7  3   14    4934    3
Test (2B): RPC byte count ...
  ... Passed --   5.2  3   46  116960   11
Test (2B): test progressive failure of followers ...
  ... Passed --   5.6  3   56   16752    3
Test (2B): test failure of leaders ...
  ... Passed --   5.8  3   88   24702    3
Test (2B): agreement after follower reconnects ...
  ... Passed --   9.9  3  100   36180    9
Test (2B): no agreement if too many followers disconnect ...
  ... Passed --   4.6  5   92   27270    4
Test (2B): concurrent Start()s ...
  ... Passed --   1.2  3    8    2814    6
Test (2B): rejoin of partitioned leader ...
  ... Passed --   5.7  3   82   24390    4
Test (2B): leader backs up quickly over incorrect follower logs ...
  ... Passed --  51.5  5 1324  798271  105
Test (2B): RPC counts aren't too high ...
  ... Passed --   2.8  3   24    8850   12
PASS
ok  	6.5840/raft	94.756s
Test (2B): basic agreement ...
  ... Passed --   1.5  3   14    4916    3
Test (2B): RPC byte count ...
  ... Passed --   5.7  3   46  116960   11
Test (2B): test progressive failure of followers ...
  ... Passed --   5.4  3   56   16575    3
Test (2B): test failure of leaders ...
  ... Passed --   6.2  3   86   23169    3
Test (2B): agreement after follower reconnects ...
  ... Passed --   7.4  3   74   25589    8
Test (2B): no agreement if too many followers disconnect ...
  ... Passed --   5.6  5  104   30816    4
Test (2B): concurrent Start()s ...
  ... Passed --   1.4  3    8    2802    6
Test (2B): rejoin of partitioned leader ...
  ... Passed --   7.6  3  102   31234    5
Test (2B): leader backs up quickly over incorrect follower logs ...
  ... Passed --  49.4  5 1192  687479  104
Test (2B): RPC counts aren't too high ...
  ... Passed --   2.6  3   24    8810   12
PASS
ok  	6.5840/raft	93.004s
Test (2B): basic agreement ...
  ... Passed --   2.0  3   14    4934    3
Test (2B): RPC byte count ...
  ... Passed --   5.0  3   46  117010   11
Test (2B): test progressive failure of followers ...
  ... Passed --   6.0  3   58   17404    3
Test (2B): test failure of leaders ...
  ... Passed --   6.3  3   98   27267    3
Test (2B): agreement after follower reconnects ...
  ... Passed --   9.0  3   86   30270    8
Test (2B): no agreement if too many followers disconnect ...
  ... Passed --   5.1  5  100   29448    4
Test (2B): concurrent Start()s ...
  ... Passed --   1.6  3   10    3530    6
Test (2B): rejoin of partitioned leader ...
  ... Passed --   5.4  3   92   27538    4
Test (2B): leader backs up quickly over incorrect follower logs ...
  ... Passed --  57.6  5 1292  735485  104
Test (2B): RPC counts aren't too high ...
  ... Passed --   3.2  3   24    8850   12
PASS
ok  	6.5840/raft	101.743s
Test (2B): basic agreement ...
  ... Passed --   1.6  3   14    4934    3
Test (2B): RPC byte count ...
  ... Passed --   5.2  3   46  117010   11
Test (2B): test progressive failure of followers ...
  ... Passed --   6.0  3   54   16272    3
Test (2B): test failure of leaders ...
  ... Passed --   6.4  3   90   24620    3
Test (2B): agreement after follower reconnects ...
  ... Passed --  10.7  3  104   38151    9
Test (2B): no agreement if too many followers disconnect ...
  ... Passed --   4.9  5   96   28270    4
Test (2B): concurrent Start()s ...
  ... Passed --   1.2  3    8    2814    6
Test (2B): rejoin of partitioned leader ...
  ... Passed --   5.7  3   80   24334    4
Test (2B): leader backs up quickly over incorrect follower logs ...
  ... Passed --  51.7  5 1176  680457  103
Test (2B): RPC counts aren't too high ...
  ... Passed --   3.1  3   26    9560   12
PASS
ok  	6.5840/raft	99.506s
Test (2B): basic agreement ...
  ... Passed --   1.6  3   14    4934    3
Test (2B): RPC byte count ...
  ... Passed --   5.6  3   46  117010   11
Test (2B): test progressive failure of followers ...
  ... Passed --   5.2  3   52   15672    3
Test (2B): test failure of leaders ...
  ... Passed --   6.4  3  116   31896    3
Test (2B): agreement after follower reconnects ...
  ... Passed --  11.8  3  114   42291   10
Test (2B): no agreement if too many followers disconnect ...
  ... Passed --   4.8  5   92   27002    4
Test (2B): concurrent Start()s ...
  ... Passed --   0.9  3    6    2088    6
Test (2B): rejoin of partitioned leader ...
  ... Passed --   6.0  3   88   26650    4
Test (2B): leader backs up quickly over incorrect follower logs ...
  ... Passed --  48.5  5 1204  742633  103
Test (2B): RPC counts aren't too high ...
  ... Passed --   2.8  3   28   10272   12
PASS
ok  	6.5840/raft	93.598s
Test (2B): basic agreement ...
  ... Passed --   1.8  3   14    4916    3
Test (2B): RPC byte count ...
  ... Passed --   4.9  3   46  117010   11
Test (2B): test progressive failure of followers ...
  ... Passed --   5.8  3   52   15446    3
Test (2B): test failure of leaders ...
  ... Passed --   6.5  3   96   26398    3
Test (2B): agreement after follower reconnects ...
  ... Passed --  10.8  3  100   36709    9
Test (2B): no agreement if too many followers disconnect ...
  ... Passed --   4.8  5   96   28260    4
Test (2B): concurrent Start()s ...
  ... Passed --   1.7  3    8    2802    6
Test (2B): rejoin of partitioned leader ...
  ... Passed --   5.5  3   78   23120    4
Test (2B): leader backs up quickly over incorrect follower logs ...
  ... Passed --  47.6  5 1180  716770  103
Test (2B): RPC counts aren't too high ...
  ... Passed --   2.9  3   20    7406   12
PASS
ok  	6.5840/raft	92.509s
Test (2B): basic agreement ...
  ... Passed --   1.8  3   14    4916    3
Test (2B): RPC byte count ...
  ... Passed --   4.5  3   46  117010   11
Test (2B): test progressive failure of followers ...
  ... Passed --   5.5  3   52   15682    3
Test (2B): test failure of leaders ...
  ... Passed --   5.9  3   92   25652    3
Test (2B): agreement after follower reconnects ...
  ... Passed --  11.6  3  106   39090   10
Test (2B): no agreement if too many followers disconnect ...
  ... Passed --   5.0  5  104   30360    4
Test (2B): concurrent Start()s ...
  ... Passed --   1.3  3   10    3516    6
Test (2B): rejoin of partitioned leader ...
  ... Passed --   5.7  3   82   24700    4
Test (2B): leader backs up quickly over incorrect follower logs ...
  ... Passed --  46.9  5 1200  699947  102
Test (2B): RPC counts aren't too high ...
  ... Passed --   3.1  3   22    8096   12
PASS
ok  	6.5840/raft	91.701s
Test (2B): basic agreement ...
  ... Passed --   1.6  3   14    4916    3
Test (2B): RPC byte count ...
  ... Passed --   5.2  3   46  116960   11
Test (2B): test progressive failure of followers ...
  ... Passed --   5.6  3   54   16055    3
Test (2B): test failure of leaders ...
  ... Passed --   6.4  3   74   20150    3
Test (2B): agreement after follower reconnects ...
  ... Passed --  11.5  3  116   42905   10
Test (2B): no agreement if too many followers disconnect ...
  ... Passed --   4.9  5  104   30906    4
Test (2B): concurrent Start()s ...
  ... Passed --   1.7  3   12    4258    6
Test (2B): rejoin of partitioned leader ...
  ... Passed --   4.6  3   58   17271    4
Test (2B): leader backs up quickly over incorrect follower logs ...
  ... Passed --  51.6  5 1152  650882  103
Test (2B): RPC counts aren't too high ...
  ... Passed --   2.7  3   20    7406   12
PASS
ok  	6.5840/raft	95.989s
Test (2B): basic agreement ...
  ... Passed --   1.8  3   14    4934    3
Test (2B): RPC byte count ...
  ... Passed --   5.6  3   46  117010   11
Test (2B): test progressive failure of followers ...
  ... Passed --   5.5  3   56   16833    3
Test (2B): test failure of leaders ...
  ... Passed --   6.1  3   94   26662    3
Test (2B): agreement after follower reconnects ...
  ... Passed --   7.2  3   66   22586    7
Test (2B): no agreement if too many followers disconnect ...
  ... Passed --   4.5  5   92   26676    4
Test (2B): concurrent Start()s ...
  ... Passed --   1.2  3    8    2802    6
Test (2B): rejoin of partitioned leader ...
  ... Passed --   5.9  3   90   27127    4
Test (2B): leader backs up quickly over incorrect follower logs ...
  ... Passed --  61.6  5 1348  764685  104
Test (2B): RPC counts aren't too high ...
  ... Passed --   3.1  3   24    8850   12
PASS
ok  	6.5840/raft	102.743s
Test (2B): basic agreement ...
  ... Passed --   1.7  3   14    4934    3
Test (2B): RPC byte count ...
  ... Passed --   5.8  3   46  117010   11
Test (2B): test progressive failure of followers ...
  ... Passed --   5.5  3   56   16286    3
Test (2B): test failure of leaders ...
  ... Passed --   6.3  3   76   21679    3
Test (2B): agreement after follower reconnects ...
  ... Passed --  11.6  3  118   43708   10
Test (2B): no agreement if too many followers disconnect ...
  ... Passed --   5.3  5   96   28454    4
Test (2B): concurrent Start()s ...
  ... Passed --   1.6  3   14    4974    6
Test (2B): rejoin of partitioned leader ...
  ... Passed --   5.7  3   84   25654    4
Test (2B): leader backs up quickly over incorrect follower logs ...
  ... Passed --  49.4  5 1268  741958  104
Test (2B): RPC counts aren't too high ...
  ... Passed --   2.8  3   24    8862   12
PASS
ok  	6.5840/raft	96.088s
Test (2B): basic agreement ...
  ... Passed --   1.9  3   14    4934    3
Test (2B): RPC byte count ...
  ... Passed --   5.4  3   46  116960   11
Test (2B): test progressive failure of followers ...
  ... Passed --   5.4  3   52   15218    3
Test (2B): test failure of leaders ...
  ... Passed --   5.7  3  100   28228    3
Test (2B): agreement after follower reconnects ...
  ... Passed --   7.6  3   70   24146    8
Test (2B): no agreement if too many followers disconnect ...
  ... Passed --   4.8  5  100   29072    4
Test (2B): concurrent Start()s ...
  ... Passed --   0.9  3    6    2098    6
Test (2B): rejoin of partitioned leader ...
  ... Passed --   6.0  3   96   29059    4
Test (2B): leader backs up quickly over incorrect follower logs ...
  ... Passed --  46.8  5 1212  742142  102
Test (2B): RPC counts aren't too high ...
  ... Passed --   3.2  3   26    9578   12
PASS
ok  	6.5840/raft	87.913s
Test (2B): basic agreement ...
  ... Passed --   1.7  3   14    4934    3
Test (2B): RPC byte count ...
  ... Passed --   4.9  3   46  117010   11
Test (2B): test progressive failure of followers ...
  ... Passed --   5.7  3   56   16739    3
Test (2B): test failure of leaders ...
  ... Passed --   6.2  3   76   21301    3
Test (2B): agreement after follower reconnects ...
  ... Passed --  12.1  3  122   45446   10
Test (2B): no agreement if too many followers disconnect ...
  ... Passed --   5.0  5   88   25914    4
Test (2B): concurrent Start()s ...
  ... Passed --   1.4  3   10    3516    6
Test (2B): rejoin of partitioned leader ...
  ... Passed --   6.6  3   84   24308    4
Test (2B): leader backs up quickly over incorrect follower logs ...
  ... Passed --  51.4  5 1240  698988  104
Test (2B): RPC counts aren't too high ...
  ... Passed --   2.8  3   24    8850   12
PASS
ok  	6.5840/raft	98.201s
Test (2B): basic agreement ...
  ... Passed --   1.7  3   14    4934    3
Test (2B): RPC byte count ...
  ... Passed --   5.2  3   48  117478   11
Test (2B): test progressive failure of followers ...
  ... Passed --   5.8  3   54   15966    3
Test (2B): test failure of leaders ...
  ... Passed --   6.5  3   76   21139    3
Test (2B): agreement after follower reconnects ...
  ... Passed --   7.5  3   72   24720    8
Test (2B): no agreement if too many followers disconnect ...
  ... Passed --   7.0  5  148   45924    3
Test (2B): concurrent Start()s ...
  ... Passed --   1.6  3   10    3542    6
Test (2B): rejoin of partitioned leader ...
  ... Passed --   5.5  3   96   28854    4
Test (2B): leader backs up quickly over incorrect follower logs ...
  ... Passed --  49.1  5 1140  698785  102
Test (2B): RPC counts aren't too high ...
  ... Passed --   3.1  3   26    9566   12
PASS
ok  	6.5840/raft	93.339s
Test (2B): basic agreement ...
  ... Passed --   1.8  3   14    4934    3
Test (2B): RPC byte count ...
  ... Passed --   5.0  3   46  117010   11
Test (2B): test progressive failure of followers ...
  ... Passed --   5.9  3   58   17240    3
Test (2B): test failure of leaders ...
  ... Passed --   6.5  3   86   23978    3
Test (2B): agreement after follower reconnects ...
  ... Passed --   9.4  3   88   31416    8
Test (2B): no agreement if too many followers disconnect ...
  ... Passed --   4.9  5  104   30456    4
Test (2B): concurrent Start()s ...
  ... Passed --   1.7  3   12    4254    6
Test (2B): rejoin of partitioned leader ...
  ... Passed --   7.0  3  100   30806    4
Test (2B): leader backs up quickly over incorrect follower logs ...
  ... Passed --  55.5  5 1224  675953  104
Test (2B): RPC counts aren't too high ...
  ... Passed --   2.7  3   20    7406   12
PASS
ok  	6.5840/raft	101.006s
Test (2B): basic agreement ...
  ... Passed --   2.1  3   14    4916    3
Test (2B): RPC byte count ...
  ... Passed --   6.1  3   46  117010   11
Test (2B): test progressive failure of followers ...
  ... Passed --   5.9  3   46   13156    3
Test (2B): test failure of leaders ...
  ... Passed --   5.9  3   78   21482    3
Test (2B): agreement after follower reconnects ...
  ... Passed --  10.8  3  102   37548    9
Test (2B): no agreement if too many followers disconnect ...
  ... Passed --   5.2  5   96   28148    4
Test (2B): concurrent Start()s ...
  ... Passed --   1.4  3   12    4246    6
Test (2B): rejoin of partitioned leader ...
  ... Passed --   5.3  3   88   26415    4
Test (2B): leader backs up quickly over incorrect follower logs ...
  ... Passed --  52.1  5 1288  820738  104
Test (2B): RPC counts aren't too high ...
  ... Passed --   2.2  3   16    5962   12
PASS
ok  	6.5840/raft	97.335s
Test (2B): basic agreement ...
  ... Passed --   2.4  3   14    4916    3
Test (2B): RPC byte count ...
  ... Passed --   5.1  3   46  116960   11
Test (2B): test progressive failure of followers ...
  ... Passed --   5.8  3   42   12316    3
Test (2B): test failure of leaders ...
  ... Passed --   6.0  3   76   21486    3
Test (2B): agreement after follower reconnects ...
  ... Passed --  10.6  3  104   38580    9
Test (2B): no agreement if too many followers disconnect ...
  ... Passed --   4.9  5  108   31708    4
Test (2B): concurrent Start()s ...
  ... Passed --   1.2  3    8    2802    6
Test (2B): rejoin of partitioned leader ...
  ... Passed --   5.7  3   88   26577    4
Test (2B): leader backs up quickly over incorrect follower logs ...
  ... Passed --  53.3  5 1264  730986  104
Test (2B): RPC counts aren't too high ...
  ... Passed --   2.8  3   30   11022   12
PASS
ok  	6.5840/raft	98.162s
Test (2B): basic agreement ...
  ... Passed --   1.7  3   14    4916    3
Test (2B): RPC byte count ...
  ... Passed --   4.4  3   46  116960   11
Test (2B): test progressive failure of followers ...
  ... Passed --   5.9  3   52   15555    3
Test (2B): test failure of leaders ...
  ... Passed --   6.6  3   74   20538    3
Test (2B): agreement after follower reconnects ...
  ... Passed --  10.8  3  102   37470    9
Test (2B): no agreement if too many followers disconnect ...
  ... Passed --   4.8  5   96   28116    4
Test (2B): concurrent Start()s ...
  ... Passed --   1.4  3   12    4002    6
Test (2B): rejoin of partitioned leader ...
  ... Passed --   6.6  3   84   23449    4
Test (2B): leader backs up quickly over incorrect follower logs ...
  ... Passed --  52.7  5 1240  694608  104
Test (2B): RPC counts aren't too high ...
  ... Passed --   2.8  3   26    9536   12
PASS
ok  	6.5840/raft	98.428s
Test (2B): basic agreement ...
  ... Passed --   1.9  3   14    4934    3
Test (2B): RPC byte count ...
  ... Passed --   4.9  3   46  116960   11
Test (2B): test progressive failure of followers ...
  ... Passed --   5.8  3   54   16334    3
Test (2B): test failure of leaders ...
  ... Passed --   6.1  3   74   19723    3
Test (2B): agreement after follower reconnects ...
  ... Passed --  10.4  3   98   35922    9
Test (2B): no agreement if too many followers disconnect ...
  ... Passed --   5.1  5  104   30536    4
Test (2B): concurrent Start()s ...
  ... Passed --   1.2  3    6    2088    6
Test (2B): rejoin of partitioned leader ...
  ... Passed --   5.6  3   80   24472    4
Test (2B): leader backs up quickly over incorrect follower logs ...
  ... Passed --  55.6  5 1276  720673  104
Test (2B): RPC counts aren't too high ...
  ... Passed --   2.8  3   24    8850   12
PASS
ok  	6.5840/raft	99.854s
Test (2B): basic agreement ...
  ... Passed --   1.9  3   14    4934    3
Test (2B): RPC byte count ...
  ... Passed --   4.8  3   46  116960   11
Test (2B): test progressive failure of followers ...
  ... Passed --   5.9  3   58   17288    3
Test (2B): test failure of leaders ...
  ... Passed --   6.1  3   82   22763    3
Test (2B): agreement after follower reconnects ...
  ... Passed --  11.4  3  114   42649   10
Test (2B): no agreement if too many followers disconnect ...
  ... Passed --   4.5  5  100   29352    4
Test (2B): concurrent Start()s ...
  ... Passed --   1.6  3   12    4242    6
Test (2B): rejoin of partitioned leader ...
  ... Passed --   6.3  3   78   24800    4
Test (2B): leader backs up quickly over incorrect follower logs ...
  ... Passed --  52.5  5 1260  767136  104
Test (2B): RPC counts aren't too high ...
  ... Passed --   2.3  3   16    5974   12
PASS
ok  	6.5840/raft	97.625s
Test (2B): basic agreement ...
  ... Passed --   1.7  3   14    4916    3
Test (2B): RPC byte count ...
  ... Passed --   4.9  3   46  117010   11
Test (2B): test progressive failure of followers ...
  ... Passed --   5.7  3   62   18826    3
Test (2B): test failure of leaders ...
  ... Passed --   6.6  3   98   28082    3
Test (2B): agreement after follower reconnects ...
  ... Passed --  10.5  3  104   38059    9
Test (2B): no agreement if too many followers disconnect ...
  ... Passed --   4.3  5   92   26814    4
Test (2B): concurrent Start()s ...
  ... Passed --   1.4  3   10    3530    6
Test (2B): rejoin of partitioned leader ...
  ... Passed --   7.9  3  114   35584    4
Test (2B): leader backs up quickly over incorrect follower logs ...
  ... Passed --  46.5  5 1188  724080  103
Test (2B): RPC counts aren't too high ...
  ... Passed --   3.2  3   30   11000   12
PASS
ok  	6.5840/raft	93.051s
Test (2B): basic agreement ...
  ... Passed --   1.6  3   14    4916    3
Test (2B): RPC byte count ...
  ... Passed --   4.2  3   46  116960   11
Test (2B): test progressive failure of followers ...
  ... Passed --   5.7  3   52   15724    3
Test (2B): test failure of leaders ...
  ... Passed --   5.9  3   98   27439    3
Test (2B): agreement after follower reconnects ...
  ... Passed --   8.6  3   78   27586    8
Test (2B): no agreement if too many followers disconnect ...
  ... Passed --   4.7  5   88   25634    4
Test (2B): concurrent Start()s ...
  ... Passed --   1.3  3    8    2814    6
Test (2B): rejoin of partitioned leader ...
  ... Passed --   6.7  3   98   30799    4
Test (2B): leader backs up quickly over incorrect follower logs ...
  ... Passed --  51.2  5 1200  711477  103
Test (2B): RPC counts aren't too high ...
  ... Passed --   2.8  3   24    8850   12
PASS
ok  	6.5840/raft	93.006s
Test (2B): basic agreement ...
  ... Passed --   1.8  3   14    4916    3
Test (2B): RPC byte count ...
  ... Passed --   4.8  3   46  116960   11
Test (2B): test progressive failure of followers ...
  ... Passed --   5.3  3   58   17090    3
Test (2B): test failure of leaders ...
  ... Passed --   6.0  3  108   30114    3
Test (2B): agreement after follower reconnects ...
  ... Passed --  10.5  3   90   32651    9
Test (2B): no agreement if too many followers disconnect ...
  ... Passed --   4.7  5   92   27092    4
Test (2B): concurrent Start()s ...
  ... Passed --   1.3  3   12    4242    6
Test (2B): rejoin of partitioned leader ...
  ... Passed --   5.5  3   90   27122    4
Test (2B): leader backs up quickly over incorrect follower logs ...
  ... Passed --  48.2  5 1192  688351  103
Test (2B): RPC counts aren't too high ...
  ... Passed --   2.3  3   18    6680   12
PASS
ok  	6.5840/raft	93.543s
Test (2B): basic agreement ...
  ... Passed --   1.8  3   14    4934    3
Test (2B): RPC byte count ...
  ... Passed --   4.9  3   46  117010   11
Test (2B): test progressive failure of followers ...
  ... Passed --   5.5  3   54   16174    3
Test (2B): test failure of leaders ...
  ... Passed --   6.5  3   86   23746    3
Test (2B): agreement after follower reconnects ...
  ... Passed --  11.2  3  114   41904    9
Test (2B): no agreement if too many followers disconnect ...
  ... Passed --   4.6  5  108   31196    4
Test (2B): concurrent Start()s ...
  ... Passed --   0.8  3    6    2098    6
Test (2B): rejoin of partitioned leader ...
  ... Passed --   7.8  3  112   34556    5
Test (2B): leader backs up quickly over incorrect follower logs ...
  ... Passed --  46.0  5 1156  678341  102
Test (2B): RPC counts aren't too high ...
  ... Passed --   2.8  3   26    9536   12
PASS
ok  	6.5840/raft	91.900s
Test (2B): basic agreement ...
  ... Passed --   1.6  3   14    4934    3
Test (2B): RPC byte count ...
  ... Passed --   4.5  3   46  117010   11
Test (2B): test progressive failure of followers ...
  ... Passed --   5.3  3   52   15317    3
Test (2B): test failure of leaders ...
  ... Passed --   6.1  3   78   21503    3
Test (2B): agreement after follower reconnects ...
  ... Passed --  11.9  3  120   44578   10
Test (2B): no agreement if too many followers disconnect ...
  ... Passed --   5.1  5   96   27736    4
Test (2B): concurrent Start()s ...
  ... Passed --   1.7  3   10    3542    6
Test (2B): rejoin of partitioned leader ...
  ... Passed --   6.9  3  106   33057    4
Test (2B): leader backs up quickly over incorrect follower logs ...
  ... Passed --  51.9  5 1264  726244  103
Test (2B): RPC counts aren't too high ...
  ... Passed --   2.8  3   22    8122   12
PASS
ok  	6.5840/raft	98.496s
Test (2B): basic agreement ...
  ... Passed --   2.1  3   14    4916    3
Test (2B): RPC byte count ...
  ... Passed --   5.2  3   46  116960   11
Test (2B): test progressive failure of followers ...
  ... Passed --   5.7  3   54   15873    3
Test (2B): test failure of leaders ...
  ... Passed --   5.7  3   78   21616    3
Test (2B): agreement after follower reconnects ...
  ... Passed --  11.7  3  108   39893   10
Test (2B): no agreement if too many followers disconnect ...
  ... Passed --   4.9  5   92   26946    4
Test (2B): concurrent Start()s ...
  ... Passed --   1.4  3    8    2802    6
Test (2B): rejoin of partitioned leader ...
  ... Passed --   3.7  3   52   15374    4
Test (2B): leader backs up quickly over incorrect follower logs ...
  ... Passed --  56.8  5 1264  727210  103
Test (2B): RPC counts aren't too high ...
  ... Passed --   2.6  3   22    8108   12
PASS
ok  	6.5840/raft	100.018s
Test (2B): basic agreement ...
  ... Passed --   1.7  3   14    4934    3
Test (2B): RPC byte count ...
  ... Passed --   5.7  3   46  117010   11
Test (2B): test progressive failure of followers ...
  ... Passed --   5.8  3   62   18754    3
Test (2B): test failure of leaders ...
  ... Passed --   6.5  3   78   21235    3
Test (2B): agreement after follower reconnects ...
  ... Passed --  10.8  3  100   35799    9
Test (2B): no agreement if too many followers disconnect ...
  ... Passed --   5.5  5  100   29638    4
Test (2B): concurrent Start()s ...
  ... Passed --   1.6  3    8    2814    6
Test (2B): rejoin of partitioned leader ...
  ... Passed --   5.3  3   88   26580    4
Test (2B): leader backs up quickly over incorrect follower logs ...
  ... Passed --  51.4  5 1240  736543  104
Test (2B): RPC counts aren't too high ...
  ... Passed --   2.7  3   26    9560   12
PASS
ok  	6.5840/raft	97.096s
Test (2B): basic agreement ...
  ... Passed --   1.9  3   14    4916    3
Test (2B): RPC byte count ...
  ... Passed --   5.1  3   46  117010   11
Test (2B): test progressive failure of followers ...
  ... Passed --   5.7  3   56   16817    3
Test (2B): test failure of leaders ...
  ... Passed --   6.0  3   92   26021    3
Test (2B): agreement after follower reconnects ...
  ... Passed --  10.2  3   98   35628    9
Test (2B): no agreement if too many followers disconnect ...
  ... Passed --   4.6  5   96   28558    3
Test (2B): concurrent Start()s ...
  ... Passed --   1.3  3   10    3516    6
Test (2B): rejoin of partitioned leader ...
  ... Passed --   7.7  3  108   33399    4
Test (2B): leader backs up quickly over incorrect follower logs ...
  ... Passed --  49.9  5 1180  732031  103
Test (2B): RPC counts aren't too high ...
  ... Passed --   2.8  3   18    6668   12
PASS
ok  	6.5840/raft	95.643s
Test (2B): basic agreement ...
  ... Passed --   2.3  3   14    4916    3
Test (2B): RPC byte count ...
  ... Passed --   5.8  3   46  117010   11
Test (2B): test progressive failure of followers ...
  ... Passed --   5.6  3   42   12299    3
Test (2B): test failure of leaders ...
  ... Passed --   6.3  3   88   24540    3
Test (2B): agreement after follower reconnects ...
  ... Passed --   9.3  3   88   31389    8
Test (2B): no agreement if too many followers disconnect ...
  ... Passed --   5.0  5   96   27946    4
Test (2B): concurrent Start()s ...
  ... Passed --   1.7  3   12    4230    6
Test (2B): rejoin of partitioned leader ...
  ... Passed --   5.9  3   90   27131    4
Test (2B): leader backs up quickly over incorrect follower logs ...
  ... Passed --  48.7  5 1184  737550  103
Test (2B): RPC counts aren't too high ...
  ... Passed --   3.1  3   24    8850   12
PASS
ok  	6.5840/raft	94.142s
Test (2B): basic agreement ...
  ... Passed --   1.7  3   14    4934    3
Test (2B): RPC byte count ...
  ... Passed --   4.8  3   46  116960   11
Test (2B): test progressive failure of followers ...
  ... Passed --   6.1  3   52   15571    3
Test (2B): test failure of leaders ...
  ... Passed --   6.0  3   80   22262    3
Test (2B): agreement after follower reconnects ...
  ... Passed --   9.5  3   96   33912    9
Test (2B): no agreement if too many followers disconnect ...
  ... Passed --   5.1  5   96   28270    4
Test (2B): concurrent Start()s ...
  ... Passed --   1.2  3   10    3516    6
Test (2B): rejoin of partitioned leader ...
  ... Passed --   7.7  3  102   31313    5
Test (2B): leader backs up quickly over incorrect follower logs ...
  ... Passed --  53.8  5 1308  784974  104
Test (2B): RPC counts aren't too high ...
  ... Passed --   3.1  3   22    8122   12
PASS
ok  	6.5840/raft	99.111s
Test (2B): basic agreement ...
  ... Passed --   1.9  3   14    4916    3
Test (2B): RPC byte count ...
  ... Passed --   4.8  3   46  116960   11
Test (2B): test progressive failure of followers ...
  ... Passed --   5.6  3   54   15601    3
Test (2B): test failure of leaders ...
  ... Passed --   6.0  3   82   22249    3
Test (2B): agreement after follower reconnects ...
  ... Passed --  11.8  3  108   39555   10
Test (2B): no agreement if too many followers disconnect ...
  ... Passed --   4.2  5   84   23606    4
Test (2B): concurrent Start()s ...
  ... Passed --   1.6  3   10    3530    6
Test (2B): rejoin of partitioned leader ...
  ... Passed --   5.7  3   88   26713    4
Test (2B): leader backs up quickly over incorrect follower logs ...
  ... Passed --  50.1  5 1248  747336  102
Test (2B): RPC counts aren't too high ...
  ... Passed --   3.0  3   26    9536   12
PASS
ok  	6.5840/raft	95.824s
