Test (2C): basic persistence ...
  ... Passed --   4.4  3   82   25384    6
Test (2C): more persistence ...
  ... Passed --  18.1  5  832  221966   16
Test (2C): partitioned leader and one follower crash, leader restarts ...
  ... Passed --   1.8  3   26    8689    4
Test (2C): Figure 8 ...
  ... Passed --  35.3  5 2704 6246995  169
Test (2C): unreliable agreement ...
  ... Passed --   5.8  5  212   90213  246
Test (2C): Figure 8 (unreliable) ...
  ... Passed --  29.4  5 1192  991678  233
Test (2C): churn ...
  ... Passed --  16.3  5  432  406638  177
Test (2C): unreliable churn ...
  ... Passed --  16.2  5  436  316964   98
PASS
ok  	6.5840/raft	127.731s
Test (2C): basic persistence ...
  ... Passed --   4.1  3   82   25846    6
Test (2C): more persistence ...
  ... Passed --  17.8  5  792  215998   16
Test (2C): partitioned leader and one follower crash, leader restarts ...
  ... Passed --   1.9  3   28    9385    4
Test (2C): Figure 8 ...
  ... Passed --  36.8  5 2716 5938484  171
Test (2C): unreliable agreement ...
  ... Passed --   6.4  5  224   93775  246
Test (2C): Figure 8 (unreliable) ...
  ... Passed --  32.0  5 1376  970306  265
Test (2C): churn ...
  ... Passed --  18.7  5  796  573580  326
Test (2C): unreliable churn ...
  ... Passed --  17.7  5  624  665688  255
PASS
ok  	6.5840/raft	135.823s
Test (2C): basic persistence ...
  ... Passed --   4.2  3   80   25408    6
Test (2C): more persistence ...
  ... Passed --  19.9  5  928  257004   16
Test (2C): partitioned leader and one follower crash, leader restarts ...
  ... Passed --   1.9  3   28    9349    4
Test (2C): Figure 8 ...
  ... Passed --  35.7  5 2644 5183816  139
Test (2C): unreliable agreement ...
  ... Passed --   6.0  5  220   93056  246
Test (2C): Figure 8 (unreliable) ...
  ... Passed --  36.7  5 1476 1629910  173
Test (2C): churn ...
  ... Passed --  16.2  5  536  433209  109
Test (2C): unreliable churn ...
  ... Passed --  16.3  5  576  329243  280
PASS
ok  	6.5840/raft	137.380s
Test (2C): basic persistence ...
  ... Passed --   4.1  3   78   24578    6
Test (2C): more persistence ...
  ... Passed --  17.5  5  860  232222   16
Test (2C): partitioned leader and one follower crash, leader restarts ...
  ... Passed --   2.1  3   28    9385    4
Test (2C): Figure 8 ...
  ... Passed --  33.7  5 2700 6321431  190
Test (2C): unreliable agreement ...
  ... Passed --   6.1  5  220   93569  246
Test (2C): Figure 8 (unreliable) ...
  ... Passed --  34.3  5 1736 1300762  188
Test (2C): churn ...
  ... Passed --  16.2  5  588  563891  285
Test (2C): unreliable churn ...
  ... Passed --  16.3  5  504  514672  226
PASS
ok  	6.5840/raft	130.773s
Test (2C): basic persistence ...
  ... Passed --   4.3  3   82   25976    6
Test (2C): more persistence ...
  ... Passed --  20.2  5  964  262528   16
Test (2C): partitioned leader and one follower crash, leader restarts ...
  ... Passed --   1.8  3   28    9385    4
Test (2C): Figure 8 ...
  ... Passed --  34.5  5 2524 5447490  168
Test (2C): unreliable agreement ...
  ... Passed --   5.9  5  212   91052  246
Test (2C): Figure 8 (unreliable) ...
  ... Passed --  30.4  5 1256 1080604  179
Test (2C): churn ...
  ... Passed --  18.4  5  504  297923  163
Test (2C): unreliable churn ...
  ... Passed --  16.6  5  648  773582  305
PASS
ok  	6.5840/raft	132.719s
Test (2C): basic persistence ...
  ... Passed --   4.1  3   80   25286    6
Test (2C): more persistence ...
  ... Passed --  17.6  5  824  223446   16
Test (2C): partitioned leader and one follower crash, leader restarts ...
  ... Passed --   1.7  3   26    8689    4
Test (2C): Figure 8 ...
  ... Passed --  33.8  5 2616 5895980  170
Test (2C): unreliable agreement ...
  ... Passed --   5.8  5  216   91032  246
Test (2C): Figure 8 (unreliable) ...
  ... Passed --  34.3  5 1448 1131232  232
Test (2C): churn ...
  ... Passed --  16.3  5  572  620675  293
Test (2C): unreliable churn ...
  ... Passed --  16.3  5  508  280522  167
PASS
ok  	6.5840/raft	130.416s
Test (2C): basic persistence ...
  ... Passed --   4.1  3   78   24354    6
Test (2C): more persistence ...
  ... Passed --  20.4  5  960  266924   16
Test (2C): partitioned leader and one follower crash, leader restarts ...
  ... Passed --   2.0  3   28    9385    4
Test (2C): Figure 8 ...
  ... Passed --  31.2  5 2776 7146182  186
Test (2C): unreliable agreement ...
  ... Passed --   5.9  5  212   89992  246
Test (2C): Figure 8 (unreliable) ...
  ... Passed --  38.6  5 1316  900548  146
Test (2C): churn ...
  ... Passed --  16.3  5  580  304345  232
Test (2C): unreliable churn ...
  ... Passed --  16.2  5  620  455503  191
PASS
ok  	6.5840/raft	135.402s
Test (2C): basic persistence ...
  ... Passed --   4.0  3   80   25092    6
Test (2C): more persistence ...
  ... Passed --  17.9  5  844  226340   16
Test (2C): partitioned leader and one follower crash, leader restarts ...
  ... Passed --   1.7  3   26    8689    4
Test (2C): Figure 8 ...
  ... Passed --  35.5  5 2836 6109503  163
Test (2C): unreliable agreement ...
  ... Passed --   5.8  5  212   90366  246
Test (2C): Figure 8 (unreliable) ...
  ... Passed --  36.7  5 1684 1126050  264
Test (2C): churn ...
  ... Passed --  16.3  5  600  596108  380
Test (2C): unreliable churn ...
  ... Passed --  16.2  5  584  312802  228
PASS
ok  	6.5840/raft	134.513s
Test (2C): basic persistence ...
  ... Passed --   4.0  3   80   25314    6
Test (2C): more persistence ...
  ... Passed --  17.6  5  832  223030   16
Test (2C): partitioned leader and one follower crash, leader restarts ...
  ... Passed --   1.9  3   28    9385    4
Test (2C): Figure 8 ...
  ... Passed --  41.0  5 3028 7699473  199
Test (2C): unreliable agreement ...
  ... Passed --   5.9  5  212   91330  246
Test (2C): Figure 8 (unreliable) ...
  ... Passed --  34.8  5 1396 1057330  231
Test (2C): churn ...
  ... Passed --  16.3  5  540  375942  203
Test (2C): unreliable churn ...
  ... Passed --  20.2  5  604  355726  106
PASS
ok  	6.5840/raft	142.178s
Test (2C): basic persistence ...
  ... Passed --   4.2  3   76   24108    6
Test (2C): more persistence ...
  ... Passed --  20.4  5  976  269934   16
Test (2C): partitioned leader and one follower crash, leader restarts ...
  ... Passed --   2.0  3   30    9967    4
Test (2C): Figure 8 ...
  ... Passed --  33.0  5 2816 5924687  166
Test (2C): unreliable agreement ...
  ... Passed --   5.8  5  212   90211  246
Test (2C): Figure 8 (unreliable) ...
  ... Passed --  29.3  5 1460 1263485  222
Test (2C): churn ...
  ... Passed --  16.3  5  544  474894  274
Test (2C): unreliable churn ...
  ... Passed --  16.3  5  284  116357   55
PASS
ok  	6.5840/raft	127.953s
Test (2C): basic persistence ...
  ... Passed --   4.4  3   82   25884    6
Test (2C): more persistence ...
  ... Passed --  18.0  5  852  229396   16
Test (2C): partitioned leader and one follower crash, leader restarts ...
  ... Passed --   2.1  3   26    8655    4
Test (2C): Figure 8 ...
  ... Passed --  39.6  5 2984 6907196  175
Test (2C): unreliable agreement ...
  ... Passed --   6.7  5  228   94848  246
Test (2C): Figure 8 (unreliable) ...
  ... Passed --  35.1  5 1392  948851  175
Test (2C): churn ...
  ... Passed --  16.4  5  732  526740  260
Test (2C): unreliable churn ...
  ... Passed --  16.3  5  512  362961  205
PASS
ok  	6.5840/raft	138.916s
Test (2C): basic persistence ...
  ... Passed --   4.0  3   80   25052    6
Test (2C): more persistence ...
  ... Passed --  18.3  5  864  231708   16
Test (2C): partitioned leader and one follower crash, leader restarts ...
  ... Passed --   1.9  3   28    9385    4
Test (2C): Figure 8 ...
  ... Passed --  36.8  5 2528 4652439  145
Test (2C): unreliable agreement ...
  ... Passed --   6.1  5  212   90537  246
Test (2C): Figure 8 (unreliable) ...
  ... Passed --  38.0  5 1720 1156622  205
Test (2C): churn ...
  ... Passed --  16.3  5  596  392243  350
Test (2C): unreliable churn ...
  ... Passed --  16.4  5  512  308913  182
PASS
ok  	6.5840/raft	138.237s
Test (2C): basic persistence ...
  ... Passed --   4.1  3   80   25146    6
Test (2C): more persistence ...
  ... Passed --  18.1  5  852  228578   16
Test (2C): partitioned leader and one follower crash, leader restarts ...
  ... Passed --   2.1  3   26    8655    4
Test (2C): Figure 8 ...
  ... Passed --  34.6  5 2372 4359703  150
Test (2C): unreliable agreement ...
  ... Passed --   5.9  5  212   90970  246
Test (2C): Figure 8 (unreliable) ...
  ... Passed --  33.4  5 1328 1013629  209
Test (2C): churn ...
  ... Passed --  16.5  5  680  605983  325
Test (2C): unreliable churn ...
  ... Passed --  17.7  5  536  294046  153
PASS
ok  	6.5840/raft	132.975s
Test (2C): basic persistence ...
  ... Passed --   4.1  3   80   25100    6
Test (2C): more persistence ...
  ... Passed --  20.2  5  924  254210   16
Test (2C): partitioned leader and one follower crash, leader restarts ...
  ... Passed --   2.1  3   26    8655    4
Test (2C): Figure 8 ...
  ... Passed --  31.8  5 2620 5230765  135
Test (2C): unreliable agreement ...
  ... Passed --   6.1  5  216   93250  246
Test (2C): Figure 8 (unreliable) ...
  ... Passed --  35.6  5 1312  673273  246
Test (2C): churn ...
  ... Passed --  16.2  5  500  305228  190
Test (2C): unreliable churn ...
  ... Passed --  16.3  5  492  251723  143
PASS
ok  	6.5840/raft	132.762s
Test (2C): basic persistence ...
  ... Passed --   4.1  3   80   25282    6
Test (2C): more persistence ...
  ... Passed --  20.4  5  908  251712   16
Test (2C): partitioned leader and one follower crash, leader restarts ...
  ... Passed --   1.9  3   26    8655    4
Test (2C): Figure 8 ...
  ... Passed --  32.1  5 2620 5875979  173
Test (2C): unreliable agreement ...
  ... Passed --   5.9  5  212   90343  246
Test (2C): Figure 8 (unreliable) ...
  ... Passed --  33.6  5 1560 1317522  205
Test (2C): churn ...
  ... Passed --  16.2  5  484  304076  272
Test (2C): unreliable churn ...
  ... Passed --  16.3  5  592  371485  286
PASS
ok  	6.5840/raft	130.817s
Test (2C): basic persistence ...
  ... Passed --   3.8  3   76   23890    6
Test (2C): more persistence ...
  ... Passed --  19.3  5  880  244164   16
Test (2C): partitioned leader and one follower crash, leader restarts ...
  ... Passed --   1.9  3   28    9349    4
Test (2C): Figure 8 ...
  ... Passed --  30.6  5 2536 6894365  191
Test (2C): unreliable agreement ...
  ... Passed --   6.0  5  216   92375  246
Test (2C): Figure 8 (unreliable) ...
  ... Passed --  33.5  5 1380 1034444  179
Test (2C): churn ...
  ... Passed --  16.3  5  332  186990  102
Test (2C): unreliable churn ...
  ... Passed --  17.9  5  660  321215  194
PASS
ok  	6.5840/raft	130.042s
Test (2C): basic persistence ...
  ... Passed --   4.4  3   80   25280    6
Test (2C): more persistence ...
  ... Passed --  17.5  5  832  225104   16
Test (2C): partitioned leader and one follower crash, leader restarts ...
  ... Passed --   2.0  3   26    8689    4
Test (2C): Figure 8 ...
  ... Passed --  32.8  5 2856 6399228  151
Test (2C): unreliable agreement ...
  ... Passed --   6.0  5  216   91155  246
Test (2C): Figure 8 (unreliable) ...
  ... Passed --  37.2  5 1800 1215253  159
Test (2C): churn ...
  ... Passed --  16.4  5  580  276135  404
Test (2C): unreliable churn ...
  ... Passed --  16.4  5  420  260765  117
PASS
ok  	6.5840/raft	132.874s
Test (2C): basic persistence ...
  ... Passed --   4.3  3   84   26000    6
Test (2C): more persistence ...
  ... Passed --  18.1  5  876  233994   16
Test (2C): partitioned leader and one follower crash, leader restarts ...
  ... Passed --   1.9  3   28    9385    4
Test (2C): Figure 8 ...
  ... Passed --  32.1  5 2528 5357534  155
Test (2C): unreliable agreement ...
  ... Passed --   5.8  5  212   90963  246
Test (2C): Figure 8 (unreliable) ...
  ... Passed --  39.0  5 1832 1299162  260
Test (2C): churn ...
  ... Passed --  16.2  5  632  346691  258
Test (2C): unreliable churn ...
  ... Passed --  16.2  5  404  211524  133
PASS
ok  	6.5840/raft	134.071s
Test (2C): basic persistence ...
  ... Passed --   4.0  3   80   25314    6
Test (2C): more persistence ...
  ... Passed --  17.9  5  856  232234   16
Test (2C): partitioned leader and one follower crash, leader restarts ...
  ... Passed --   2.1  3   28    9349    4
Test (2C): Figure 8 ...
  ... Passed --  31.8  5 2544 5352262  144
Test (2C): unreliable agreement ...
  ... Passed --   6.3  5  224   94061  246
Test (2C): Figure 8 (unreliable) ...
  ... Passed --  35.1  5 1364 1086670  183
Test (2C): churn ...
  ... Passed --  16.8  5  692  884865  363
Test (2C): unreliable churn ...
  ... Passed --  16.3  5  464  263880  172
PASS
ok  	6.5840/raft	132.173s
Test (2C): basic persistence ...
  ... Passed --   4.0  3   78   24840    6
Test (2C): more persistence ...
  ... Passed --  19.7  5  932  256430   16
Test (2C): partitioned leader and one follower crash, leader restarts ...
  ... Passed --   1.7  3   26    8689    4
Test (2C): Figure 8 ...
  ... Passed --  30.9  5 2704 6765424  194
Test (2C): unreliable agreement ...
  ... Passed --   5.8  5  208   89190  246
Test (2C): Figure 8 (unreliable) ...
  ... Passed --  33.9  5 1640 1113497  156
Test (2C): churn ...
  ... Passed --  16.2  5  660  796569  352
Test (2C): unreliable churn ...
  ... Passed --  16.2  5  600  263910  282
PASS
ok  	6.5840/raft	128.537s
Test (2C): basic persistence ...
  ... Passed --   4.3  3   78   24614    6
Test (2C): more persistence ...
  ... Passed --  17.8  5  848  228284   16
Test (2C): partitioned leader and one follower crash, leader restarts ...
  ... Passed --   2.0  3   28    9349    4
Test (2C): Figure 8 ...
  ... Passed --  36.0  5 2612 5098010  136
Test (2C): unreliable agreement ...
  ... Passed --   6.0  5  216   92149  246
Test (2C): Figure 8 (unreliable) ...
  ... Passed --  34.2  5 1764 1395762  168
Test (2C): churn ...
  ... Passed --  16.4  5  608  718410  288
Test (2C): unreliable churn ...
  ... Passed --  16.3  5  628  391593  190
PASS
ok  	6.5840/raft	134.425s
Test (2C): basic persistence ...
  ... Passed --   4.1  3   78   24614    6
Test (2C): more persistence ...
  ... Passed --  17.8  5  812  219900   16
Test (2C): partitioned leader and one follower crash, leader restarts ...
  ... Passed --   2.2  3   30   10005    4
Test (2C): Figure 8 ...
  ... Passed --  35.5  5 2728 5651143  145
Test (2C): unreliable agreement ...
  ... Passed --   6.2  5  224   94436  246
Test (2C): Figure 8 (unreliable) ...
  ... Passed --  28.7  5 1200  909818  182
Test (2C): churn ...
  ... Passed --  16.3  5  672  590115  348
Test (2C): unreliable churn ...
  ... Passed --  18.8  5  544  253884  101
PASS
ok  	6.5840/raft	130.907s
Test (2C): basic persistence ...
  ... Passed --   3.8  3   76   24136    6
Test (2C): more persistence ...
  ... Passed --  19.9  5  956  263814   16
Test (2C): partitioned leader and one follower crash, leader restarts ...
  ... Passed --   2.2  3   28    9349    4
Test (2C): Figure 8 ...
  ... Passed --  34.1  5 2772 6063414  164
Test (2C): unreliable agreement ...
  ... Passed --   6.6  5  220   92119  246
Test (2C): Figure 8 (unreliable) ...
  ... Passed --  34.1  5 1796 1612992  348
Test (2C): churn ...
  ... Passed --  16.4  5  620  651601  315
Test (2C): unreliable churn ...
  ... Passed --  16.3  5  460  240750  183
PASS
ok  	6.5840/raft	133.491s
Test (2C): basic persistence ...
  ... Passed --   4.3  3   80   25052    6
Test (2C): more persistence ...
  ... Passed --  20.2  5  928  256364   16
Test (2C): partitioned leader and one follower crash, leader restarts ...
  ... Passed --   2.2  3   28    9385    4
Test (2C): Figure 8 ...
  ... Passed --  32.6  5 2728 6668224  162
Test (2C): unreliable agreement ...
  ... Passed --   6.2  5  224   94512  246
Test (2C): Figure 8 (unreliable) ...
  ... Passed --  33.7  5 1532 1193757  167
Test (2C): churn ...
  ... Passed --  16.2  5  596  491468  356
Test (2C): unreliable churn ...
  ... Passed --  16.3  5  412  194547  130
PASS
ok  	6.5840/raft	132.040s
Test (2C): basic persistence ...
  ... Passed --   4.1  3   82   25764    6
Test (2C): more persistence ...
  ... Passed --  17.8  5  816  219022   16
Test (2C): partitioned leader and one follower crash, leader restarts ...
  ... Passed --   2.0  3   28    9385    4
Test (2C): Figure 8 ...
  ... Passed --  36.9  5 2804 5984442  161
Test (2C): unreliable agreement ...
  ... Passed --   5.9  5  216   91212  246
Test (2C): Figure 8 (unreliable) ...
  ... Passed --  34.4  5 1608 1291085  213
Test (2C): churn ...
  ... Passed --  16.4  5  692  578259  297
Test (2C): unreliable churn ...
  ... Passed --  16.3  5  660  507373  237
PASS
ok  	6.5840/raft	134.257s
Test (2C): basic persistence ...
  ... Passed --   4.1  3   78   24710    6
Test (2C): more persistence ...
  ... Passed --  17.4  5  800  207696   16
Test (2C): partitioned leader and one follower crash, leader restarts ...
  ... Passed --   1.9  3   26    8689    4
Test (2C): Figure 8 ...
  ... Passed --  35.2  5 2660 6228845  190
Test (2C): unreliable agreement ...
  ... Passed --   5.9  5  212   91025  246
Test (2C): Figure 8 (unreliable) ...
  ... Passed --  33.1  5 1588 1770753  348
Test (2C): churn ...
  ... Passed --  16.2  5  640  672665  201
Test (2C): unreliable churn ...
  ... Passed --  18.3  5  632  362791  179
PASS
ok  	6.5840/raft	132.385s
Test (2C): basic persistence ...
  ... Passed --   3.9  3   80   25268    6
Test (2C): more persistence ...
  ... Passed --  18.4  5  840  225450   16
Test (2C): partitioned leader and one follower crash, leader restarts ...
  ... Passed --   1.9  3   26    8689    4
Test (2C): Figure 8 ...
  ... Passed --  33.1  5 2752 6438136  194
Test (2C): unreliable agreement ...
  ... Passed --   5.9  5  212   91001  246
Test (2C): Figure 8 (unreliable) ...
  ... Passed --  38.7  5 1572 1004613  160
Test (2C): churn ...
  ... Passed --  16.2  5  512  290246  179
Test (2C): unreliable churn ...
  ... Passed --  20.4  5  620  338270  120
PASS
ok  	6.5840/raft	138.609s
Test (2C): basic persistence ...
  ... Passed --   4.4  3   86   26694    6
Test (2C): more persistence ...
  ... Passed --  19.2  5  916  256578   16
Test (2C): partitioned leader and one follower crash, leader restarts ...
  ... Passed --   2.1  3   28    9273    4
Test (2C): Figure 8 ...
  ... Passed --  33.6  5 2288 4167380  116
Test (2C): unreliable agreement ...
  ... Passed --   6.0  5  208   89838  246
Test (2C): Figure 8 (unreliable) ...
  ... Passed --  30.7  5 1484 1028885  114
Test (2C): churn ...
  ... Passed --  16.3  5  700  401746  147
Test (2C): unreliable churn ...
  ... Passed --  16.2  5  548  314266  218
PASS
ok  	6.5840/raft	128.963s
Test (2C): basic persistence ...
  ... Passed --   4.3  3   84   26216    6
Test (2C): more persistence ...
  ... Passed --  19.2  5  880  245208   16
Test (2C): partitioned leader and one follower crash, leader restarts ...
  ... Passed --   1.9  3   26    8689    4
Test (2C): Figure 8 ...
  ... Passed --  30.8  5 2748 5671925  152
Test (2C): unreliable agreement ...
  ... Passed --   6.1  5  220   93366  246
Test (2C): Figure 8 (unreliable) ...
  ... Passed --  29.4  5 1264  937272  272
Test (2C): churn ...
  ... Passed --  16.2  5  756  474396  252
Test (2C): unreliable churn ...
  ... Passed --  16.5  5  624  444256  202
PASS
ok  	6.5840/raft	124.702s
Test (2C): basic persistence ...
  ... Passed --   4.3  3   82   25792    6
Test (2C): more persistence ...
  ... Passed --  18.6  5  836  224906   16
Test (2C): partitioned leader and one follower crash, leader restarts ...
  ... Passed --   2.0  3   26    8689    4
Test (2C): Figure 8 ...
  ... Passed --  31.1  5 2676 5017078  102
Test (2C): unreliable agreement ...
  ... Passed --   6.1  5  212   90984  246
Test (2C): Figure 8 (unreliable) ...
  ... Passed --  42.8  5 1916 1396640  209
Test (2C): churn ...
  ... Passed --  16.3  5  632  363472  222
Test (2C): unreliable churn ...
  ... Passed --  16.2  5  504  277241  169
PASS
ok  	6.5840/raft	137.634s
Test (2C): basic persistence ...
  ... Passed --   4.5  3   80   25282    6
Test (2C): more persistence ...
  ... Passed --  19.7  5  944  263600   16
Test (2C): partitioned leader and one follower crash, leader restarts ...
  ... Passed --   1.8  3   26    8689    4
Test (2C): Figure 8 ...
  ... Passed --  35.9  5 2620 4701956  138
Test (2C): unreliable agreement ...
  ... Passed --   6.4  5  228   95932  246
Test (2C): Figure 8 (unreliable) ...
  ... Passed --  38.0  5 1432 1267155  186
Test (2C): churn ...
  ... Passed --  16.3  5  492  254966  171
Test (2C): unreliable churn ...
  ... Passed --  16.3  5  600  388467  212
PASS
ok  	6.5840/raft	139.406s
Test (2C): basic persistence ...
  ... Passed --   4.4  3   86   26938    6
Test (2C): more persistence ...
  ... Passed --  20.1  5  916  251570   16
Test (2C): partitioned leader and one follower crash, leader restarts ...
  ... Passed --   2.0  3   26    8689    4
Test (2C): Figure 8 ...
  ... Passed --  33.7  5 2828 6445758  167
Test (2C): unreliable agreement ...
  ... Passed --   6.1  5  212   92083  246
Test (2C): Figure 8 (unreliable) ...
  ... Passed --  30.0  5 1140  877326  150
Test (2C): churn ...
  ... Passed --  16.2  5  480  386443  204
Test (2C): unreliable churn ...
  ... Passed --  16.3  5  672  459537  215
PASS
ok  	6.5840/raft	129.374s
Test (2C): basic persistence ...
  ... Passed --   4.1  3   78   24836    6
Test (2C): more persistence ...
  ... Passed --  18.0  5  872  235744   16
Test (2C): partitioned leader and one follower crash, leader restarts ...
  ... Passed --   1.7  3   26    8655    4
Test (2C): Figure 8 ...
  ... Passed --  32.6  5 2500 5209412  142
Test (2C): unreliable agreement ...
  ... Passed --   5.9  5  216   91383  246
Test (2C): Figure 8 (unreliable) ...
  ... Passed --  36.6  5 1432 1110467  283
Test (2C): churn ...
  ... Passed --  16.3  5  620  436942  247
Test (2C): unreliable churn ...
  ... Passed --  16.3  5  580  275561  276
PASS
ok  	6.5840/raft	131.763s
Test (2C): basic persistence ...
  ... Passed --   4.1  3   78   24840    6
Test (2C): more persistence ...
  ... Passed --  20.1  5  944  261028   16
Test (2C): partitioned leader and one follower crash, leader restarts ...
  ... Passed --   2.0  3   26    8689    4
Test (2C): Figure 8 ...
  ... Passed --  34.5  5 2532 4900221  157
Test (2C): unreliable agreement ...
  ... Passed --   5.9  5  216   92980  246
Test (2C): Figure 8 (unreliable) ...
  ... Passed --  32.4  5 1368  784861  115
Test (2C): churn ...
  ... Passed --  16.2  5  540  468411  277
Test (2C): unreliable churn ...
  ... Passed --  16.3  5  456  270094  175
PASS
ok  	6.5840/raft	131.997s
Test (2C): basic persistence ...
  ... Passed --   4.4  3   86   26970    6
Test (2C): more persistence ...
  ... Passed --  20.2  5  956  265978   16
Test (2C): partitioned leader and one follower crash, leader restarts ...
  ... Passed --   2.1  3   26    8689    4
Test (2C): Figure 8 ...
  ... Passed --  28.0  5 2600 6815466  195
Test (2C): unreliable agreement ...
  ... Passed --   5.8  5  212   91007  246
Test (2C): Figure 8 (unreliable) ...
  ... Passed --  30.6  5 1328 1362524  316
Test (2C): churn ...
  ... Passed --  16.2  5  612  686512  396
Test (2C): unreliable churn ...
  ... Passed --  17.4  5  512  278694  224
PASS
ok  	6.5840/raft	124.893s
Test (2C): basic persistence ...
  ... Passed --   4.3  3   84   26266    6
Test (2C): more persistence ...
  ... Passed --  17.6  5  848  228994   16
Test (2C): partitioned leader and one follower crash, leader restarts ...
  ... Passed --   2.0  3   26    8655    4
Test (2C): Figure 8 ...
  ... Passed --  36.7  5 2612 5838680  174
Test (2C): unreliable agreement ...
  ... Passed --   6.2  5  216   91989  246
Test (2C): Figure 8 (unreliable) ...
  ... Passed --  35.5  5 1436  982092  316
Test (2C): churn ...
  ... Passed --  16.3  5  624  482574  357
Test (2C): unreliable churn ...
  ... Passed --  16.3  5  628  457122  169
PASS
ok  	6.5840/raft	135.092s
Test (2C): basic persistence ...
  ... Passed --   4.3  3   84   26572    6
Test (2C): more persistence ...
  ... Passed --  18.0  5  844  227104   16
Test (2C): partitioned leader and one follower crash, leader restarts ...
  ... Passed --   1.9  3   26    8689    4
Test (2C): Figure 8 ...
  ... Passed --  31.1  5 2708 5954891  178
Test (2C): unreliable agreement ...
  ... Passed --   6.0  5  212   90382  246
Test (2C): Figure 8 (unreliable) ...
  ... Passed --  37.5  5 1512 1015548  164
Test (2C): churn ...
  ... Passed --  18.8  5  636  456694  227
Test (2C): unreliable churn ...
  ... Passed --  16.3  5  412  177358  101
PASS
ok  	6.5840/raft	134.391s
Test (2C): basic persistence ...
  ... Passed --   3.9  3   76   24108    6
Test (2C): more persistence ...
  ... Passed --  18.3  5  868  232804   16
Test (2C): partitioned leader and one follower crash, leader restarts ...
  ... Passed --   1.9  3   26    8689    4
Test (2C): Figure 8 ...
  ... Passed --  37.4  5 2748 5775618  157
Test (2C): unreliable agreement ...
  ... Passed --   5.8  5  212   90742  246
Test (2C): Figure 8 (unreliable) ...
  ... Passed --  37.9  5 1724 1491276  293
Test (2C): churn ...
  ... Passed --  16.2  5  540  372621  172
Test (2C): unreliable churn ...
  ... Passed --  16.2  5  608  397420  183
PASS
ok  	6.5840/raft	137.717s
Test (2C): basic persistence ...
  ... Passed --   4.2  3   78   24154    6
Test (2C): more persistence ...
  ... Passed --  18.4  5  876  236796   16
Test (2C): partitioned leader and one follower crash, leader restarts ...
  ... Passed --   1.8  3   28    9385    4
Test (2C): Figure 8 ...
  ... Passed --  35.8  5 2732 6591480  177
Test (2C): unreliable agreement ...
  ... Passed --   6.0  5  216   92105  246
Test (2C): Figure 8 (unreliable) ...
  ... Passed --  36.1  5 1060  719593  102
Test (2C): churn ...
  ... Passed --  16.2  5  400  445937  183
Test (2C): unreliable churn ...
  ... Passed --  16.2  5  700  431900  264
PASS
ok  	6.5840/raft	134.881s
Test (2C): basic persistence ...
  ... Passed --   3.8  3   78   24574    6
Test (2C): more persistence ...
  ... Passed --  16.5  5  728  189960   16
Test (2C): partitioned leader and one follower crash, leader restarts ...
  ... Passed --   1.9  3   28    9349    4
Test (2C): Figure 8 ...
  ... Passed --  34.1  5 2648 4891021  141
Test (2C): unreliable agreement ...
  ... Passed --   6.2  5  216   91880  246
Test (2C): Figure 8 (unreliable) ...
  ... Passed --  35.9  5 1632 1242394  348
Test (2C): churn ...
  ... Passed --  18.0  5  740  509760  188
Test (2C): unreliable churn ...
  ... Passed --  16.4  5  456  290529  169
PASS
ok  	6.5840/raft	133.206s
Test (2C): basic persistence ...
  ... Passed --   4.4  3   82   26098    6
Test (2C): more persistence ...
  ... Passed --  16.1  5  736  189070   16
Test (2C): partitioned leader and one follower crash, leader restarts ...
  ... Passed --   2.0  3   28    9349    4
Test (2C): Figure 8 ...
  ... Passed --  33.5  5 2840 6600076  164
Test (2C): unreliable agreement ...
  ... Passed --   5.7  5  208   89916  246
Test (2C): Figure 8 (unreliable) ...
  ... Passed --  36.2  5 1408  950387  229
Test (2C): churn ...
  ... Passed --  16.3  5  620  632951  283
Test (2C): unreliable churn ...
  ... Passed --  16.2  5  608  395520  227
PASS
ok  	6.5840/raft	130.773s
Test (2C): basic persistence ...
  ... Passed --   3.9  3   74   23410    6
Test (2C): more persistence ...
  ... Passed --  17.8  5  788  212604   16
Test (2C): partitioned leader and one follower crash, leader restarts ...
  ... Passed --   2.1  3   28    9385    4
Test (2C): Figure 8 ...
  ... Passed --  32.2  5 2748 6846578  178
Test (2C): unreliable agreement ...
  ... Passed --   6.2  5  220   93290  246
Test (2C): Figure 8 (unreliable) ...
  ... Passed --  36.9  5 1564 1355589  439
Test (2C): churn ...
  ... Passed --  16.6  5  644  473223  398
Test (2C): unreliable churn ...
  ... Passed --  17.9  5  668  569320  218
PASS
ok  	6.5840/raft	133.954s
Test (2C): basic persistence ...
  ... Passed --   4.5  3   82   25746    6
Test (2C): more persistence ...
  ... Passed --  20.2  5  964  265344   16
Test (2C): partitioned leader and one follower crash, leader restarts ...
  ... Passed --   1.9  3   26    8689    4
Test (2C): Figure 8 ...
  ... Passed --  33.6  5 2400 5029423  158
Test (2C): unreliable agreement ...
  ... Passed --   6.4  5  224   94621  246
Test (2C): Figure 8 (unreliable) ...
  ... Passed --  32.7  5 1488 1070118  181
Test (2C): churn ...
  ... Passed --  16.3  5  604  466949  316
Test (2C): unreliable churn ...
  ... Passed --  16.5  5  612  326581  215
PASS
ok  	6.5840/raft	132.479s
Test (2C): basic persistence ...
  ... Passed --   4.2  3   80   25504    6
Test (2C): more persistence ...
  ... Passed --  18.3  5  800  215102   16
Test (2C): partitioned leader and one follower crash, leader restarts ...
  ... Passed --   1.9  3   28    9385    4
Test (2C): Figure 8 ...
  ... Passed --  37.6  5 2524 5250773  169
Test (2C): unreliable agreement ...
  ... Passed --   5.9  5  216   91871  246
Test (2C): Figure 8 (unreliable) ...
  ... Passed --  35.1  5 1308  877971  171
Test (2C): churn ...
  ... Passed --  17.2  5  548  308040  249
Test (2C): unreliable churn ...
  ... Passed --  16.3  5  432  204329   65
PASS
ok  	6.5840/raft	136.882s
Test (2C): basic persistence ...
  ... Passed --   4.3  3   82   25760    6
Test (2C): more persistence ...
  ... Passed --  20.3  5  968  269084   16
Test (2C): partitioned leader and one follower crash, leader restarts ...
  ... Passed --   1.9  3   28    9385    4
Test (2C): Figure 8 ...
  ... Passed --  30.6  5 2696 6616442  173
Test (2C): unreliable agreement ...
  ... Passed --   6.5  5  228   96030  246
Test (2C): Figure 8 (unreliable) ...
  ... Passed --  31.2  5 1076  799890   81
Test (2C): churn ...
  ... Passed --  16.3  5  560  295632  245
Test (2C): unreliable churn ...
  ... Passed --  17.6  5  664  463332  284
PASS
ok  	6.5840/raft	128.878s
Test (2C): basic persistence ...
  ... Passed --   4.0  3   78   24742    6
Test (2C): more persistence ...
  ... Passed --  17.9  5  836  227056   16
Test (2C): partitioned leader and one follower crash, leader restarts ...
  ... Passed --   2.0  3   28    9385    4
Test (2C): Figure 8 ...
  ... Passed --  36.0  5 2504 6023326  176
Test (2C): unreliable agreement ...
  ... Passed --   6.2  5  220   93517  246
Test (2C): Figure 8 (unreliable) ...
  ... Passed --  38.0  5 1592 1150496  188
Test (2C): churn ...
  ... Passed --  16.3  5  612  725622  294
Test (2C): unreliable churn ...
  ... Passed --  18.3  5  700  708614  259
PASS
ok  	6.5840/raft	139.072s
Test (2C): basic persistence ...
  ... Passed --   4.3  3   82   25792    6
Test (2C): more persistence ...
  ... Passed --  17.7  5  860  233304   16
Test (2C): partitioned leader and one follower crash, leader restarts ...
  ... Passed --   1.9  3   26    8689    4
Test (2C): Figure 8 ...
  ... Passed --  30.8  5 2520 5234230  153
Test (2C): unreliable agreement ...
  ... Passed --   6.3  5  220   93666  246
Test (2C): Figure 8 (unreliable) ...
  ... Passed --  27.0  5 1276  973939  203
Test (2C): churn ...
  ... Passed --  16.7  5  744  527569  237
Test (2C): unreliable churn ...
  ... Passed --  16.3  5  536  347429  185
PASS
ok  	6.5840/raft	121.073s
Test (2C): basic persistence ...
  ... Passed --   4.3  3   82   25698    6
Test (2C): more persistence ...
  ... Passed --  21.0  5 1012  279184   16
Test (2C): partitioned leader and one follower crash, leader restarts ...
  ... Passed --   1.9  3   28    9349    4
Test (2C): Figure 8 ...
  ... Passed --  35.1  5 2756 6494528  183
Test (2C): unreliable agreement ...
  ... Passed --   6.0  5  212   90028  246
Test (2C): Figure 8 (unreliable) ...
  ... Passed --  38.9  5 1540  885743  201
Test (2C): churn ...
  ... Passed --  16.3  5  500  512244  245
Test (2C): unreliable churn ...
  ... Passed --  16.2  5  636  458463  261
PASS
ok  	6.5840/raft	139.910s
Test (2C): basic persistence ...
  ... Passed --   4.3  3   80   24604    6
Test (2C): more persistence ...
  ... Passed --  15.7  5  772  201502   16
Test (2C): partitioned leader and one follower crash, leader restarts ...
  ... Passed --   1.9  3   26    8655    4
Test (2C): Figure 8 ...
  ... Passed --  32.5  5 2856 6483209  167
Test (2C): unreliable agreement ...
  ... Passed --   5.9  5  208   89263  246
Test (2C): Figure 8 (unreliable) ...
  ... Passed --  36.4  5 1640 1520620  243
Test (2C): churn ...
  ... Passed --  16.3  5  580  414146  326
Test (2C): unreliable churn ...
  ... Passed --  16.3  5  528  395912  199
PASS
ok  	6.5840/raft	129.756s
Test (2C): basic persistence ...
  ... Passed --   4.1  3   82   25698    6
Test (2C): more persistence ...
  ... Passed --  19.6  5  848  235408   16
Test (2C): partitioned leader and one follower crash, leader restarts ...
  ... Passed --   1.8  3   26    8689    4
Test (2C): Figure 8 ...
  ... Passed --  32.5  5 2496 5066508  157
Test (2C): unreliable agreement ...
  ... Passed --   5.8  5  208   89180  246
Test (2C): Figure 8 (unreliable) ...
  ... Passed --  34.9  5 1668 1075703  232
Test (2C): churn ...
  ... Passed --  16.2  5  596  674501  321
Test (2C): unreliable churn ...
  ... Passed --  17.9  5  692  625738  239
PASS
ok  	6.5840/raft	133.141s
Test (2C): basic persistence ...
  ... Passed --   4.4  3   78   24676    6
Test (2C): more persistence ...
  ... Passed --  20.5  5  940  260214   16
Test (2C): partitioned leader and one follower crash, leader restarts ...
  ... Passed --   1.8  3   26    8655    4
Test (2C): Figure 8 ...
  ... Passed --  31.8  5 2736 5219675  120
Test (2C): unreliable agreement ...
  ... Passed --   6.1  5  216   92233  246
Test (2C): Figure 8 (unreliable) ...
  ... Passed --  34.5  5 1792 1368846  104
Test (2C): churn ...
  ... Passed --  18.3  5  680  467868  335
Test (2C): unreliable churn ...
  ... Passed --  16.2  5  628  424965  294
PASS
ok  	6.5840/raft	133.942s
Test (2C): basic persistence ...
  ... Passed --   4.5  3   80   25064    6
Test (2C): more persistence ...
  ... Passed --  19.9  5  920  256058   16
Test (2C): partitioned leader and one follower crash, leader restarts ...
  ... Passed --   1.9  3   26    8689    4
Test (2C): Figure 8 ...
  ... Passed --  34.8  5 2700 6449459  191
Test (2C): unreliable agreement ...
  ... Passed --   6.2  5  220   93085  246
Test (2C): Figure 8 (unreliable) ...
  ... Passed --  31.6  5 1568 1423599  323
Test (2C): churn ...
  ... Passed --  16.5  5  476  440720  189
Test (2C): unreliable churn ...
  ... Passed --  16.2  5  620  390557  299
PASS
ok  	6.5840/raft	132.067s
Test (2C): basic persistence ...
  ... Passed --   3.9  3   78   24710    6
Test (2C): more persistence ...
  ... Passed --  17.6  5  816  221342   16
Test (2C): partitioned leader and one follower crash, leader restarts ...
  ... Passed --   1.9  3   26    8655    4
Test (2C): Figure 8 ...
  ... Passed --  35.9  5 2656 5994721  182
Test (2C): unreliable agreement ...
  ... Passed --   5.8  5  212   90687  246
Test (2C): Figure 8 (unreliable) ...
  ... Passed --  32.0  5 1420 1181922  234
Test (2C): churn ...
  ... Passed --  16.2  5  732  472882  241
Test (2C): unreliable churn ...
  ... Passed --  16.2  5  388  274525  122
PASS
ok  	6.5840/raft	129.865s
Test (2C): basic persistence ...
  ... Passed --   4.3  3   86   26744    6
Test (2C): more persistence ...
  ... Passed --  18.3  5  864  231442   16
Test (2C): partitioned leader and one follower crash, leader restarts ...
  ... Passed --   1.8  3   28    9385    4
Test (2C): Figure 8 ...
  ... Passed --  30.4  5 2844 7952080  210
Test (2C): unreliable agreement ...
  ... Passed --   6.2  5  212   90428  246
Test (2C): Figure 8 (unreliable) ...
  ... Passed --  39.0  5 1684 1033711  139
Test (2C): churn ...
  ... Passed --  16.2  5  456  276824  213
Test (2C): unreliable churn ...
  ... Passed --  16.5  5  408  166516   65
PASS
ok  	6.5840/raft	133.919s
Test (2C): basic persistence ...
  ... Passed --   4.0  3   80   25052    6
Test (2C): more persistence ...
  ... Passed --  16.2  5  768  200730   16
Test (2C): partitioned leader and one follower crash, leader restarts ...
  ... Passed --   2.1  3   26    8655    4
Test (2C): Figure 8 ...
  ... Passed --  32.9  5 2760 6750256  188
Test (2C): unreliable agreement ...
  ... Passed --   6.3  5  224   95194  246
Test (2C): Figure 8 (unreliable) ...
  ... Passed --  37.5  5 1644 1091141  174
Test (2C): churn ...
  ... Passed --  16.2  5  600  491760  429
Test (2C): unreliable churn ...
  ... Passed --  16.2  5  500  306596  134
PASS
ok  	6.5840/raft	132.033s
Test (2C): basic persistence ...
  ... Passed --   4.2  3   78   24622    6
Test (2C): more persistence ...
  ... Passed --  18.0  5  788  212690   16
Test (2C): partitioned leader and one follower crash, leader restarts ...
  ... Passed --   1.9  3   28    9385    4
Test (2C): Figure 8 ...
  ... Passed --  36.4  5 2744 5845774  148
Test (2C): unreliable agreement ...
  ... Passed --   6.1  5  220   92950  246
Test (2C): Figure 8 (unreliable) ...
  ... Passed --  36.7  5 1492 1053409  221
Test (2C): churn ...
  ... Passed --  16.3  5  612  331874  220
Test (2C): unreliable churn ...
  ... Passed --  16.3  5  388  217814  141
PASS
ok  	6.5840/raft	136.130s
Test (2C): basic persistence ...
  ... Passed --   4.3  3   78   24832    6
Test (2C): more persistence ...
  ... Passed --  19.7  5  952  264700   16
Test (2C): partitioned leader and one follower crash, leader restarts ...
  ... Passed --   1.9  3   28    9385    4
Test (2C): Figure 8 ...
  ... Passed --  36.4  5 2788 6335015  163
Test (2C): unreliable agreement ...
  ... Passed --   6.3  5  220   94131  246
Test (2C): Figure 8 (unreliable) ...
  ... Passed --  39.8  5 1972 1591312  337
Test (2C): churn ...
  ... Passed --  16.3  5  616  896105  364
Test (2C): unreliable churn ...
  ... Passed --  16.4  5  676  466898  178
PASS
ok  	6.5840/raft	141.460s
Test (2C): basic persistence ...
  ... Passed --   4.3  3   80   25536    6
Test (2C): more persistence ...
  ... Passed --  20.0  5  952  263992   16
Test (2C): partitioned leader and one follower crash, leader restarts ...
  ... Passed --   1.8  3   26    8689    4
Test (2C): Figure 8 ...
  ... Passed --  31.9  5 2508 5795158  181
Test (2C): unreliable agreement ...
  ... Passed --   6.6  5  220   92064  246
Test (2C): Figure 8 (unreliable) ...
  ... Passed --  31.6  5 1156  689689  202
Test (2C): churn ...
  ... Passed --  16.3  5  616  613670  386
Test (2C): unreliable churn ...
  ... Passed --  16.4  5  532  331234  139
PASS
ok  	6.5840/raft	129.240s
Test (2C): basic persistence ...
  ... Passed --   4.3  3   80   24604    6
Test (2C): more persistence ...
  ... Passed --  17.9  5  848  229466   16
Test (2C): partitioned leader and one follower crash, leader restarts ...
  ... Passed --   1.8  3   28    9385    4
Test (2C): Figure 8 ...
  ... Passed --  32.9  5 2792 6330966  169
Test (2C): unreliable agreement ...
  ... Passed --   6.3  5  224   93650  246
Test (2C): Figure 8 (unreliable) ...
  ... Passed --  34.7  5 1604 1233288  289
Test (2C): churn ...
  ... Passed --  16.3  5  616  512938  349
Test (2C): unreliable churn ...
  ... Passed --  16.3  5  400  288684  119
PASS
ok  	6.5840/raft	130.708s
Test (2C): basic persistence ...
  ... Passed --   4.3  3   78   24744    6
Test (2C): more persistence ...
  ... Passed --  21.0  5  956  263914   16
Test (2C): partitioned leader and one follower crash, leader restarts ...
  ... Passed --   2.1  3   28    9385    4
Test (2C): Figure 8 ...
  ... Passed --  36.4  5 2780 6500874  179
Test (2C): unreliable agreement ...
  ... Passed --   6.3  5  220   92199  246
Test (2C): Figure 8 (unreliable) ...
  ... Passed --  32.9  5 1552 1518993  323
Test (2C): churn ...
  ... Passed --  16.2  5  588  452959  326
Test (2C): unreliable churn ...
  ... Passed --  16.3  5  420  280921  107
PASS
ok  	6.5840/raft	135.680s
Test (2C): basic persistence ...
  ... Passed --   4.3  3   80   25406    6
Test (2C): more persistence ...
  ... Passed --  17.9  5  848  227060   16
Test (2C): partitioned leader and one follower crash, leader restarts ...
  ... Passed --   2.0  3   28    9385    4
Test (2C): Figure 8 ...
  ... Passed --  35.7  5 2556 5262886  173
Test (2C): unreliable agreement ...
  ... Passed --   6.2  5  216   92413  246
Test (2C): Figure 8 (unreliable) ...
  ... Passed --  29.6  5 1544 1552747  216
Test (2C): churn ...
  ... Passed --  20.3  5  928  665004  296
Test (2C): unreliable churn ...
  ... Passed --  16.3  5  528  226094  170
PASS
ok  	6.5840/raft	132.723s
Test (2C): basic persistence ...
  ... Passed --   4.1  3   80   24846    6
Test (2C): more persistence ...
  ... Passed --  19.4  5  908  252436   16
Test (2C): partitioned leader and one follower crash, leader restarts ...
  ... Passed --   2.0  3   26    8655    4
Test (2C): Figure 8 ...
  ... Passed --  33.0  5 2588 5454286  143
Test (2C): unreliable agreement ...
  ... Passed --   6.0  5  208   89827  246
Test (2C): Figure 8 (unreliable) ...
  ... Passed --  33.9  5 1244 1009436  180
Test (2C): churn ...
  ... Passed --  16.2  5  612  383546  235
Test (2C): unreliable churn ...
  ... Passed --  16.3  5  668  317214  181
PASS
ok  	6.5840/raft	131.223s
Test (2C): basic persistence ...
  ... Passed --   4.3  3   84   26220    6
Test (2C): more persistence ...
  ... Passed --  17.6  5  840  225762   16
Test (2C): partitioned leader and one follower crash, leader restarts ...
  ... Passed --   1.8  3   28    9349    4
Test (2C): Figure 8 ...
  ... Passed --  34.2  5 2860 7016668  189
Test (2C): unreliable agreement ...
  ... Passed --   6.1  5  212   90613  246
Test (2C): Figure 8 (unreliable) ...
  ... Passed --  32.2  5 1456 1238874  203
Test (2C): churn ...
  ... Passed --  16.2  5  680  629869  321
Test (2C): unreliable churn ...
  ... Passed --  16.3  5  368  174939   93
PASS
ok  	6.5840/raft	128.829s
Test (2C): basic persistence ...
  ... Passed --   4.2  3   84   26220    6
Test (2C): more persistence ...
  ... Passed --  18.1  5  888  238654   16
Test (2C): partitioned leader and one follower crash, leader restarts ...
  ... Passed --   2.0  3   28    9385    4
Test (2C): Figure 8 ...
  ... Passed --  33.2  5 2668 5326525  148
Test (2C): unreliable agreement ...
  ... Passed --   5.8  5  208   89264  246
Test (2C): Figure 8 (unreliable) ...
  ... Passed --  28.6  5 1324 1398337  227
Test (2C): churn ...
  ... Passed --  16.3  5  616  464485  345
Test (2C): unreliable churn ...
  ... Passed --  16.3  5  656  402796  262
PASS
ok  	6.5840/raft	124.927s
Test (2C): basic persistence ...
  ... Passed --   4.2  3   84   26496    6
Test (2C): more persistence ...
  ... Passed --  19.8  5  940  260816   16
Test (2C): partitioned leader and one follower crash, leader restarts ...
  ... Passed --   1.9  3   26    8655    4
Test (2C): Figure 8 ...
  ... Passed --  33.7  5 2792 6734004  199
Test (2C): unreliable agreement ...
  ... Passed --   5.9  5  212   90083  246
Test (2C): Figure 8 (unreliable) ...
  ... Passed --  29.0  5 1240  978932  226
Test (2C): churn ...
  ... Passed --  16.3  5  476  328634  223
Test (2C): unreliable churn ...
  ... Passed --  16.2  5  560  405643  193
PASS
ok  	6.5840/raft	127.238s
Test (2C): basic persistence ...
  ... Passed --   4.2  3   82   25522    6
Test (2C): more persistence ...
  ... Passed --  18.5  5  856  228804   16
Test (2C): partitioned leader and one follower crash, leader restarts ...
  ... Passed --   2.0  3   28    9385    4
Test (2C): Figure 8 ...
  ... Passed --  33.0  5 2848 6483684  164
Test (2C): unreliable agreement ...
  ... Passed --   5.7  5  212   90562  246
Test (2C): Figure 8 (unreliable) ...
  ... Passed --  31.2  5  980  553988  123
Test (2C): churn ...
  ... Passed --  16.2  5  580  508984  403
Test (2C): unreliable churn ...
  ... Passed --  16.2  5  524  277990  143
PASS
ok  	6.5840/raft	127.189s
Test (2C): basic persistence ...
  ... Passed --   4.1  3   78   24614    6
Test (2C): more persistence ...
  ... Passed --  16.6  5  752  194140   16
Test (2C): partitioned leader and one follower crash, leader restarts ...
  ... Passed --   1.9  3   26    8655    4
Test (2C): Figure 8 ...
  ... Passed --  31.9  5 2432 5318300  164
Test (2C): unreliable agreement ...
  ... Passed --   5.8  5  212   90968  246
Test (2C): Figure 8 (unreliable) ...
  ... Passed --  35.7  5 1420 1011790  336
Test (2C): churn ...
  ... Passed --  16.3  5  656  424832  321
Test (2C): unreliable churn ...
  ... Passed --  16.4  5  632  416973  226
PASS
ok  	6.5840/raft	129.059s
Test (2C): basic persistence ...
  ... Passed --   4.2  3   80   25136    6
Test (2C): more persistence ...
  ... Passed --  16.3  5  732  189872   16
Test (2C): partitioned leader and one follower crash, leader restarts ...
  ... Passed --   2.0  3   28    9385    4
Test (2C): Figure 8 ...
  ... Passed --  30.1  5 2596 7080926  208
Test (2C): unreliable agreement ...
  ... Passed --   6.1  5  220   93372  246
Test (2C): Figure 8 (unreliable) ...
  ... Passed --  35.4  5 1468 1044034  281
Test (2C): churn ...
  ... Passed --  16.2  5  472  243851  130
Test (2C): unreliable churn ...
  ... Passed --  16.4  5  708  373634  224
PASS
ok  	6.5840/raft	127.006s
Test (2C): basic persistence ...
  ... Passed --   4.2  3   78   24354    6
Test (2C): more persistence ...
  ... Passed --  18.9  5  888  238898   16
Test (2C): partitioned leader and one follower crash, leader restarts ...
  ... Passed --   2.1  3   28    9349    4
Test (2C): Figure 8 ...
  ... Passed --  35.9  5 2924 7160806  182
Test (2C): unreliable agreement ...
  ... Passed --   6.4  5  216   91173  246
Test (2C): Figure 8 (unreliable) ...
  ... Passed --  35.9  5 1656 1265546  206
Test (2C): churn ...
  ... Passed --  16.4  5  592  574866  369
Test (2C): unreliable churn ...
  ... Passed --  16.3  5  616  401573  280
PASS
ok  	6.5840/raft	136.559s
Test (2C): basic persistence ...
  ... Passed --   4.2  3   76   23890    6
Test (2C): more persistence ...
  ... Passed --  18.2  5  812  219074   16
Test (2C): partitioned leader and one follower crash, leader restarts ...
  ... Passed --   2.0  3   26    8655    4
Test (2C): Figure 8 ...
  ... Passed --  30.6  5 2520 5685148  180
Test (2C): unreliable agreement ...
  ... Passed --   6.0  5  208   89273  246
Test (2C): Figure 8 (unreliable) ...
  ... Passed --  39.5  5 1720 1213097  211
Test (2C): churn ...
  ... Passed --  16.2  5  304  161693   61
Test (2C): unreliable churn ...
  ... Passed --  16.3  5  508  305154  213
PASS
ok  	6.5840/raft	133.448s
Test (2C): basic persistence ...
  ... Passed --   4.1  3   80   25726    6
Test (2C): more persistence ...
  ... Passed --  20.0  5  932  257656   16
Test (2C): partitioned leader and one follower crash, leader restarts ...
  ... Passed --   2.1  3   28    9385    4
Test (2C): Figure 8 ...
  ... Passed --  32.1  5 2768 5310524  152
Test (2C): unreliable agreement ...
  ... Passed --   6.2  5  216   92912  246
Test (2C): Figure 8 (unreliable) ...
  ... Passed --  40.2  5 2040 2079573  253
Test (2C): churn ...
  ... Passed --  16.3  5  620  458389  284
Test (2C): unreliable churn ...
  ... Passed --  16.2  5  508  272427  180
PASS
ok  	6.5840/raft	137.366s
Test (2C): basic persistence ...
  ... Passed --   4.6  3   78   24272    6
Test (2C): more persistence ...
  ... Passed --  19.1  5  872  233752   16
Test (2C): partitioned leader and one follower crash, leader restarts ...
  ... Passed --   2.0  3   28    9349    4
Test (2C): Figure 8 ...
  ... Passed --  32.7  5 2664 5895770  170
Test (2C): unreliable agreement ...
  ... Passed --   5.8  5  208   89869  246
Test (2C): Figure 8 (unreliable) ...
  ... Passed --  33.4  5 1736 1586397  257
Test (2C): churn ...
  ... Passed --  16.6  5  640  483947  363
Test (2C): unreliable churn ...
  ... Passed --  16.3  5  636  398638  258
PASS
ok  	6.5840/raft	130.585s
Test (2C): basic persistence ...
  ... Passed --   4.3  3   80   25318    6
Test (2C): more persistence ...
  ... Passed --  18.2  5  836  224502   16
Test (2C): partitioned leader and one follower crash, leader restarts ...
  ... Passed --   2.1  3   28    9349    4
Test (2C): Figure 8 ...
  ... Passed --  33.2  5 2556 5585763  158
Test (2C): unreliable agreement ...
  ... Passed --   6.0  5  220   93825  246
Test (2C): Figure 8 (unreliable) ...
  ... Passed --  36.1  5 1760 1551212  301
Test (2C): churn ...
  ... Passed --  16.3  5  612  469991  378
Test (2C): unreliable churn ...
  ... Passed --  16.3  5  360  175058   89
PASS
ok  	6.5840/raft	132.971s
Test (2C): basic persistence ...
  ... Passed --   3.9  3   78   24710    6
Test (2C): more persistence ...
  ... Passed --  16.1  5  760  199746   16
Test (2C): partitioned leader and one follower crash, leader restarts ...
  ... Passed --   2.3  3   28    9239    4
Test (2C): Figure 8 ...
  ... Passed --  27.8  5 2456 5379857  149
Test (2C): unreliable agreement ...
  ... Passed --   6.2  5  220   92708  246
Test (2C): Figure 8 (unreliable) ...
  ... Passed --  34.2  5 1696 1275251  177
Test (2C): churn ...
  ... Passed --  16.7  5  692  856640  299
Test (2C): unreliable churn ...
  ... Passed --  16.6  5  408  183999  125
PASS
ok  	6.5840/raft	124.097s
Test (2C): basic persistence ...
  ... Passed --   4.3  3   80   24832    6
Test (2C): more persistence ...
  ... Passed --  17.9  5  852  229830   16
Test (2C): partitioned leader and one follower crash, leader restarts ...
  ... Passed --   2.0  3   26    8689    4
Test (2C): Figure 8 ...
  ... Passed --  34.2  5 2724 6136298  168
Test (2C): unreliable agreement ...
  ... Passed --   5.9  5  208   89523  246
Test (2C): Figure 8 (unreliable) ...
  ... Passed --  31.8  5 1112  657569  138
Test (2C): churn ...
  ... Passed --  16.3  5  584  430564  344
Test (2C): unreliable churn ...
  ... Passed --  16.3  5  604  372011  317
PASS
ok  	6.5840/raft	128.979s
Test (2C): basic persistence ...
  ... Passed --   4.5  3   86   27026    6
Test (2C): more persistence ...
  ... Passed --  18.4  5  824  221474   16
Test (2C): partitioned leader and one follower crash, leader restarts ...
  ... Passed --   2.2  3   28    9385    4
Test (2C): Figure 8 ...
  ... Passed --  31.1  5 2460 5098484  158
Test (2C): unreliable agreement ...
  ... Passed --   6.5  5  224   93751  246
Test (2C): Figure 8 (unreliable) ...
  ... Passed --  34.3  5 1676 1405783  261
Test (2C): churn ...
  ... Passed --  16.3  5  580  476566  290
Test (2C): unreliable churn ...
  ... Passed --  16.3  5  432  198393  113
PASS
ok  	6.5840/raft	130.119s
Test (2C): basic persistence ...
  ... Passed --   4.3  3   84   26488    6
Test (2C): more persistence ...
  ... Passed --  17.9  5  804  217262   16
Test (2C): partitioned leader and one follower crash, leader restarts ...
  ... Passed --   2.0  3   28    9349    4
Test (2C): Figure 8 ...
  ... Passed --  35.7  5 2656 5394852  161
Test (2C): unreliable agreement ...
  ... Passed --   5.9  5  212   90848  246
Test (2C): Figure 8 (unreliable) ...
  ... Passed --  27.4  5 1240  964736  365
Test (2C): churn ...
  ... Passed --  16.4  5  604  727556  332
Test (2C): unreliable churn ...
  ... Passed --  16.3  5  544  243555  161
PASS
ok  	6.5840/raft	126.053s
Test (2C): basic persistence ...
  ... Passed --   4.3  3   80   25318    6
Test (2C): more persistence ...
  ... Passed --  20.4  5  944  259904   16
Test (2C): partitioned leader and one follower crash, leader restarts ...
  ... Passed --   1.7  3   26    8655    4
Test (2C): Figure 8 ...
  ... Passed --  35.8  5 2476 4810328  158
Test (2C): unreliable agreement ...
  ... Passed --   6.1  5  216   91469  246
Test (2C): Figure 8 (unreliable) ...
  ... Passed --  43.6  5 1920 1060215  155
Test (2C): churn ...
  ... Passed --  16.3  5  648  399566  310
Test (2C): unreliable churn ...
  ... Passed --  18.3  5  700  363712  294
PASS
ok  	6.5840/raft	146.616s
Test (2C): basic persistence ...
  ... Passed --   4.5  3   80   25188    6
Test (2C): more persistence ...
  ... Passed --  17.9  5  860  232706   16
Test (2C): partitioned leader and one follower crash, leader restarts ...
  ... Passed --   1.9  3   28    9385    4
Test (2C): Figure 8 ...
  ... Passed --  31.9  5 2496 5696998  179
Test (2C): unreliable agreement ...
  ... Passed --   5.8  5  208   89627  246
Test (2C): Figure 8 (unreliable) ...
  ... Passed --  35.7  5 1000  501327  101
Test (2C): churn ...
  ... Passed --  16.2  5  704  374571  109
Test (2C): unreliable churn ...
  ... Passed --  17.8  5  684  540527  194
PASS
ok  	6.5840/raft	132.058s
Test (2C): basic persistence ...
  ... Passed --   4.3  3   80   24828    6
Test (2C): more persistence ...
  ... Passed --  16.4  5  800  207690   16
Test (2C): partitioned leader and one follower crash, leader restarts ...
  ... Passed --   1.9  3   26    8655    4
Test (2C): Figure 8 ...
  ... Passed --  43.0  5 2980 6390674  170
Test (2C): unreliable agreement ...
  ... Passed --   5.7  5  208   88983  246
Test (2C): Figure 8 (unreliable) ...
  ... Passed --  33.5  5 1416  996761  210
Test (2C): churn ...
  ... Passed --  16.2  5  520  483028  196
Test (2C): unreliable churn ...
  ... Passed --  16.5  5  488  424624  159
PASS
ok  	6.5840/raft	137.837s
Test (2C): basic persistence ...
  ... Passed --   4.0  3   80   25624    6
Test (2C): more persistence ...
  ... Passed --  17.9  5  832  224644   16
Test (2C): partitioned leader and one follower crash, leader restarts ...
  ... Passed --   1.7  3   26    8655    4
Test (2C): Figure 8 ...
  ... Passed --  32.8  5 2716 5917512  158
Test (2C): unreliable agreement ...
  ... Passed --   6.0  5  216   91872  246
Test (2C): Figure 8 (unreliable) ...
  ... Passed --  37.8  5 1524 1048907  228
Test (2C): churn ...
  ... Passed --  16.7  5  640  594301  343
Test (2C): unreliable churn ...
  ... Passed --  16.3  5  592  318396  151
PASS
ok  	6.5840/raft	133.381s
Test (2C): basic persistence ...
  ... Passed --   4.0  3   76   24446    6
Test (2C): more persistence ...
  ... Passed --  18.7  5  896  242100   16
Test (2C): partitioned leader and one follower crash, leader restarts ...
  ... Passed --   2.1  3   28    9385    4
Test (2C): Figure 8 ...
  ... Passed --  31.7  5 2560 5581664  162
Test (2C): unreliable agreement ...
  ... Passed --   5.9  5  216   91582  246
Test (2C): Figure 8 (unreliable) ...
  ... Passed --  31.4  5 1388  948488  322
Test (2C): churn ...
  ... Passed --  16.2  5  772  570058  318
Test (2C): unreliable churn ...
  ... Passed --  16.3  5  544  261311  191
PASS
ok  	6.5840/raft	126.768s
Test (2C): basic persistence ...
  ... Passed --   4.2  3   80   25310    6
Test (2C): more persistence ...
  ... Passed --  19.6  5  928  257388   16
Test (2C): partitioned leader and one follower crash, leader restarts ...
  ... Passed --   1.9  3   26    8689    4
Test (2C): Figure 8 ...
  ... Passed --  30.0  5 2668 6377370  176
Test (2C): unreliable agreement ...
  ... Passed --   6.5  5  224   95029  246
Test (2C): Figure 8 (unreliable) ...
  ... Passed --  35.1  5 1772 1282572  287
Test (2C): churn ...
  ... Passed --  16.3  5  624  561758  281
Test (2C): unreliable churn ...
  ... Passed --  16.3  5  648  419687  222
PASS
ok  	6.5840/raft	130.035s
Test (2C): basic persistence ...
  ... Passed --   4.3  3   84   26298    6
Test (2C): more persistence ...
  ... Passed --  18.2  5  852  227790   16
Test (2C): partitioned leader and one follower crash, leader restarts ...
  ... Passed --   2.0  3   26    8689    4
Test (2C): Figure 8 ...
  ... Passed --  30.2  5 2440 5411908  178
Test (2C): unreliable agreement ...
  ... Passed --   6.0  5  216   92247  246
Test (2C): Figure 8 (unreliable) ...
  ... Passed --  37.6  5 1648 1318241  307
Test (2C): churn ...
  ... Passed --  16.2  5  544  477342  297
Test (2C): unreliable churn ...
  ... Passed --  16.4  5  636  473202  202
PASS
ok  	6.5840/raft	131.767s
Test (2C): basic persistence ...
  ... Passed --   4.4  3   82   26152    6
Test (2C): more persistence ...
  ... Passed --  20.2  5  948  262552   16
Test (2C): partitioned leader and one follower crash, leader restarts ...
  ... Passed --   1.9  3   26    8689    4
Test (2C): Figure 8 ...
  ... Passed --  37.0  5 2756 5919387  160
Test (2C): unreliable agreement ...
  ... Passed --   6.1  5  212   90413  246
Test (2C): Figure 8 (unreliable) ...
  ... Passed --  35.7  5 1640 1218391  195
Test (2C): churn ...
  ... Passed --  20.1  5  764  737847  297
Test (2C): unreliable churn ...
  ... Passed --  16.3  5  428  263363  155
PASS
ok  	6.5840/raft	142.094s
Test (2C): basic persistence ...
  ... Passed --   4.2  3   80   25314    6
Test (2C): more persistence ...
  ... Passed --  17.9  5  868  233578   16
Test (2C): partitioned leader and one follower crash, leader restarts ...
  ... Passed --   2.0  3   30    9855    4
Test (2C): Figure 8 ...
  ... Passed --  33.8  5 2996 6713908  172
Test (2C): unreliable agreement ...
  ... Passed --   6.2  5  216   92919  246
Test (2C): Figure 8 (unreliable) ...
  ... Passed --  32.3  5 1264  777928  216
Test (2C): churn ...
  ... Passed --  16.3  5  588  552460  314
Test (2C): unreliable churn ...
  ... Passed --  16.4  5  564  390600  207
PASS
ok  	6.5840/raft	129.357s
Test (2C): basic persistence ...
  ... Passed --   4.0  3   76   24112    6
Test (2C): more persistence ...
  ... Passed --  18.4  5  856  231666   16
Test (2C): partitioned leader and one follower crash, leader restarts ...
  ... Passed --   2.1  3   28    9385    4
Test (2C): Figure 8 ...
  ... Passed --  31.4  5 2700 6194684  155
Test (2C): unreliable agreement ...
  ... Passed --   6.4  5  216   91570  246
Test (2C): Figure 8 (unreliable) ...
  ... Passed --  35.0  5 1364  969902  265
Test (2C): churn ...
  ... Passed --  16.4  5  736  572639  332
Test (2C): unreliable churn ...
  ... Passed --  16.7  5  580  316132  202
PASS
ok  	6.5840/raft	130.650s
Test (2C): basic persistence ...
  ... Passed --   4.4  3   80   24846    6
Test (2C): more persistence ...
  ... Passed --  20.0  5  808  214679   16
Test (2C): partitioned leader and one follower crash, leader restarts ...
  ... Passed --   2.0  3   26    8689    4
Test (2C): Figure 8 ...
  ... Passed --  39.1  5 2948 6902948  174
Test (2C): unreliable agreement ...
  ... Passed --   5.8  5  212   91100  246
Test (2C): Figure 8 (unreliable) ...
  ... Passed --  33.2  5 1352 1045008  283
Test (2C): churn ...
  ... Passed --  16.3  5  552  374686  251
Test (2C): unreliable churn ...
  ... Passed --  16.3  5  328  180515   90
PASS
ok  	6.5840/raft	137.404s
Test (2C): basic persistence ...
  ... Passed --   4.3  3   82   25570    6
Test (2C): more persistence ...
  ... Passed --  18.0  5  868  233506   16
Test (2C): partitioned leader and one follower crash, leader restarts ...
  ... Passed --   2.3  3   28    9385    4
Test (2C): Figure 8 ...
  ... Passed --  31.8  5 2700 6064607  166
Test (2C): unreliable agreement ...
  ... Passed --   5.9  5  208   89639  246
Test (2C): Figure 8 (unreliable) ...
  ... Passed --  38.3  5 1368  862280  160
Test (2C): churn ...
  ... Passed --  16.3  5  748  720529  287
Test (2C): unreliable churn ...
  ... Passed --  16.2  5  624  282777  304
PASS
ok  	6.5840/raft	133.228s
Test (2C): basic persistence ...
  ... Passed --   4.2  3   78   24050    6
Test (2C): more persistence ...
  ... Passed --  16.3  5  804  209038   16
Test (2C): partitioned leader and one follower crash, leader restarts ...
  ... Passed --   2.0  3   26    8689    4
Test (2C): Figure 8 ...
  ... Passed --  34.5  5 2816 6322532  187
Test (2C): unreliable agreement ...
  ... Passed --   6.1  5  216   92876  246
Test (2C): Figure 8 (unreliable) ...
  ... Passed --  34.6  5 1592 1307329  183
Test (2C): churn ...
  ... Passed --  16.3  5  356  301423  137
Test (2C): unreliable churn ...
  ... Passed --  16.5  5  576  316150  184
PASS
ok  	6.5840/raft	130.473s
Test (2C): basic persistence ...
  ... Passed --   4.2  3   78   24710    6
Test (2C): more persistence ...
  ... Passed --  20.2  5  968  266360   16
Test (2C): partitioned leader and one follower crash, leader restarts ...
  ... Passed --   1.8  3   28    9349    4
Test (2C): Figure 8 ...
  ... Passed --  36.3  5 2500 5123176  158
Test (2C): unreliable agreement ...
  ... Passed --   6.1  5  216   92116  246
Test (2C): Figure 8 (unreliable) ...
  ... Passed --  35.3  5 1676 1339820  360
Test (2C): churn ...
  ... Passed --  17.1  5  624  698539  295
Test (2C): unreliable churn ...
  ... Passed --  16.3  5  508  262759  115
PASS
ok  	6.5840/raft	137.779s
Test (2C): basic persistence ...
  ... Passed --   4.5  3   82   25764    6
Test (2C): more persistence ...
  ... Passed --  18.4  5  844  226840   16
Test (2C): partitioned leader and one follower crash, leader restarts ...
  ... Passed --   1.8  3   26    8689    4
Test (2C): Figure 8 ...
  ... Passed --  35.2  5 2768 6542518  194
Test (2C): unreliable agreement ...
  ... Passed --   6.1  5  216   92136  246
Test (2C): Figure 8 (unreliable) ...
  ... Passed --  37.1  5 1652 1123794  169
Test (2C): churn ...
  ... Passed --  16.3  5  592  430200  371
Test (2C): unreliable churn ...
  ... Passed --  16.4  5  596  552422  164
PASS
ok  	6.5840/raft	135.903s
Test (2C): basic persistence ...
  ... Passed --   3.9  3   76   24330    6
Test (2C): more persistence ...
  ... Passed --  20.1  5  876  242216   16
Test (2C): partitioned leader and one follower crash, leader restarts ...
  ... Passed --   1.9  3   26    8689    4
Test (2C): Figure 8 ...
  ... Passed --  32.4  5 2852 6642592  197
Test (2C): unreliable agreement ...
  ... Passed --   5.9  5  212   90645  246
Test (2C): Figure 8 (unreliable) ...
  ... Passed --  35.2  5 1484 1128424  197
Test (2C): churn ...
  ... Passed --  16.2  5  476  325219  183
Test (2C): unreliable churn ...
  ... Passed --  16.3  5  512  317537  185
PASS
ok  	6.5840/raft	132.117s
Test (2C): basic persistence ...
  ... Passed --   3.9  3   76   24330    6
Test (2C): more persistence ...
  ... Passed --  17.4  5  836  227820   16
Test (2C): partitioned leader and one follower crash, leader restarts ...
  ... Passed --   2.0  3   28    9385    4
Test (2C): Figure 8 ...
  ... Passed --  28.1  5 2344 4641678  145
Test (2C): unreliable agreement ...
  ... Passed --   6.1  5  220   93306  246
Test (2C): Figure 8 (unreliable) ...
  ... Passed --  40.0  5 1444  694749  116
Test (2C): churn ...
  ... Passed --  16.2  5  532  604361  251
Test (2C): unreliable churn ...
  ... Passed --  18.3  5  700  838767  230
PASS
ok  	6.5840/raft	132.479s
Test (2C): basic persistence ...
  ... Passed --   4.1  3   82   25526    6
Test (2C): more persistence ...
  ... Passed --  19.0  5  844  224192   16
Test (2C): partitioned leader and one follower crash, leader restarts ...
  ... Passed --   2.1  3   28    9277    4
Test (2C): Figure 8 ...
  ... Passed --  31.7  5 2680 5882220  172
Test (2C): unreliable agreement ...
  ... Passed --   5.9  5  208   89812  246
Test (2C): Figure 8 (unreliable) ...
  ... Passed --  34.0  5 1280  735790  157
Test (2C): churn ...
  ... Passed --  18.0  5  812  658036  287
Test (2C): unreliable churn ...
  ... Passed --  16.5  5  632  307277   78
PASS
ok  	6.5840/raft	131.508s
Test (2C): basic persistence ...
  ... Passed --   4.4  3   82   25526    6
Test (2C): more persistence ...
  ... Passed --  20.1  5  924  257122   16
Test (2C): partitioned leader and one follower crash, leader restarts ...
  ... Passed --   2.1  3   26    8655    4
Test (2C): Figure 8 ...
  ... Passed --  38.5  5 2784 5183278  132
Test (2C): unreliable agreement ...
  ... Passed --   6.1  5  216   91898  246
Test (2C): Figure 8 (unreliable) ...
  ... Passed --  35.6  5 1764 1307414  158
Test (2C): churn ...
  ... Passed --  16.3  5  804  738438  338
Test (2C): unreliable churn ...
  ... Passed --  16.3  5  484  261146  135
PASS
ok  	6.5840/raft	139.830s
Test (2C): basic persistence ...
  ... Passed --   4.3  3   82   26014    6
Test (2C): more persistence ...
  ... Passed --  18.6  5  872  233962   16
Test (2C): partitioned leader and one follower crash, leader restarts ...
  ... Passed --   2.0  3   28    9385    4
Test (2C): Figure 8 ...
  ... Passed --  35.5  5 2744 6095280  167
Test (2C): unreliable agreement ...
  ... Passed --   6.0  5  220   93186  246
Test (2C): Figure 8 (unreliable) ...
  ... Passed --  34.1  5 1160  750402  204
Test (2C): churn ...
  ... Passed --  16.3  5  580  431963  271
Test (2C): unreliable churn ...
  ... Passed --  16.3  5  496  348389  214
PASS
ok  	6.5840/raft	133.483s
Test (2C): basic persistence ...
  ... Passed --   4.2  3   84   26262    6
Test (2C): more persistence ...
  ... Passed --  20.2  5  952  264388   16
Test (2C): partitioned leader and one follower crash, leader restarts ...
  ... Passed --   2.1  3   28    9385    4
Test (2C): Figure 8 ...
  ... Passed --  36.8  5 2564 4221403  141
Test (2C): unreliable agreement ...
  ... Passed --   6.2  5  224   95367  246
Test (2C): Figure 8 (unreliable) ...
  ... Passed --  35.3  5 1612 1151882  270
Test (2C): churn ...
  ... Passed --  16.3  5  632  375413  307
Test (2C): unreliable churn ...
  ... Passed --  16.2  5  484  261683  167
PASS
ok  	6.5840/raft	137.558s
Test (2C): basic persistence ...
  ... Passed --   4.0  3   80   25310    6
Test (2C): more persistence ...
  ... Passed --  22.2  5 1020  285552   16
Test (2C): partitioned leader and one follower crash, leader restarts ...
  ... Passed --   1.9  3   26    8689    4
Test (2C): Figure 8 ...
  ... Passed --  37.0  5 2620 5745973  169
Test (2C): unreliable agreement ...
  ... Passed --   6.1  5  220   93362  246
Test (2C): Figure 8 (unreliable) ...
  ... Passed --  31.5  5 1492 1198263  209
Test (2C): churn ...
  ... Passed --  16.3  5  528  365114  220
Test (2C): unreliable churn ...
  ... Passed --  16.2  5  612  391758  218
PASS
ok  	6.5840/raft	135.394s
Test (2C): basic persistence ...
  ... Passed --   4.4  3   80   25002    6
Test (2C): more persistence ...
  ... Passed --  19.4  5  916  255674   16
Test (2C): partitioned leader and one follower crash, leader restarts ...
  ... Passed --   1.9  3   28    9385    4
Test (2C): Figure 8 ...
  ... Passed --  33.6  5 2688 6098356  171
Test (2C): unreliable agreement ...
  ... Passed --   5.9  5  212   90364  246
Test (2C): Figure 8 (unreliable) ...
  ... Passed --  34.2  5 1436  978768  160
Test (2C): churn ...
  ... Passed --  16.3  5  608  486537  361
Test (2C): unreliable churn ...
  ... Passed --  16.3  5  500  415621  219
PASS
ok  	6.5840/raft	132.554s
