Test (2D): snapshots basic ...
  ... Passed --   7.4  3  136   57702  217
Test (2D): install snapshots (disconnect) ...
  ... Passed --  53.3  3 1144  557566  380
Test (2D): install snapshots (disconnect+unreliable) ...
  ... Passed --  67.4  3 1376  706673  308
Test (2D): install snapshots (crash) ...
  ... Passed --  52.1  3  916  527440  340
Test (2D): install snapshots (unreliable+crash) ...
  ... Passed --  57.3  3  992  569374  342
Test (2D): crash and restart all servers ...
  ... Passed --  11.7  3  228   88282   52
Test (2D): snapshot initialization after crash ...
  ... Passed --   3.8  3   66   24056   14
PASS
ok  	6.5840/raft	252.989s
Test (2D): snapshots basic ...
  ... Passed --   7.6  3  134   57760  232
Test (2D): install snapshots (disconnect) ...
  ... Passed --  49.7  3 1084  479887  313
Test (2D): install snapshots (disconnect+unreliable) ...
  ... Passed --  68.6  3 1368  701793  333
Test (2D): install snapshots (crash) ...
  ... Passed --  53.5  3  940  512899  319
Test (2D): install snapshots (unreliable+crash) ...
  ... Passed --  59.4  3 1008  583176  327
Test (2D): crash and restart all servers ...
  ... Passed --  11.6  3  226   86461   53
Test (2D): snapshot initialization after crash ...
  ... Passed --   3.5  3   62   22752   14
PASS
ok  	6.5840/raft	253.915s
Test (2D): snapshots basic ...
  ... Passed --   7.3  3  134   58002  237
Test (2D): install snapshots (disconnect) ...
  ... Passed --  56.4  3 1218  593159  363
Test (2D): install snapshots (disconnect+unreliable) ...
  ... Passed --  69.1  3 1364  658338  366
Test (2D): install snapshots (crash) ...
  ... Passed --  49.5  3  862  468021  297
Test (2D): install snapshots (unreliable+crash) ...
  ... Passed --  59.5  3 1026  645375  334
Test (2D): crash and restart all servers ...
  ... Passed --  14.0  3  272  104010   65
Test (2D): snapshot initialization after crash ...
  ... Passed --   3.8  3   66   24018   14
PASS
ok  	6.5840/raft	259.702s
Test (2D): snapshots basic ...
  ... Passed --   7.7  3  136   58064  226
Test (2D): install snapshots (disconnect) ...
  ... Passed --  53.3  3 1146  537570  356
Test (2D): install snapshots (disconnect+unreliable) ...
  ... Passed --  64.8  3 1324  703786  353
Test (2D): install snapshots (crash) ...
  ... Passed --  51.5  3  874  471203  298
Test (2D): install snapshots (unreliable+crash) ...
  ... Passed --  58.8  3 1004  553341  323
Test (2D): crash and restart all servers ...
  ... Passed --  12.5  3  246   95066   56
Test (2D): snapshot initialization after crash ...
  ... Passed --   3.7  3   64   23390   14
PASS
ok  	6.5840/raft	252.255s
Test (2D): snapshots basic ...
  ... Passed --   7.4  3  136   58492  233
Test (2D): install snapshots (disconnect) ...
  ... Passed --  53.4  3 1156  516619  329
Test (2D): install snapshots (disconnect+unreliable) ...
  ... Passed --  69.0  3 1430  698735  354
Test (2D): install snapshots (crash) ...
  ... Passed --  50.0  3  862  464899  311
Test (2D): install snapshots (unreliable+crash) ...
  ... Passed --  56.4  3  980  548670  343
Test (2D): crash and restart all servers ...
  ... Passed --  12.8  3  248   95710   59
Test (2D): snapshot initialization after crash ...
  ... Passed --   3.7  3   64   23290   14
PASS
ok  	6.5840/raft	252.678s
Test (2D): snapshots basic ...
  ... Passed --   7.3  3  134   57746  232
Test (2D): install snapshots (disconnect) ...
  ... Passed --  51.0  3 1098  531881  340
Test (2D): install snapshots (disconnect+unreliable) ...
  ... Passed --  63.6  3 1302  724293  341
Test (2D): install snapshots (crash) ...
  ... Passed --  56.1  3  954  548367  348
Test (2D): install snapshots (unreliable+crash) ...
  ... Passed --  55.2  3  928  518081  322
Test (2D): crash and restart all servers ...
  ... Passed --  11.6  3  224   86130   51
Test (2D): snapshot initialization after crash ...
  ... Passed --   3.7  3   66   24028   14
PASS
ok  	6.5840/raft	248.429s
Test (2D): snapshots basic ...
  ... Passed --   7.3  3  134   58020  237
Test (2D): install snapshots (disconnect) ...
  ... Passed --  55.5  3 1186  565377  347
Test (2D): install snapshots (disconnect+unreliable) ...
  ... Passed --  71.8  3 1456  742201  342
Test (2D): install snapshots (crash) ...
  ... Passed --  51.7  3  912  502589  330
Test (2D): install snapshots (unreliable+crash) ...
  ... Passed --  56.8  3  978  564656  353
Test (2D): crash and restart all servers ...
  ... Passed --  12.3  3  240   92920   55
Test (2D): snapshot initialization after crash ...
  ... Passed --   3.6  3   64   23388   14
PASS
ok  	6.5840/raft	259.096s
Test (2D): snapshots basic ...
  ... Passed --   7.3  3  136   59552  254
Test (2D): install snapshots (disconnect) ...
  ... Passed --  54.1  3 1142  516557  333
Test (2D): install snapshots (disconnect+unreliable) ...
  ... Passed --  62.0  3 1280  637224  328
Test (2D): install snapshots (crash) ...
  ... Passed --  53.3  3  926  514942  324
Test (2D): install snapshots (unreliable+crash) ...
  ... Passed --  62.7  3 1028  611069  349
Test (2D): crash and restart all servers ...
  ... Passed --  13.0  3  258   99136   61
Test (2D): snapshot initialization after crash ...
  ... Passed --   3.9  3   68   24519   14
PASS
ok  	6.5840/raft	256.353s
Test (2D): snapshots basic ...
  ... Passed --   7.6  3  136   57900  220
Test (2D): install snapshots (disconnect) ...
  ... Passed --  50.0  3 1090  505258  324
Test (2D): install snapshots (disconnect+unreliable) ...
  ... Passed --  77.7  3 1518  823612  306
Test (2D): install snapshots (crash) ...
  ... Passed --  52.2  3  902  520081  338
Test (2D): install snapshots (unreliable+crash) ...
  ... Passed --  62.9  3 1002  593637  347
Test (2D): crash and restart all servers ...
  ... Passed --  12.7  3  244   95410   56
Test (2D): snapshot initialization after crash ...
  ... Passed --   3.9  3   66   24084   14
PASS
ok  	6.5840/raft	267.005s
Test (2D): snapshots basic ...
  ... Passed --   7.4  3  134   56952  218
Test (2D): install snapshots (disconnect) ...
  ... Passed --  51.4  3 1108  518062  333
Test (2D): install snapshots (disconnect+unreliable) ...
  ... Passed --  63.0  3 1318  637660  339
Test (2D): install snapshots (crash) ...
  ... Passed --  52.9  3  910  513369  315
Test (2D): install snapshots (unreliable+crash) ...
  ... Passed --  58.3  3 1014  596635  348
Test (2D): crash and restart all servers ...
  ... Passed --  14.3  3  282  110869   65
Test (2D): snapshot initialization after crash ...
  ... Passed --   3.6  3   64   23416   14
PASS
ok  	6.5840/raft	250.976s
Test (2D): snapshots basic ...
  ... Passed --   7.4  3  134   57214  221
Test (2D): install snapshots (disconnect) ...
  ... Passed --  51.5  3 1122  542701  352
Test (2D): install snapshots (disconnect+unreliable) ...
  ... Passed --  65.0  3 1300  625197  302
Test (2D): install snapshots (crash) ...
  ... Passed --  51.7  3  906  537915  361
Test (2D): install snapshots (unreliable+crash) ...
  ... Passed --  59.4  3  994  571607  338
Test (2D): crash and restart all servers ...
  ... Passed --  12.6  3  248   95124   58
Test (2D): snapshot initialization after crash ...
  ... Passed --   3.9  3   66   24056   14
PASS
ok  	6.5840/raft	251.544s
Test (2D): snapshots basic ...
  ... Passed --   7.6  3  136   58486  233
Test (2D): install snapshots (disconnect) ...
  ... Passed --  50.1  3 1080  510764  356
Test (2D): install snapshots (disconnect+unreliable) ...
  ... Passed --  62.4  3 1310  675207  317
Test (2D): install snapshots (crash) ...
  ... Passed --  48.6  3  852  477615  323
Test (2D): install snapshots (unreliable+crash) ...
  ... Passed --  58.7  3  984  523587  290
Test (2D): crash and restart all servers ...
  ... Passed --  13.7  3  270  106360   62
Test (2D): snapshot initialization after crash ...
  ... Passed --   3.9  3   66   23944   14
PASS
ok  	6.5840/raft	244.975s
Test (2D): snapshots basic ...
  ... Passed --   7.5  3  136   58834  239
Test (2D): install snapshots (disconnect) ...
  ... Passed --  49.4  3 1078  523754  316
Test (2D): install snapshots (disconnect+unreliable) ...
  ... Passed --  63.5  3 1342  601518  300
Test (2D): install snapshots (crash) ...
  ... Passed --  49.6  3  866  491555  317
Test (2D): install snapshots (unreliable+crash) ...
  ... Passed --  64.5  3 1104  668945  344
Test (2D): crash and restart all servers ...
  ... Passed --  11.1  3  214   81875   49
Test (2D): snapshot initialization after crash ...
  ... Passed --   3.8  3   66   24084   14
PASS
ok  	6.5840/raft	249.354s
Test (2D): snapshots basic ...
  ... Passed --   7.5  3  136   58044  223
Test (2D): install snapshots (disconnect) ...
  ... Passed --  51.4  3 1122  515836  330
Test (2D): install snapshots (disconnect+unreliable) ...
  ... Passed --  67.5  3 1386  711008  353
Test (2D): install snapshots (crash) ...
  ... Passed --  53.3  3  944  587644  381
Test (2D): install snapshots (unreliable+crash) ...
  ... Passed --  59.3  3 1018  579879  324
Test (2D): crash and restart all servers ...
  ... Passed --  11.8  3  230   89664   52
Test (2D): snapshot initialization after crash ...
  ... Passed --   3.6  3   64   23388   14
PASS
ok  	6.5840/raft	254.425s
Test (2D): snapshots basic ...
  ... Passed --   7.3  3  134   57036  217
Test (2D): install snapshots (disconnect) ...
  ... Passed --  54.3  3 1174  571713  362
Test (2D): install snapshots (disconnect+unreliable) ...
  ... Passed --  86.5  3 1672 1031203  331
Test (2D): install snapshots (crash) ...
  ... Passed --  52.6  3  908  541022  367
Test (2D): install snapshots (unreliable+crash) ...
  ... Passed --  58.6  3 1002  541315  309
Test (2D): crash and restart all servers ...
  ... Passed --  11.2  3  218   83909   49
Test (2D): snapshot initialization after crash ...
  ... Passed --   3.6  3   66   23984   14
PASS
ok  	6.5840/raft	274.178s
Test (2D): snapshots basic ...
  ... Passed --   7.6  3  134   56972  216
Test (2D): install snapshots (disconnect) ...
  ... Passed --  52.7  3 1124  529697  334
Test (2D): install snapshots (disconnect+unreliable) ...
  ... Passed --  60.6  3 1272  594135  311
Test (2D): install snapshots (crash) ...
  ... Passed --  51.4  3  906  518895  344
Test (2D): install snapshots (unreliable+crash) ...
  ... Passed --  63.5  3 1058  600582  357
Test (2D): crash and restart all servers ...
  ... Passed --  14.3  3  280  109373   65
Test (2D): snapshot initialization after crash ...
  ... Passed --   3.7  3   62   22626   14
PASS
ok  	6.5840/raft	253.733s
Test (2D): snapshots basic ...
  ... Passed --   7.5  3  136   58346  232
Test (2D): install snapshots (disconnect) ...
  ... Passed --  54.7  3 1160  519590  339
Test (2D): install snapshots (disconnect+unreliable) ...
  ... Passed --  68.9  3 1408  622882  320
Test (2D): install snapshots (crash) ...
  ... Passed --  50.0  3  868  498509  299
Test (2D): install snapshots (unreliable+crash) ...
  ... Passed --  56.0  3  990  547044  315
Test (2D): crash and restart all servers ...
  ... Passed --  12.4  3  246   95566   56
Test (2D): snapshot initialization after crash ...
  ... Passed --   3.6  3   66   23888   14
PASS
ok  	6.5840/raft	253.193s
Test (2D): snapshots basic ...
  ... Passed --   7.3  3  136   57336  212
Test (2D): install snapshots (disconnect) ...
  ... Passed --  51.5  3 1126  524026  323
Test (2D): install snapshots (disconnect+unreliable) ...
  ... Passed --  63.9  3 1298  576399  337
Test (2D): install snapshots (crash) ...
  ... Passed --  51.5  3  904  499268  327
Test (2D): install snapshots (unreliable+crash) ...
  ... Passed --  56.6  3  984  535088  315
Test (2D): crash and restart all servers ...
  ... Passed --  13.0  3  256   98928   60
Test (2D): snapshot initialization after crash ...
  ... Passed --   3.8  3   64   23348   14
PASS
ok  	6.5840/raft	247.635s
Test (2D): snapshots basic ...
  ... Passed --   7.6  3  136   56592  194
Test (2D): install snapshots (disconnect) ...
  ... Passed --  52.9  3 1138  518252  344
Test (2D): install snapshots (disconnect+unreliable) ...
  ... Passed --  63.8  3 1292  718074  362
Test (2D): install snapshots (crash) ...
  ... Passed --  51.6  3  898  522387  333
Test (2D): install snapshots (unreliable+crash) ...
  ... Passed --  58.3  3  966  542276  330
Test (2D): crash and restart all servers ...
  ... Passed --  14.4  3  282  111165   65
Test (2D): snapshot initialization after crash ...
  ... Passed --   3.8  3   66   23954   14
PASS
ok  	6.5840/raft	252.435s
Test (2D): snapshots basic ...
  ... Passed --   7.2  3  134   57370  227
Test (2D): install snapshots (disconnect) ...
  ... Passed --  52.2  3 1126  535060  351
Test (2D): install snapshots (disconnect+unreliable) ...
  ... Passed --  70.5  3 1444  799346  332
Test (2D): install snapshots (crash) ...
  ... Passed --  50.1  3  866  466574  298
Test (2D): install snapshots (unreliable+crash) ...
  ... Passed --  57.5  3 1020  528214  298
Test (2D): crash and restart all servers ...
  ... Passed --  13.3  3  260   99904   61
Test (2D): snapshot initialization after crash ...
  ... Passed --   3.8  3   66   23988   14
PASS
ok  	6.5840/raft	254.531s
Test (2D): snapshots basic ...
  ... Passed --   7.4  3  136   57476  217
Test (2D): install snapshots (disconnect) ...
  ... Passed --  56.6  3 1198  514982  309
Test (2D): install snapshots (disconnect+unreliable) ...
  ... Passed --  63.1  3 1322  696618  352
Test (2D): install snapshots (crash) ...
  ... Passed --  51.9  3  906  521744  321
Test (2D): install snapshots (unreliable+crash) ...
  ... Passed --  62.6  3 1028  580939  334
Test (2D): crash and restart all servers ...
  ... Passed --  10.0  3  198   76258   44
Test (2D): snapshot initialization after crash ...
  ... Passed --   4.0  3   66   24084   14
PASS
ok  	6.5840/raft	255.563s
Test (2D): snapshots basic ...
  ... Passed --   7.3  3  134   57112  219
Test (2D): install snapshots (disconnect) ...
  ... Passed --  52.6  3 1140  539104  335
Test (2D): install snapshots (disconnect+unreliable) ...
  ... Passed --  73.6  3 1486  800430  362
Test (2D): install snapshots (crash) ...
  ... Passed --  54.5  3  952  548302  350
Test (2D): install snapshots (unreliable+crash) ...
  ... Passed --  58.5  3 1004  637714  360
Test (2D): crash and restart all servers ...
  ... Passed --  11.1  3  214   82846   48
Test (2D): snapshot initialization after crash ...
  ... Passed --   3.7  3   64   23388   14
PASS
ok  	6.5840/raft	261.368s
Test (2D): snapshots basic ...
  ... Passed --   7.4  3  134   56112  201
Test (2D): install snapshots (disconnect) ...
  ... Passed --  51.3  3 1104  526282  334
Test (2D): install snapshots (disconnect+unreliable) ...
  ... Passed --  71.3  3 1422  714459  331
Test (2D): install snapshots (crash) ...
  ... Passed --  52.4  3  902  500238  315
Test (2D): install snapshots (unreliable+crash) ...
  ... Passed --  61.7  3 1004  619772  357
Test (2D): crash and restart all servers ...
  ... Passed --  11.9  3  236   91948   54
Test (2D): snapshot initialization after crash ...
  ... Passed --   3.7  3   66   24084   14
PASS
ok  	6.5840/raft	259.684s
Test (2D): snapshots basic ...
  ... Passed --   7.3  3  134   55176  180
Test (2D): install snapshots (disconnect) ...
  ... Passed --  50.7  3 1104  525036  359
Test (2D): install snapshots (disconnect+unreliable) ...
  ... Passed --  70.0  3 1430  652973  313
Test (2D): install snapshots (crash) ...
  ... Passed --  52.5  3  916  492537  315
Test (2D): install snapshots (unreliable+crash) ...
  ... Passed --  59.6  3  994  536796  316
Test (2D): crash and restart all servers ...
  ... Passed --  13.1  3  256   98388   60
Test (2D): snapshot initialization after crash ...
  ... Passed --   3.5  3   64   23382   14
PASS
ok  	6.5840/raft	256.743s
Test (2D): snapshots basic ...
  ... Passed --   7.5  3  136   58582  237
Test (2D): install snapshots (disconnect) ...
  ... Passed --  50.3  3 1088  528363  357
Test (2D): install snapshots (disconnect+unreliable) ...
  ... Passed --  62.8  3 1254  661213  332
Test (2D): install snapshots (crash) ...
  ... Passed --  51.2  3  896  516489  330
Test (2D): install snapshots (unreliable+crash) ...
  ... Passed --  56.4  3  988  572963  338
Test (2D): crash and restart all servers ...
  ... Passed --  12.1  3  236   92005   54
Test (2D): snapshot initialization after crash ...
  ... Passed --   3.7  3   66   23984   14
PASS
ok  	6.5840/raft	244.069s
Test (2D): snapshots basic ...
  ... Passed --   7.5  3  136   58016  223
Test (2D): install snapshots (disconnect) ...
  ... Passed --  52.1  3 1130  519860  340
Test (2D): install snapshots (disconnect+unreliable) ...
  ... Passed --  76.2  3 1470  752050  316
Test (2D): install snapshots (crash) ...
  ... Passed --  54.5  3  944  523133  349
Test (2D): install snapshots (unreliable+crash) ...
  ... Passed --  57.3  3  992  578324  336
Test (2D): crash and restart all servers ...
  ... Passed --   8.8  3  170   65861   38
Test (2D): snapshot initialization after crash ...
  ... Passed --   3.8  3   66   23954   14
PASS
ok  	6.5840/raft	260.245s
Test (2D): snapshots basic ...
  ... Passed --   7.4  3  134   57180  220
Test (2D): install snapshots (disconnect) ...
  ... Passed --  50.8  3 1098  524124  325
Test (2D): install snapshots (disconnect+unreliable) ...
  ... Passed --  65.2  3 1336  841919  355
Test (2D): install snapshots (crash) ...
  ... Passed --  52.3  3  904  493128  308
Test (2D): install snapshots (unreliable+crash) ...
  ... Passed --  62.0  3  996  547334  329
Test (2D): crash and restart all servers ...
  ... Passed --  12.0  3  236   90526   54
Test (2D): snapshot initialization after crash ...
  ... Passed --   4.0  3   68   24426   14
PASS
ok  	6.5840/raft	253.555s
Test (2D): snapshots basic ...
  ... Passed --   7.4  3  136   58026  223
Test (2D): install snapshots (disconnect) ...
  ... Passed --  47.6  3 1034  481422  319
Test (2D): install snapshots (disconnect+unreliable) ...
  ... Passed --  72.1  3 1460  724088  335
Test (2D): install snapshots (crash) ...
  ... Passed --  50.0  3  864  489776  321
Test (2D): install snapshots (unreliable+crash) ...
  ... Passed --  62.3  3 1044  629943  348
Test (2D): crash and restart all servers ...
  ... Passed --  12.3  3  240   92034   57
Test (2D): snapshot initialization after crash ...
  ... Passed --   3.8  3   64   23320   14
PASS
ok  	6.5840/raft	255.478s
Test (2D): snapshots basic ...
  ... Passed --   7.6  3  136   57576  214
Test (2D): install snapshots (disconnect) ...
  ... Passed --  52.2  3 1130  542411  354
Test (2D): install snapshots (disconnect+unreliable) ...
  ... Passed --  68.2  3 1310  717927  313
Test (2D): install snapshots (crash) ...
  ... Passed --  49.3  3  852  488105  311
Test (2D): install snapshots (unreliable+crash) ...
  ... Passed --  55.5  3  980  566057  338
Test (2D): crash and restart all servers ...
  ... Passed --  13.0  3  254   98803   59
Test (2D): snapshot initialization after crash ...
  ... Passed --   3.8  3   66   23954   14
PASS
ok  	6.5840/raft	249.614s
Test (2D): snapshots basic ...
  ... Passed --   7.7  3  136   57656  219
Test (2D): install snapshots (disconnect) ...
  ... Passed --  49.5  3 1078  476666  328
Test (2D): install snapshots (disconnect+unreliable) ...
  ... Passed --  65.7  3 1300  639959  313
Test (2D): install snapshots (crash) ...
  ... Passed --  52.3  3  908  511474  329
Test (2D): install snapshots (unreliable+crash) ...
  ... Passed --  60.1  3  992  548574  335
Test (2D): crash and restart all servers ...
  ... Passed --  12.6  3  250   97171   57
Test (2D): snapshot initialization after crash ...
  ... Passed --   3.7  3   66   23954   14
PASS
ok  	6.5840/raft	251.458s
Test (2D): snapshots basic ...
  ... Passed --   7.4  3  134   55930  195
Test (2D): install snapshots (disconnect) ...
  ... Passed --  52.3  3 1112  537455  339
Test (2D): install snapshots (disconnect+unreliable) ...
  ... Passed --  70.9  3 1420  772439  368
Test (2D): install snapshots (crash) ...
  ... Passed --  51.4  3  904  484426  306
Test (2D): install snapshots (unreliable+crash) ...
  ... Passed --  59.0  3  974  587469  336
Test (2D): crash and restart all servers ...
  ... Passed --  11.4  3  226   86644   53
Test (2D): snapshot initialization after crash ...
  ... Passed --   3.8  3   66   24084   14
PASS
ok  	6.5840/raft	256.210s
Test (2D): snapshots basic ...
  ... Passed --   7.4  3  134   58242  242
Test (2D): install snapshots (disconnect) ...
  ... Passed --  50.3  3 1080  504006  333
Test (2D): install snapshots (disconnect+unreliable) ...
  ... Passed --  65.5  3 1322  601448  338
Test (2D): install snapshots (crash) ...
  ... Passed --  51.6  3  908  556895  351
Test (2D): install snapshots (unreliable+crash) ...
  ... Passed --  55.8  3  968  545384  315
Test (2D): crash and restart all servers ...
  ... Passed --  14.0  3  274  105844   65
Test (2D): snapshot initialization after crash ...
  ... Passed --   3.6  3   62   22748   14
PASS
ok  	6.5840/raft	248.309s
Test (2D): snapshots basic ...
  ... Passed --   7.4  3  134   57318  226
Test (2D): install snapshots (disconnect) ...
  ... Passed --  51.4  3 1096  477262  288
Test (2D): install snapshots (disconnect+unreliable) ...
  ... Passed --  71.3  3 1346  668616  320
Test (2D): install snapshots (crash) ...
  ... Passed --  51.3  3  900  508619  335
Test (2D): install snapshots (unreliable+crash) ...
  ... Passed --  60.3  3 1010  585158  328
Test (2D): crash and restart all servers ...
  ... Passed --  13.0  3  254   98166   59
Test (2D): snapshot initialization after crash ...
  ... Passed --   3.8  3   64   23411   14
PASS
ok  	6.5840/raft	258.536s
Test (2D): snapshots basic ...
  ... Passed --   7.3  3  136   58866  240
Test (2D): install snapshots (disconnect) ...
  ... Passed --  52.4  3 1138  534596  325
Test (2D): install snapshots (disconnect+unreliable) ...
  ... Passed --  72.4  3 1450  756576  381
Test (2D): install snapshots (crash) ...
  ... Passed --  51.1  3  878  464201  297
Test (2D): install snapshots (unreliable+crash) ...
  ... Passed --  62.5  3 1008  548817  325
Test (2D): crash and restart all servers ...
  ... Passed --  10.5  3  208   79860   48
Test (2D): snapshot initialization after crash ...
  ... Passed --   3.9  3   66   24050   14
PASS
ok  	6.5840/raft	260.101s
Test (2D): snapshots basic ...
  ... Passed --   7.5  3  134   56488  209
Test (2D): install snapshots (disconnect) ...
  ... Passed --  54.6  3 1162  506223  309
Test (2D): install snapshots (disconnect+unreliable) ...
  ... Passed --  61.1  3 1208  590025  329
Test (2D): install snapshots (crash) ...
  ... Passed --  51.6  3  904  516195  315
Test (2D): install snapshots (unreliable+crash) ...
  ... Passed --  58.5  3  994  553172  342
Test (2D): crash and restart all servers ...
  ... Passed --  14.4  3  286  112785   66
Test (2D): snapshot initialization after crash ...
  ... Passed --   3.7  3   66   23984   14
PASS
ok  	6.5840/raft	251.405s
Test (2D): snapshots basic ...
  ... Passed --   7.6  3  136   58224  230
Test (2D): install snapshots (disconnect) ...
  ... Passed --  49.1  3 1060  478827  304
Test (2D): install snapshots (disconnect+unreliable) ...
  ... Passed --  57.5  3 1178  540806  334
Test (2D): install snapshots (crash) ...
  ... Passed --  52.0  3  902  506463  330
Test (2D): install snapshots (unreliable+crash) ...
  ... Passed --  59.0  3 1022  585178  306
Test (2D): crash and restart all servers ...
  ... Passed --  11.5  3  226   88476   51
Test (2D): snapshot initialization after crash ...
  ... Passed --   3.8  3   62   22748   14
PASS
ok  	6.5840/raft	240.484s
Test (2D): snapshots basic ...
  ... Passed --   7.5  3  134   57304  223
Test (2D): install snapshots (disconnect) ...
  ... Passed --  50.7  3 1102  508088  342
Test (2D): install snapshots (disconnect+unreliable) ...
  ... Passed --  61.5  3 1224  607965  314
Test (2D): install snapshots (crash) ...
  ... Passed --  52.5  3  906  528356  348
Test (2D): install snapshots (unreliable+crash) ...
  ... Passed --  62.5  3 1048  577676  320
Test (2D): crash and restart all servers ...
  ... Passed --  14.4  3  284  110004   67
Test (2D): snapshot initialization after crash ...
  ... Passed --   3.5  3   62   22748   14
PASS
ok  	6.5840/raft	252.599s
Test (2D): snapshots basic ...
  ... Passed --   7.6  3  136   57226  210
Test (2D): install snapshots (disconnect) ...
  ... Passed --  50.9  3 1100  527632  328
Test (2D): install snapshots (disconnect+unreliable) ...
  ... Passed --  68.8  3 1404  733249  319
Test (2D): install snapshots (crash) ...
  ... Passed --  50.6  3  878  474540  282
Test (2D): install snapshots (unreliable+crash) ...
  ... Passed --  59.6  3 1016  574228  315
Test (2D): crash and restart all servers ...
  ... Passed --  13.0  3  254   96988   60
Test (2D): snapshot initialization after crash ...
  ... Passed --   3.6  3   64   23416   14
PASS
ok  	6.5840/raft	254.079s
Test (2D): snapshots basic ...
  ... Passed --   7.3  3  134   58646  250
Test (2D): install snapshots (disconnect) ...
  ... Passed --  50.2  3 1076  499407  329
Test (2D): install snapshots (disconnect+unreliable) ...
  ... Passed --  72.7  3 1466  775635  332
Test (2D): install snapshots (crash) ...
  ... Passed --  54.8  3  950  565961  356
Test (2D): install snapshots (unreliable+crash) ...
  ... Passed --  59.0  3  996  607593  337
Test (2D): crash and restart all servers ...
  ... Passed --  14.9  3  294  114918   68
Test (2D): snapshot initialization after crash ...
  ... Passed --   3.8  3   66   24056   14
PASS
ok  	6.5840/raft	262.848s
Test (2D): snapshots basic ...
  ... Passed --   7.8  3  134   58454  246
Test (2D): install snapshots (disconnect) ...
  ... Passed --  48.6  3 1042  506012  351
Test (2D): install snapshots (disconnect+unreliable) ...
  ... Passed --  75.3  3 1450  838847  335
Test (2D): install snapshots (crash) ...
  ... Passed --  49.9  3  870  475787  306
Test (2D): install snapshots (unreliable+crash) ...
  ... Passed --  59.0  3  988  532174  342
Test (2D): crash and restart all servers ...
  ... Passed --  14.4  3  284  111260   66
Test (2D): snapshot initialization after crash ...
  ... Passed --   3.8  3   66   23984   14
PASS
ok  	6.5840/raft	258.726s
Test (2D): snapshots basic ...
  ... Passed --   7.4  3  136   58880  241
Test (2D): install snapshots (disconnect) ...
  ... Passed --  52.4  3 1124  523008  357
Test (2D): install snapshots (disconnect+unreliable) ...
  ... Passed --  62.8  3 1304  711144  340
Test (2D): install snapshots (crash) ...
  ... Passed --  53.7  3  936  583944  387
Test (2D): install snapshots (unreliable+crash) ...
  ... Passed --  56.2  3  934  513595  317
Test (2D): crash and restart all servers ...
  ... Passed --  13.5  3  264  101555   61
Test (2D): snapshot initialization after crash ...
  ... Passed --   3.9  3   66   23978   14
PASS
ok  	6.5840/raft	249.861s
Test (2D): snapshots basic ...
  ... Passed --   7.5  3  136   57944  224
Test (2D): install snapshots (disconnect) ...
  ... Passed --  51.8  3 1126  474016  279
Test (2D): install snapshots (disconnect+unreliable) ...
  ... Passed --  70.7  3 1436  723114  341
Test (2D): install snapshots (crash) ...
  ... Passed --  51.6  3  902  485936  311
Test (2D): install snapshots (unreliable+crash) ...
  ... Passed --  57.3  3 1016  609873  353
Test (2D): crash and restart all servers ...
  ... Passed --  14.1  3  276  106716   65
Test (2D): snapshot initialization after crash ...
  ... Passed --   3.7  3   66   23954   14
PASS
ok  	6.5840/raft	256.556s
Test (2D): snapshots basic ...
  ... Passed --   7.5  3  136   57250  207
Test (2D): install snapshots (disconnect) ...
  ... Passed --  51.5  3 1082  529069  344
Test (2D): install snapshots (disconnect+unreliable) ...
  ... Passed --  58.2  3 1218  644210  342
Test (2D): install snapshots (crash) ...
  ... Passed --  52.1  3  906  500484  317
Test (2D): install snapshots (unreliable+crash) ...
  ... Passed --  61.6  3 1064  627212  373
Test (2D): crash and restart all servers ...
  ... Passed --  10.2  3  202   78406   46
Test (2D): snapshot initialization after crash ...
  ... Passed --   3.9  3   66   24056   14
PASS
ok  	6.5840/raft	244.855s
Test (2D): snapshots basic ...
  ... Passed --   7.5  3  134   56184  200
Test (2D): install snapshots (disconnect) ...
  ... Passed --  51.2  3 1116  518399  338
Test (2D): install snapshots (disconnect+unreliable) ...
  ... Passed --  62.7  3 1252  568564  299
Test (2D): install snapshots (crash) ...
  ... Passed --  50.4  3  868  506268  319
Test (2D): install snapshots (unreliable+crash) ...
  ... Passed --  54.7  3  954  503843  301
Test (2D): crash and restart all servers ...
  ... Passed --  12.1  3  232   88780   53
Test (2D): snapshot initialization after crash ...
  ... Passed --   3.7  3   66   23984   14
PASS
ok  	6.5840/raft	242.325s
Test (2D): snapshots basic ...
  ... Passed --   7.3  3  136   58154  226
Test (2D): install snapshots (disconnect) ...
  ... Passed --  49.9  3 1078  497935  335
Test (2D): install snapshots (disconnect+unreliable) ...
  ... Passed --  56.3  3 1188  517409  312
Test (2D): install snapshots (crash) ...
  ... Passed --  53.0  3  906  509765  323
Test (2D): install snapshots (unreliable+crash) ...
  ... Passed --  55.4  3  946  538920  302
Test (2D): crash and restart all servers ...
  ... Passed --  11.3  3  218   84570   50
Test (2D): snapshot initialization after crash ...
  ... Passed --   3.8  3   66   24084   14
PASS
ok  	6.5840/raft	237.154s
Test (2D): snapshots basic ...
  ... Passed --   7.4  3  134   57004  220
Test (2D): install snapshots (disconnect) ...
  ... Passed --  50.0  3 1080  525502  317
Test (2D): install snapshots (disconnect+unreliable) ...
  ... Passed --  59.7  3 1228  580661  318
Test (2D): install snapshots (crash) ...
  ... Passed --  52.4  3  908  493826  312
Test (2D): install snapshots (unreliable+crash) ...
  ... Passed --  57.0  3  996  625936  341
Test (2D): crash and restart all servers ...
  ... Passed --  12.0  3  236   90476   55
Test (2D): snapshot initialization after crash ...
  ... Passed --   3.6  3   66   24084   14
PASS
ok  	6.5840/raft	242.165s
Test (2D): snapshots basic ...
  ... Passed --   7.5  3  136   57620  217
Test (2D): install snapshots (disconnect) ...
  ... Passed --  50.5  3 1076  513011  349
Test (2D): install snapshots (disconnect+unreliable) ...
  ... Passed --  65.8  3 1326  675524  325
Test (2D): install snapshots (crash) ...
  ... Passed --  52.6  3  916  510403  328
Test (2D): install snapshots (unreliable+crash) ...
  ... Passed --  58.6  3  960  502712  299
Test (2D): crash and restart all servers ...
  ... Passed --  12.0  3  232   89331   53
Test (2D): snapshot initialization after crash ...
  ... Passed --   3.7  3   66   23984   14
PASS
ok  	6.5840/raft	250.636s
Test (2D): snapshots basic ...
  ... Passed --   7.4  3  136   57626  215
Test (2D): install snapshots (disconnect) ...
  ... Passed --  50.0  3 1092  476776  317
Test (2D): install snapshots (disconnect+unreliable) ...
  ... Passed --  76.9  3 1438  877499  355
Test (2D): install snapshots (crash) ...
  ... Passed --  49.5  3  860  500902  328
Test (2D): install snapshots (unreliable+crash) ...
  ... Passed --  69.9  3 1064  579500  347
Test (2D): crash and restart all servers ...
  ... Passed --  13.5  3  262  101662   60
Test (2D): snapshot initialization after crash ...
  ... Passed --   3.6  3   66   24056   14
PASS
ok  	6.5840/raft	270.856s
Test (2D): snapshots basic ...
  ... Passed --   7.5  3  134   56670  213
Test (2D): install snapshots (disconnect) ...
  ... Passed --  50.9  3 1088  518593  317
Test (2D): install snapshots (disconnect+unreliable) ...
  ... Passed --  68.0  3 1380  715910  329
Test (2D): install snapshots (crash) ...
  ... Passed --  52.6  3  900  521319  307
Test (2D): install snapshots (unreliable+crash) ...
  ... Passed --  60.7  3 1052  601493  343
Test (2D): crash and restart all servers ...
  ... Passed --  11.9  3  228   88467   52
Test (2D): snapshot initialization after crash ...
  ... Passed --   3.9  3   66   23984   14
PASS
ok  	6.5840/raft	255.570s
Test (2D): snapshots basic ...
  ... Passed --   7.3  3  136   56604  194
Test (2D): install snapshots (disconnect) ...
  ... Passed --  55.3  3 1198  609381  384
Test (2D): install snapshots (disconnect+unreliable) ...
  ... Passed --  66.9  3 1338  760837  323
Test (2D): install snapshots (crash) ...
  ... Passed --  51.7  3  908  513468  325
Test (2D): install snapshots (unreliable+crash) ...
  ... Passed --  58.6  3 1024  576723  326
Test (2D): crash and restart all servers ...
  ... Passed --  12.8  3  252   96634   58
Test (2D): snapshot initialization after crash ...
  ... Passed --   3.9  3   66   24058   14
PASS
ok  	6.5840/raft	256.478s
Test (2D): snapshots basic ...
  ... Passed --   7.3  3  134   56716  211
Test (2D): install snapshots (disconnect) ...
  ... Passed --  53.1  3 1130  546734  330
Test (2D): install snapshots (disconnect+unreliable) ...
  ... Passed --  59.2  3 1216  595991  336
Test (2D): install snapshots (crash) ...
  ... Passed --  51.0  3  870  454548  266
Test (2D): install snapshots (unreliable+crash) ...
  ... Passed --  60.9  3 1016  562804  339
Test (2D): crash and restart all servers ...
  ... Passed --  11.9  3  236   90251   55
Test (2D): snapshot initialization after crash ...
  ... Passed --   3.8  3   64   23380   14
PASS
ok  	6.5840/raft	247.246s
Test (2D): snapshots basic ...
  ... Passed --   7.5  3  134   57116  219
Test (2D): install snapshots (disconnect) ...
  ... Passed --  47.9  3 1026  467670  322
Test (2D): install snapshots (disconnect+unreliable) ...
  ... Passed --  61.2  3 1232  614916  353
Test (2D): install snapshots (crash) ...
  ... Passed --  49.4  3  856  513930  352
Test (2D): install snapshots (unreliable+crash) ...
  ... Passed --  58.3  3  990  514557  312
Test (2D): crash and restart all servers ...
  ... Passed --  13.8  3  268  103822   62
Test (2D): snapshot initialization after crash ...
  ... Passed --   3.7  3   62   22720   14
PASS
ok  	6.5840/raft	241.761s
Test (2D): snapshots basic ...
  ... Passed --   7.2  3  134   56792  213
Test (2D): install snapshots (disconnect) ...
  ... Passed --  51.2  3 1110  552002  358
Test (2D): install snapshots (disconnect+unreliable) ...
  ... Passed --  72.0  3 1426  711151  340
Test (2D): install snapshots (crash) ...
  ... Passed --  49.0  3  852  517379  333
Test (2D): install snapshots (unreliable+crash) ...
  ... Passed --  53.5  3  948  529874  302
Test (2D): crash and restart all servers ...
  ... Passed --  15.8  3  310  120275   72
Test (2D): snapshot initialization after crash ...
  ... Passed --   3.7  3   62   22748   14
PASS
ok  	6.5840/raft	252.597s
Test (2D): snapshots basic ...
  ... Passed --   7.4  3  134   56970  219
Test (2D): install snapshots (disconnect) ...
  ... Passed --  53.6  3 1154  563284  362
Test (2D): install snapshots (disconnect+unreliable) ...
  ... Passed --  80.8  3 1576  878520  352
Test (2D): install snapshots (crash) ...
  ... Passed --  52.1  3  908  516205  320
Test (2D): install snapshots (unreliable+crash) ...
  ... Passed --  54.9  3  966  550658  342
Test (2D): crash and restart all servers ...
  ... Passed --  13.1  3  254   97241   60
Test (2D): snapshot initialization after crash ...
  ... Passed --   3.6  3   66   23954   14
PASS
ok  	6.5840/raft	265.646s
Test (2D): snapshots basic ...
  ... Passed --   7.6  3  136   57684  216
Test (2D): install snapshots (disconnect) ...
  ... Passed --  52.3  3 1126  527529  332
Test (2D): install snapshots (disconnect+unreliable) ...
  ... Passed --  62.4  3 1236  613096  350
Test (2D): install snapshots (crash) ...
  ... Passed --  47.9  3  854  478508  313
Test (2D): install snapshots (unreliable+crash) ...
  ... Passed --  61.3  3 1024  625145  345
Test (2D): crash and restart all servers ...
  ... Passed --  13.5  3  266  103697   61
Test (2D): snapshot initialization after crash ...
  ... Passed --   3.7  3   64   23388   14
PASS
ok  	6.5840/raft	248.729s
Test (2D): snapshots basic ...
  ... Passed --   7.7  3  136   57138  208
Test (2D): install snapshots (disconnect) ...
  ... Passed --  52.6  3 1140  519677  313
Test (2D): install snapshots (disconnect+unreliable) ...
  ... Passed --  75.5  3 1416  720017  353
Test (2D): install snapshots (crash) ...
  ... Passed --  52.2  3  898  477230  319
Test (2D): install snapshots (unreliable+crash) ...
  ... Passed --  61.1  3 1012  596546  332
Test (2D): crash and restart all servers ...
  ... Passed --   9.4  3  184   70754   43
Test (2D): snapshot initialization after crash ...
  ... Passed --   3.8  3   62   22750   14
PASS
ok  	6.5840/raft	262.154s
Test (2D): snapshots basic ...
  ... Passed --   7.3  3  134   56166  200
Test (2D): install snapshots (disconnect) ...
  ... Passed --  51.3  3 1118  507680  295
Test (2D): install snapshots (disconnect+unreliable) ...
  ... Passed --  62.4  3 1230  567723  319
Test (2D): install snapshots (crash) ...
  ... Passed --  51.4  3  896  495629  310
Test (2D): install snapshots (unreliable+crash) ...
  ... Passed --  63.1  3 1006  500720  311
Test (2D): crash and restart all servers ...
  ... Passed --  13.8  3  266  103260   62
Test (2D): snapshot initialization after crash ...
  ... Passed --   3.9  3   66   24086   14
PASS
ok  	6.5840/raft	253.162s
Test (2D): snapshots basic ...
  ... Passed --   7.6  3  136   57266  210
Test (2D): install snapshots (disconnect) ...
  ... Passed --  52.1  3 1136  507977  321
Test (2D): install snapshots (disconnect+unreliable) ...
  ... Passed --  73.2  3 1442  723360  325
Test (2D): install snapshots (crash) ...
  ... Passed --  52.1  3  906  485611  299
Test (2D): install snapshots (unreliable+crash) ...
  ... Passed --  63.1  3 1026  610492  337
Test (2D): crash and restart all servers ...
  ... Passed --  12.6  3  248   96560   57
Test (2D): snapshot initialization after crash ...
  ... Passed --   3.8  3   66   23984   14
PASS
ok  	6.5840/raft	264.585s
Test (2D): snapshots basic ...
  ... Passed --   7.2  3  134   57880  234
Test (2D): install snapshots (disconnect) ...
  ... Passed --  55.6  3 1184  564091  343
Test (2D): install snapshots (disconnect+unreliable) ...
  ... Passed --  62.0  3 1250  617079  341
Test (2D): install snapshots (crash) ...
  ... Passed --  52.5  3  910  503720  335
Test (2D): install snapshots (unreliable+crash) ...
  ... Passed --  57.6  3  994  581751  324
Test (2D): crash and restart all servers ...
  ... Passed --  13.8  3  270  103608   63
Test (2D): snapshot initialization after crash ...
  ... Passed --   3.8  3   64   23390   14
PASS
ok  	6.5840/raft	252.487s
Test (2D): snapshots basic ...
  ... Passed --   7.7  3  136   57836  222
Test (2D): install snapshots (disconnect) ...
  ... Passed --  50.3  3 1100  520928  332
Test (2D): install snapshots (disconnect+unreliable) ...
  ... Passed --  67.6  3 1322  637832  344
Test (2D): install snapshots (crash) ...
  ... Passed --  49.4  3  856  481862  320
Test (2D): install snapshots (unreliable+crash) ...
  ... Passed --  62.2  3 1010  545420  322
Test (2D): crash and restart all servers ...
  ... Passed --  13.1  3  258  100641   59
Test (2D): snapshot initialization after crash ...
  ... Passed --   3.9  3   66   23954   14
PASS
ok  	6.5840/raft	254.245s
Test (2D): snapshots basic ...
  ... Passed --   7.4  3  136   56996  205
Test (2D): install snapshots (disconnect) ...
  ... Passed --  50.8  3 1100  499980  339
Test (2D): install snapshots (disconnect+unreliable) ...
  ... Passed --  67.8  3 1396  706890  327
Test (2D): install snapshots (crash) ...
  ... Passed --  54.4  3  960  574962  344
Test (2D): install snapshots (unreliable+crash) ...
  ... Passed --  62.3  3 1082  640669  346
Test (2D): crash and restart all servers ...
  ... Passed --  12.3  3  236   90739   55
Test (2D): snapshot initialization after crash ...
  ... Passed --   3.8  3   64   23416   14
PASS
ok  	6.5840/raft	258.716s
Test (2D): snapshots basic ...
  ... Passed --   7.3  3  134   57906  235
Test (2D): install snapshots (disconnect) ...
  ... Passed --  52.4  3 1122  539223  360
Test (2D): install snapshots (disconnect+unreliable) ...
  ... Passed --  80.8  3 1596  792361  327
Test (2D): install snapshots (crash) ...
  ... Passed --  52.1  3  902  519087  337
Test (2D): install snapshots (unreliable+crash) ...
  ... Passed --  59.3  3 1038  616817  334
Test (2D): crash and restart all servers ...
  ... Passed --  14.2  3  278  108527   64
Test (2D): snapshot initialization after crash ...
  ... Passed --   3.8  3   66   23954   14
PASS
ok  	6.5840/raft	269.999s
Test (2D): snapshots basic ...
  ... Passed --   7.4  3  134   56910  215
Test (2D): install snapshots (disconnect) ...
  ... Passed --  52.6  3 1144  567413  345
Test (2D): install snapshots (disconnect+unreliable) ...
  ... Passed --  63.6  3 1310  618472  326
Test (2D): install snapshots (crash) ...
  ... Passed --  52.0  3  904  524593  316
Test (2D): install snapshots (unreliable+crash) ...
  ... Passed --  62.2  3 1034  602073  331
Test (2D): crash and restart all servers ...
  ... Passed --  12.8  3  248   95867   58
Test (2D): snapshot initialization after crash ...
  ... Passed --   3.6  3   64   23416   14
PASS
ok  	6.5840/raft	254.299s
Test (2D): snapshots basic ...
  ... Passed --   7.3  3  134   56544  210
Test (2D): install snapshots (disconnect) ...
  ... Passed --  50.3  3 1088  521659  314
Test (2D): install snapshots (disconnect+unreliable) ...
  ... Passed --  67.8  3 1376  756471  363
Test (2D): install snapshots (crash) ...
  ... Passed --  49.8  3  865  467807  295
Test (2D): install snapshots (unreliable+crash) ...
  ... Passed --  58.9  3 1002  586113  311
Test (2D): crash and restart all servers ...
  ... Passed --  14.6  3  286  111410   66
Test (2D): snapshot initialization after crash ...
  ... Passed --   3.9  3   66   24086   14
PASS
ok  	6.5840/raft	252.344s
Test (2D): snapshots basic ...
  ... Passed --   7.3  3  134   57064  218
Test (2D): install snapshots (disconnect) ...
  ... Passed --  51.6  3 1122  529920  333
Test (2D): install snapshots (disconnect+unreliable) ...
  ... Passed --  65.3  3 1312  616855  329
Test (2D): install snapshots (crash) ...
  ... Passed --  52.9  3  920  521390  327
Test (2D): install snapshots (unreliable+crash) ...
  ... Passed --  55.8  3  968  514205  295
Test (2D): crash and restart all servers ...
  ... Passed --  15.1  3  294  112327   70
Test (2D): snapshot initialization after crash ...
  ... Passed --   3.8  3   66   23954   14
PASS
ok  	6.5840/raft	251.764s
Test (2D): snapshots basic ...
  ... Passed --   7.4  3  136   57474  212
Test (2D): install snapshots (disconnect) ...
  ... Passed --  53.4  3 1152  517372  304
Test (2D): install snapshots (disconnect+unreliable) ...
  ... Passed --  65.4  3 1324  675283  345
Test (2D): install snapshots (crash) ...
  ... Passed --  51.9  3  902  499785  333
Test (2D): install snapshots (unreliable+crash) ...
  ... Passed --  59.3  3 1012  520081  286
Test (2D): crash and restart all servers ...
  ... Passed --  11.4  3  226   87120   51
Test (2D): snapshot initialization after crash ...
  ... Passed --   3.9  3   66   24056   14
PASS
ok  	6.5840/raft	252.735s
Test (2D): snapshots basic ...
  ... Passed --   7.4  3  136   57654  216
Test (2D): install snapshots (disconnect) ...
  ... Passed --  51.9  3 1118  529151  355
Test (2D): install snapshots (disconnect+unreliable) ...
  ... Passed --  75.4  3 1548  863024  360
Test (2D): install snapshots (crash) ...
  ... Passed --  49.6  3  860  474062  317
Test (2D): install snapshots (unreliable+crash) ...
  ... Passed --  54.0  3  942  514824  330
Test (2D): crash and restart all servers ...
  ... Passed --  11.9  3  230   89860   52
Test (2D): snapshot initialization after crash ...
  ... Passed --   3.7  3   62   22750   14
PASS
ok  	6.5840/raft	253.844s
Test (2D): snapshots basic ...
  ... Passed --   7.3  3  136   58634  236
Test (2D): install snapshots (disconnect) ...
  ... Passed --  51.0  3 1092  506771  327
Test (2D): install snapshots (disconnect+unreliable) ...
  ... Passed --  72.3  3 1410  679206  300
Test (2D): install snapshots (crash) ...
  ... Passed --  52.4  3  906  501368  322
Test (2D): install snapshots (unreliable+crash) ...
  ... Passed --  57.5  3 1026  635535  375
Test (2D): crash and restart all servers ...
  ... Passed --  13.5  3  266  102005   62
Test (2D): snapshot initialization after crash ...
  ... Passed --   3.6  3   66   23956   14
PASS
ok  	6.5840/raft	257.677s
Test (2D): snapshots basic ...
  ... Passed --   7.4  3  136   57870  219
Test (2D): install snapshots (disconnect) ...
  ... Passed --  52.8  3 1128  529040  349
Test (2D): install snapshots (disconnect+unreliable) ...
  ... Passed --  58.5  3 1250  617073  338
Test (2D): install snapshots (crash) ...
  ... Passed --  50.2  3  868  472470  320
Test (2D): install snapshots (unreliable+crash) ...
  ... Passed --  60.6  3  996  504188  290
Test (2D): crash and restart all servers ...
  ... Passed --  10.6  3  204   79003   46
Test (2D): snapshot initialization after crash ...
  ... Passed --   3.5  3   62   22748   14
PASS
ok  	6.5840/raft	243.634s
Test (2D): snapshots basic ...
  ... Passed --   7.5  3  134   57940  236
Test (2D): install snapshots (disconnect) ...
  ... Passed --  53.2  3 1152  522642  331
Test (2D): install snapshots (disconnect+unreliable) ...
  ... Passed --  60.8  3 1268  578316  324
Test (2D): install snapshots (crash) ...
  ... Passed --  50.3  3  868  449988  287
Test (2D): install snapshots (unreliable+crash) ...
  ... Passed --  56.2  3  966  547001  314
Test (2D): crash and restart all servers ...
  ... Passed --  12.7  3  246   95820   57
Test (2D): snapshot initialization after crash ...
  ... Passed --   3.8  3   66   24058   14
PASS
ok  	6.5840/raft	244.427s
Test (2D): snapshots basic ...
  ... Passed --   7.5  3  136   58028  223
Test (2D): install snapshots (disconnect) ...
  ... Passed --  49.2  3 1064  486163  319
Test (2D): install snapshots (disconnect+unreliable) ...
  ... Passed --  60.1  3 1244  593237  295
Test (2D): install snapshots (crash) ...
  ... Passed --  53.9  3  952  530808  335
Test (2D): install snapshots (unreliable+crash) ...
  ... Passed --  58.2  3 1004  559248  309
Test (2D): crash and restart all servers ...
  ... Passed --  10.5  3  204   79469   46
Test (2D): snapshot initialization after crash ...
  ... Passed --   3.6  3   66   24056   14
PASS
ok  	6.5840/raft	243.023s
Test (2D): snapshots basic ...
  ... Passed --   7.3  3  136   58124  225
Test (2D): install snapshots (disconnect) ...
  ... Passed --  55.3  3 1168  527100  327
Test (2D): install snapshots (disconnect+unreliable) ...
  ... Passed --  65.3  3 1342  648842  337
Test (2D): install snapshots (crash) ...
  ... Passed --  51.9  3  904  499452  321
Test (2D): install snapshots (unreliable+crash) ...
  ... Passed --  58.4  3  988  535971  340
Test (2D): crash and restart all servers ...
  ... Passed --  11.1  3  216   83608   49
Test (2D): snapshot initialization after crash ...
  ... Passed --   3.7  3   66   23954   14
PASS
ok  	6.5840/raft	252.973s
Test (2D): snapshots basic ...
  ... Passed --   7.3  3  134   57506  227
Test (2D): install snapshots (disconnect) ...
  ... Passed --  55.2  3 1170  548504  333
Test (2D): install snapshots (disconnect+unreliable) ...
  ... Passed --  61.0  3 1262  663781  340
Test (2D): install snapshots (crash) ...
  ... Passed --  49.3  3  860  508930  333
Test (2D): install snapshots (unreliable+crash) ...
  ... Passed --  59.1  3  982  561944  324
Test (2D): crash and restart all servers ...
  ... Passed --  13.0  3  250   95065   58
Test (2D): snapshot initialization after crash ...
  ... Passed --   3.7  3   66   23984   14
PASS
ok  	6.5840/raft	248.521s
Test (2D): snapshots basic ...
  ... Passed --   7.4  3  136   57536  213
Test (2D): install snapshots (disconnect) ...
  ... Passed --  53.0  3 1134  526822  343
Test (2D): install snapshots (disconnect+unreliable) ...
  ... Passed --  65.5  3 1366  678107  349
Test (2D): install snapshots (crash) ...
  ... Passed --  49.5  3  870  505486  322
Test (2D): install snapshots (unreliable+crash) ...
  ... Passed --  61.8  3 1066  579402  343
Test (2D): crash and restart all servers ...
  ... Passed --  12.4  3  244   93266   58
Test (2D): snapshot initialization after crash ...
  ... Passed --   3.6  3   64   23390   14
PASS
ok  	6.5840/raft	253.259s
Test (2D): snapshots basic ...
  ... Passed --   7.5  3  134   56748  211
Test (2D): install snapshots (disconnect) ...
  ... Passed --  51.6  3 1120  503951  319
Test (2D): install snapshots (disconnect+unreliable) ...
  ... Passed --  59.0  3 1210  560135  333
Test (2D): install snapshots (crash) ...
  ... Passed --  53.5  3  940  573154  360
Test (2D): install snapshots (unreliable+crash) ...
  ... Passed --  59.3  3 1020  597867  354
Test (2D): crash and restart all servers ...
  ... Passed --  14.1  3  274  105181   63
Test (2D): snapshot initialization after crash ...
  ... Passed --   3.6  3   62   22748   14
PASS
ok  	6.5840/raft	248.652s
Test (2D): snapshots basic ...
  ... Passed --   7.6  3  134   57508  227
Test (2D): install snapshots (disconnect) ...
  ... Passed --  50.9  3 1102  479513  288
Test (2D): install snapshots (disconnect+unreliable) ...
  ... Passed --  61.2  3 1226  588573  318
Test (2D): install snapshots (crash) ...
  ... Passed --  51.8  3  904  527387  326
Test (2D): install snapshots (unreliable+crash) ...
  ... Passed --  60.7  3 1022  573373  322
Test (2D): crash and restart all servers ...
  ... Passed --  12.3  3  238   93131   55
Test (2D): snapshot initialization after crash ...
  ... Passed --   3.7  3   66   23984   14
PASS
ok  	6.5840/raft	248.144s
Test (2D): snapshots basic ...
  ... Passed --   7.4  3  134   56284  205
Test (2D): install snapshots (disconnect) ...
  ... Passed --  52.0  3 1122  496403  305
Test (2D): install snapshots (disconnect+unreliable) ...
  ... Passed --  69.4  3 1402  760904  334
Test (2D): install snapshots (crash) ...
  ... Passed --  52.3  3  902  526668  345
Test (2D): install snapshots (unreliable+crash) ...
  ... Passed --  59.8  3 1008  576073  301
Test (2D): crash and restart all servers ...
  ... Passed --  13.3  3  260   99687   61
Test (2D): snapshot initialization after crash ...
  ... Passed --   3.7  3   66   23984   14
PASS
ok  	6.5840/raft	257.760s
Test (2D): snapshots basic ...
  ... Passed --   7.7  3  136   58316  229
Test (2D): install snapshots (disconnect) ...
  ... Passed --  48.1  3 1042  471142  311
Test (2D): install snapshots (disconnect+unreliable) ...
  ... Passed --  62.4  3 1238  599945  325
Test (2D): install snapshots (crash) ...
  ... Passed --  49.7  3  868  466140  308
Test (2D): install snapshots (unreliable+crash) ...
  ... Passed --  62.7  3 1046  600518  333
Test (2D): crash and restart all servers ...
  ... Passed --  14.3  3  284  110439   66
Test (2D): snapshot initialization after crash ...
  ... Passed --   3.5  3   64   23409   14
PASS
ok  	6.5840/raft	248.374s
Test (2D): snapshots basic ...
  ... Passed --   7.3  3  134   56382  207
Test (2D): install snapshots (disconnect) ...
  ... Passed --  52.0  3 1108  527127  322
Test (2D): install snapshots (disconnect+unreliable) ...
  ... Passed --  70.2  3 1376  726293  343
Test (2D): install snapshots (crash) ...
  ... Passed --  54.1  3  942  539220  349
Test (2D): install snapshots (unreliable+crash) ...
  ... Passed --  60.7  3 1038  637657  366
Test (2D): crash and restart all servers ...
  ... Passed --  13.8  3  266  103064   63
Test (2D): snapshot initialization after crash ...
  ... Passed --   3.7  3   66   23984   14
PASS
ok  	6.5840/raft	261.689s
Test (2D): snapshots basic ...
  ... Passed --   7.5  3  134   57698  233
Test (2D): install snapshots (disconnect) ...
  ... Passed --  52.3  3 1120  509984  328
Test (2D): install snapshots (disconnect+unreliable) ...
  ... Passed --  76.2  3 1466  726774  306
Test (2D): install snapshots (crash) ...
  ... Passed --  51.2  3  904  517170  334
Test (2D): install snapshots (unreliable+crash) ...
  ... Passed --  59.1  3 1022  626447  356
Test (2D): crash and restart all servers ...
  ... Passed --  11.5  3  224   85980   52
Test (2D): snapshot initialization after crash ...
  ... Passed --   3.8  3   66   23984   14
PASS
ok  	6.5840/raft	261.607s
Test (2D): snapshots basic ...
  ... Passed --   7.4  3  136   57314  209
Test (2D): install snapshots (disconnect) ...
  ... Passed --  53.8  3 1154  589029  384
Test (2D): install snapshots (disconnect+unreliable) ...
  ... Passed --  71.3  3 1456  769000  337
Test (2D): install snapshots (crash) ...
  ... Passed --  52.4  3  896  495232  326
Test (2D): install snapshots (unreliable+crash) ...
  ... Passed --  56.6  3  952  550262  311
Test (2D): crash and restart all servers ...
  ... Passed --  16.0  3  314  123235   73
Test (2D): snapshot initialization after crash ...
  ... Passed --   3.8  3   64   23320   14
PASS
ok  	6.5840/raft	261.352s
Test (2D): snapshots basic ...
  ... Passed --   7.3  3  136   57260  207
Test (2D): install snapshots (disconnect) ...
  ... Passed --  48.7  3 1052  516296  344
Test (2D): install snapshots (disconnect+unreliable) ...
  ... Passed --  75.2  3 1470  978286  379
Test (2D): install snapshots (crash) ...
  ... Passed --  52.9  3  918  534532  349
Test (2D): install snapshots (unreliable+crash) ...
  ... Passed --  59.2  3 1052  627795  379
Test (2D): crash and restart all servers ...
  ... Passed --  13.5  3  266  103938   61
Test (2D): snapshot initialization after crash ...
  ... Passed --   3.8  3   66   24056   14
PASS
ok  	6.5840/raft	260.687s
Test (2D): snapshots basic ...
  ... Passed --   7.4  3  136   57494  212
Test (2D): install snapshots (disconnect) ...
  ... Passed --  53.7  3 1166  544646  351
Test (2D): install snapshots (disconnect+unreliable) ...
  ... Passed --  61.4  3 1268  662342  342
Test (2D): install snapshots (crash) ...
  ... Passed --  52.7  3  918  513190  342
Test (2D): install snapshots (unreliable+crash) ...
  ... Passed --  61.1  3 1002  540565  315
Test (2D): crash and restart all servers ...
  ... Passed --  12.3  3  240   93079   55
Test (2D): snapshot initialization after crash ...
  ... Passed --   3.7  3   64   23388   14
PASS
ok  	6.5840/raft	252.336s
Test (2D): snapshots basic ...
  ... Passed --   7.4  3  134   57654  232
Test (2D): install snapshots (disconnect) ...
  ... Passed --  49.8  3 1084  520990  361
Test (2D): install snapshots (disconnect+unreliable) ...
  ... Passed --  61.1  3 1280  652478  338
Test (2D): install snapshots (crash) ...
  ... Passed --  50.0  3  864  474059  313
Test (2D): install snapshots (unreliable+crash) ...
  ... Passed --  59.7  3 1046  640284  371
Test (2D): crash and restart all servers ...
  ... Passed --  11.8  3  228   86670   54
Test (2D): snapshot initialization after crash ...
  ... Passed --   3.4  3   62   22748   14
PASS
ok  	6.5840/raft	243.350s
Test (2D): snapshots basic ...
  ... Passed --   7.3  3  134   57600  229
Test (2D): install snapshots (disconnect) ...
  ... Passed --  51.6  3 1120  500342  293
Test (2D): install snapshots (disconnect+unreliable) ...
  ... Passed --  62.3  3 1278  622549  348
Test (2D): install snapshots (crash) ...
  ... Passed --  52.6  3  910  513410  318
Test (2D): install snapshots (unreliable+crash) ...
  ... Passed --  58.3  3  982  596732  358
Test (2D): crash and restart all servers ...
  ... Passed --  16.8  3  332  129550   78
Test (2D): snapshot initialization after crash ...
  ... Passed --   3.9  3   64   23416   14
PASS
ok  	6.5840/raft	252.944s
Test (2D): snapshots basic ...
  ... Passed --   7.5  3  134   56364  204
Test (2D): install snapshots (disconnect) ...
  ... Passed --  55.6  3 1190  533564  339
Test (2D): install snapshots (disconnect+unreliable) ...
  ... Passed --  75.9  3 1452  740976  349
Test (2D): install snapshots (crash) ...
  ... Passed --  52.9  3  918  531896  343
Test (2D): install snapshots (unreliable+crash) ...
  ... Passed --  60.7  3 1024  586689  319
Test (2D): crash and restart all servers ...
  ... Passed --  12.2  3  236   90959   56
Test (2D): snapshot initialization after crash ...
  ... Passed --   3.8  3   64   23388   14
PASS
ok  	6.5840/raft	268.451s
Test (2D): snapshots basic ...
  ... Passed --   7.3  3  134   56396  204
Test (2D): install snapshots (disconnect) ...
  ... Passed --  53.8  3 1160  534326  345
Test (2D): install snapshots (disconnect+unreliable) ...
  ... Passed --  69.2  3 1380  692670  316
Test (2D): install snapshots (crash) ...
  ... Passed --  51.2  3  912  526190  317
Test (2D): install snapshots (unreliable+crash) ...
  ... Passed --  60.3  3 1034  568010  342
Test (2D): crash and restart all servers ...
  ... Passed --  12.8  3  254   97990   58
Test (2D): snapshot initialization after crash ...
  ... Passed --   3.9  3   66   24028   14
PASS
ok  	6.5840/raft	258.513s
Test (2D): snapshots basic ...
  ... Passed --   7.2  3  134   56540  207
Test (2D): install snapshots (disconnect) ...
  ... Passed --  50.3  3 1096  506518  333
Test (2D): install snapshots (disconnect+unreliable) ...
  ... Passed --  64.2  3 1318  749865  354
Test (2D): install snapshots (crash) ...
  ... Passed --  52.7  3  914  522716  335
Test (2D): install snapshots (unreliable+crash) ...
  ... Passed --  53.0  3  954  579730  340
Test (2D): crash and restart all servers ...
  ... Passed --  12.7  3  250   96118   57
Test (2D): snapshot initialization after crash ...
  ... Passed --   3.8  3   66   23890   14
PASS
ok  	6.5840/raft	244.001s
Test (2D): snapshots basic ...
  ... Passed --   7.5  3  134   56490  209
Test (2D): install snapshots (disconnect) ...
  ... Passed --  50.5  3 1094  513308  320
Test (2D): install snapshots (disconnect+unreliable) ...
  ... Passed --  61.0  3 1228  765932  357
Test (2D): install snapshots (crash) ...
  ... Passed --  50.3  3  874  450434  281
Test (2D): install snapshots (unreliable+crash) ...
  ... Passed --  56.2  3  948  513539  300
Test (2D): crash and restart all servers ...
  ... Passed --  13.4  3  264  102829   61
Test (2D): snapshot initialization after crash ...
  ... Passed --   3.6  3   64   23382   14
PASS
ok  	6.5840/raft	242.424s
Test (2D): snapshots basic ...
  ... Passed --   7.4  3  134   57116  219
Test (2D): install snapshots (disconnect) ...
  ... Passed --  54.0  3 1156  534293  314
Test (2D): install snapshots (disconnect+unreliable) ...
  ... Passed --  66.6  3 1390  664411  336
Test (2D): install snapshots (crash) ...
  ... Passed --  52.5  3  916  515036  323
Test (2D): install snapshots (unreliable+crash) ...
  ... Passed --  59.7  3  994  598173  323
Test (2D): crash and restart all servers ...
  ... Passed --  11.8  3  232   89933   53
Test (2D): snapshot initialization after crash ...
  ... Passed --   3.9  3   66   24056   14
PASS
ok  	6.5840/raft	255.860s
Test (2D): snapshots basic ...
  ... Passed --   7.5  3  134   56428  205
Test (2D): install snapshots (disconnect) ...
  ... Passed --  53.0  3 1138  525275  322
Test (2D): install snapshots (disconnect+unreliable) ...
  ... Passed --  65.3  3 1306  625200  335
Test (2D): install snapshots (crash) ...
  ... Passed --  51.5  3  902  527278  339
Test (2D): install snapshots (unreliable+crash) ...
  ... Passed --  57.1  3  990  521751  323
Test (2D): crash and restart all servers ...
  ... Passed --  14.9  3  292  112451   68
Test (2D): snapshot initialization after crash ...
  ... Passed --   3.9  3   66   24016   14
PASS
ok  	6.5840/raft	253.153s
Test (2D): snapshots basic ...
  ... Passed --   7.5  3  134   58340  244
Test (2D): install snapshots (disconnect) ...
  ... Passed --  54.6  3 1172  557761  348
Test (2D): install snapshots (disconnect+unreliable) ...
  ... Passed --  64.1  3 1304  578718  319
Test (2D): install snapshots (crash) ...
  ... Passed --  51.7  3  912  523140  324
Test (2D): install snapshots (unreliable+crash) ...
  ... Passed --  61.7  3 1013  553146  320
Test (2D): crash and restart all servers ...
  ... Passed --  13.0  3  258   99978   60
Test (2D): snapshot initialization after crash ...
  ... Passed --   3.8  3   66   23984   14
PASS
ok  	6.5840/raft	256.358s
Test (2D): snapshots basic ...
  ... Passed --   7.2  3  134   57134  222
Test (2D): install snapshots (disconnect) ...
  ... Passed --  53.8  3 1152  542924  350
Test (2D): install snapshots (disconnect+unreliable) ...
  ... Passed --  62.8  3 1278  675652  316
Test (2D): install snapshots (crash) ...
  ... Passed --  53.5  3  948  558203  349
Test (2D): install snapshots (unreliable+crash) ...
  ... Passed --  60.3  3 1006  620879  370
Test (2D): crash and restart all servers ...
  ... Passed --  11.6  3  228   88620   52
Test (2D): snapshot initialization after crash ...
  ... Passed --   3.7  3   66   23954   14
PASS
ok  	6.5840/raft	252.935s
Test (2D): snapshots basic ...
  ... Passed --   7.6  3  136   57812  222
Test (2D): install snapshots (disconnect) ...
  ... Passed --  53.3  3 1134  544390  341
Test (2D): install snapshots (disconnect+unreliable) ...
  ... Passed --  75.3  3 1440  743521  314
Test (2D): install snapshots (crash) ...
  ... Passed --  52.6  3  904  515743  335
Test (2D): install snapshots (unreliable+crash) ...
  ... Passed --  55.7  3  950  533012  320
Test (2D): crash and restart all servers ...
  ... Passed --  10.5  3  206   78611   48
Test (2D): snapshot initialization after crash ...
  ... Passed --   3.4  3   62   22748   14
PASS
ok  	6.5840/raft	258.361s
Test (2D): snapshots basic ...
  ... Passed --   7.4  3  136   56904  204
Test (2D): install snapshots (disconnect) ...
  ... Passed --  50.2  3 1072  488056  314
Test (2D): install snapshots (disconnect+unreliable) ...
  ... Passed --  69.8  3 1364  613430  313
Test (2D): install snapshots (crash) ...
  ... Passed --  52.4  3  910  540439  343
Test (2D): install snapshots (unreliable+crash) ...
  ... Passed --  61.3  3 1034  545188  327
Test (2D): crash and restart all servers ...
  ... Passed --  11.3  3  220   85649   51
Test (2D): snapshot initialization after crash ...
  ... Passed --   4.0  3   66   24084   14
PASS
ok  	6.5840/raft	256.377s
Test (2D): snapshots basic ...
  ... Passed --   7.5  3  136   59090  245
Test (2D): install snapshots (disconnect) ...
  ... Passed --  51.1  3 1106  511203  314
Test (2D): install snapshots (disconnect+unreliable) ...
  ... Passed --  65.2  3 1322  707827  370
Test (2D): install snapshots (crash) ...
  ... Passed --  52.5  3  904  497198  332
Test (2D): install snapshots (unreliable+crash) ...
  ... Passed --  58.8  3 1002  557209  339
Test (2D): crash and restart all servers ...
  ... Passed --  13.9  3  270  106103   62
Test (2D): snapshot initialization after crash ...
  ... Passed --   3.7  3   66   24028   14
PASS
ok  	6.5840/raft	252.608s
Test (2D): snapshots basic ...
  ... Passed --   7.3  3  136   58440  234
Test (2D): install snapshots (disconnect) ...
  ... Passed --  52.0  3 1122  526727  336
Test (2D): install snapshots (disconnect+unreliable) ...
  ... Passed --  73.9  3 1478  788899  357
Test (2D): install snapshots (crash) ...
  ... Passed --  54.1  3  950  510690  321
Test (2D): install snapshots (unreliable+crash) ...
  ... Passed --  59.5  3 1008  555365  326
Test (2D): crash and restart all servers ...
  ... Passed --  15.0  3  294  114321   68
Test (2D): snapshot initialization after crash ...
  ... Passed --   3.7  3   66   24084   14
PASS
ok  	6.5840/raft	265.606s
Test (2D): snapshots basic ...
  ... Passed --   7.5  3  136   57186  209
Test (2D): install snapshots (disconnect) ...
  ... Passed --  49.5  3 1076  481201  303
Test (2D): install snapshots (disconnect+unreliable) ...
  ... Passed --  71.4  3 1450  721072  300
Test (2D): install snapshots (crash) ...
  ... Passed --  52.2  3  902  501070  309
Test (2D): install snapshots (unreliable+crash) ...
  ... Passed --  62.6  3 1050  682030  375
Test (2D): crash and restart all servers ...
  ... Passed --  13.1  3  254   97237   60
Test (2D): snapshot initialization after crash ...
  ... Passed --   3.7  3   64   23418   14
PASS
ok  	6.5840/raft	260.127s
Test (2D): snapshots basic ...
  ... Passed --   7.4  3  136   56922  201
Test (2D): install snapshots (disconnect) ...
  ... Passed --  51.5  3 1120  558753  359
Test (2D): install snapshots (disconnect+unreliable) ...
  ... Passed --  72.5  3 1490  775985  305
Test (2D): install snapshots (crash) ...
  ... Passed --  50.3  3  866  464097  291
Test (2D): install snapshots (unreliable+crash) ...
  ... Passed --  55.5  3 1002  567575  322
Test (2D): crash and restart all servers ...
  ... Passed --  12.3  3  240   92660   55
Test (2D): snapshot initialization after crash ...
  ... Passed --   3.6  3   62   22748   14
PASS
ok  	6.5840/raft	253.157s
Test (2D): snapshots basic ...
  ... Passed --   7.6  3  136   58232  230
Test (2D): install snapshots (disconnect) ...
  ... Passed --  50.5  3 1082  483136  302
Test (2D): install snapshots (disconnect+unreliable) ...
  ... Passed --  68.6  3 1350  603815  299
Test (2D): install snapshots (crash) ...
  ... Passed --  52.6  3  912  535937  356
Test (2D): install snapshots (unreliable+crash) ...
  ... Passed --  56.7  3 1000  567073  331
Test (2D): crash and restart all servers ...
  ... Passed --  13.9  3  270  104198   62
Test (2D): snapshot initialization after crash ...
  ... Passed --   3.7  3   64   23290   14
PASS
ok  	6.5840/raft	253.447s
