Test: Basic leave/join ...
  ... Passed
Test: Historical queries ...
  ... Passed
Test: Move ...
  ... Passed
Test: Concurrent leave/join ...
  ... Passed
Test: Minimal transfers after joins ...
  ... Passed
Test: Minimal transfers after leaves ...
  ... Passed
Test: Multi-group join/leave ...
  ... Passed
Test: Concurrent multi leave/join ...
  ... Passed
Test: Minimal transfers after multijoins ...
  ... Passed
Test: Minimal transfers after multileaves ...
  ... Passed
Test: Check Same config on servers ...
  ... Passed
PASS
ok  	6.5840/shardctrler	4.112s
Test: Basic leave/join ...
  ... Passed
Test: Historical queries ...
  ... Passed
Test: Move ...
  ... Passed
Test: Concurrent leave/join ...
  ... Passed
Test: Minimal transfers after joins ...
  ... Passed
Test: Minimal transfers after leaves ...
  ... Passed
Test: Multi-group join/leave ...
  ... Passed
Test: Concurrent multi leave/join ...
  ... Passed
Test: Minimal transfers after multijoins ...
  ... Passed
Test: Minimal transfers after multileaves ...
  ... Passed
Test: Check Same config on servers ...
  ... Passed
PASS
ok  	6.5840/shardctrler	3.786s
Test: Basic leave/join ...
  ... Passed
Test: Historical queries ...
  ... Passed
Test: Move ...
  ... Passed
Test: Concurrent leave/join ...
  ... Passed
Test: Minimal transfers after joins ...
  ... Passed
Test: Minimal transfers after leaves ...
  ... Passed
Test: Multi-group join/leave ...
  ... Passed
Test: Concurrent multi leave/join ...
  ... Passed
Test: Minimal transfers after multijoins ...
  ... Passed
Test: Minimal transfers after multileaves ...
  ... Passed
Test: Check Same config on servers ...
  ... Passed
PASS
ok  	6.5840/shardctrler	3.300s
Test: Basic leave/join ...
  ... Passed
Test: Historical queries ...
  ... Passed
Test: Move ...
  ... Passed
Test: Concurrent leave/join ...
  ... Passed
Test: Minimal transfers after joins ...
  ... Passed
Test: Minimal transfers after leaves ...
  ... Passed
Test: Multi-group join/leave ...
  ... Passed
Test: Concurrent multi leave/join ...
  ... Passed
Test: Minimal transfers after multijoins ...
  ... Passed
Test: Minimal transfers after multileaves ...
  ... Passed
Test: Check Same config on servers ...
  ... Passed
PASS
ok  	6.5840/shardctrler	3.122s
Test: Basic leave/join ...
  ... Passed
Test: Historical queries ...
  ... Passed
Test: Move ...
  ... Passed
Test: Concurrent leave/join ...
  ... Passed
Test: Minimal transfers after joins ...
  ... Passed
Test: Minimal transfers after leaves ...
  ... Passed
Test: Multi-group join/leave ...
  ... Passed
Test: Concurrent multi leave/join ...
  ... Passed
Test: Minimal transfers after multijoins ...
  ... Passed
Test: Minimal transfers after multileaves ...
  ... Passed
Test: Check Same config on servers ...
  ... Passed
PASS
ok  	6.5840/shardctrler	3.307s
Test: Basic leave/join ...
  ... Passed
Test: Historical queries ...
  ... Passed
Test: Move ...
  ... Passed
Test: Concurrent leave/join ...
  ... Passed
Test: Minimal transfers after joins ...
  ... Passed
Test: Minimal transfers after leaves ...
  ... Passed
Test: Multi-group join/leave ...
  ... Passed
Test: Concurrent multi leave/join ...
  ... Passed
Test: Minimal transfers after multijoins ...
  ... Passed
Test: Minimal transfers after multileaves ...
  ... Passed
Test: Check Same config on servers ...
  ... Passed
PASS
ok  	6.5840/shardctrler	4.119s
Test: Basic leave/join ...
  ... Passed
Test: Historical queries ...
  ... Passed
Test: Move ...
  ... Passed
Test: Concurrent leave/join ...
  ... Passed
Test: Minimal transfers after joins ...
  ... Passed
Test: Minimal transfers after leaves ...
  ... Passed
Test: Multi-group join/leave ...
  ... Passed
Test: Concurrent multi leave/join ...
  ... Passed
Test: Minimal transfers after multijoins ...
  ... Passed
Test: Minimal transfers after multileaves ...
  ... Passed
Test: Check Same config on servers ...
  ... Passed
PASS
ok  	6.5840/shardctrler	3.540s
Test: Basic leave/join ...
  ... Passed
Test: Historical queries ...
  ... Passed
Test: Move ...
  ... Passed
Test: Concurrent leave/join ...
  ... Passed
Test: Minimal transfers after joins ...
  ... Passed
Test: Minimal transfers after leaves ...
  ... Passed
Test: Multi-group join/leave ...
  ... Passed
Test: Concurrent multi leave/join ...
  ... Passed
Test: Minimal transfers after multijoins ...
  ... Passed
Test: Minimal transfers after multileaves ...
  ... Passed
Test: Check Same config on servers ...
  ... Passed
PASS
ok  	6.5840/shardctrler	3.688s
Test: Basic leave/join ...
  ... Passed
Test: Historical queries ...
  ... Passed
Test: Move ...
  ... Passed
Test: Concurrent leave/join ...
  ... Passed
Test: Minimal transfers after joins ...
  ... Passed
Test: Minimal transfers after leaves ...
  ... Passed
Test: Multi-group join/leave ...
  ... Passed
Test: Concurrent multi leave/join ...
  ... Passed
Test: Minimal transfers after multijoins ...
  ... Passed
Test: Minimal transfers after multileaves ...
  ... Passed
Test: Check Same config on servers ...
  ... Passed
PASS
ok  	6.5840/shardctrler	4.300s
Test: Basic leave/join ...
  ... Passed
Test: Historical queries ...
  ... Passed
Test: Move ...
  ... Passed
Test: Concurrent leave/join ...
  ... Passed
Test: Minimal transfers after joins ...
  ... Passed
Test: Minimal transfers after leaves ...
  ... Passed
Test: Multi-group join/leave ...
  ... Passed
Test: Concurrent multi leave/join ...
  ... Passed
Test: Minimal transfers after multijoins ...
  ... Passed
Test: Minimal transfers after multileaves ...
  ... Passed
Test: Check Same config on servers ...
  ... Passed
PASS
ok  	6.5840/shardctrler	4.541s
Test: Basic leave/join ...
  ... Passed
Test: Historical queries ...
  ... Passed
Test: Move ...
  ... Passed
Test: Concurrent leave/join ...
  ... Passed
Test: Minimal transfers after joins ...
  ... Passed
Test: Minimal transfers after leaves ...
  ... Passed
Test: Multi-group join/leave ...
  ... Passed
Test: Concurrent multi leave/join ...
  ... Passed
Test: Minimal transfers after multijoins ...
  ... Passed
Test: Minimal transfers after multileaves ...
  ... Passed
Test: Check Same config on servers ...
  ... Passed
PASS
ok  	6.5840/shardctrler	4.175s
Test: Basic leave/join ...
  ... Passed
Test: Historical queries ...
  ... Passed
Test: Move ...
  ... Passed
Test: Concurrent leave/join ...
  ... Passed
Test: Minimal transfers after joins ...
  ... Passed
Test: Minimal transfers after leaves ...
  ... Passed
Test: Multi-group join/leave ...
  ... Passed
Test: Concurrent multi leave/join ...
  ... Passed
Test: Minimal transfers after multijoins ...
  ... Passed
Test: Minimal transfers after multileaves ...
  ... Passed
Test: Check Same config on servers ...
  ... Passed
PASS
ok  	6.5840/shardctrler	5.029s
Test: Basic leave/join ...
  ... Passed
Test: Historical queries ...
  ... Passed
Test: Move ...
  ... Passed
Test: Concurrent leave/join ...
  ... Passed
Test: Minimal transfers after joins ...
  ... Passed
Test: Minimal transfers after leaves ...
  ... Passed
Test: Multi-group join/leave ...
  ... Passed
Test: Concurrent multi leave/join ...
  ... Passed
Test: Minimal transfers after multijoins ...
  ... Passed
Test: Minimal transfers after multileaves ...
  ... Passed
Test: Check Same config on servers ...
  ... Passed
PASS
ok  	6.5840/shardctrler	4.446s
Test: Basic leave/join ...
  ... Passed
Test: Historical queries ...
  ... Passed
Test: Move ...
  ... Passed
Test: Concurrent leave/join ...
  ... Passed
Test: Minimal transfers after joins ...
  ... Passed
Test: Minimal transfers after leaves ...
  ... Passed
Test: Multi-group join/leave ...
  ... Passed
Test: Concurrent multi leave/join ...
  ... Passed
Test: Minimal transfers after multijoins ...
  ... Passed
Test: Minimal transfers after multileaves ...
  ... Passed
Test: Check Same config on servers ...
  ... Passed
PASS
ok  	6.5840/shardctrler	5.133s
Test: Basic leave/join ...
  ... Passed
Test: Historical queries ...
  ... Passed
Test: Move ...
  ... Passed
Test: Concurrent leave/join ...
  ... Passed
Test: Minimal transfers after joins ...
  ... Passed
Test: Minimal transfers after leaves ...
  ... Passed
Test: Multi-group join/leave ...
  ... Passed
Test: Concurrent multi leave/join ...
  ... Passed
Test: Minimal transfers after multijoins ...
  ... Passed
Test: Minimal transfers after multileaves ...
  ... Passed
Test: Check Same config on servers ...
  ... Passed
PASS
ok  	6.5840/shardctrler	4.887s
Test: Basic leave/join ...
  ... Passed
Test: Historical queries ...
  ... Passed
Test: Move ...
  ... Passed
Test: Concurrent leave/join ...
  ... Passed
Test: Minimal transfers after joins ...
  ... Passed
Test: Minimal transfers after leaves ...
  ... Passed
Test: Multi-group join/leave ...
  ... Passed
Test: Concurrent multi leave/join ...
  ... Passed
Test: Minimal transfers after multijoins ...
  ... Passed
Test: Minimal transfers after multileaves ...
  ... Passed
Test: Check Same config on servers ...
  ... Passed
PASS
ok  	6.5840/shardctrler	3.208s
Test: Basic leave/join ...
  ... Passed
Test: Historical queries ...
  ... Passed
Test: Move ...
  ... Passed
Test: Concurrent leave/join ...
  ... Passed
Test: Minimal transfers after joins ...
  ... Passed
Test: Minimal transfers after leaves ...
  ... Passed
Test: Multi-group join/leave ...
  ... Passed
Test: Concurrent multi leave/join ...
  ... Passed
Test: Minimal transfers after multijoins ...
  ... Passed
Test: Minimal transfers after multileaves ...
  ... Passed
Test: Check Same config on servers ...
  ... Passed
PASS
ok  	6.5840/shardctrler	3.864s
Test: Basic leave/join ...
  ... Passed
Test: Historical queries ...
  ... Passed
Test: Move ...
  ... Passed
Test: Concurrent leave/join ...
  ... Passed
Test: Minimal transfers after joins ...
  ... Passed
Test: Minimal transfers after leaves ...
  ... Passed
Test: Multi-group join/leave ...
  ... Passed
Test: Concurrent multi leave/join ...
  ... Passed
Test: Minimal transfers after multijoins ...
  ... Passed
Test: Minimal transfers after multileaves ...
  ... Passed
Test: Check Same config on servers ...
  ... Passed
PASS
ok  	6.5840/shardctrler	4.864s
Test: Basic leave/join ...
  ... Passed
Test: Historical queries ...
  ... Passed
Test: Move ...
  ... Passed
Test: Concurrent leave/join ...
  ... Passed
Test: Minimal transfers after joins ...
  ... Passed
Test: Minimal transfers after leaves ...
  ... Passed
Test: Multi-group join/leave ...
  ... Passed
Test: Concurrent multi leave/join ...
  ... Passed
Test: Minimal transfers after multijoins ...
  ... Passed
Test: Minimal transfers after multileaves ...
  ... Passed
Test: Check Same config on servers ...
  ... Passed
PASS
ok  	6.5840/shardctrler	4.861s
Test: Basic leave/join ...
  ... Passed
Test: Historical queries ...
  ... Passed
Test: Move ...
  ... Passed
Test: Concurrent leave/join ...
  ... Passed
Test: Minimal transfers after joins ...
  ... Passed
Test: Minimal transfers after leaves ...
  ... Passed
Test: Multi-group join/leave ...
  ... Passed
Test: Concurrent multi leave/join ...
  ... Passed
Test: Minimal transfers after multijoins ...
  ... Passed
Test: Minimal transfers after multileaves ...
  ... Passed
Test: Check Same config on servers ...
  ... Passed
PASS
ok  	6.5840/shardctrler	4.828s
Test: Basic leave/join ...
  ... Passed
Test: Historical queries ...
  ... Passed
Test: Move ...
  ... Passed
Test: Concurrent leave/join ...
  ... Passed
Test: Minimal transfers after joins ...
  ... Passed
Test: Minimal transfers after leaves ...
  ... Passed
Test: Multi-group join/leave ...
  ... Passed
Test: Concurrent multi leave/join ...
  ... Passed
Test: Minimal transfers after multijoins ...
  ... Passed
Test: Minimal transfers after multileaves ...
  ... Passed
Test: Check Same config on servers ...
  ... Passed
PASS
ok  	6.5840/shardctrler	4.640s
Test: Basic leave/join ...
  ... Passed
Test: Historical queries ...
  ... Passed
Test: Move ...
  ... Passed
Test: Concurrent leave/join ...
  ... Passed
Test: Minimal transfers after joins ...
  ... Passed
Test: Minimal transfers after leaves ...
  ... Passed
Test: Multi-group join/leave ...
  ... Passed
Test: Concurrent multi leave/join ...
  ... Passed
Test: Minimal transfers after multijoins ...
  ... Passed
Test: Minimal transfers after multileaves ...
  ... Passed
Test: Check Same config on servers ...
  ... Passed
PASS
ok  	6.5840/shardctrler	3.390s
Test: Basic leave/join ...
  ... Passed
Test: Historical queries ...
  ... Passed
Test: Move ...
  ... Passed
Test: Concurrent leave/join ...
  ... Passed
Test: Minimal transfers after joins ...
  ... Passed
Test: Minimal transfers after leaves ...
  ... Passed
Test: Multi-group join/leave ...
  ... Passed
Test: Concurrent multi leave/join ...
  ... Passed
Test: Minimal transfers after multijoins ...
  ... Passed
Test: Minimal transfers after multileaves ...
  ... Passed
Test: Check Same config on servers ...
  ... Passed
PASS
ok  	6.5840/shardctrler	3.411s
Test: Basic leave/join ...
  ... Passed
Test: Historical queries ...
  ... Passed
Test: Move ...
  ... Passed
Test: Concurrent leave/join ...
  ... Passed
Test: Minimal transfers after joins ...
  ... Passed
Test: Minimal transfers after leaves ...
  ... Passed
Test: Multi-group join/leave ...
  ... Passed
Test: Concurrent multi leave/join ...
  ... Passed
Test: Minimal transfers after multijoins ...
  ... Passed
Test: Minimal transfers after multileaves ...
  ... Passed
Test: Check Same config on servers ...
  ... Passed
PASS
ok  	6.5840/shardctrler	4.269s
Test: Basic leave/join ...
  ... Passed
Test: Historical queries ...
  ... Passed
Test: Move ...
  ... Passed
Test: Concurrent leave/join ...
  ... Passed
Test: Minimal transfers after joins ...
  ... Passed
Test: Minimal transfers after leaves ...
  ... Passed
Test: Multi-group join/leave ...
  ... Passed
Test: Concurrent multi leave/join ...
  ... Passed
Test: Minimal transfers after multijoins ...
  ... Passed
Test: Minimal transfers after multileaves ...
  ... Passed
Test: Check Same config on servers ...
  ... Passed
PASS
ok  	6.5840/shardctrler	4.345s
Test: Basic leave/join ...
  ... Passed
Test: Historical queries ...
  ... Passed
Test: Move ...
  ... Passed
Test: Concurrent leave/join ...
  ... Passed
Test: Minimal transfers after joins ...
  ... Passed
Test: Minimal transfers after leaves ...
  ... Passed
Test: Multi-group join/leave ...
  ... Passed
Test: Concurrent multi leave/join ...
  ... Passed
Test: Minimal transfers after multijoins ...
  ... Passed
Test: Minimal transfers after multileaves ...
  ... Passed
Test: Check Same config on servers ...
  ... Passed
PASS
ok  	6.5840/shardctrler	3.589s
Test: Basic leave/join ...
  ... Passed
Test: Historical queries ...
  ... Passed
Test: Move ...
  ... Passed
Test: Concurrent leave/join ...
  ... Passed
Test: Minimal transfers after joins ...
  ... Passed
Test: Minimal transfers after leaves ...
  ... Passed
Test: Multi-group join/leave ...
  ... Passed
Test: Concurrent multi leave/join ...
  ... Passed
Test: Minimal transfers after multijoins ...
  ... Passed
Test: Minimal transfers after multileaves ...
  ... Passed
Test: Check Same config on servers ...
  ... Passed
PASS
ok  	6.5840/shardctrler	5.128s
Test: Basic leave/join ...
  ... Passed
Test: Historical queries ...
  ... Passed
Test: Move ...
  ... Passed
Test: Concurrent leave/join ...
  ... Passed
Test: Minimal transfers after joins ...
  ... Passed
Test: Minimal transfers after leaves ...
  ... Passed
Test: Multi-group join/leave ...
  ... Passed
Test: Concurrent multi leave/join ...
  ... Passed
Test: Minimal transfers after multijoins ...
  ... Passed
Test: Minimal transfers after multileaves ...
  ... Passed
Test: Check Same config on servers ...
  ... Passed
PASS
ok  	6.5840/shardctrler	4.141s
Test: Basic leave/join ...
  ... Passed
Test: Historical queries ...
  ... Passed
Test: Move ...
  ... Passed
Test: Concurrent leave/join ...
  ... Passed
Test: Minimal transfers after joins ...
  ... Passed
Test: Minimal transfers after leaves ...
  ... Passed
Test: Multi-group join/leave ...
  ... Passed
Test: Concurrent multi leave/join ...
  ... Passed
Test: Minimal transfers after multijoins ...
  ... Passed
Test: Minimal transfers after multileaves ...
  ... Passed
Test: Check Same config on servers ...
  ... Passed
PASS
ok  	6.5840/shardctrler	3.253s
Test: Basic leave/join ...
  ... Passed
Test: Historical queries ...
  ... Passed
Test: Move ...
  ... Passed
Test: Concurrent leave/join ...
  ... Passed
Test: Minimal transfers after joins ...
  ... Passed
Test: Minimal transfers after leaves ...
  ... Passed
Test: Multi-group join/leave ...
  ... Passed
Test: Concurrent multi leave/join ...
  ... Passed
Test: Minimal transfers after multijoins ...
  ... Passed
Test: Minimal transfers after multileaves ...
  ... Passed
Test: Check Same config on servers ...
  ... Passed
PASS
ok  	6.5840/shardctrler	3.263s
Test: Basic leave/join ...
  ... Passed
Test: Historical queries ...
  ... Passed
Test: Move ...
  ... Passed
Test: Concurrent leave/join ...
  ... Passed
Test: Minimal transfers after joins ...
  ... Passed
Test: Minimal transfers after leaves ...
  ... Passed
Test: Multi-group join/leave ...
  ... Passed
Test: Concurrent multi leave/join ...
  ... Passed
Test: Minimal transfers after multijoins ...
  ... Passed
Test: Minimal transfers after multileaves ...
  ... Passed
Test: Check Same config on servers ...
  ... Passed
PASS
ok  	6.5840/shardctrler	3.205s
Test: Basic leave/join ...
  ... Passed
Test: Historical queries ...
  ... Passed
Test: Move ...
  ... Passed
Test: Concurrent leave/join ...
  ... Passed
Test: Minimal transfers after joins ...
  ... Passed
Test: Minimal transfers after leaves ...
  ... Passed
Test: Multi-group join/leave ...
  ... Passed
Test: Concurrent multi leave/join ...
  ... Passed
Test: Minimal transfers after multijoins ...
  ... Passed
Test: Minimal transfers after multileaves ...
  ... Passed
Test: Check Same config on servers ...
  ... Passed
PASS
ok  	6.5840/shardctrler	4.342s
Test: Basic leave/join ...
  ... Passed
Test: Historical queries ...
  ... Passed
Test: Move ...
  ... Passed
Test: Concurrent leave/join ...
  ... Passed
Test: Minimal transfers after joins ...
  ... Passed
Test: Minimal transfers after leaves ...
  ... Passed
Test: Multi-group join/leave ...
  ... Passed
Test: Concurrent multi leave/join ...
  ... Passed
Test: Minimal transfers after multijoins ...
  ... Passed
Test: Minimal transfers after multileaves ...
  ... Passed
Test: Check Same config on servers ...
  ... Passed
PASS
ok  	6.5840/shardctrler	3.130s
Test: Basic leave/join ...
  ... Passed
Test: Historical queries ...
  ... Passed
Test: Move ...
  ... Passed
Test: Concurrent leave/join ...
  ... Passed
Test: Minimal transfers after joins ...
  ... Passed
Test: Minimal transfers after leaves ...
  ... Passed
Test: Multi-group join/leave ...
  ... Passed
Test: Concurrent multi leave/join ...
  ... Passed
Test: Minimal transfers after multijoins ...
  ... Passed
Test: Minimal transfers after multileaves ...
  ... Passed
Test: Check Same config on servers ...
  ... Passed
PASS
ok  	6.5840/shardctrler	4.034s
Test: Basic leave/join ...
  ... Passed
Test: Historical queries ...
  ... Passed
Test: Move ...
  ... Passed
Test: Concurrent leave/join ...
  ... Passed
Test: Minimal transfers after joins ...
  ... Passed
Test: Minimal transfers after leaves ...
  ... Passed
Test: Multi-group join/leave ...
  ... Passed
Test: Concurrent multi leave/join ...
  ... Passed
Test: Minimal transfers after multijoins ...
  ... Passed
Test: Minimal transfers after multileaves ...
  ... Passed
Test: Check Same config on servers ...
  ... Passed
PASS
ok  	6.5840/shardctrler	4.979s
Test: Basic leave/join ...
  ... Passed
Test: Historical queries ...
  ... Passed
Test: Move ...
  ... Passed
Test: Concurrent leave/join ...
  ... Passed
Test: Minimal transfers after joins ...
  ... Passed
Test: Minimal transfers after leaves ...
  ... Passed
Test: Multi-group join/leave ...
  ... Passed
Test: Concurrent multi leave/join ...
  ... Passed
Test: Minimal transfers after multijoins ...
  ... Passed
Test: Minimal transfers after multileaves ...
  ... Passed
Test: Check Same config on servers ...
  ... Passed
PASS
ok  	6.5840/shardctrler	5.126s
Test: Basic leave/join ...
  ... Passed
Test: Historical queries ...
  ... Passed
Test: Move ...
  ... Passed
Test: Concurrent leave/join ...
  ... Passed
Test: Minimal transfers after joins ...
  ... Passed
Test: Minimal transfers after leaves ...
  ... Passed
Test: Multi-group join/leave ...
  ... Passed
Test: Concurrent multi leave/join ...
  ... Passed
Test: Minimal transfers after multijoins ...
  ... Passed
Test: Minimal transfers after multileaves ...
  ... Passed
Test: Check Same config on servers ...
  ... Passed
PASS
ok  	6.5840/shardctrler	4.279s
Test: Basic leave/join ...
  ... Passed
Test: Historical queries ...
  ... Passed
Test: Move ...
  ... Passed
Test: Concurrent leave/join ...
  ... Passed
Test: Minimal transfers after joins ...
  ... Passed
Test: Minimal transfers after leaves ...
  ... Passed
Test: Multi-group join/leave ...
  ... Passed
Test: Concurrent multi leave/join ...
  ... Passed
Test: Minimal transfers after multijoins ...
  ... Passed
Test: Minimal transfers after multileaves ...
  ... Passed
Test: Check Same config on servers ...
  ... Passed
PASS
ok  	6.5840/shardctrler	3.745s
Test: Basic leave/join ...
  ... Passed
Test: Historical queries ...
  ... Passed
Test: Move ...
  ... Passed
Test: Concurrent leave/join ...
  ... Passed
Test: Minimal transfers after joins ...
  ... Passed
Test: Minimal transfers after leaves ...
  ... Passed
Test: Multi-group join/leave ...
  ... Passed
Test: Concurrent multi leave/join ...
  ... Passed
Test: Minimal transfers after multijoins ...
  ... Passed
Test: Minimal transfers after multileaves ...
  ... Passed
Test: Check Same config on servers ...
  ... Passed
PASS
ok  	6.5840/shardctrler	3.193s
Test: Basic leave/join ...
  ... Passed
Test: Historical queries ...
  ... Passed
Test: Move ...
  ... Passed
Test: Concurrent leave/join ...
  ... Passed
Test: Minimal transfers after joins ...
  ... Passed
Test: Minimal transfers after leaves ...
  ... Passed
Test: Multi-group join/leave ...
  ... Passed
Test: Concurrent multi leave/join ...
  ... Passed
Test: Minimal transfers after multijoins ...
  ... Passed
Test: Minimal transfers after multileaves ...
  ... Passed
Test: Check Same config on servers ...
  ... Passed
PASS
ok  	6.5840/shardctrler	3.177s
Test: Basic leave/join ...
  ... Passed
Test: Historical queries ...
  ... Passed
Test: Move ...
  ... Passed
Test: Concurrent leave/join ...
  ... Passed
Test: Minimal transfers after joins ...
  ... Passed
Test: Minimal transfers after leaves ...
  ... Passed
Test: Multi-group join/leave ...
  ... Passed
Test: Concurrent multi leave/join ...
  ... Passed
Test: Minimal transfers after multijoins ...
  ... Passed
Test: Minimal transfers after multileaves ...
  ... Passed
Test: Check Same config on servers ...
  ... Passed
PASS
ok  	6.5840/shardctrler	3.250s
Test: Basic leave/join ...
  ... Passed
Test: Historical queries ...
  ... Passed
Test: Move ...
  ... Passed
Test: Concurrent leave/join ...
  ... Passed
Test: Minimal transfers after joins ...
  ... Passed
Test: Minimal transfers after leaves ...
  ... Passed
Test: Multi-group join/leave ...
  ... Passed
Test: Concurrent multi leave/join ...
  ... Passed
Test: Minimal transfers after multijoins ...
  ... Passed
Test: Minimal transfers after multileaves ...
  ... Passed
Test: Check Same config on servers ...
  ... Passed
PASS
ok  	6.5840/shardctrler	5.017s
Test: Basic leave/join ...
  ... Passed
Test: Historical queries ...
  ... Passed
Test: Move ...
  ... Passed
Test: Concurrent leave/join ...
  ... Passed
Test: Minimal transfers after joins ...
  ... Passed
Test: Minimal transfers after leaves ...
  ... Passed
Test: Multi-group join/leave ...
  ... Passed
Test: Concurrent multi leave/join ...
  ... Passed
Test: Minimal transfers after multijoins ...
  ... Passed
Test: Minimal transfers after multileaves ...
  ... Passed
Test: Check Same config on servers ...
  ... Passed
PASS
ok  	6.5840/shardctrler	3.334s
Test: Basic leave/join ...
  ... Passed
Test: Historical queries ...
  ... Passed
Test: Move ...
  ... Passed
Test: Concurrent leave/join ...
  ... Passed
Test: Minimal transfers after joins ...
  ... Passed
Test: Minimal transfers after leaves ...
  ... Passed
Test: Multi-group join/leave ...
  ... Passed
Test: Concurrent multi leave/join ...
  ... Passed
Test: Minimal transfers after multijoins ...
  ... Passed
Test: Minimal transfers after multileaves ...
  ... Passed
Test: Check Same config on servers ...
  ... Passed
PASS
ok  	6.5840/shardctrler	3.786s
Test: Basic leave/join ...
  ... Passed
Test: Historical queries ...
  ... Passed
Test: Move ...
  ... Passed
Test: Concurrent leave/join ...
  ... Passed
Test: Minimal transfers after joins ...
  ... Passed
Test: Minimal transfers after leaves ...
  ... Passed
Test: Multi-group join/leave ...
  ... Passed
Test: Concurrent multi leave/join ...
  ... Passed
Test: Minimal transfers after multijoins ...
  ... Passed
Test: Minimal transfers after multileaves ...
  ... Passed
Test: Check Same config on servers ...
  ... Passed
PASS
ok  	6.5840/shardctrler	4.087s
Test: Basic leave/join ...
  ... Passed
Test: Historical queries ...
  ... Passed
Test: Move ...
  ... Passed
Test: Concurrent leave/join ...
  ... Passed
Test: Minimal transfers after joins ...
  ... Passed
Test: Minimal transfers after leaves ...
  ... Passed
Test: Multi-group join/leave ...
  ... Passed
Test: Concurrent multi leave/join ...
  ... Passed
Test: Minimal transfers after multijoins ...
  ... Passed
Test: Minimal transfers after multileaves ...
  ... Passed
Test: Check Same config on servers ...
  ... Passed
PASS
ok  	6.5840/shardctrler	4.098s
Test: Basic leave/join ...
  ... Passed
Test: Historical queries ...
  ... Passed
Test: Move ...
  ... Passed
Test: Concurrent leave/join ...
  ... Passed
Test: Minimal transfers after joins ...
  ... Passed
Test: Minimal transfers after leaves ...
  ... Passed
Test: Multi-group join/leave ...
  ... Passed
Test: Concurrent multi leave/join ...
  ... Passed
Test: Minimal transfers after multijoins ...
  ... Passed
Test: Minimal transfers after multileaves ...
  ... Passed
Test: Check Same config on servers ...
  ... Passed
PASS
ok  	6.5840/shardctrler	3.473s
Test: Basic leave/join ...
  ... Passed
Test: Historical queries ...
  ... Passed
Test: Move ...
  ... Passed
Test: Concurrent leave/join ...
  ... Passed
Test: Minimal transfers after joins ...
  ... Passed
Test: Minimal transfers after leaves ...
  ... Passed
Test: Multi-group join/leave ...
  ... Passed
Test: Concurrent multi leave/join ...
  ... Passed
Test: Minimal transfers after multijoins ...
  ... Passed
Test: Minimal transfers after multileaves ...
  ... Passed
Test: Check Same config on servers ...
  ... Passed
PASS
ok  	6.5840/shardctrler	4.003s
Test: Basic leave/join ...
  ... Passed
Test: Historical queries ...
  ... Passed
Test: Move ...
  ... Passed
Test: Concurrent leave/join ...
  ... Passed
Test: Minimal transfers after joins ...
  ... Passed
Test: Minimal transfers after leaves ...
  ... Passed
Test: Multi-group join/leave ...
  ... Passed
Test: Concurrent multi leave/join ...
  ... Passed
Test: Minimal transfers after multijoins ...
  ... Passed
Test: Minimal transfers after multileaves ...
  ... Passed
Test: Check Same config on servers ...
  ... Passed
PASS
ok  	6.5840/shardctrler	3.557s
Test: Basic leave/join ...
  ... Passed
Test: Historical queries ...
  ... Passed
Test: Move ...
  ... Passed
Test: Concurrent leave/join ...
  ... Passed
Test: Minimal transfers after joins ...
  ... Passed
Test: Minimal transfers after leaves ...
  ... Passed
Test: Multi-group join/leave ...
  ... Passed
Test: Concurrent multi leave/join ...
  ... Passed
Test: Minimal transfers after multijoins ...
  ... Passed
Test: Minimal transfers after multileaves ...
  ... Passed
Test: Check Same config on servers ...
  ... Passed
PASS
ok  	6.5840/shardctrler	3.822s
Test: Basic leave/join ...
  ... Passed
Test: Historical queries ...
  ... Passed
Test: Move ...
  ... Passed
Test: Concurrent leave/join ...
  ... Passed
Test: Minimal transfers after joins ...
  ... Passed
Test: Minimal transfers after leaves ...
  ... Passed
Test: Multi-group join/leave ...
  ... Passed
Test: Concurrent multi leave/join ...
  ... Passed
Test: Minimal transfers after multijoins ...
  ... Passed
Test: Minimal transfers after multileaves ...
  ... Passed
Test: Check Same config on servers ...
  ... Passed
PASS
ok  	6.5840/shardctrler	4.596s
Test: Basic leave/join ...
  ... Passed
Test: Historical queries ...
  ... Passed
Test: Move ...
  ... Passed
Test: Concurrent leave/join ...
  ... Passed
Test: Minimal transfers after joins ...
  ... Passed
Test: Minimal transfers after leaves ...
  ... Passed
Test: Multi-group join/leave ...
  ... Passed
Test: Concurrent multi leave/join ...
  ... Passed
Test: Minimal transfers after multijoins ...
  ... Passed
Test: Minimal transfers after multileaves ...
  ... Passed
Test: Check Same config on servers ...
  ... Passed
PASS
ok  	6.5840/shardctrler	3.834s
Test: Basic leave/join ...
  ... Passed
Test: Historical queries ...
  ... Passed
Test: Move ...
  ... Passed
Test: Concurrent leave/join ...
  ... Passed
Test: Minimal transfers after joins ...
  ... Passed
Test: Minimal transfers after leaves ...
  ... Passed
Test: Multi-group join/leave ...
  ... Passed
Test: Concurrent multi leave/join ...
  ... Passed
Test: Minimal transfers after multijoins ...
  ... Passed
Test: Minimal transfers after multileaves ...
  ... Passed
Test: Check Same config on servers ...
  ... Passed
PASS
ok  	6.5840/shardctrler	5.091s
Test: Basic leave/join ...
  ... Passed
Test: Historical queries ...
  ... Passed
Test: Move ...
  ... Passed
Test: Concurrent leave/join ...
  ... Passed
Test: Minimal transfers after joins ...
  ... Passed
Test: Minimal transfers after leaves ...
  ... Passed
Test: Multi-group join/leave ...
  ... Passed
Test: Concurrent multi leave/join ...
  ... Passed
Test: Minimal transfers after multijoins ...
  ... Passed
Test: Minimal transfers after multileaves ...
  ... Passed
Test: Check Same config on servers ...
  ... Passed
PASS
ok  	6.5840/shardctrler	4.913s
Test: Basic leave/join ...
  ... Passed
Test: Historical queries ...
  ... Passed
Test: Move ...
  ... Passed
Test: Concurrent leave/join ...
  ... Passed
Test: Minimal transfers after joins ...
  ... Passed
Test: Minimal transfers after leaves ...
  ... Passed
Test: Multi-group join/leave ...
  ... Passed
Test: Concurrent multi leave/join ...
  ... Passed
Test: Minimal transfers after multijoins ...
  ... Passed
Test: Minimal transfers after multileaves ...
  ... Passed
Test: Check Same config on servers ...
  ... Passed
PASS
ok  	6.5840/shardctrler	4.903s
Test: Basic leave/join ...
  ... Passed
Test: Historical queries ...
  ... Passed
Test: Move ...
  ... Passed
Test: Concurrent leave/join ...
  ... Passed
Test: Minimal transfers after joins ...
  ... Passed
Test: Minimal transfers after leaves ...
  ... Passed
Test: Multi-group join/leave ...
  ... Passed
Test: Concurrent multi leave/join ...
  ... Passed
Test: Minimal transfers after multijoins ...
  ... Passed
Test: Minimal transfers after multileaves ...
  ... Passed
Test: Check Same config on servers ...
  ... Passed
PASS
ok  	6.5840/shardctrler	3.148s
Test: Basic leave/join ...
  ... Passed
Test: Historical queries ...
  ... Passed
Test: Move ...
  ... Passed
Test: Concurrent leave/join ...
  ... Passed
Test: Minimal transfers after joins ...
  ... Passed
Test: Minimal transfers after leaves ...
  ... Passed
Test: Multi-group join/leave ...
  ... Passed
Test: Concurrent multi leave/join ...
  ... Passed
Test: Minimal transfers after multijoins ...
  ... Passed
Test: Minimal transfers after multileaves ...
  ... Passed
Test: Check Same config on servers ...
  ... Passed
PASS
ok  	6.5840/shardctrler	4.126s
Test: Basic leave/join ...
  ... Passed
Test: Historical queries ...
  ... Passed
Test: Move ...
  ... Passed
Test: Concurrent leave/join ...
  ... Passed
Test: Minimal transfers after joins ...
  ... Passed
Test: Minimal transfers after leaves ...
  ... Passed
Test: Multi-group join/leave ...
  ... Passed
Test: Concurrent multi leave/join ...
  ... Passed
Test: Minimal transfers after multijoins ...
  ... Passed
Test: Minimal transfers after multileaves ...
  ... Passed
Test: Check Same config on servers ...
  ... Passed
PASS
ok  	6.5840/shardctrler	4.275s
Test: Basic leave/join ...
  ... Passed
Test: Historical queries ...
  ... Passed
Test: Move ...
  ... Passed
Test: Concurrent leave/join ...
  ... Passed
Test: Minimal transfers after joins ...
  ... Passed
Test: Minimal transfers after leaves ...
  ... Passed
Test: Multi-group join/leave ...
  ... Passed
Test: Concurrent multi leave/join ...
  ... Passed
Test: Minimal transfers after multijoins ...
  ... Passed
Test: Minimal transfers after multileaves ...
  ... Passed
Test: Check Same config on servers ...
  ... Passed
PASS
ok  	6.5840/shardctrler	4.074s
Test: Basic leave/join ...
  ... Passed
Test: Historical queries ...
  ... Passed
Test: Move ...
  ... Passed
Test: Concurrent leave/join ...
  ... Passed
Test: Minimal transfers after joins ...
  ... Passed
Test: Minimal transfers after leaves ...
  ... Passed
Test: Multi-group join/leave ...
  ... Passed
Test: Concurrent multi leave/join ...
  ... Passed
Test: Minimal transfers after multijoins ...
  ... Passed
Test: Minimal transfers after multileaves ...
  ... Passed
Test: Check Same config on servers ...
  ... Passed
PASS
ok  	6.5840/shardctrler	4.028s
Test: Basic leave/join ...
  ... Passed
Test: Historical queries ...
  ... Passed
Test: Move ...
  ... Passed
Test: Concurrent leave/join ...
  ... Passed
Test: Minimal transfers after joins ...
  ... Passed
Test: Minimal transfers after leaves ...
  ... Passed
Test: Multi-group join/leave ...
  ... Passed
Test: Concurrent multi leave/join ...
  ... Passed
Test: Minimal transfers after multijoins ...
  ... Passed
Test: Minimal transfers after multileaves ...
  ... Passed
Test: Check Same config on servers ...
  ... Passed
PASS
ok  	6.5840/shardctrler	4.183s
Test: Basic leave/join ...
  ... Passed
Test: Historical queries ...
  ... Passed
Test: Move ...
  ... Passed
Test: Concurrent leave/join ...
  ... Passed
Test: Minimal transfers after joins ...
  ... Passed
Test: Minimal transfers after leaves ...
  ... Passed
Test: Multi-group join/leave ...
  ... Passed
Test: Concurrent multi leave/join ...
  ... Passed
Test: Minimal transfers after multijoins ...
  ... Passed
Test: Minimal transfers after multileaves ...
  ... Passed
Test: Check Same config on servers ...
  ... Passed
PASS
ok  	6.5840/shardctrler	3.124s
Test: Basic leave/join ...
  ... Passed
Test: Historical queries ...
  ... Passed
Test: Move ...
  ... Passed
Test: Concurrent leave/join ...
  ... Passed
Test: Minimal transfers after joins ...
  ... Passed
Test: Minimal transfers after leaves ...
  ... Passed
Test: Multi-group join/leave ...
  ... Passed
Test: Concurrent multi leave/join ...
  ... Passed
Test: Minimal transfers after multijoins ...
  ... Passed
Test: Minimal transfers after multileaves ...
  ... Passed
Test: Check Same config on servers ...
  ... Passed
PASS
ok  	6.5840/shardctrler	5.138s
Test: Basic leave/join ...
  ... Passed
Test: Historical queries ...
  ... Passed
Test: Move ...
  ... Passed
Test: Concurrent leave/join ...
  ... Passed
Test: Minimal transfers after joins ...
  ... Passed
Test: Minimal transfers after leaves ...
  ... Passed
Test: Multi-group join/leave ...
  ... Passed
Test: Concurrent multi leave/join ...
  ... Passed
Test: Minimal transfers after multijoins ...
  ... Passed
Test: Minimal transfers after multileaves ...
  ... Passed
Test: Check Same config on servers ...
  ... Passed
PASS
ok  	6.5840/shardctrler	3.655s
Test: Basic leave/join ...
  ... Passed
Test: Historical queries ...
  ... Passed
Test: Move ...
  ... Passed
Test: Concurrent leave/join ...
  ... Passed
Test: Minimal transfers after joins ...
  ... Passed
Test: Minimal transfers after leaves ...
  ... Passed
Test: Multi-group join/leave ...
  ... Passed
Test: Concurrent multi leave/join ...
  ... Passed
Test: Minimal transfers after multijoins ...
  ... Passed
Test: Minimal transfers after multileaves ...
  ... Passed
Test: Check Same config on servers ...
  ... Passed
PASS
ok  	6.5840/shardctrler	4.919s
Test: Basic leave/join ...
  ... Passed
Test: Historical queries ...
  ... Passed
Test: Move ...
  ... Passed
Test: Concurrent leave/join ...
  ... Passed
Test: Minimal transfers after joins ...
  ... Passed
Test: Minimal transfers after leaves ...
  ... Passed
Test: Multi-group join/leave ...
  ... Passed
Test: Concurrent multi leave/join ...
  ... Passed
Test: Minimal transfers after multijoins ...
  ... Passed
Test: Minimal transfers after multileaves ...
  ... Passed
Test: Check Same config on servers ...
  ... Passed
PASS
ok  	6.5840/shardctrler	4.045s
Test: Basic leave/join ...
  ... Passed
Test: Historical queries ...
  ... Passed
Test: Move ...
  ... Passed
Test: Concurrent leave/join ...
  ... Passed
Test: Minimal transfers after joins ...
  ... Passed
Test: Minimal transfers after leaves ...
  ... Passed
Test: Multi-group join/leave ...
  ... Passed
Test: Concurrent multi leave/join ...
  ... Passed
Test: Minimal transfers after multijoins ...
  ... Passed
Test: Minimal transfers after multileaves ...
  ... Passed
Test: Check Same config on servers ...
  ... Passed
PASS
ok  	6.5840/shardctrler	3.252s
Test: Basic leave/join ...
  ... Passed
Test: Historical queries ...
  ... Passed
Test: Move ...
  ... Passed
Test: Concurrent leave/join ...
  ... Passed
Test: Minimal transfers after joins ...
  ... Passed
Test: Minimal transfers after leaves ...
  ... Passed
Test: Multi-group join/leave ...
  ... Passed
Test: Concurrent multi leave/join ...
  ... Passed
Test: Minimal transfers after multijoins ...
  ... Passed
Test: Minimal transfers after multileaves ...
  ... Passed
Test: Check Same config on servers ...
  ... Passed
PASS
ok  	6.5840/shardctrler	4.838s
Test: Basic leave/join ...
  ... Passed
Test: Historical queries ...
  ... Passed
Test: Move ...
  ... Passed
Test: Concurrent leave/join ...
  ... Passed
Test: Minimal transfers after joins ...
  ... Passed
Test: Minimal transfers after leaves ...
  ... Passed
Test: Multi-group join/leave ...
  ... Passed
Test: Concurrent multi leave/join ...
  ... Passed
Test: Minimal transfers after multijoins ...
  ... Passed
Test: Minimal transfers after multileaves ...
  ... Passed
Test: Check Same config on servers ...
  ... Passed
PASS
ok  	6.5840/shardctrler	5.367s
Test: Basic leave/join ...
  ... Passed
Test: Historical queries ...
  ... Passed
Test: Move ...
  ... Passed
Test: Concurrent leave/join ...
  ... Passed
Test: Minimal transfers after joins ...
  ... Passed
Test: Minimal transfers after leaves ...
  ... Passed
Test: Multi-group join/leave ...
  ... Passed
Test: Concurrent multi leave/join ...
  ... Passed
Test: Minimal transfers after multijoins ...
  ... Passed
Test: Minimal transfers after multileaves ...
  ... Passed
Test: Check Same config on servers ...
  ... Passed
PASS
ok  	6.5840/shardctrler	4.594s
Test: Basic leave/join ...
  ... Passed
Test: Historical queries ...
  ... Passed
Test: Move ...
  ... Passed
Test: Concurrent leave/join ...
  ... Passed
Test: Minimal transfers after joins ...
  ... Passed
Test: Minimal transfers after leaves ...
  ... Passed
Test: Multi-group join/leave ...
  ... Passed
Test: Concurrent multi leave/join ...
  ... Passed
Test: Minimal transfers after multijoins ...
  ... Passed
Test: Minimal transfers after multileaves ...
  ... Passed
Test: Check Same config on servers ...
  ... Passed
PASS
ok  	6.5840/shardctrler	3.341s
Test: Basic leave/join ...
  ... Passed
Test: Historical queries ...
  ... Passed
Test: Move ...
  ... Passed
Test: Concurrent leave/join ...
  ... Passed
Test: Minimal transfers after joins ...
  ... Passed
Test: Minimal transfers after leaves ...
  ... Passed
Test: Multi-group join/leave ...
  ... Passed
Test: Concurrent multi leave/join ...
  ... Passed
Test: Minimal transfers after multijoins ...
  ... Passed
Test: Minimal transfers after multileaves ...
  ... Passed
Test: Check Same config on servers ...
  ... Passed
PASS
ok  	6.5840/shardctrler	3.678s
Test: Basic leave/join ...
  ... Passed
Test: Historical queries ...
  ... Passed
Test: Move ...
  ... Passed
Test: Concurrent leave/join ...
  ... Passed
Test: Minimal transfers after joins ...
  ... Passed
Test: Minimal transfers after leaves ...
  ... Passed
Test: Multi-group join/leave ...
  ... Passed
Test: Concurrent multi leave/join ...
  ... Passed
Test: Minimal transfers after multijoins ...
  ... Passed
Test: Minimal transfers after multileaves ...
  ... Passed
Test: Check Same config on servers ...
  ... Passed
PASS
ok  	6.5840/shardctrler	3.358s
Test: Basic leave/join ...
  ... Passed
Test: Historical queries ...
  ... Passed
Test: Move ...
  ... Passed
Test: Concurrent leave/join ...
  ... Passed
Test: Minimal transfers after joins ...
  ... Passed
Test: Minimal transfers after leaves ...
  ... Passed
Test: Multi-group join/leave ...
  ... Passed
Test: Concurrent multi leave/join ...
  ... Passed
Test: Minimal transfers after multijoins ...
  ... Passed
Test: Minimal transfers after multileaves ...
  ... Passed
Test: Check Same config on servers ...
  ... Passed
PASS
ok  	6.5840/shardctrler	4.168s
Test: Basic leave/join ...
  ... Passed
Test: Historical queries ...
  ... Passed
Test: Move ...
  ... Passed
Test: Concurrent leave/join ...
  ... Passed
Test: Minimal transfers after joins ...
  ... Passed
Test: Minimal transfers after leaves ...
  ... Passed
Test: Multi-group join/leave ...
  ... Passed
Test: Concurrent multi leave/join ...
  ... Passed
Test: Minimal transfers after multijoins ...
  ... Passed
Test: Minimal transfers after multileaves ...
  ... Passed
Test: Check Same config on servers ...
  ... Passed
PASS
ok  	6.5840/shardctrler	6.026s
Test: Basic leave/join ...
  ... Passed
Test: Historical queries ...
  ... Passed
Test: Move ...
  ... Passed
Test: Concurrent leave/join ...
  ... Passed
Test: Minimal transfers after joins ...
  ... Passed
Test: Minimal transfers after leaves ...
  ... Passed
Test: Multi-group join/leave ...
  ... Passed
Test: Concurrent multi leave/join ...
  ... Passed
Test: Minimal transfers after multijoins ...
  ... Passed
Test: Minimal transfers after multileaves ...
  ... Passed
Test: Check Same config on servers ...
  ... Passed
PASS
ok  	6.5840/shardctrler	4.215s
Test: Basic leave/join ...
  ... Passed
Test: Historical queries ...
  ... Passed
Test: Move ...
  ... Passed
Test: Concurrent leave/join ...
  ... Passed
Test: Minimal transfers after joins ...
  ... Passed
Test: Minimal transfers after leaves ...
  ... Passed
Test: Multi-group join/leave ...
  ... Passed
Test: Concurrent multi leave/join ...
  ... Passed
Test: Minimal transfers after multijoins ...
  ... Passed
Test: Minimal transfers after multileaves ...
  ... Passed
Test: Check Same config on servers ...
  ... Passed
PASS
ok  	6.5840/shardctrler	4.157s
Test: Basic leave/join ...
  ... Passed
Test: Historical queries ...
  ... Passed
Test: Move ...
  ... Passed
Test: Concurrent leave/join ...
  ... Passed
Test: Minimal transfers after joins ...
  ... Passed
Test: Minimal transfers after leaves ...
  ... Passed
Test: Multi-group join/leave ...
  ... Passed
Test: Concurrent multi leave/join ...
  ... Passed
Test: Minimal transfers after multijoins ...
  ... Passed
Test: Minimal transfers after multileaves ...
  ... Passed
Test: Check Same config on servers ...
  ... Passed
PASS
ok  	6.5840/shardctrler	5.708s
Test: Basic leave/join ...
  ... Passed
Test: Historical queries ...
  ... Passed
Test: Move ...
  ... Passed
Test: Concurrent leave/join ...
  ... Passed
Test: Minimal transfers after joins ...
  ... Passed
Test: Minimal transfers after leaves ...
  ... Passed
Test: Multi-group join/leave ...
  ... Passed
Test: Concurrent multi leave/join ...
  ... Passed
Test: Minimal transfers after multijoins ...
  ... Passed
Test: Minimal transfers after multileaves ...
  ... Passed
Test: Check Same config on servers ...
  ... Passed
PASS
ok  	6.5840/shardctrler	4.618s
Test: Basic leave/join ...
  ... Passed
Test: Historical queries ...
  ... Passed
Test: Move ...
  ... Passed
Test: Concurrent leave/join ...
  ... Passed
Test: Minimal transfers after joins ...
  ... Passed
Test: Minimal transfers after leaves ...
  ... Passed
Test: Multi-group join/leave ...
  ... Passed
Test: Concurrent multi leave/join ...
  ... Passed
Test: Minimal transfers after multijoins ...
  ... Passed
Test: Minimal transfers after multileaves ...
  ... Passed
Test: Check Same config on servers ...
  ... Passed
PASS
ok  	6.5840/shardctrler	3.411s
Test: Basic leave/join ...
  ... Passed
Test: Historical queries ...
  ... Passed
Test: Move ...
  ... Passed
Test: Concurrent leave/join ...
  ... Passed
Test: Minimal transfers after joins ...
  ... Passed
Test: Minimal transfers after leaves ...
  ... Passed
Test: Multi-group join/leave ...
  ... Passed
Test: Concurrent multi leave/join ...
  ... Passed
Test: Minimal transfers after multijoins ...
  ... Passed
Test: Minimal transfers after multileaves ...
  ... Passed
Test: Check Same config on servers ...
  ... Passed
PASS
ok  	6.5840/shardctrler	4.800s
Test: Basic leave/join ...
  ... Passed
Test: Historical queries ...
  ... Passed
Test: Move ...
  ... Passed
Test: Concurrent leave/join ...
  ... Passed
Test: Minimal transfers after joins ...
  ... Passed
Test: Minimal transfers after leaves ...
  ... Passed
Test: Multi-group join/leave ...
  ... Passed
Test: Concurrent multi leave/join ...
  ... Passed
Test: Minimal transfers after multijoins ...
  ... Passed
Test: Minimal transfers after multileaves ...
  ... Passed
Test: Check Same config on servers ...
  ... Passed
PASS
ok  	6.5840/shardctrler	3.306s
Test: Basic leave/join ...
  ... Passed
Test: Historical queries ...
  ... Passed
Test: Move ...
  ... Passed
Test: Concurrent leave/join ...
  ... Passed
Test: Minimal transfers after joins ...
  ... Passed
Test: Minimal transfers after leaves ...
  ... Passed
Test: Multi-group join/leave ...
  ... Passed
Test: Concurrent multi leave/join ...
  ... Passed
Test: Minimal transfers after multijoins ...
  ... Passed
Test: Minimal transfers after multileaves ...
  ... Passed
Test: Check Same config on servers ...
  ... Passed
PASS
ok  	6.5840/shardctrler	3.205s
Test: Basic leave/join ...
  ... Passed
Test: Historical queries ...
  ... Passed
Test: Move ...
  ... Passed
Test: Concurrent leave/join ...
  ... Passed
Test: Minimal transfers after joins ...
  ... Passed
Test: Minimal transfers after leaves ...
  ... Passed
Test: Multi-group join/leave ...
  ... Passed
Test: Concurrent multi leave/join ...
  ... Passed
Test: Minimal transfers after multijoins ...
  ... Passed
Test: Minimal transfers after multileaves ...
  ... Passed
Test: Check Same config on servers ...
  ... Passed
PASS
ok  	6.5840/shardctrler	3.381s
Test: Basic leave/join ...
  ... Passed
Test: Historical queries ...
  ... Passed
Test: Move ...
  ... Passed
Test: Concurrent leave/join ...
  ... Passed
Test: Minimal transfers after joins ...
  ... Passed
Test: Minimal transfers after leaves ...
  ... Passed
Test: Multi-group join/leave ...
  ... Passed
Test: Concurrent multi leave/join ...
  ... Passed
Test: Minimal transfers after multijoins ...
  ... Passed
Test: Minimal transfers after multileaves ...
  ... Passed
Test: Check Same config on servers ...
  ... Passed
PASS
ok  	6.5840/shardctrler	5.234s
Test: Basic leave/join ...
  ... Passed
Test: Historical queries ...
  ... Passed
Test: Move ...
  ... Passed
Test: Concurrent leave/join ...
  ... Passed
Test: Minimal transfers after joins ...
  ... Passed
Test: Minimal transfers after leaves ...
  ... Passed
Test: Multi-group join/leave ...
  ... Passed
Test: Concurrent multi leave/join ...
  ... Passed
Test: Minimal transfers after multijoins ...
  ... Passed
Test: Minimal transfers after multileaves ...
  ... Passed
Test: Check Same config on servers ...
  ... Passed
PASS
ok  	6.5840/shardctrler	3.171s
Test: Basic leave/join ...
  ... Passed
Test: Historical queries ...
  ... Passed
Test: Move ...
  ... Passed
Test: Concurrent leave/join ...
  ... Passed
Test: Minimal transfers after joins ...
  ... Passed
Test: Minimal transfers after leaves ...
  ... Passed
Test: Multi-group join/leave ...
  ... Passed
Test: Concurrent multi leave/join ...
  ... Passed
Test: Minimal transfers after multijoins ...
  ... Passed
Test: Minimal transfers after multileaves ...
  ... Passed
Test: Check Same config on servers ...
  ... Passed
PASS
ok  	6.5840/shardctrler	4.536s
Test: Basic leave/join ...
  ... Passed
Test: Historical queries ...
  ... Passed
Test: Move ...
  ... Passed
Test: Concurrent leave/join ...
  ... Passed
Test: Minimal transfers after joins ...
  ... Passed
Test: Minimal transfers after leaves ...
  ... Passed
Test: Multi-group join/leave ...
  ... Passed
Test: Concurrent multi leave/join ...
  ... Passed
Test: Minimal transfers after multijoins ...
  ... Passed
Test: Minimal transfers after multileaves ...
  ... Passed
Test: Check Same config on servers ...
  ... Passed
PASS
ok  	6.5840/shardctrler	3.781s
Test: Basic leave/join ...
  ... Passed
Test: Historical queries ...
  ... Passed
Test: Move ...
  ... Passed
Test: Concurrent leave/join ...
  ... Passed
Test: Minimal transfers after joins ...
  ... Passed
Test: Minimal transfers after leaves ...
  ... Passed
Test: Multi-group join/leave ...
  ... Passed
Test: Concurrent multi leave/join ...
  ... Passed
Test: Minimal transfers after multijoins ...
  ... Passed
Test: Minimal transfers after multileaves ...
  ... Passed
Test: Check Same config on servers ...
  ... Passed
PASS
ok  	6.5840/shardctrler	3.082s
Test: Basic leave/join ...
  ... Passed
Test: Historical queries ...
  ... Passed
Test: Move ...
  ... Passed
Test: Concurrent leave/join ...
  ... Passed
Test: Minimal transfers after joins ...
  ... Passed
Test: Minimal transfers after leaves ...
  ... Passed
Test: Multi-group join/leave ...
  ... Passed
Test: Concurrent multi leave/join ...
  ... Passed
Test: Minimal transfers after multijoins ...
  ... Passed
Test: Minimal transfers after multileaves ...
  ... Passed
Test: Check Same config on servers ...
  ... Passed
PASS
ok  	6.5840/shardctrler	4.215s
Test: Basic leave/join ...
  ... Passed
Test: Historical queries ...
  ... Passed
Test: Move ...
  ... Passed
Test: Concurrent leave/join ...
  ... Passed
Test: Minimal transfers after joins ...
  ... Passed
Test: Minimal transfers after leaves ...
  ... Passed
Test: Multi-group join/leave ...
  ... Passed
Test: Concurrent multi leave/join ...
  ... Passed
Test: Minimal transfers after multijoins ...
  ... Passed
Test: Minimal transfers after multileaves ...
  ... Passed
Test: Check Same config on servers ...
  ... Passed
PASS
ok  	6.5840/shardctrler	4.086s
Test: Basic leave/join ...
  ... Passed
Test: Historical queries ...
  ... Passed
Test: Move ...
  ... Passed
Test: Concurrent leave/join ...
  ... Passed
Test: Minimal transfers after joins ...
  ... Passed
Test: Minimal transfers after leaves ...
  ... Passed
Test: Multi-group join/leave ...
  ... Passed
Test: Concurrent multi leave/join ...
  ... Passed
Test: Minimal transfers after multijoins ...
  ... Passed
Test: Minimal transfers after multileaves ...
  ... Passed
Test: Check Same config on servers ...
  ... Passed
PASS
ok  	6.5840/shardctrler	3.955s
Test: Basic leave/join ...
  ... Passed
Test: Historical queries ...
  ... Passed
Test: Move ...
  ... Passed
Test: Concurrent leave/join ...
  ... Passed
Test: Minimal transfers after joins ...
  ... Passed
Test: Minimal transfers after leaves ...
  ... Passed
Test: Multi-group join/leave ...
  ... Passed
Test: Concurrent multi leave/join ...
  ... Passed
Test: Minimal transfers after multijoins ...
  ... Passed
Test: Minimal transfers after multileaves ...
  ... Passed
Test: Check Same config on servers ...
  ... Passed
PASS
ok  	6.5840/shardctrler	4.510s
Test: Basic leave/join ...
  ... Passed
Test: Historical queries ...
  ... Passed
Test: Move ...
  ... Passed
Test: Concurrent leave/join ...
  ... Passed
Test: Minimal transfers after joins ...
  ... Passed
Test: Minimal transfers after leaves ...
  ... Passed
Test: Multi-group join/leave ...
  ... Passed
Test: Concurrent multi leave/join ...
  ... Passed
Test: Minimal transfers after multijoins ...
  ... Passed
Test: Minimal transfers after multileaves ...
  ... Passed
Test: Check Same config on servers ...
  ... Passed
PASS
ok  	6.5840/shardctrler	2.984s
Test: Basic leave/join ...
  ... Passed
Test: Historical queries ...
  ... Passed
Test: Move ...
  ... Passed
Test: Concurrent leave/join ...
  ... Passed
Test: Minimal transfers after joins ...
  ... Passed
Test: Minimal transfers after leaves ...
  ... Passed
Test: Multi-group join/leave ...
  ... Passed
Test: Concurrent multi leave/join ...
  ... Passed
Test: Minimal transfers after multijoins ...
  ... Passed
Test: Minimal transfers after multileaves ...
  ... Passed
Test: Check Same config on servers ...
  ... Passed
PASS
ok  	6.5840/shardctrler	2.995s
Test: Basic leave/join ...
  ... Passed
Test: Historical queries ...
  ... Passed
Test: Move ...
  ... Passed
Test: Concurrent leave/join ...
  ... Passed
Test: Minimal transfers after joins ...
  ... Passed
Test: Minimal transfers after leaves ...
  ... Passed
Test: Multi-group join/leave ...
  ... Passed
Test: Concurrent multi leave/join ...
  ... Passed
Test: Minimal transfers after multijoins ...
  ... Passed
Test: Minimal transfers after multileaves ...
  ... Passed
Test: Check Same config on servers ...
  ... Passed
PASS
ok  	6.5840/shardctrler	4.894s
Test: Basic leave/join ...
  ... Passed
Test: Historical queries ...
  ... Passed
Test: Move ...
  ... Passed
Test: Concurrent leave/join ...
  ... Passed
Test: Minimal transfers after joins ...
  ... Passed
Test: Minimal transfers after leaves ...
  ... Passed
Test: Multi-group join/leave ...
  ... Passed
Test: Concurrent multi leave/join ...
  ... Passed
Test: Minimal transfers after multijoins ...
  ... Passed
Test: Minimal transfers after multileaves ...
  ... Passed
Test: Check Same config on servers ...
  ... Passed
PASS
ok  	6.5840/shardctrler	4.440s
Test: Basic leave/join ...
  ... Passed
Test: Historical queries ...
  ... Passed
Test: Move ...
  ... Passed
Test: Concurrent leave/join ...
  ... Passed
Test: Minimal transfers after joins ...
  ... Passed
Test: Minimal transfers after leaves ...
  ... Passed
Test: Multi-group join/leave ...
  ... Passed
Test: Concurrent multi leave/join ...
  ... Passed
Test: Minimal transfers after multijoins ...
  ... Passed
Test: Minimal transfers after multileaves ...
  ... Passed
Test: Check Same config on servers ...
  ... Passed
PASS
ok  	6.5840/shardctrler	4.103s
Test: Basic leave/join ...
  ... Passed
Test: Historical queries ...
  ... Passed
Test: Move ...
  ... Passed
Test: Concurrent leave/join ...
  ... Passed
Test: Minimal transfers after joins ...
  ... Passed
Test: Minimal transfers after leaves ...
  ... Passed
Test: Multi-group join/leave ...
  ... Passed
Test: Concurrent multi leave/join ...
  ... Passed
Test: Minimal transfers after multijoins ...
  ... Passed
Test: Minimal transfers after multileaves ...
  ... Passed
Test: Check Same config on servers ...
  ... Passed
PASS
ok  	6.5840/shardctrler	3.104s
Test: Basic leave/join ...
  ... Passed
Test: Historical queries ...
  ... Passed
Test: Move ...
  ... Passed
Test: Concurrent leave/join ...
  ... Passed
Test: Minimal transfers after joins ...
  ... Passed
Test: Minimal transfers after leaves ...
  ... Passed
Test: Multi-group join/leave ...
  ... Passed
Test: Concurrent multi leave/join ...
  ... Passed
Test: Minimal transfers after multijoins ...
  ... Passed
Test: Minimal transfers after multileaves ...
  ... Passed
Test: Check Same config on servers ...
  ... Passed
PASS
ok  	6.5840/shardctrler	3.375s
