Test: InstallSnapshot RPC (3B) ...
  ... Passed --   2.6  3 12592   63
Test: snapshot size is reasonable (3B) ...
  ... Passed --   0.9  3 14506  800
Test: ops complete fast enough (3B) ...
  ... Passed --   1.1  3 19358    0
Test: restarts, snapshots, one client (3B) ...
  ... Passed --  19.3  5 213228 40108
Test: restarts, snapshots, many clients (3B) ...
  ... Passed --  18.3  5 167747 23922
Test: unreliable net, snapshots, many clients (3B) ...
  ... Passed --  16.0  5  9594 1360
Test: unreliable net, restarts, snapshots, many clients (3B) ...
  ... Passed --  19.7  5 10175 1384
Test: unreliable net, restarts, partitions, snapshots, many clients (3B) ...
  ... Passed --  26.5  5  5010  584
Test: unreliable net, restarts, partitions, snapshots, random keys, many clients (3B) ...
  ... Passed --  28.3  7 16085 1473
PASS
ok  	6.5840/kvraft	132.529s
Test: InstallSnapshot RPC (3B) ...
  ... Passed --   3.5  3 15391   63
Test: snapshot size is reasonable (3B) ...
  ... Passed --   1.3  3 14191  800
Test: ops complete fast enough (3B) ...
  ... Passed --   1.6  3 19338    0
Test: restarts, snapshots, one client (3B) ...
  ... Passed --  19.1  5 216183 40619
Test: restarts, snapshots, many clients (3B) ...
  ... Passed --  18.3  5 168684 23119
Test: unreliable net, snapshots, many clients (3B) ...
  ... Passed --  16.0  5  9843 1437
Test: unreliable net, restarts, snapshots, many clients (3B) ...
  ... Passed --  19.2  5 10168 1404
Test: unreliable net, restarts, partitions, snapshots, many clients (3B) ...
  ... Passed --  26.2  5  5598  677
Test: unreliable net, restarts, partitions, snapshots, random keys, many clients (3B) ...
  ... Passed --  29.3  7 13862 1305
PASS
ok  	6.5840/kvraft	134.528s
Test: InstallSnapshot RPC (3B) ...
  ... Passed --   2.5  3 11503   63
Test: snapshot size is reasonable (3B) ...
  ... Passed --   1.0  3 13989  800
Test: ops complete fast enough (3B) ...
  ... Passed --   1.0  3 16543    0
Test: restarts, snapshots, one client (3B) ...
  ... Passed --  19.2  5 218721 41210
Test: restarts, snapshots, many clients (3B) ...
  ... Passed --  18.3  5 170014 24148
Test: unreliable net, snapshots, many clients (3B) ...
  ... Passed --  15.6  5  9605 1423
Test: unreliable net, restarts, snapshots, many clients (3B) ...
  ... Passed --  19.4  5 10252 1420
Test: unreliable net, restarts, partitions, snapshots, many clients (3B) ...
  ... Passed --  26.5  5  5170  609
Test: unreliable net, restarts, partitions, snapshots, random keys, many clients (3B) ...
  ... Passed --  28.2  7 12308 1085
PASS
ok  	6.5840/kvraft	131.700s
Test: InstallSnapshot RPC (3B) ...
  ... Passed --   2.6  3 12561   63
Test: snapshot size is reasonable (3B) ...
  ... Passed --   0.6  3 13790  800
Test: ops complete fast enough (3B) ...
  ... Passed --   0.9  3 14883    0
Test: restarts, snapshots, one client (3B) ...
  ... Passed --  19.4  5 243723 45871
Test: restarts, snapshots, many clients (3B) ...
  ... Passed --  18.3  5 166363 23227
Test: unreliable net, snapshots, many clients (3B) ...
  ... Passed --  16.0  5 10065 1464
Test: unreliable net, restarts, snapshots, many clients (3B) ...
  ... Passed --  19.2  5  9896 1383
Test: unreliable net, restarts, partitions, snapshots, many clients (3B) ...
  ... Passed --  26.7  5  4895  562
Test: unreliable net, restarts, partitions, snapshots, random keys, many clients (3B) ...
  ... Passed --  28.0  7 16719  980
PASS
ok  	6.5840/kvraft	131.743s
Test: InstallSnapshot RPC (3B) ...
  ... Passed --   3.2  3 14030   63
Test: snapshot size is reasonable (3B) ...
  ... Passed --   0.8  3 13758  800
Test: ops complete fast enough (3B) ...
  ... Passed --   0.8  3 15819    0
Test: restarts, snapshots, one client (3B) ...
  ... Passed --  19.5  5 247442 47010
Test: restarts, snapshots, many clients (3B) ...
  ... Passed --  18.3  5 169320 23943
Test: unreliable net, snapshots, many clients (3B) ...
  ... Passed --  15.9  5 10139 1460
Test: unreliable net, restarts, snapshots, many clients (3B) ...
  ... Passed --  19.6  5  9845 1326
Test: unreliable net, restarts, partitions, snapshots, many clients (3B) ...
  ... Passed --  26.5  5  4675  506
Test: unreliable net, restarts, partitions, snapshots, random keys, many clients (3B) ...
  ... Passed --  28.4  7 15986 1436
PASS
ok  	6.5840/kvraft	133.028s
Test: InstallSnapshot RPC (3B) ...
  ... Passed --   2.8  3 13101   63
Test: snapshot size is reasonable (3B) ...
  ... Passed --   0.8  3 16510  800
Test: ops complete fast enough (3B) ...
  ... Passed --   1.2  3 15073    0
Test: restarts, snapshots, one client (3B) ...
  ... Passed --  19.1  5 205396 38285
Test: restarts, snapshots, many clients (3B) ...
  ... Passed --  18.3  5 172633 23718
Test: unreliable net, snapshots, many clients (3B) ...
  ... Passed --  15.9  5  9744 1415
Test: unreliable net, restarts, snapshots, many clients (3B) ...
  ... Passed --  19.4  5 10125 1459
Test: unreliable net, restarts, partitions, snapshots, many clients (3B) ...
  ... Passed --  26.7  5  3398  322
Test: unreliable net, restarts, partitions, snapshots, random keys, many clients (3B) ...
  ... Passed --  27.8  7 20619 1919
PASS
ok  	6.5840/kvraft	131.833s
Test: InstallSnapshot RPC (3B) ...
  ... Passed --   3.1  3 12214   63
Test: snapshot size is reasonable (3B) ...
  ... Passed --   1.1  3 15529  800
Test: ops complete fast enough (3B) ...
  ... Passed --   1.0  3 16394    0
Test: restarts, snapshots, one client (3B) ...
  ... Passed --  19.1  5 218279 41162
Test: restarts, snapshots, many clients (3B) ...
  ... Passed --  18.3  5 165478 22385
Test: unreliable net, snapshots, many clients (3B) ...
  ... Passed --  16.2  5  9507 1378
Test: unreliable net, restarts, snapshots, many clients (3B) ...
  ... Passed --  19.3  5 10620 1481
Test: unreliable net, restarts, partitions, snapshots, many clients (3B) ...
  ... Passed --  26.6  5  5381  658
Test: unreliable net, restarts, partitions, snapshots, random keys, many clients (3B) ...
  ... Passed --  28.8  7 14708 1327
PASS
ok  	6.5840/kvraft	133.517s
Test: InstallSnapshot RPC (3B) ...
  ... Passed --   2.7  3 11623   63
Test: snapshot size is reasonable (3B) ...
  ... Passed --   0.9  3 14121  800
Test: ops complete fast enough (3B) ...
  ... Passed --   1.5  3 16966    0
Test: restarts, snapshots, one client (3B) ...
  ... Passed --  19.1  5 203224 38242
Test: restarts, snapshots, many clients (3B) ...
  ... Passed --  18.3  5 168927 23851
Test: unreliable net, snapshots, many clients (3B) ...
  ... Passed --  16.1  5  9386 1355
Test: unreliable net, restarts, snapshots, many clients (3B) ...
  ... Passed --  19.4  5  9915 1343
Test: unreliable net, restarts, partitions, snapshots, many clients (3B) ...
  ... Passed --  26.6  5  6138  729
Test: unreliable net, restarts, partitions, snapshots, random keys, many clients (3B) ...
  ... Passed --  28.6  7 14257 1291
PASS
ok  	6.5840/kvraft	133.183s
Test: InstallSnapshot RPC (3B) ...
  ... Passed --   2.8  3 12881   63
Test: snapshot size is reasonable (3B) ...
  ... Passed --   1.0  3 15625  800
Test: ops complete fast enough (3B) ...
  ... Passed --   1.0  3 19030    0
Test: restarts, snapshots, one client (3B) ...
  ... Passed --  19.2  5 229824 43538
Test: restarts, snapshots, many clients (3B) ...
  ... Passed --  18.3  5 164632 23181
Test: unreliable net, snapshots, many clients (3B) ...
  ... Passed --  16.4  5  9714 1412
Test: unreliable net, restarts, snapshots, many clients (3B) ...
  ... Passed --  19.0  5  9933 1358
Test: unreliable net, restarts, partitions, snapshots, many clients (3B) ...
  ... Passed --  26.4  5  4224  454
Test: unreliable net, restarts, partitions, snapshots, random keys, many clients (3B) ...
  ... Passed --  28.1  7 12944 1159
PASS
ok  	6.5840/kvraft	132.252s
Test: InstallSnapshot RPC (3B) ...
  ... Passed --   3.3  3 12802   63
Test: snapshot size is reasonable (3B) ...
  ... Passed --   1.4  3 14233  800
Test: ops complete fast enough (3B) ...
  ... Passed --   1.1  3 15358    0
Test: restarts, snapshots, one client (3B) ...
  ... Passed --  19.1  5 213486 40232
Test: restarts, snapshots, many clients (3B) ...
  ... Passed --  18.4  5 170698 24061
Test: unreliable net, snapshots, many clients (3B) ...
  ... Passed --  15.9  5  9446 1371
Test: unreliable net, restarts, snapshots, many clients (3B) ...
  ... Passed --  19.4  5 10145 1404
Test: unreliable net, restarts, partitions, snapshots, many clients (3B) ...
  ... Passed --  26.0  5  6214  767
Test: unreliable net, restarts, partitions, snapshots, random keys, many clients (3B) ...
  ... Passed --  28.3  7 12193 1149
PASS
ok  	6.5840/kvraft	133.015s
Test: InstallSnapshot RPC (3B) ...
  ... Passed --   3.3  3 11592   63
Test: snapshot size is reasonable (3B) ...
  ... Passed --   1.1  3 14277  800
Test: ops complete fast enough (3B) ...
  ... Passed --   0.9  3 14995    0
Test: restarts, snapshots, one client (3B) ...
  ... Passed --  19.5  5 240002 45364
Test: restarts, snapshots, many clients (3B) ...
  ... Passed --  18.3  5 171045 22980
Test: unreliable net, snapshots, many clients (3B) ...
  ... Passed --  15.7  5  9179 1312
Test: unreliable net, restarts, snapshots, many clients (3B) ...
  ... Passed --  19.4  5 10261 1412
Test: unreliable net, restarts, partitions, snapshots, many clients (3B) ...
  ... Passed --  26.1  5  6116  700
Test: unreliable net, restarts, partitions, snapshots, random keys, many clients (3B) ...
  ... Passed --  27.8  7 14698 1370
PASS
ok  	6.5840/kvraft	132.115s
Test: InstallSnapshot RPC (3B) ...
  ... Passed --   3.3  3 11717   63
Test: snapshot size is reasonable (3B) ...
  ... Passed --   1.0  3 16984  800
Test: ops complete fast enough (3B) ...
  ... Passed --   1.0  3 14814    0
Test: restarts, snapshots, one client (3B) ...
  ... Passed --  19.5  5 233635 44246
Test: restarts, snapshots, many clients (3B) ...
  ... Passed --  18.3  5 171129 23043
Test: unreliable net, snapshots, many clients (3B) ...
  ... Passed --  15.8  5  9688 1368
Test: unreliable net, restarts, snapshots, many clients (3B) ...
  ... Passed --  19.5  5 10123 1429
Test: unreliable net, restarts, partitions, snapshots, many clients (3B) ...
  ... Passed --  26.7  5  5662  683
Test: unreliable net, restarts, partitions, snapshots, random keys, many clients (3B) ...
  ... Passed --  27.7  7 13763 1255
PASS
ok  	6.5840/kvraft	132.723s
Test: InstallSnapshot RPC (3B) ...
  ... Passed --   2.5  3 11496   63
Test: snapshot size is reasonable (3B) ...
  ... Passed --   0.9  3 14877  800
Test: ops complete fast enough (3B) ...
  ... Passed --   1.0  3 15206    0
Test: restarts, snapshots, one client (3B) ...
  ... Passed --  19.1  5 203585 38329
Test: restarts, snapshots, many clients (3B) ...
  ... Passed --  18.3  5 167212 23954
Test: unreliable net, snapshots, many clients (3B) ...
  ... Passed --  16.5  5  9988 1472
Test: unreliable net, restarts, snapshots, many clients (3B) ...
  ... Passed --  19.1  5 10489 1438
Test: unreliable net, restarts, partitions, snapshots, many clients (3B) ...
  ... Passed --  26.2  5  3606  374
Test: unreliable net, restarts, partitions, snapshots, random keys, many clients (3B) ...
  ... Passed --  27.6  7 15236 1425
PASS
ok  	6.5840/kvraft	131.200s
Test: InstallSnapshot RPC (3B) ...
  ... Passed --   2.7  3 13787   63
Test: snapshot size is reasonable (3B) ...
  ... Passed --   0.8  3 14007  800
Test: ops complete fast enough (3B) ...
  ... Passed --   1.0  3 14896    0
Test: restarts, snapshots, one client (3B) ...
  ... Passed --  19.4  5 230425 43673
Test: restarts, snapshots, many clients (3B) ...
  ... Passed --  18.3  5 170498 24022
Test: unreliable net, snapshots, many clients (3B) ...
  ... Passed --  16.3  5  9530 1335
Test: unreliable net, restarts, snapshots, many clients (3B) ...
  ... Passed --  19.1  5  9685 1344
Test: unreliable net, restarts, partitions, snapshots, many clients (3B) ...
  ... Passed --  28.1  5  6784  772
Test: unreliable net, restarts, partitions, snapshots, random keys, many clients (3B) ...
  ... Passed --  28.6  7 12096 1007
PASS
ok  	6.5840/kvraft	134.323s
Test: InstallSnapshot RPC (3B) ...
  ... Passed --   3.2  3 11621   63
Test: snapshot size is reasonable (3B) ...
  ... Passed --   1.0  3 16592  800
Test: ops complete fast enough (3B) ...
  ... Passed --   1.1  3 17627    0
Test: restarts, snapshots, one client (3B) ...
  ... Passed --  19.0  5 205107 38520
Test: restarts, snapshots, many clients (3B) ...
  ... Passed --  18.3  5 167658 22687
Test: unreliable net, snapshots, many clients (3B) ...
  ... Passed --  16.1  5  9430 1374
Test: unreliable net, restarts, snapshots, many clients (3B) ...
  ... Passed --  19.0  5 10492 1486
Test: unreliable net, restarts, partitions, snapshots, many clients (3B) ...
  ... Passed --  26.4  5  4705  497
Test: unreliable net, restarts, partitions, snapshots, random keys, many clients (3B) ...
  ... Passed --  28.7  7 16548 1507
PASS
ok  	6.5840/kvraft	132.817s
Test: InstallSnapshot RPC (3B) ...
  ... Passed --   2.7  3 14837   63
Test: snapshot size is reasonable (3B) ...
  ... Passed --   1.0  3 15462  800
Test: ops complete fast enough (3B) ...
  ... Passed --   1.0  3 14920    0
Test: restarts, snapshots, one client (3B) ...
  ... Passed --  19.4  5 237771 44793
Test: restarts, snapshots, many clients (3B) ...
  ... Passed --  18.2  5 160921 22435
Test: unreliable net, snapshots, many clients (3B) ...
  ... Passed --  15.9  5 10178 1450
Test: unreliable net, restarts, snapshots, many clients (3B) ...
  ... Passed --  19.3  5 10359 1433
Test: unreliable net, restarts, partitions, snapshots, many clients (3B) ...
  ... Passed --  27.2  5  4184  425
Test: unreliable net, restarts, partitions, snapshots, random keys, many clients (3B) ...
  ... Passed --  28.3  7 13229 1136
PASS
ok  	6.5840/kvraft	133.089s
Test: InstallSnapshot RPC (3B) ...
  ... Passed --   3.2  3 12318   63
Test: snapshot size is reasonable (3B) ...
  ... Passed --   0.7  3 13478  800
Test: ops complete fast enough (3B) ...
  ... Passed --   1.0  3 14265    0
Test: restarts, snapshots, one client (3B) ...
  ... Passed --  19.1  5 197767 36749
Test: restarts, snapshots, many clients (3B) ...
  ... Passed --  18.3  5 174964 23846
Test: unreliable net, snapshots, many clients (3B) ...
  ... Passed --  16.2  5  9215 1262
Test: unreliable net, restarts, snapshots, many clients (3B) ...
  ... Passed --  19.1  5 10001 1391
Test: unreliable net, restarts, partitions, snapshots, many clients (3B) ...
  ... Passed --  26.4  5  4681  556
Test: unreliable net, restarts, partitions, snapshots, random keys, many clients (3B) ...
  ... Passed --  29.2  7 10648  759
PASS
ok  	6.5840/kvraft	133.168s
Test: InstallSnapshot RPC (3B) ...
  ... Passed --   3.3  3 14513   63
Test: snapshot size is reasonable (3B) ...
  ... Passed --   0.9  3 14471  800
Test: ops complete fast enough (3B) ...
  ... Passed --   0.8  3 16112    0
Test: restarts, snapshots, one client (3B) ...
  ... Passed --  19.7  5 258021 48317
Test: restarts, snapshots, many clients (3B) ...
  ... Passed --  18.3  5 161072 21754
Test: unreliable net, snapshots, many clients (3B) ...
  ... Passed --  15.9  5  9949 1420
Test: unreliable net, restarts, snapshots, many clients (3B) ...
  ... Passed --  19.2  5 10152 1448
Test: unreliable net, restarts, partitions, snapshots, many clients (3B) ...
  ... Passed --  26.9  5  5371  643
Test: unreliable net, restarts, partitions, snapshots, random keys, many clients (3B) ...
  ... Passed --  29.4  7 15500 1336
PASS
ok  	6.5840/kvraft	134.427s
Test: InstallSnapshot RPC (3B) ...
  ... Passed --   2.8  3 12041   63
Test: snapshot size is reasonable (3B) ...
  ... Passed --   0.7  3 14927  800
Test: ops complete fast enough (3B) ...
  ... Passed --   0.9  3 16211    0
Test: restarts, snapshots, one client (3B) ...
  ... Passed --  19.3  5 225702 42659
Test: restarts, snapshots, many clients (3B) ...
  ... Passed --  18.3  5 167137 23136
Test: unreliable net, snapshots, many clients (3B) ...
  ... Passed --  15.9  5  9547 1333
Test: unreliable net, restarts, snapshots, many clients (3B) ...
  ... Passed --  19.3  5  9551 1331
Test: unreliable net, restarts, partitions, snapshots, many clients (3B) ...
  ... Passed --  27.7  5  4116  416
Test: unreliable net, restarts, partitions, snapshots, random keys, many clients (3B) ...
  ... Passed --  28.4  7 12553 1136
PASS
ok  	6.5840/kvraft	133.368s
Test: InstallSnapshot RPC (3B) ...
  ... Passed --   3.3  3 15776   63
Test: snapshot size is reasonable (3B) ...
  ... Passed --   0.9  3 15498  800
Test: ops complete fast enough (3B) ...
  ... Passed --   1.5  3 15994    0
Test: restarts, snapshots, one client (3B) ...
  ... Passed --  19.2  5 211250 39830
Test: restarts, snapshots, many clients (3B) ...
  ... Passed --  18.3  5 171275 23810
Test: unreliable net, snapshots, many clients (3B) ...
  ... Passed --  15.9  5 10088 1490
Test: unreliable net, restarts, snapshots, many clients (3B) ...
  ... Passed --  19.2  5 10169 1406
Test: unreliable net, restarts, partitions, snapshots, many clients (3B) ...
  ... Passed --  26.2  5  3836  359
Test: unreliable net, restarts, partitions, snapshots, random keys, many clients (3B) ...
  ... Passed --  28.4  7 12270 1067
PASS
ok  	6.5840/kvraft	133.001s
Test: InstallSnapshot RPC (3B) ...
  ... Passed --   2.8  3 12626   63
Test: snapshot size is reasonable (3B) ...
  ... Passed --   0.8  3 14132  800
Test: ops complete fast enough (3B) ...
  ... Passed --   1.1  3 14413    0
Test: restarts, snapshots, one client (3B) ...
  ... Passed --  19.1  5 206810 38857
Test: restarts, snapshots, many clients (3B) ...
  ... Passed --  18.3  5 168593 23625
Test: unreliable net, snapshots, many clients (3B) ...
  ... Passed --  15.9  5  9826 1443
Test: unreliable net, restarts, snapshots, many clients (3B) ...
  ... Passed --  19.6  5 10262 1381
Test: unreliable net, restarts, partitions, snapshots, many clients (3B) ...
  ... Passed --  26.7  5  4220  487
Test: unreliable net, restarts, partitions, snapshots, random keys, many clients (3B) ...
  ... Passed --  29.1  7 13940 1111
PASS
ok  	6.5840/kvraft	133.527s
Test: InstallSnapshot RPC (3B) ...
  ... Passed --   2.4  3 12645   63
Test: snapshot size is reasonable (3B) ...
  ... Passed --   0.7  3 14407  800
Test: ops complete fast enough (3B) ...
  ... Passed --   1.2  3 15975    0
Test: restarts, snapshots, one client (3B) ...
  ... Passed --  19.3  5 212285 40027
Test: restarts, snapshots, many clients (3B) ...
  ... Passed --  18.3  5 171238 23715
Test: unreliable net, snapshots, many clients (3B) ...
  ... Passed --  15.9  5  9862 1426
Test: unreliable net, restarts, snapshots, many clients (3B) ...
  ... Passed --  19.4  5 10070 1399
Test: unreliable net, restarts, partitions, snapshots, many clients (3B) ...
  ... Passed --  27.3  5  4804  538
Test: unreliable net, restarts, partitions, snapshots, random keys, many clients (3B) ...
  ... Passed --  28.8  7 14021 1188
PASS
ok  	6.5840/kvraft	133.116s
Test: InstallSnapshot RPC (3B) ...
  ... Passed --   2.8  3 14205   63
Test: snapshot size is reasonable (3B) ...
  ... Passed --   1.1  3 14768  800
Test: ops complete fast enough (3B) ...
  ... Passed --   1.3  3 18224    0
Test: restarts, snapshots, one client (3B) ...
  ... Passed --  18.9  5 201631 37671
Test: restarts, snapshots, many clients (3B) ...
  ... Passed --  18.3  5 173936 24339
Test: unreliable net, snapshots, many clients (3B) ...
  ... Passed --  15.9  5  9192 1298
Test: unreliable net, restarts, snapshots, many clients (3B) ...
  ... Passed --  19.6  5  9865 1350
Test: unreliable net, restarts, partitions, snapshots, many clients (3B) ...
  ... Passed --  26.6  5  5918  700
Test: unreliable net, restarts, partitions, snapshots, random keys, many clients (3B) ...
  ... Passed --  27.7  7 12927 1191
PASS
ok  	6.5840/kvraft	132.135s
Test: InstallSnapshot RPC (3B) ...
  ... Passed --   2.6  3 11468   63
Test: snapshot size is reasonable (3B) ...
  ... Passed --   1.1  3 13806  800
Test: ops complete fast enough (3B) ...
  ... Passed --   0.9  3 14823    0
Test: restarts, snapshots, one client (3B) ...
  ... Passed --  19.4  5 229576 43490
Test: restarts, snapshots, many clients (3B) ...
  ... Passed --  18.3  5 167998 22620
Test: unreliable net, snapshots, many clients (3B) ...
  ... Passed --  16.0  5  9894 1452
Test: unreliable net, restarts, snapshots, many clients (3B) ...
  ... Passed --  19.3  5 10160 1417
Test: unreliable net, restarts, partitions, snapshots, many clients (3B) ...
  ... Passed --  27.0  5  4423  499
Test: unreliable net, restarts, partitions, snapshots, random keys, many clients (3B) ...
  ... Passed --  28.7  7 14225 1373
PASS
ok  	6.5840/kvraft	133.249s
Test: InstallSnapshot RPC (3B) ...
  ... Passed --   2.5  3 12018   63
Test: snapshot size is reasonable (3B) ...
  ... Passed --   1.2  3 15632  800
Test: ops complete fast enough (3B) ...
  ... Passed --   1.3  3 17055    0
Test: restarts, snapshots, one client (3B) ...
  ... Passed --  19.0  5 213778 40217
Test: restarts, snapshots, many clients (3B) ...
  ... Passed --  18.3  5 175047 24090
Test: unreliable net, snapshots, many clients (3B) ...
  ... Passed --  15.8  5  9788 1448
Test: unreliable net, restarts, snapshots, many clients (3B) ...
  ... Passed --  18.9  5 10073 1409
Test: unreliable net, restarts, partitions, snapshots, many clients (3B) ...
  ... Passed --  26.4  5  5932  718
Test: unreliable net, restarts, partitions, snapshots, random keys, many clients (3B) ...
  ... Passed --  28.4  7 13877 1265
PASS
ok  	6.5840/kvraft	131.851s
Test: InstallSnapshot RPC (3B) ...
  ... Passed --   3.1  3 12662   63
Test: snapshot size is reasonable (3B) ...
  ... Passed --   0.7  3 14522  800
Test: ops complete fast enough (3B) ...
  ... Passed --   1.1  3 14313    0
Test: restarts, snapshots, one client (3B) ...
  ... Passed --  19.0  5 198258 36968
Test: restarts, snapshots, many clients (3B) ...
  ... Passed --  18.3  5 169075 23890
Test: unreliable net, snapshots, many clients (3B) ...
  ... Passed --  16.4  5  9846 1408
Test: unreliable net, restarts, snapshots, many clients (3B) ...
  ... Passed --  19.2  5 10032 1350
Test: unreliable net, restarts, partitions, snapshots, many clients (3B) ...
  ... Passed --  26.5  5  5302  577
Test: unreliable net, restarts, partitions, snapshots, random keys, many clients (3B) ...
  ... Passed --  28.4  7 15961 1485
PASS
ok  	6.5840/kvraft	132.680s
Test: InstallSnapshot RPC (3B) ...
  ... Passed --   2.8  3 13519   63
Test: snapshot size is reasonable (3B) ...
  ... Passed --   1.1  3 15867  800
Test: ops complete fast enough (3B) ...
  ... Passed --   1.0  3 14471    0
Test: restarts, snapshots, one client (3B) ...
  ... Passed --  19.1  5 219657 41223
Test: restarts, snapshots, many clients (3B) ...
  ... Passed --  18.3  5 170082 23478
Test: unreliable net, snapshots, many clients (3B) ...
  ... Passed --  16.3  5  9996 1432
Test: unreliable net, restarts, snapshots, many clients (3B) ...
  ... Passed --  18.9  5 10027 1428
Test: unreliable net, restarts, partitions, snapshots, many clients (3B) ...
  ... Passed --  27.2  5  5548  646
Test: unreliable net, restarts, partitions, snapshots, random keys, many clients (3B) ...
  ... Passed --  28.0  7 14207 1359
PASS
ok  	6.5840/kvraft	132.531s
Test: InstallSnapshot RPC (3B) ...
  ... Passed --   3.8  3 11869   63
Test: snapshot size is reasonable (3B) ...
  ... Passed --   1.0  3 15500  800
Test: ops complete fast enough (3B) ...
  ... Passed --   1.2  3 16063    0
Test: restarts, snapshots, one client (3B) ...
  ... Passed --  19.0  5 200578 37594
Test: restarts, snapshots, many clients (3B) ...
  ... Passed --  18.3  5 166130 23458
Test: unreliable net, snapshots, many clients (3B) ...
  ... Passed --  15.8  5  9678 1357
Test: unreliable net, restarts, snapshots, many clients (3B) ...
  ... Passed --  19.3  5  9764 1335
Test: unreliable net, restarts, partitions, snapshots, many clients (3B) ...
  ... Passed --  26.3  5  6001  718
Test: unreliable net, restarts, partitions, snapshots, random keys, many clients (3B) ...
  ... Passed --  28.3  7 11672 1041
PASS
ok  	6.5840/kvraft	132.899s
Test: InstallSnapshot RPC (3B) ...
  ... Passed --   2.4  3 11937   63
Test: snapshot size is reasonable (3B) ...
  ... Passed --   1.1  3 16188  800
Test: ops complete fast enough (3B) ...
  ... Passed --   1.1  3 14890    0
Test: restarts, snapshots, one client (3B) ...
  ... Passed --  19.0  5 186568 34875
Test: restarts, snapshots, many clients (3B) ...
  ... Passed --  18.3  5 171484 24141
Test: unreliable net, snapshots, many clients (3B) ...
  ... Passed --  16.4  5  9403 1340
Test: unreliable net, restarts, snapshots, many clients (3B) ...
  ... Passed --  19.0  5 10017 1335
Test: unreliable net, restarts, partitions, snapshots, many clients (3B) ...
  ... Passed --  26.3  5  5090  578
Test: unreliable net, restarts, partitions, snapshots, random keys, many clients (3B) ...
  ... Passed --  28.5  7 11182  885
PASS
ok  	6.5840/kvraft	132.289s
Test: InstallSnapshot RPC (3B) ...
  ... Passed --   3.2  3 14561   63
Test: snapshot size is reasonable (3B) ...
  ... Passed --   1.1  3 14834  800
Test: ops complete fast enough (3B) ...
  ... Passed --   0.9  3 14823    0
Test: restarts, snapshots, one client (3B) ...
  ... Passed --  19.1  5 216119 40563
Test: restarts, snapshots, many clients (3B) ...
  ... Passed --  18.3  5 168148 24023
Test: unreliable net, snapshots, many clients (3B) ...
  ... Passed --  15.8  5  9743 1416
Test: unreliable net, restarts, snapshots, many clients (3B) ...
  ... Passed --  19.3  5 10150 1401
Test: unreliable net, restarts, partitions, snapshots, many clients (3B) ...
  ... Passed --  27.6  5  5272  559
Test: unreliable net, restarts, partitions, snapshots, random keys, many clients (3B) ...
  ... Passed --  27.9  7 15650 1466
PASS
ok  	6.5840/kvraft	133.138s
Test: InstallSnapshot RPC (3B) ...
  ... Passed --   2.5  3 12680   63
Test: snapshot size is reasonable (3B) ...
  ... Passed --   1.0  3 13426  800
Test: ops complete fast enough (3B) ...
  ... Passed --   1.1  3 14741    0
Test: restarts, snapshots, one client (3B) ...
  ... Passed --  19.2  5 239352 45413
Test: restarts, snapshots, many clients (3B) ...
  ... Passed --  18.3  5 168090 24333
Test: unreliable net, snapshots, many clients (3B) ...
  ... Passed --  16.0  5  9885 1417
Test: unreliable net, restarts, snapshots, many clients (3B) ...
  ... Passed --  19.1  5 10404 1478
Test: unreliable net, restarts, partitions, snapshots, many clients (3B) ...
  ... Passed --  27.7  5  4761  521
Test: unreliable net, restarts, partitions, snapshots, random keys, many clients (3B) ...
  ... Passed --  28.0  7 12612 1030
PASS
ok  	6.5840/kvraft	132.830s
Test: InstallSnapshot RPC (3B) ...
  ... Passed --   3.5  3 13516   63
Test: snapshot size is reasonable (3B) ...
  ... Passed --   1.0  3 13754  800
Test: ops complete fast enough (3B) ...
  ... Passed --   1.4  3 17575    0
Test: restarts, snapshots, one client (3B) ...
  ... Passed --  19.3  5 224435 42416
Test: restarts, snapshots, many clients (3B) ...
  ... Passed --  18.3  5 169139 24128
Test: unreliable net, snapshots, many clients (3B) ...
  ... Passed --  16.0  5  9268 1326
Test: unreliable net, restarts, snapshots, many clients (3B) ...
  ... Passed --  19.1  5 10141 1379
Test: unreliable net, restarts, partitions, snapshots, many clients (3B) ...
  ... Passed --  27.1  5  5549  623
Test: unreliable net, restarts, partitions, snapshots, random keys, many clients (3B) ...
  ... Passed --  27.8  7 11736  997
PASS
ok  	6.5840/kvraft	133.523s
Test: InstallSnapshot RPC (3B) ...
  ... Passed --   3.3  3 11694   63
Test: snapshot size is reasonable (3B) ...
  ... Passed --   1.1  3 15475  800
Test: ops complete fast enough (3B) ...
  ... Passed --   0.9  3 15087    0
Test: restarts, snapshots, one client (3B) ...
  ... Passed --  18.8  5 171711 31762
Test: restarts, snapshots, many clients (3B) ...
  ... Passed --  18.3  5 165904 23760
Test: unreliable net, snapshots, many clients (3B) ...
  ... Passed --  16.2  5  9278 1373
Test: unreliable net, restarts, snapshots, many clients (3B) ...
  ... Passed --  19.2  5 10097 1398
Test: unreliable net, restarts, partitions, snapshots, many clients (3B) ...
  ... Passed --  27.4  5  4612  528
Test: unreliable net, restarts, partitions, snapshots, random keys, many clients (3B) ...
  ... Passed --  28.3  7 10729  870
PASS
ok  	6.5840/kvraft	133.598s
Test: InstallSnapshot RPC (3B) ...
  ... Passed --   2.9  3 15779   63
Test: snapshot size is reasonable (3B) ...
  ... Passed --   1.1  3 14327  800
Test: ops complete fast enough (3B) ...
  ... Passed --   1.4  3 15168    0
Test: restarts, snapshots, one client (3B) ...
  ... Passed --  19.1  5 207969 39003
Test: restarts, snapshots, many clients (3B) ...
  ... Passed --  18.3  5 165074 23283
Test: unreliable net, snapshots, many clients (3B) ...
  ... Passed --  15.9  5  9513 1368
Test: unreliable net, restarts, snapshots, many clients (3B) ...
  ... Passed --  19.3  5 10041 1364
Test: unreliable net, restarts, partitions, snapshots, many clients (3B) ...
  ... Passed --  26.5  5  5162  602
Test: unreliable net, restarts, partitions, snapshots, random keys, many clients (3B) ...
  ... Passed --  28.4  7 14562 1300
PASS
ok  	6.5840/kvraft	132.822s
Test: InstallSnapshot RPC (3B) ...
  ... Passed --   3.1  3 13875   63
Test: snapshot size is reasonable (3B) ...
  ... Passed --   0.8  3 16124  800
Test: ops complete fast enough (3B) ...
  ... Passed --   1.1  3 14946    0
Test: restarts, snapshots, one client (3B) ...
  ... Passed --  19.0  5 200271 37399
Test: restarts, snapshots, many clients (3B) ...
  ... Passed --  18.3  5 174147 23444
Test: unreliable net, snapshots, many clients (3B) ...
  ... Passed --  15.9  5  8764 1244
Test: unreliable net, restarts, snapshots, many clients (3B) ...
  ... Passed --  19.5  5  9931 1388
Test: unreliable net, restarts, partitions, snapshots, many clients (3B) ...
  ... Passed --  27.5  5  6575  805
Test: unreliable net, restarts, partitions, snapshots, random keys, many clients (3B) ...
  ... Passed --  28.5  7 10676  851
PASS
ok  	6.5840/kvraft	133.560s
Test: InstallSnapshot RPC (3B) ...
  ... Passed --   2.6  3 12039   63
Test: snapshot size is reasonable (3B) ...
  ... Passed --   1.2  3 17859  800
Test: ops complete fast enough (3B) ...
  ... Passed --   1.4  3 14902    0
Test: restarts, snapshots, one client (3B) ...
  ... Passed --  19.0  5 192826 35850
Test: restarts, snapshots, many clients (3B) ...
  ... Passed --  18.3  5 164411 23985
Test: unreliable net, snapshots, many clients (3B) ...
  ... Passed --  16.0  5  9156 1266
Test: unreliable net, restarts, snapshots, many clients (3B) ...
  ... Passed --  19.1  5  9981 1353
Test: unreliable net, restarts, partitions, snapshots, many clients (3B) ...
  ... Passed --  26.4  5  5367  635
Test: unreliable net, restarts, partitions, snapshots, random keys, many clients (3B) ...
  ... Passed --  28.4  7 12523 1033
PASS
ok  	6.5840/kvraft	132.340s
Test: InstallSnapshot RPC (3B) ...
  ... Passed --   3.1  3 12630   63
Test: snapshot size is reasonable (3B) ...
  ... Passed --   1.0  3 16751  800
Test: ops complete fast enough (3B) ...
  ... Passed --   1.2  3 14758    0
Test: restarts, snapshots, one client (3B) ...
  ... Passed --  19.5  5 260379 49490
Test: restarts, snapshots, many clients (3B) ...
  ... Passed --  18.3  5 169358 24213
Test: unreliable net, snapshots, many clients (3B) ...
  ... Passed --  16.1  5 10037 1450
Test: unreliable net, restarts, snapshots, many clients (3B) ...
  ... Passed --  19.0  5  9619 1317
Test: unreliable net, restarts, partitions, snapshots, many clients (3B) ...
  ... Passed --  26.7  5  4483  512
Test: unreliable net, restarts, partitions, snapshots, random keys, many clients (3B) ...
  ... Passed --  27.8  7 16184 1523
PASS
ok  	6.5840/kvraft	132.800s
Test: InstallSnapshot RPC (3B) ...
  ... Passed --   2.6  3 12093   63
Test: snapshot size is reasonable (3B) ...
  ... Passed --   1.1  3 16011  800
Test: ops complete fast enough (3B) ...
  ... Passed --   1.1  3 15123    0
Test: restarts, snapshots, one client (3B) ...
  ... Passed --  19.3  5 220409 41667
Test: restarts, snapshots, many clients (3B) ...
  ... Passed --  18.3  5 169225 24239
Test: unreliable net, snapshots, many clients (3B) ...
  ... Passed --  16.1  5  9572 1366
Test: unreliable net, restarts, snapshots, many clients (3B) ...
  ... Passed --  19.1  5  9526 1315
Test: unreliable net, restarts, partitions, snapshots, many clients (3B) ...
  ... Passed --  27.4  5  5480  680
Test: unreliable net, restarts, partitions, snapshots, random keys, many clients (3B) ...
  ... Passed --  30.0  7 10677  893
PASS
ok  	6.5840/kvraft	134.946s
Test: InstallSnapshot RPC (3B) ...
  ... Passed --   3.2  3 12296   63
Test: snapshot size is reasonable (3B) ...
  ... Passed --   0.9  3 15159  800
Test: ops complete fast enough (3B) ...
  ... Passed --   1.7  3 20125    0
Test: restarts, snapshots, one client (3B) ...
  ... Passed --  19.1  5 214933 40501
Test: restarts, snapshots, many clients (3B) ...
  ... Passed --  18.3  5 165559 24160
Test: unreliable net, snapshots, many clients (3B) ...
  ... Passed --  16.3  5  9391 1342
Test: unreliable net, restarts, snapshots, many clients (3B) ...
  ... Passed --  19.2  5 10418 1494
Test: unreliable net, restarts, partitions, snapshots, many clients (3B) ...
  ... Passed --  26.0  5  5459  680
Test: unreliable net, restarts, partitions, snapshots, random keys, many clients (3B) ...
  ... Passed --  30.3  7 14684 1250
PASS
ok  	6.5840/kvraft	134.958s
Test: InstallSnapshot RPC (3B) ...
  ... Passed --   3.5  3 12179   63
Test: snapshot size is reasonable (3B) ...
  ... Passed --   1.0  3 15654  800
Test: ops complete fast enough (3B) ...
  ... Passed --   1.6  3 16206    0
Test: restarts, snapshots, one client (3B) ...
  ... Passed --  19.1  5 208319 39290
Test: restarts, snapshots, many clients (3B) ...
  ... Passed --  18.3  5 166261 23378
Test: unreliable net, snapshots, many clients (3B) ...
  ... Passed --  15.7  5  9246 1354
Test: unreliable net, restarts, snapshots, many clients (3B) ...
  ... Passed --  19.0  5  9645 1339
Test: unreliable net, restarts, partitions, snapshots, many clients (3B) ...
  ... Passed --  26.7  5  6212  747
Test: unreliable net, restarts, partitions, snapshots, random keys, many clients (3B) ...
  ... Passed --  28.6  7 13481 1095
PASS
ok  	6.5840/kvraft	133.508s
Test: InstallSnapshot RPC (3B) ...
  ... Passed --   2.8  3 16784   63
Test: snapshot size is reasonable (3B) ...
  ... Passed --   0.9  3 14602  800
Test: ops complete fast enough (3B) ...
  ... Passed --   0.9  3 14306    0
Test: restarts, snapshots, one client (3B) ...
  ... Passed --  19.1  5 208301 38859
Test: restarts, snapshots, many clients (3B) ...
  ... Passed --  18.3  5 166796 23188
Test: unreliable net, snapshots, many clients (3B) ...
  ... Passed --  15.8  5  9587 1419
Test: unreliable net, restarts, snapshots, many clients (3B) ...
  ... Passed --  19.4  5 10110 1399
Test: unreliable net, restarts, partitions, snapshots, many clients (3B) ...
  ... Passed --  26.2  5  4051  457
Test: unreliable net, restarts, partitions, snapshots, random keys, many clients (3B) ...
  ... Passed --  28.7  7 11392  989
PASS
ok  	6.5840/kvraft	131.937s
Test: InstallSnapshot RPC (3B) ...
  ... Passed --   2.9  3 11736   63
Test: snapshot size is reasonable (3B) ...
  ... Passed --   1.0  3 14179  800
Test: ops complete fast enough (3B) ...
  ... Passed --   1.2  3 15980    0
Test: restarts, snapshots, one client (3B) ...
  ... Passed --  19.3  5 212093 39817
Test: restarts, snapshots, many clients (3B) ...
  ... Passed --  18.3  5 170276 24211
Test: unreliable net, snapshots, many clients (3B) ...
  ... Passed --  16.0  5  9543 1373
Test: unreliable net, restarts, snapshots, many clients (3B) ...
  ... Passed --  19.2  5 10038 1416
Test: unreliable net, restarts, partitions, snapshots, many clients (3B) ...
  ... Passed --  26.5  5  6180  771
Test: unreliable net, restarts, partitions, snapshots, random keys, many clients (3B) ...
  ... Passed --  28.1  7 13659 1104
PASS
ok  	6.5840/kvraft	132.416s
Test: InstallSnapshot RPC (3B) ...
  ... Passed --   4.0  3 14057   63
Test: snapshot size is reasonable (3B) ...
  ... Passed --   0.9  3 18554  800
Test: ops complete fast enough (3B) ...
  ... Passed --   1.1  3 14939    0
Test: restarts, snapshots, one client (3B) ...
  ... Passed --  19.3  5 223130 42257
Test: restarts, snapshots, many clients (3B) ...
  ... Passed --  18.3  5 170276 23467
Test: unreliable net, snapshots, many clients (3B) ...
  ... Passed --  16.0  5  9457 1360
Test: unreliable net, restarts, snapshots, many clients (3B) ...
  ... Passed --  19.0  5 10161 1423
Test: unreliable net, restarts, partitions, snapshots, many clients (3B) ...
  ... Passed --  26.7  5  5151  575
Test: unreliable net, restarts, partitions, snapshots, random keys, many clients (3B) ...
  ... Passed --  29.2  7 16400 1516
PASS
ok  	6.5840/kvraft	134.510s
Test: InstallSnapshot RPC (3B) ...
  ... Passed --   2.7  3 13088   63
Test: snapshot size is reasonable (3B) ...
  ... Passed --   1.2  3 14394  800
Test: ops complete fast enough (3B) ...
  ... Passed --   1.3  3 18041    0
Test: restarts, snapshots, one client (3B) ...
  ... Passed --  19.3  5 236283 44519
Test: restarts, snapshots, many clients (3B) ...
  ... Passed --  18.3  5 166660 23863
Test: unreliable net, snapshots, many clients (3B) ...
  ... Passed --  16.1  5  9618 1364
Test: unreliable net, restarts, snapshots, many clients (3B) ...
  ... Passed --  18.9  5 10164 1420
Test: unreliable net, restarts, partitions, snapshots, many clients (3B) ...
  ... Passed --  26.1  5  6339  780
Test: unreliable net, restarts, partitions, snapshots, random keys, many clients (3B) ...
  ... Passed --  28.8  7 14479 1291
PASS
ok  	6.5840/kvraft	132.624s
Test: InstallSnapshot RPC (3B) ...
  ... Passed --   2.7  3 13115   63
Test: snapshot size is reasonable (3B) ...
  ... Passed --   1.0  3 16377  800
Test: ops complete fast enough (3B) ...
  ... Passed --   1.1  3 14973    0
Test: restarts, snapshots, one client (3B) ...
  ... Passed --  19.1  5 218650 41124
Test: restarts, snapshots, many clients (3B) ...
  ... Passed --  18.3  5 164338 24071
Test: unreliable net, snapshots, many clients (3B) ...
  ... Passed --  16.1  5  9480 1393
Test: unreliable net, restarts, snapshots, many clients (3B) ...
  ... Passed --  19.3  5  9986 1359
Test: unreliable net, restarts, partitions, snapshots, many clients (3B) ...
  ... Passed --  26.2  5  4735  555
Test: unreliable net, restarts, partitions, snapshots, random keys, many clients (3B) ...
  ... Passed --  28.5  7  9893  735
PASS
ok  	6.5840/kvraft	132.305s
Test: InstallSnapshot RPC (3B) ...
  ... Passed --   2.6  3 14725   63
Test: snapshot size is reasonable (3B) ...
  ... Passed --   1.0  3 15264  800
Test: ops complete fast enough (3B) ...
  ... Passed --   1.2  3 15978    0
Test: restarts, snapshots, one client (3B) ...
  ... Passed --  19.2  5 229067 42946
Test: restarts, snapshots, many clients (3B) ...
  ... Passed --  18.3  5 162646 23705
Test: unreliable net, snapshots, many clients (3B) ...
  ... Passed --  15.9  5  9512 1383
Test: unreliable net, restarts, snapshots, many clients (3B) ...
  ... Passed --  19.2  5  9826 1382
Test: unreliable net, restarts, partitions, snapshots, many clients (3B) ...
  ... Passed --  26.2  5  4926  572
Test: unreliable net, restarts, partitions, snapshots, random keys, many clients (3B) ...
  ... Passed --  29.2  7  8757  695
PASS
ok  	6.5840/kvraft	132.824s
Test: InstallSnapshot RPC (3B) ...
  ... Passed --   2.6  3 11708   63
Test: snapshot size is reasonable (3B) ...
  ... Passed --   1.0  3 13836  800
Test: ops complete fast enough (3B) ...
  ... Passed --   1.0  3 14506    0
Test: restarts, snapshots, one client (3B) ...
  ... Passed --  19.1  5 207998 39188
Test: restarts, snapshots, many clients (3B) ...
  ... Passed --  18.3  5 167464 23527
Test: unreliable net, snapshots, many clients (3B) ...
  ... Passed --  15.7  5  9387 1317
Test: unreliable net, restarts, snapshots, many clients (3B) ...
  ... Passed --  19.3  5 10215 1412
Test: unreliable net, restarts, partitions, snapshots, many clients (3B) ...
  ... Passed --  26.9  5  4659  580
Test: unreliable net, restarts, partitions, snapshots, random keys, many clients (3B) ...
  ... Passed --  30.3  7 12037  909
PASS
ok  	6.5840/kvraft	134.184s
Test: InstallSnapshot RPC (3B) ...
  ... Passed --   3.7  3 12776   63
Test: snapshot size is reasonable (3B) ...
  ... Passed --   0.7  3 15105  800
Test: ops complete fast enough (3B) ...
  ... Passed --   0.9  3 15338    0
Test: restarts, snapshots, one client (3B) ...
  ... Passed --  19.3  5 231320 43804
Test: restarts, snapshots, many clients (3B) ...
  ... Passed --  18.3  5 167913 23101
Test: unreliable net, snapshots, many clients (3B) ...
  ... Passed --  15.8  5  9684 1389
Test: unreliable net, restarts, snapshots, many clients (3B) ...
  ... Passed --  19.1  5  9912 1371
Test: unreliable net, restarts, partitions, snapshots, many clients (3B) ...
  ... Passed --  26.4  5  4244  385
Test: unreliable net, restarts, partitions, snapshots, random keys, many clients (3B) ...
  ... Passed --  28.1  7 13104 1141
PASS
ok  	6.5840/kvraft	132.285s
Test: InstallSnapshot RPC (3B) ...
  ... Passed --   3.0  3 13116   63
Test: snapshot size is reasonable (3B) ...
  ... Passed --   0.9  3 16087  800
Test: ops complete fast enough (3B) ...
  ... Passed --   1.4  3 17482    0
Test: restarts, snapshots, one client (3B) ...
  ... Passed --  19.0  5 187283 34794
Test: restarts, snapshots, many clients (3B) ...
  ... Passed --  18.3  5 167335 23567
Test: unreliable net, snapshots, many clients (3B) ...
  ... Passed --  16.4  5 10177 1457
Test: unreliable net, restarts, snapshots, many clients (3B) ...
  ... Passed --  19.3  5 10030 1401
Test: unreliable net, restarts, partitions, snapshots, many clients (3B) ...
  ... Passed --  26.5  5  6136  770
Test: unreliable net, restarts, partitions, snapshots, random keys, many clients (3B) ...
  ... Passed --  28.6  7 13618 1199
PASS
ok  	6.5840/kvraft	133.379s
Test: InstallSnapshot RPC (3B) ...
  ... Passed --   3.0  3 12050   63
Test: snapshot size is reasonable (3B) ...
  ... Passed --   1.1  3 15255  800
Test: ops complete fast enough (3B) ...
  ... Passed --   0.8  3 14308    0
Test: restarts, snapshots, one client (3B) ...
  ... Passed --  19.1  5 193363 36119
Test: restarts, snapshots, many clients (3B) ...
  ... Passed --  18.3  5 171657 23641
Test: unreliable net, snapshots, many clients (3B) ...
  ... Passed --  16.1  5  9435 1355
Test: unreliable net, restarts, snapshots, many clients (3B) ...
  ... Passed --  19.0  5  9992 1359
Test: unreliable net, restarts, partitions, snapshots, many clients (3B) ...
  ... Passed --  26.8  5  5580  669
Test: unreliable net, restarts, partitions, snapshots, random keys, many clients (3B) ...
  ... Passed --  28.8  7 13964 1234
PASS
ok  	6.5840/kvraft	132.934s
Test: InstallSnapshot RPC (3B) ...
  ... Passed --   2.7  3 12419   63
Test: snapshot size is reasonable (3B) ...
  ... Passed --   1.1  3 15190  800
Test: ops complete fast enough (3B) ...
  ... Passed --   0.8  3 17109    0
Test: restarts, snapshots, one client (3B) ...
  ... Passed --  19.4  5 235207 44540
Test: restarts, snapshots, many clients (3B) ...
  ... Passed --  18.2  5 165531 23419
Test: unreliable net, snapshots, many clients (3B) ...
  ... Passed --  15.8  5  9935 1442
Test: unreliable net, restarts, snapshots, many clients (3B) ...
  ... Passed --  19.3  5 10050 1364
Test: unreliable net, restarts, partitions, snapshots, many clients (3B) ...
  ... Passed --  26.1  5  5478  652
Test: unreliable net, restarts, partitions, snapshots, random keys, many clients (3B) ...
  ... Passed --  28.9  7 14890 1335
PASS
ok  	6.5840/kvraft	132.307s
Test: InstallSnapshot RPC (3B) ...
  ... Passed --   2.6  3 15178   63
Test: snapshot size is reasonable (3B) ...
  ... Passed --   1.2  3 15378  800
Test: ops complete fast enough (3B) ...
  ... Passed --   1.1  3 14246    0
Test: restarts, snapshots, one client (3B) ...
  ... Passed --  18.9  5 176875 32911
Test: restarts, snapshots, many clients (3B) ...
  ... Passed --  18.3  5 174932 24125
Test: unreliable net, snapshots, many clients (3B) ...
  ... Passed --  15.8  5  9659 1391
Test: unreliable net, restarts, snapshots, many clients (3B) ...
  ... Passed --  18.9  5  9930 1398
Test: unreliable net, restarts, partitions, snapshots, many clients (3B) ...
  ... Passed --  27.0  5  4929  570
Test: unreliable net, restarts, partitions, snapshots, random keys, many clients (3B) ...
  ... Passed --  28.9  7 11388  998
PASS
ok  	6.5840/kvraft	132.734s
Test: InstallSnapshot RPC (3B) ...
  ... Passed --   2.4  3 12342   63
Test: snapshot size is reasonable (3B) ...
  ... Passed --   0.7  3 14850  800
Test: ops complete fast enough (3B) ...
  ... Passed --   0.9  3 16133    0
Test: restarts, snapshots, one client (3B) ...
  ... Passed --  19.3  5 216921 40939
Test: restarts, snapshots, many clients (3B) ...
  ... Passed --  18.3  5 174962 24400
Test: unreliable net, snapshots, many clients (3B) ...
  ... Passed --  15.9  5  9852 1452
Test: unreliable net, restarts, snapshots, many clients (3B) ...
  ... Passed --  19.1  5  9902 1345
Test: unreliable net, restarts, partitions, snapshots, many clients (3B) ...
  ... Passed --  26.5  5  4602  519
Test: unreliable net, restarts, partitions, snapshots, random keys, many clients (3B) ...
  ... Passed --  28.2  7 11891 1031
PASS
ok  	6.5840/kvraft	131.220s
Test: InstallSnapshot RPC (3B) ...
  ... Passed --   3.3  3 12904   63
Test: snapshot size is reasonable (3B) ...
  ... Passed --   0.7  3 14055  800
Test: ops complete fast enough (3B) ...
  ... Passed --   1.2  3 15388    0
Test: restarts, snapshots, one client (3B) ...
  ... Passed --  19.2  5 223700 41814
Test: restarts, snapshots, many clients (3B) ...
  ... Passed --  18.3  5 169473 24154
Test: unreliable net, snapshots, many clients (3B) ...
  ... Passed --  16.3  5  9813 1428
Test: unreliable net, restarts, snapshots, many clients (3B) ...
  ... Passed --  19.3  5 10076 1388
Test: unreliable net, restarts, partitions, snapshots, many clients (3B) ...
  ... Passed --  26.4  5  3821  402
Test: unreliable net, restarts, partitions, snapshots, random keys, many clients (3B) ...
  ... Passed --  28.4  7 14356 1311
PASS
ok  	6.5840/kvraft	133.159s
Test: InstallSnapshot RPC (3B) ...
  ... Passed --   3.4  3 12161   63
Test: snapshot size is reasonable (3B) ...
  ... Passed --   1.4  3 15139  800
Test: ops complete fast enough (3B) ...
  ... Passed --   1.3  3 17706    0
Test: restarts, snapshots, one client (3B) ...
  ... Passed --  19.0  5 219288 40862
Test: restarts, snapshots, many clients (3B) ...
  ... Passed --  18.3  5 166202 23099
Test: unreliable net, snapshots, many clients (3B) ...
  ... Passed --  15.8  5  9439 1365
Test: unreliable net, restarts, snapshots, many clients (3B) ...
  ... Passed --  19.3  5 10004 1392
Test: unreliable net, restarts, partitions, snapshots, many clients (3B) ...
  ... Passed --  26.7  5  5664  699
Test: unreliable net, restarts, partitions, snapshots, random keys, many clients (3B) ...
  ... Passed --  28.0  7 14051 1283
PASS
ok  	6.5840/kvraft	133.238s
Test: InstallSnapshot RPC (3B) ...
  ... Passed --   2.8  3 12384   63
Test: snapshot size is reasonable (3B) ...
  ... Passed --   0.9  3 14567  800
Test: ops complete fast enough (3B) ...
  ... Passed --   1.2  3 16648    0
Test: restarts, snapshots, one client (3B) ...
  ... Passed --  19.2  5 227302 42904
Test: restarts, snapshots, many clients (3B) ...
  ... Passed --  18.3  5 168190 22510
Test: unreliable net, snapshots, many clients (3B) ...
  ... Passed --  16.0  5  9477 1355
Test: unreliable net, restarts, snapshots, many clients (3B) ...
  ... Passed --  19.2  5 10022 1357
Test: unreliable net, restarts, partitions, snapshots, many clients (3B) ...
  ... Passed --  27.9  5  5222  542
Test: unreliable net, restarts, partitions, snapshots, random keys, many clients (3B) ...
  ... Passed --  29.7  7 16441 1556
PASS
ok  	6.5840/kvraft	135.208s
Test: InstallSnapshot RPC (3B) ...
  ... Passed --   2.7  3 12265   63
Test: snapshot size is reasonable (3B) ...
  ... Passed --   1.1  3 14325  800
Test: ops complete fast enough (3B) ...
  ... Passed --   1.2  3 14776    0
Test: restarts, snapshots, one client (3B) ...
  ... Passed --  19.2  5 212732 40061
Test: restarts, snapshots, many clients (3B) ...
  ... Passed --  18.3  5 174331 22907
Test: unreliable net, snapshots, many clients (3B) ...
  ... Passed --  15.9  5  9360 1356
Test: unreliable net, restarts, snapshots, many clients (3B) ...
  ... Passed --  18.9  5  9932 1407
Test: unreliable net, restarts, partitions, snapshots, many clients (3B) ...
  ... Passed --  25.9  5  4931  579
Test: unreliable net, restarts, partitions, snapshots, random keys, many clients (3B) ...
  ... Passed --  28.6  7 14631 1380
PASS
ok  	6.5840/kvraft	131.835s
Test: InstallSnapshot RPC (3B) ...
  ... Passed --   2.9  3 11707   63
Test: snapshot size is reasonable (3B) ...
  ... Passed --   1.3  3 16485  800
Test: ops complete fast enough (3B) ...
  ... Passed --   1.5  3 15781    0
Test: restarts, snapshots, one client (3B) ...
  ... Passed --  19.1  5 224752 42347
Test: restarts, snapshots, many clients (3B) ...
  ... Passed --  18.3  5 167708 23157
Test: unreliable net, snapshots, many clients (3B) ...
  ... Passed --  15.9  5  9419 1333
Test: unreliable net, restarts, snapshots, many clients (3B) ...
  ... Passed --  19.2  5 10118 1399
Test: unreliable net, restarts, partitions, snapshots, many clients (3B) ...
  ... Passed --  26.8  5  4875  534
Test: unreliable net, restarts, partitions, snapshots, random keys, many clients (3B) ...
  ... Passed --  28.6  7 10998  906
PASS
ok  	6.5840/kvraft	133.610s
Test: InstallSnapshot RPC (3B) ...
  ... Passed --   2.7  3 13719   63
Test: snapshot size is reasonable (3B) ...
  ... Passed --   1.3  3 16971  800
Test: ops complete fast enough (3B) ...
  ... Passed --   0.8  3 16151    0
Test: restarts, snapshots, one client (3B) ...
  ... Passed --  19.3  5 213234 40184
Test: restarts, snapshots, many clients (3B) ...
  ... Passed --  18.3  5 174517 23403
Test: unreliable net, snapshots, many clients (3B) ...
  ... Passed --  16.3  5  9668 1354
Test: unreliable net, restarts, snapshots, many clients (3B) ...
  ... Passed --  19.0  5  9925 1364
Test: unreliable net, restarts, partitions, snapshots, many clients (3B) ...
  ... Passed --  26.7  5  5559  660
Test: unreliable net, restarts, partitions, snapshots, random keys, many clients (3B) ...
  ... Passed --  28.1  7 13232 1180
PASS
ok  	6.5840/kvraft	132.253s
Test: InstallSnapshot RPC (3B) ...
  ... Passed --   2.5  3 11871   63
Test: snapshot size is reasonable (3B) ...
  ... Passed --   0.7  3 16315  800
Test: ops complete fast enough (3B) ...
  ... Passed --   0.8  3 15571    0
Test: restarts, snapshots, one client (3B) ...
  ... Passed --  19.1  5 212324 39780
Test: restarts, snapshots, many clients (3B) ...
  ... Passed --  18.3  5 172085 24065
Test: unreliable net, snapshots, many clients (3B) ...
  ... Passed --  15.7  5  9595 1360
Test: unreliable net, restarts, snapshots, many clients (3B) ...
  ... Passed --  18.8  5 10035 1392
Test: unreliable net, restarts, partitions, snapshots, many clients (3B) ...
  ... Passed --  26.1  5  3875  375
Test: unreliable net, restarts, partitions, snapshots, random keys, many clients (3B) ...
  ... Passed --  29.9  7 14517 1352
PASS
ok  	6.5840/kvraft	131.959s
Test: InstallSnapshot RPC (3B) ...
  ... Passed --   2.6  3 14365   63
Test: snapshot size is reasonable (3B) ...
  ... Passed --   1.2  3 17733  800
Test: ops complete fast enough (3B) ...
  ... Passed --   1.3  3 17682    0
Test: restarts, snapshots, one client (3B) ...
  ... Passed --  18.9  5 194339 36477
Test: restarts, snapshots, many clients (3B) ...
  ... Passed --  18.3  5 167418 23947
Test: unreliable net, snapshots, many clients (3B) ...
  ... Passed --  16.0  5  9487 1370
Test: unreliable net, restarts, snapshots, many clients (3B) ...
  ... Passed --  19.0  5  9865 1338
Test: unreliable net, restarts, partitions, snapshots, many clients (3B) ...
  ... Passed --  27.2  5  5400  599
Test: unreliable net, restarts, partitions, snapshots, random keys, many clients (3B) ...
  ... Passed --  28.6  7 11428  896
PASS
ok  	6.5840/kvraft	132.956s
Test: InstallSnapshot RPC (3B) ...
  ... Passed --   2.9  3 13975   63
Test: snapshot size is reasonable (3B) ...
  ... Passed --   1.3  3 13649  800
Test: ops complete fast enough (3B) ...
  ... Passed --   1.1  3 17846    0
Test: restarts, snapshots, one client (3B) ...
  ... Passed --  19.0  5 200020 37190
Test: restarts, snapshots, many clients (3B) ...
  ... Passed --  18.3  5 168067 24043
Test: unreliable net, snapshots, many clients (3B) ...
  ... Passed --  16.0  5  9771 1427
Test: unreliable net, restarts, snapshots, many clients (3B) ...
  ... Passed --  19.2  5 10042 1413
Test: unreliable net, restarts, partitions, snapshots, many clients (3B) ...
  ... Passed --  25.7  5  4075  445
Test: unreliable net, restarts, partitions, snapshots, random keys, many clients (3B) ...
  ... Passed --  28.6  7 12571 1065
PASS
ok  	6.5840/kvraft	132.082s
Test: InstallSnapshot RPC (3B) ...
  ... Passed --   2.6  3 15819   63
Test: snapshot size is reasonable (3B) ...
  ... Passed --   0.8  3 16760  800
Test: ops complete fast enough (3B) ...
  ... Passed --   1.1  3 15299    0
Test: restarts, snapshots, one client (3B) ...
  ... Passed --  18.9  5 192012 36035
Test: restarts, snapshots, many clients (3B) ...
  ... Passed --  18.2  5 173654 24042
Test: unreliable net, snapshots, many clients (3B) ...
  ... Passed --  15.8  5  9586 1384
Test: unreliable net, restarts, snapshots, many clients (3B) ...
  ... Passed --  19.0  5 10291 1441
Test: unreliable net, restarts, partitions, snapshots, many clients (3B) ...
  ... Passed --  26.5  5  5718  699
Test: unreliable net, restarts, partitions, snapshots, random keys, many clients (3B) ...
  ... Passed --  28.0  7 12976 1174
PASS
ok  	6.5840/kvraft	130.782s
Test: InstallSnapshot RPC (3B) ...
  ... Passed --   2.8  3 12466   63
Test: snapshot size is reasonable (3B) ...
  ... Passed --   1.2  3 15891  800
Test: ops complete fast enough (3B) ...
  ... Passed --   1.0  3 14699    0
Test: restarts, snapshots, one client (3B) ...
  ... Passed --  19.2  5 224653 42331
Test: restarts, snapshots, many clients (3B) ...
  ... Passed --  18.4  5 166849 23526
Test: unreliable net, snapshots, many clients (3B) ...
  ... Passed --  16.2  5  9884 1394
Test: unreliable net, restarts, snapshots, many clients (3B) ...
  ... Passed --  19.2  5 10259 1447
Test: unreliable net, restarts, partitions, snapshots, many clients (3B) ...
  ... Passed --  27.4  5  6026  725
Test: unreliable net, restarts, partitions, snapshots, random keys, many clients (3B) ...
  ... Passed --  27.9  7 16743 1527
PASS
ok  	6.5840/kvraft	133.235s
Test: InstallSnapshot RPC (3B) ...
  ... Passed --   2.5  3 12366   63
Test: snapshot size is reasonable (3B) ...
  ... Passed --   1.1  3 13576  800
Test: ops complete fast enough (3B) ...
  ... Passed --   1.5  3 15070    0
Test: restarts, snapshots, one client (3B) ...
  ... Passed --  18.8  5 168154 31117
Test: restarts, snapshots, many clients (3B) ...
  ... Passed --  18.3  5 176361 24288
Test: unreliable net, snapshots, many clients (3B) ...
  ... Passed --  16.2  5  9735 1436
Test: unreliable net, restarts, snapshots, many clients (3B) ...
  ... Passed --  19.6  5 10256 1406
Test: unreliable net, restarts, partitions, snapshots, many clients (3B) ...
  ... Passed --  26.5  5  4713  534
Test: unreliable net, restarts, partitions, snapshots, random keys, many clients (3B) ...
  ... Passed --  29.0  7 14911 1297
PASS
ok  	6.5840/kvraft	133.449s
Test: InstallSnapshot RPC (3B) ...
  ... Passed --   3.2  3 12789   63
Test: snapshot size is reasonable (3B) ...
  ... Passed --   0.9  3 14967  800
Test: ops complete fast enough (3B) ...
  ... Passed --   1.0  3 15658    0
Test: restarts, snapshots, one client (3B) ...
  ... Passed --  19.2  5 197471 37050
Test: restarts, snapshots, many clients (3B) ...
  ... Passed --  18.3  5 178776 24346
Test: unreliable net, snapshots, many clients (3B) ...
  ... Passed --  15.8  5  9887 1431
Test: unreliable net, restarts, snapshots, many clients (3B) ...
  ... Passed --  19.1  5  9554 1320
Test: unreliable net, restarts, partitions, snapshots, many clients (3B) ...
  ... Passed --  26.6  5  4584  496
Test: unreliable net, restarts, partitions, snapshots, random keys, many clients (3B) ...
  ... Passed --  28.7  7 11380 1021
PASS
ok  	6.5840/kvraft	132.824s
Test: InstallSnapshot RPC (3B) ...
  ... Passed --   3.5  3 11850   63
Test: snapshot size is reasonable (3B) ...
  ... Passed --   1.1  3 14698  800
Test: ops complete fast enough (3B) ...
  ... Passed --   0.7  3 14630    0
Test: restarts, snapshots, one client (3B) ...
  ... Passed --  19.0  5 204989 38609
Test: restarts, snapshots, many clients (3B) ...
  ... Passed --  18.3  5 173069 23983
Test: unreliable net, snapshots, many clients (3B) ...
  ... Passed --  15.7  5 10058 1490
Test: unreliable net, restarts, snapshots, many clients (3B) ...
  ... Passed --  19.2  5 10077 1405
Test: unreliable net, restarts, partitions, snapshots, many clients (3B) ...
  ... Passed --  26.5  5  4756  573
Test: unreliable net, restarts, partitions, snapshots, random keys, many clients (3B) ...
  ... Passed --  29.3  7 17560 1629
PASS
ok  	6.5840/kvraft	133.309s
Test: InstallSnapshot RPC (3B) ...
  ... Passed --   3.3  3 12294   63
Test: snapshot size is reasonable (3B) ...
  ... Passed --   1.2  3 14132  800
Test: ops complete fast enough (3B) ...
  ... Passed --   1.1  3 14240    0
Test: restarts, snapshots, one client (3B) ...
  ... Passed --  19.2  5 233052 44223
Test: restarts, snapshots, many clients (3B) ...
  ... Passed --  18.3  5 170761 23313
Test: unreliable net, snapshots, many clients (3B) ...
  ... Passed --  16.2  5 10119 1466
Test: unreliable net, restarts, snapshots, many clients (3B) ...
  ... Passed --  19.6  5 10285 1421
Test: unreliable net, restarts, partitions, snapshots, many clients (3B) ...
  ... Passed --  26.9  5  4549  505
Test: unreliable net, restarts, partitions, snapshots, random keys, many clients (3B) ...
  ... Passed --  28.6  7 12772 1086
PASS
ok  	6.5840/kvraft	134.314s
Test: InstallSnapshot RPC (3B) ...
  ... Passed --   3.3  3 16680   63
Test: snapshot size is reasonable (3B) ...
  ... Passed --   1.1  3 14017  800
Test: ops complete fast enough (3B) ...
  ... Passed --   0.8  3 15853    0
Test: restarts, snapshots, one client (3B) ...
  ... Passed --  18.9  5 173237 32207
Test: restarts, snapshots, many clients (3B) ...
  ... Passed --  18.3  5 166377 24064
Test: unreliable net, snapshots, many clients (3B) ...
  ... Passed --  15.9  5  9357 1387
Test: unreliable net, restarts, snapshots, many clients (3B) ...
  ... Passed --  19.2  5 10024 1380
Test: unreliable net, restarts, partitions, snapshots, many clients (3B) ...
  ... Passed --  26.0  5  5619  711
Test: unreliable net, restarts, partitions, snapshots, random keys, many clients (3B) ...
  ... Passed --  28.8  7 14638 1180
PASS
ok  	6.5840/kvraft	132.165s
Test: InstallSnapshot RPC (3B) ...
  ... Passed --   3.1  3 11588   63
Test: snapshot size is reasonable (3B) ...
  ... Passed --   1.1  3 14101  800
Test: ops complete fast enough (3B) ...
  ... Passed --   1.1  3 15309    0
Test: restarts, snapshots, one client (3B) ...
  ... Passed --  19.2  5 206826 38866
Test: restarts, snapshots, many clients (3B) ...
  ... Passed --  18.3  5 169908 24113
Test: unreliable net, snapshots, many clients (3B) ...
  ... Passed --  15.9  5  9607 1406
Test: unreliable net, restarts, snapshots, many clients (3B) ...
  ... Passed --  19.2  5  9789 1361
Test: unreliable net, restarts, partitions, snapshots, many clients (3B) ...
  ... Passed --  26.5  5  5992  752
Test: unreliable net, restarts, partitions, snapshots, random keys, many clients (3B) ...
  ... Passed --  29.1  7 15506 1476
PASS
ok  	6.5840/kvraft	133.384s
Test: InstallSnapshot RPC (3B) ...
  ... Passed --   3.6  3 13466   63
Test: snapshot size is reasonable (3B) ...
  ... Passed --   0.7  3 15243  800
Test: ops complete fast enough (3B) ...
  ... Passed --   1.4  3 16861    0
Test: restarts, snapshots, one client (3B) ...
  ... Passed --  19.3  5 215928 40431
Test: restarts, snapshots, many clients (3B) ...
  ... Passed --  18.3  5 168021 23551
Test: unreliable net, snapshots, many clients (3B) ...
  ... Passed --  16.6  5  9460 1359
Test: unreliable net, restarts, snapshots, many clients (3B) ...
  ... Passed --  19.1  5 10198 1401
Test: unreliable net, restarts, partitions, snapshots, many clients (3B) ...
  ... Passed --  26.7  5  4982  553
Test: unreliable net, restarts, partitions, snapshots, random keys, many clients (3B) ...
  ... Passed --  30.1  7 15771 1409
PASS
ok  	6.5840/kvraft	135.846s
Test: InstallSnapshot RPC (3B) ...
  ... Passed --   3.2  3 14150   63
Test: snapshot size is reasonable (3B) ...
  ... Passed --   0.9  3 14424  800
Test: ops complete fast enough (3B) ...
  ... Passed --   1.1  3 16112    0
Test: restarts, snapshots, one client (3B) ...
  ... Passed --  19.2  5 202826 38121
Test: restarts, snapshots, many clients (3B) ...
  ... Passed --  18.3  5 172140 24437
Test: unreliable net, snapshots, many clients (3B) ...
  ... Passed --  15.7  5  9868 1449
Test: unreliable net, restarts, snapshots, many clients (3B) ...
  ... Passed --  19.4  5 10271 1471
Test: unreliable net, restarts, partitions, snapshots, many clients (3B) ...
  ... Passed --  26.0  5  4656  526
Test: unreliable net, restarts, partitions, snapshots, random keys, many clients (3B) ...
  ... Passed --  27.7  7 14104 1340
PASS
ok  	6.5840/kvraft	131.376s
Test: InstallSnapshot RPC (3B) ...
  ... Passed --   2.7  3 12054   63
Test: snapshot size is reasonable (3B) ...
  ... Passed --   0.7  3 14585  800
Test: ops complete fast enough (3B) ...
  ... Passed --   1.1  3 15375    0
Test: restarts, snapshots, one client (3B) ...
  ... Passed --  19.0  5 207936 39031
Test: restarts, snapshots, many clients (3B) ...
  ... Passed --  18.3  5 163855 23633
Test: unreliable net, snapshots, many clients (3B) ...
  ... Passed --  15.8  5  9679 1419
Test: unreliable net, restarts, snapshots, many clients (3B) ...
  ... Passed --  18.9  5  9813 1356
Test: unreliable net, restarts, partitions, snapshots, many clients (3B) ...
  ... Passed --  27.0  5  4810  527
Test: unreliable net, restarts, partitions, snapshots, random keys, many clients (3B) ...
  ... Passed --  29.8  7 16232 1410
PASS
ok  	6.5840/kvraft	133.261s
Test: InstallSnapshot RPC (3B) ...
  ... Passed --   3.1  3 11667   63
Test: snapshot size is reasonable (3B) ...
  ... Passed --   1.0  3 18112  800
Test: ops complete fast enough (3B) ...
  ... Passed --   1.1  3 15191    0
Test: restarts, snapshots, one client (3B) ...
  ... Passed --  19.2  5 220713 41658
Test: restarts, snapshots, many clients (3B) ...
  ... Passed --  18.3  5 163989 23209
Test: unreliable net, snapshots, many clients (3B) ...
  ... Passed --  16.5  5  9939 1462
Test: unreliable net, restarts, snapshots, many clients (3B) ...
  ... Passed --  19.1  5 10195 1406
Test: unreliable net, restarts, partitions, snapshots, many clients (3B) ...
  ... Passed --  27.0  5  4685  536
Test: unreliable net, restarts, partitions, snapshots, random keys, many clients (3B) ...
  ... Passed --  28.9  7  9965  868
PASS
ok  	6.5840/kvraft	134.203s
Test: InstallSnapshot RPC (3B) ...
  ... Passed --   3.0  3 12076   63
Test: snapshot size is reasonable (3B) ...
  ... Passed --   1.1  3 16225  800
Test: ops complete fast enough (3B) ...
  ... Passed --   1.3  3 17140    0
Test: restarts, snapshots, one client (3B) ...
  ... Passed --  19.1  5 200635 37762
Test: restarts, snapshots, many clients (3B) ...
  ... Passed --  18.3  5 167867 23531
Test: unreliable net, snapshots, many clients (3B) ...
  ... Passed --  15.9  5  9668 1444
Test: unreliable net, restarts, snapshots, many clients (3B) ...
  ... Passed --  19.1  5  9863 1357
Test: unreliable net, restarts, partitions, snapshots, many clients (3B) ...
  ... Passed --  26.8  5  5086  565
Test: unreliable net, restarts, partitions, snapshots, random keys, many clients (3B) ...
  ... Passed --  28.7  7 15992 1493
PASS
ok  	6.5840/kvraft	133.226s
Test: InstallSnapshot RPC (3B) ...
  ... Passed --   2.7  3 12914   63
Test: snapshot size is reasonable (3B) ...
  ... Passed --   1.1  3 15468  800
Test: ops complete fast enough (3B) ...
  ... Passed --   1.3  3 14518    0
Test: restarts, snapshots, one client (3B) ...
  ... Passed --  19.1  5 215651 40286
Test: restarts, snapshots, many clients (3B) ...
  ... Passed --  18.3  5 164920 23542
Test: unreliable net, snapshots, many clients (3B) ...
  ... Passed --  16.1  5  9833 1384
Test: unreliable net, restarts, snapshots, many clients (3B) ...
  ... Passed --  19.2  5 10493 1472
Test: unreliable net, restarts, partitions, snapshots, many clients (3B) ...
  ... Passed --  27.4  5  3632  332
Test: unreliable net, restarts, partitions, snapshots, random keys, many clients (3B) ...
  ... Passed --  29.1  7 11238  907
PASS
ok  	6.5840/kvraft	134.467s
Test: InstallSnapshot RPC (3B) ...
  ... Passed --   3.5  3 13221   63
Test: snapshot size is reasonable (3B) ...
  ... Passed --   1.1  3 16823  800
Test: ops complete fast enough (3B) ...
  ... Passed --   1.0  3 14280    0
Test: restarts, snapshots, one client (3B) ...
  ... Passed --  18.7  5 170090 31398
Test: restarts, snapshots, many clients (3B) ...
  ... Passed --  18.4  5 174575 24355
Test: unreliable net, snapshots, many clients (3B) ...
  ... Passed --  15.7  5  9891 1441
Test: unreliable net, restarts, snapshots, many clients (3B) ...
  ... Passed --  19.1  5  9823 1356
Test: unreliable net, restarts, partitions, snapshots, many clients (3B) ...
  ... Passed --  26.0  5  5032  562
Test: unreliable net, restarts, partitions, snapshots, random keys, many clients (3B) ...
  ... Passed --  28.8  7 13621 1222
PASS
ok  	6.5840/kvraft	132.327s
Test: InstallSnapshot RPC (3B) ...
  ... Passed --   3.8  3 12428   63
Test: snapshot size is reasonable (3B) ...
  ... Passed --   0.6  3 13517  800
Test: ops complete fast enough (3B) ...
  ... Passed --   1.3  3 14572    0
Test: restarts, snapshots, one client (3B) ...
  ... Passed --  19.2  5 230421 43302
Test: restarts, snapshots, many clients (3B) ...
  ... Passed --  18.3  5 171194 24286
Test: unreliable net, snapshots, many clients (3B) ...
  ... Passed --  15.9  5  9569 1321
Test: unreliable net, restarts, snapshots, many clients (3B) ...
  ... Passed --  19.0  5 10324 1424
Test: unreliable net, restarts, partitions, snapshots, many clients (3B) ...
  ... Passed --  26.2  5  4959  590
Test: unreliable net, restarts, partitions, snapshots, random keys, many clients (3B) ...
  ... Passed --  27.8  7  9988  697
PASS
ok  	6.5840/kvraft	132.222s
Test: InstallSnapshot RPC (3B) ...
  ... Passed --   2.6  3 12151   63
Test: snapshot size is reasonable (3B) ...
  ... Passed --   0.9  3 15272  800
Test: ops complete fast enough (3B) ...
  ... Passed --   1.1  3 14803    0
Test: restarts, snapshots, one client (3B) ...
  ... Passed --  19.3  5 216043 40559
Test: restarts, snapshots, many clients (3B) ...
  ... Passed --  18.3  5 172589 23020
Test: unreliable net, snapshots, many clients (3B) ...
  ... Passed --  16.0  5  9676 1415
Test: unreliable net, restarts, snapshots, many clients (3B) ...
  ... Passed --  19.1  5  9936 1379
Test: unreliable net, restarts, partitions, snapshots, many clients (3B) ...
  ... Passed --  27.4  5  4983  539
Test: unreliable net, restarts, partitions, snapshots, random keys, many clients (3B) ...
  ... Passed --  28.8  7 14135 1320
PASS
ok  	6.5840/kvraft	133.577s
Test: InstallSnapshot RPC (3B) ...
  ... Passed --   3.0  3 12650   63
Test: snapshot size is reasonable (3B) ...
  ... Passed --   1.0  3 15509  800
Test: ops complete fast enough (3B) ...
  ... Passed --   0.9  3 16428    0
Test: restarts, snapshots, one client (3B) ...
  ... Passed --  19.2  5 224561 42401
Test: restarts, snapshots, many clients (3B) ...
  ... Passed --  18.3  5 166225 23531
Test: unreliable net, snapshots, many clients (3B) ...
  ... Passed --  16.2  5  9712 1399
Test: unreliable net, restarts, snapshots, many clients (3B) ...
  ... Passed --  19.6  5 10076 1395
Test: unreliable net, restarts, partitions, snapshots, many clients (3B) ...
  ... Passed --  26.4  5  4629  529
Test: unreliable net, restarts, partitions, snapshots, random keys, many clients (3B) ...
  ... Passed --  28.3  7 12714 1118
PASS
ok  	6.5840/kvraft	132.951s
Test: InstallSnapshot RPC (3B) ...
  ... Passed --   2.7  3 13829   63
Test: snapshot size is reasonable (3B) ...
  ... Passed --   0.9  3 14982  800
Test: ops complete fast enough (3B) ...
  ... Passed --   1.1  3 17631    0
Test: restarts, snapshots, one client (3B) ...
  ... Passed --  18.9  5 195960 36261
Test: restarts, snapshots, many clients (3B) ...
  ... Passed --  18.3  5 174587 23939
Test: unreliable net, snapshots, many clients (3B) ...
  ... Passed --  15.8  5 10192 1504
Test: unreliable net, restarts, snapshots, many clients (3B) ...
  ... Passed --  19.0  5  9846 1336
Test: unreliable net, restarts, partitions, snapshots, many clients (3B) ...
  ... Passed --  26.1  5  5367  658
Test: unreliable net, restarts, partitions, snapshots, random keys, many clients (3B) ...
  ... Passed --  28.8  7 10929  880
PASS
ok  	6.5840/kvraft	131.673s
Test: InstallSnapshot RPC (3B) ...
  ... Passed --   2.5  3 13016   63
Test: snapshot size is reasonable (3B) ...
  ... Passed --   1.2  3 14959  800
Test: ops complete fast enough (3B) ...
  ... Passed --   1.0  3 14378    0
Test: restarts, snapshots, one client (3B) ...
  ... Passed --  19.4  5 241090 45699
Test: restarts, snapshots, many clients (3B) ...
  ... Passed --  18.3  5 165442 22787
Test: unreliable net, snapshots, many clients (3B) ...
  ... Passed --  15.9  5  9559 1357
Test: unreliable net, restarts, snapshots, many clients (3B) ...
  ... Passed --  19.2  5 10228 1433
Test: unreliable net, restarts, partitions, snapshots, many clients (3B) ...
  ... Passed --  27.2  5  6086  723
Test: unreliable net, restarts, partitions, snapshots, random keys, many clients (3B) ...
  ... Passed --  28.2  7 16585 1446
PASS
ok  	6.5840/kvraft	133.035s
Test: InstallSnapshot RPC (3B) ...
  ... Passed --   2.7  3 11581   63
Test: snapshot size is reasonable (3B) ...
  ... Passed --   1.0  3 15756  800
Test: ops complete fast enough (3B) ...
  ... Passed --   1.1  3 14917    0
Test: restarts, snapshots, one client (3B) ...
  ... Passed --  19.4  5 237260 44824
Test: restarts, snapshots, many clients (3B) ...
  ... Passed --  18.3  5 168617 23324
Test: unreliable net, snapshots, many clients (3B) ...
  ... Passed --  16.0  5  9572 1389
Test: unreliable net, restarts, snapshots, many clients (3B) ...
  ... Passed --  19.0  5 10003 1393
Test: unreliable net, restarts, partitions, snapshots, many clients (3B) ...
  ... Passed --  28.6  5  4777  437
Test: unreliable net, restarts, partitions, snapshots, random keys, many clients (3B) ...
  ... Passed --  29.3  7 14099 1278
PASS
ok  	6.5840/kvraft	135.432s
Test: InstallSnapshot RPC (3B) ...
  ... Passed --   3.3  3 13529   63
Test: snapshot size is reasonable (3B) ...
  ... Passed --   1.1  3 15531  800
Test: ops complete fast enough (3B) ...
  ... Passed --   1.3  3 15657    0
Test: restarts, snapshots, one client (3B) ...
  ... Passed --  18.9  5 179794 33238
Test: restarts, snapshots, many clients (3B) ...
  ... Passed --  18.3  5 166101 24040
Test: unreliable net, snapshots, many clients (3B) ...
  ... Passed --  16.0  5  9571 1381
Test: unreliable net, restarts, snapshots, many clients (3B) ...
  ... Passed --  19.1  5  9815 1342
Test: unreliable net, restarts, partitions, snapshots, many clients (3B) ...
  ... Passed --  26.5  5  5142  568
Test: unreliable net, restarts, partitions, snapshots, random keys, many clients (3B) ...
  ... Passed --  27.4  7 11419  894
PASS
ok  	6.5840/kvraft	131.769s
Test: InstallSnapshot RPC (3B) ...
  ... Passed --   2.5  3 11409   63
Test: snapshot size is reasonable (3B) ...
  ... Passed --   0.6  3 14077  800
Test: ops complete fast enough (3B) ...
  ... Passed --   0.9  3 14311    0
Test: restarts, snapshots, one client (3B) ...
  ... Passed --  18.9  5 195286 36512
Test: restarts, snapshots, many clients (3B) ...
  ... Passed --  18.3  5 165655 23076
Test: unreliable net, snapshots, many clients (3B) ...
  ... Passed --  16.3  5  9437 1330
Test: unreliable net, restarts, snapshots, many clients (3B) ...
  ... Passed --  19.3  5 10176 1401
Test: unreliable net, restarts, partitions, snapshots, many clients (3B) ...
  ... Passed --  26.2  5  5884  735
Test: unreliable net, restarts, partitions, snapshots, random keys, many clients (3B) ...
  ... Passed --  29.5  7 12049  930
PASS
ok  	6.5840/kvraft	132.560s
Test: InstallSnapshot RPC (3B) ...
  ... Passed --   3.5  3 11763   63
Test: snapshot size is reasonable (3B) ...
  ... Passed --   0.7  3 14947  800
Test: ops complete fast enough (3B) ...
  ... Passed --   1.1  3 14491    0
Test: restarts, snapshots, one client (3B) ...
  ... Passed --  19.3  5 222440 41591
Test: restarts, snapshots, many clients (3B) ...
  ... Passed --  18.3  5 166060 24113
Test: unreliable net, snapshots, many clients (3B) ...
  ... Passed --  16.1  5  9914 1457
Test: unreliable net, restarts, snapshots, many clients (3B) ...
  ... Passed --  19.0  5 10223 1394
Test: unreliable net, restarts, partitions, snapshots, many clients (3B) ...
  ... Passed --  26.6  5  5708  699
Test: unreliable net, restarts, partitions, snapshots, random keys, many clients (3B) ...
  ... Passed --  28.7  7 16874 1560
PASS
ok  	6.5840/kvraft	133.136s
Test: InstallSnapshot RPC (3B) ...
  ... Passed --   2.9  3 11970   63
Test: snapshot size is reasonable (3B) ...
  ... Passed --   1.1  3 14131  800
Test: ops complete fast enough (3B) ...
  ... Passed --   1.4  3 17306    0
Test: restarts, snapshots, one client (3B) ...
  ... Passed --  19.5  5 247291 46674
Test: restarts, snapshots, many clients (3B) ...
  ... Passed --  18.3  5 179709 23753
Test: unreliable net, snapshots, many clients (3B) ...
  ... Passed --  16.0  5  9694 1435
Test: unreliable net, restarts, snapshots, many clients (3B) ...
  ... Passed --  19.4  5 10693 1491
Test: unreliable net, restarts, partitions, snapshots, many clients (3B) ...
  ... Passed --  26.9  5  6133  757
Test: unreliable net, restarts, partitions, snapshots, random keys, many clients (3B) ...
  ... Passed --  28.1  7 12724 1145
PASS
ok  	6.5840/kvraft	133.675s
Test: InstallSnapshot RPC (3B) ...
  ... Passed --   2.8  3 12947   63
Test: snapshot size is reasonable (3B) ...
  ... Passed --   1.3  3 15829  800
Test: ops complete fast enough (3B) ...
  ... Passed --   1.1  3 15810    0
Test: restarts, snapshots, one client (3B) ...
  ... Passed --  19.3  5 225532 42675
Test: restarts, snapshots, many clients (3B) ...
  ... Passed --  18.3  5 167786 22971
Test: unreliable net, snapshots, many clients (3B) ...
  ... Passed --  16.2  5  9259 1316
Test: unreliable net, restarts, snapshots, many clients (3B) ...
  ... Passed --  19.1  5 10093 1379
Test: unreliable net, restarts, partitions, snapshots, many clients (3B) ...
  ... Passed --  26.7  5  4835  559
Test: unreliable net, restarts, partitions, snapshots, random keys, many clients (3B) ...
  ... Passed --  28.2  7 14674 1356
PASS
ok  	6.5840/kvraft	133.144s
Test: InstallSnapshot RPC (3B) ...
  ... Passed --   3.3  3 11913   63
Test: snapshot size is reasonable (3B) ...
  ... Passed --   1.0  3 16043  800
Test: ops complete fast enough (3B) ...
  ... Passed --   1.0  3 14378    0
Test: restarts, snapshots, one client (3B) ...
  ... Passed --  19.3  5 229065 43255
Test: restarts, snapshots, many clients (3B) ...
  ... Passed --  18.3  5 166097 23442
Test: unreliable net, snapshots, many clients (3B) ...
  ... Passed --  15.8  5  9246 1295
Test: unreliable net, restarts, snapshots, many clients (3B) ...
  ... Passed --  19.1  5  9855 1407
Test: unreliable net, restarts, partitions, snapshots, many clients (3B) ...
  ... Passed --  26.8  5  5924  753
Test: unreliable net, restarts, partitions, snapshots, random keys, many clients (3B) ...
  ... Passed --  27.8  7 13285 1197
PASS
ok  	6.5840/kvraft	132.539s
Test: InstallSnapshot RPC (3B) ...
  ... Passed --   2.6  3 14903   63
Test: snapshot size is reasonable (3B) ...
  ... Passed --   1.0  3 14780  800
Test: ops complete fast enough (3B) ...
  ... Passed --   1.0  3 15062    0
Test: restarts, snapshots, one client (3B) ...
  ... Passed --  19.2  5 214634 40481
Test: restarts, snapshots, many clients (3B) ...
  ... Passed --  18.3  5 165809 23211
Test: unreliable net, snapshots, many clients (3B) ...
  ... Passed --  16.0  5  9249 1326
Test: unreliable net, restarts, snapshots, many clients (3B) ...
  ... Passed --  19.3  5 10310 1418
Test: unreliable net, restarts, partitions, snapshots, many clients (3B) ...
  ... Passed --  26.6  5  6051  765
Test: unreliable net, restarts, partitions, snapshots, random keys, many clients (3B) ...
  ... Passed --  28.0  7 11648  991
PASS
ok  	6.5840/kvraft	132.021s
Test: InstallSnapshot RPC (3B) ...
  ... Passed --   2.7  3 12710   63
Test: snapshot size is reasonable (3B) ...
  ... Passed --   0.9  3 15784  800
Test: ops complete fast enough (3B) ...
  ... Passed --   1.4  3 16266    0
Test: restarts, snapshots, one client (3B) ...
  ... Passed --  19.1  5 199007 37050
Test: restarts, snapshots, many clients (3B) ...
  ... Passed --  18.3  5 168547 23574
Test: unreliable net, snapshots, many clients (3B) ...
  ... Passed --  15.7  5  9742 1386
Test: unreliable net, restarts, snapshots, many clients (3B) ...
  ... Passed --  19.1  5 10251 1410
Test: unreliable net, restarts, partitions, snapshots, many clients (3B) ...
  ... Passed --  26.7  5  3885  434
Test: unreliable net, restarts, partitions, snapshots, random keys, many clients (3B) ...
  ... Passed --  28.2  7 14233 1261
PASS
ok  	6.5840/kvraft	131.999s
Test: InstallSnapshot RPC (3B) ...
  ... Passed --   2.5  3 11683   63
Test: snapshot size is reasonable (3B) ...
  ... Passed --   1.2  3 18118  800
Test: ops complete fast enough (3B) ...
  ... Passed --   1.3  3 14660    0
Test: restarts, snapshots, one client (3B) ...
  ... Passed --  19.1  5 202387 37848
Test: restarts, snapshots, many clients (3B) ...
  ... Passed --  18.3  5 167919 24070
Test: unreliable net, snapshots, many clients (3B) ...
  ... Passed --  16.0  5  9659 1401
Test: unreliable net, restarts, snapshots, many clients (3B) ...
  ... Passed --  19.3  5 10165 1419
Test: unreliable net, restarts, partitions, snapshots, many clients (3B) ...
  ... Passed --  26.3  5  5560  655
Test: unreliable net, restarts, partitions, snapshots, random keys, many clients (3B) ...
  ... Passed --  28.8  7 14126 1237
PASS
ok  	6.5840/kvraft	132.783s
Test: InstallSnapshot RPC (3B) ...
  ... Passed --   3.2  3 13108   63
Test: snapshot size is reasonable (3B) ...
  ... Passed --   0.8  3 14678  800
Test: ops complete fast enough (3B) ...
  ... Passed --   0.8  3 15566    0
Test: restarts, snapshots, one client (3B) ...
  ... Passed --  19.1  5 216970 40333
Test: restarts, snapshots, many clients (3B) ...
  ... Passed --  18.3  5 166472 23250
Test: unreliable net, snapshots, many clients (3B) ...
  ... Passed --  15.7  5  9393 1393
Test: unreliable net, restarts, snapshots, many clients (3B) ...
  ... Passed --  19.5  5 10264 1440
Test: unreliable net, restarts, partitions, snapshots, many clients (3B) ...
  ... Passed --  27.9  5  5164  605
Test: unreliable net, restarts, partitions, snapshots, random keys, many clients (3B) ...
  ... Passed --  29.5  7 13651 1218
PASS
ok  	6.5840/kvraft	134.904s
Test: InstallSnapshot RPC (3B) ...
  ... Passed --   2.6  3 11693   63
Test: snapshot size is reasonable (3B) ...
  ... Passed --   1.0  3 17211  800
Test: ops complete fast enough (3B) ...
  ... Passed --   1.1  3 14789    0
Test: restarts, snapshots, one client (3B) ...
  ... Passed --  19.5  5 244224 46223
Test: restarts, snapshots, many clients (3B) ...
  ... Passed --  18.3  5 164268 24038
Test: unreliable net, snapshots, many clients (3B) ...
  ... Passed --  15.8  5  9761 1431
Test: unreliable net, restarts, snapshots, many clients (3B) ...
  ... Passed --  19.2  5 10346 1431
Test: unreliable net, restarts, partitions, snapshots, many clients (3B) ...
  ... Passed --  27.1  5  3673  369
Test: unreliable net, restarts, partitions, snapshots, random keys, many clients (3B) ...
  ... Passed --  28.4  7 12503 1148
PASS
ok  	6.5840/kvraft	133.075s
Test: InstallSnapshot RPC (3B) ...
  ... Passed --   2.5  3 12874   63
Test: snapshot size is reasonable (3B) ...
  ... Passed --   1.0  3 15370  800
Test: ops complete fast enough (3B) ...
  ... Passed --   1.1  3 15523    0
Test: restarts, snapshots, one client (3B) ...
  ... Passed --  19.3  5 246855 46788
Test: restarts, snapshots, many clients (3B) ...
  ... Passed --  18.4  5 175034 23279
Test: unreliable net, snapshots, many clients (3B) ...
  ... Passed --  16.2  5  9319 1344
Test: unreliable net, restarts, snapshots, many clients (3B) ...
  ... Passed --  19.2  5 10231 1439
Test: unreliable net, restarts, partitions, snapshots, many clients (3B) ...
  ... Passed --  27.0  5  6042  731
Test: unreliable net, restarts, partitions, snapshots, random keys, many clients (3B) ...
  ... Passed --  28.0  7  9568  758
PASS
ok  	6.5840/kvraft	132.710s
Test: InstallSnapshot RPC (3B) ...
  ... Passed --   3.4  3 17846   63
Test: snapshot size is reasonable (3B) ...
  ... Passed --   1.2  3 16442  800
Test: ops complete fast enough (3B) ...
  ... Passed --   1.0  3 15339    0
Test: restarts, snapshots, one client (3B) ...
  ... Passed --  19.0  5 205089 38581
Test: restarts, snapshots, many clients (3B) ...
  ... Passed --  18.3  5 174954 23808
Test: unreliable net, snapshots, many clients (3B) ...
  ... Passed --  15.8  5  9593 1429
Test: unreliable net, restarts, snapshots, many clients (3B) ...
  ... Passed --  19.2  5 10176 1472
Test: unreliable net, restarts, partitions, snapshots, many clients (3B) ...
  ... Passed --  26.3  5  5487  670
Test: unreliable net, restarts, partitions, snapshots, random keys, many clients (3B) ...
  ... Passed --  28.0  7 12985 1192
PASS
ok  	6.5840/kvraft	132.239s
Test: InstallSnapshot RPC (3B) ...
  ... Passed --   3.2  3 13920   63
Test: snapshot size is reasonable (3B) ...
  ... Passed --   0.7  3 14920  800
Test: ops complete fast enough (3B) ...
  ... Passed --   1.1  3 15250    0
Test: restarts, snapshots, one client (3B) ...
  ... Passed --  19.2  5 232071 44050
Test: restarts, snapshots, many clients (3B) ...
  ... Passed --  18.3  5 168422 24146
Test: unreliable net, snapshots, many clients (3B) ...
  ... Passed --  15.8  5  9766 1418
Test: unreliable net, restarts, snapshots, many clients (3B) ...
  ... Passed --  19.3  5  9823 1334
Test: unreliable net, restarts, partitions, snapshots, many clients (3B) ...
  ... Passed --  26.1  5  4616  523
Test: unreliable net, restarts, partitions, snapshots, random keys, many clients (3B) ...
  ... Passed --  29.2  7 14710 1264
PASS
ok  	6.5840/kvraft	132.971s
Test: InstallSnapshot RPC (3B) ...
  ... Passed --   2.5  3 12895   63
Test: snapshot size is reasonable (3B) ...
  ... Passed --   0.9  3 14173  800
Test: ops complete fast enough (3B) ...
  ... Passed --   0.8  3 15743    0
Test: restarts, snapshots, one client (3B) ...
  ... Passed --  19.1  5 199672 37543
Test: restarts, snapshots, many clients (3B) ...
  ... Passed --  18.2  5 167447 24498
Test: unreliable net, snapshots, many clients (3B) ...
  ... Passed --  16.3  5  9135 1297
Test: unreliable net, restarts, snapshots, many clients (3B) ...
  ... Passed --  19.4  5 10276 1374
Test: unreliable net, restarts, partitions, snapshots, many clients (3B) ...
  ... Passed --  26.3  5  4784  542
Test: unreliable net, restarts, partitions, snapshots, random keys, many clients (3B) ...
  ... Passed --  29.0  7 15565 1419
PASS
ok  	6.5840/kvraft	132.457s
Test: InstallSnapshot RPC (3B) ...
  ... Passed --   2.8  3 12450   63
Test: snapshot size is reasonable (3B) ...
  ... Passed --   0.8  3 14918  800
Test: ops complete fast enough (3B) ...
  ... Passed --   0.8  3 15770    0
Test: restarts, snapshots, one client (3B) ...
  ... Passed --  19.0  5 208091 39101
Test: restarts, snapshots, many clients (3B) ...
  ... Passed --  18.3  5 175152 24235
Test: unreliable net, snapshots, many clients (3B) ...
  ... Passed --  15.8  5  9601 1372
Test: unreliable net, restarts, snapshots, many clients (3B) ...
  ... Passed --  18.9  5  9900 1362
Test: unreliable net, restarts, partitions, snapshots, many clients (3B) ...
  ... Passed --  26.5  5  6612  799
Test: unreliable net, restarts, partitions, snapshots, random keys, many clients (3B) ...
  ... Passed --  29.2  7 15125 1358
PASS
ok  	6.5840/kvraft	132.077s
Test: InstallSnapshot RPC (3B) ...
  ... Passed --   3.2  3 11630   63
Test: snapshot size is reasonable (3B) ...
  ... Passed --   1.0  3 13858  800
Test: ops complete fast enough (3B) ...
  ... Passed --   1.6  3 17247    0
Test: restarts, snapshots, one client (3B) ...
  ... Passed --  18.9  5 174622 32276
Test: restarts, snapshots, many clients (3B) ...
  ... Passed --  18.3  5 175243 24159
Test: unreliable net, snapshots, many clients (3B) ...
  ... Passed --  15.9  5  9583 1400
Test: unreliable net, restarts, snapshots, many clients (3B) ...
  ... Passed --  19.2  5  9790 1392
Test: unreliable net, restarts, partitions, snapshots, many clients (3B) ...
  ... Passed --  26.0  5  5774  670
Test: unreliable net, restarts, partitions, snapshots, random keys, many clients (3B) ...
  ... Passed --  28.1  7 15102 1242
PASS
ok  	6.5840/kvraft	132.138s
